\BOOKMARK [0][-]{section*.4}{Glossary}{}% 1
\BOOKMARK [0][-]{section*.6}{Acronyms}{}% 2
\BOOKMARK [0][-]{chapter.6}{Simulation and Modeling of Synthetic Lethal Pathways}{}% 160
\BOOKMARK [1][-]{section.6.1}{Comparing methods}{chapter.6}% 161
\BOOKMARK [2][-]{subsection.6.1.1}{Performance of SLIPT and 2 across Quantiles}{section.6.1}% 162
\BOOKMARK [3][-]{subsubsection.6.1.1.1}{Correlated Query Genes affects Specificity}{subsection.6.1.1}% 163
\BOOKMARK [2][-]{subsection.6.1.2}{Alternative Synthetic Lethal Detection Strategies}{section.6.1}% 164
\BOOKMARK [3][-]{subsubsection.6.1.2.1}{Correlation for Synthetic Lethal Detection}{subsection.6.1.2}% 165
\BOOKMARK [3][-]{subsubsection.6.1.2.2}{Testing for Bimodality with BiSEp}{subsection.6.1.2}% 166
\BOOKMARK [1][-]{section.6.2}{Simulations with Graph Structures}{chapter.6}% 167
\BOOKMARK [2][-]{subsection.6.2.1}{Performance over a Graph Structure}{section.6.2}% 168
\BOOKMARK [3][-]{subsubsection.6.2.1.1}{Simple Graph Structures}{subsection.6.2.1}% 169
\BOOKMARK [3][-]{subsubsection.6.2.1.2}{Constructed Graph Structures}{subsection.6.2.1}% 170
\BOOKMARK [2][-]{subsection.6.2.2}{Performance with Inhibitions}{section.6.2}% 171
\BOOKMARK [2][-]{subsection.6.2.3}{Synthetic Lethality across Graph Structures}{section.6.2}% 172
\BOOKMARK [2][-]{subsection.6.2.4}{Performance within a Simulated Human Genome}{section.6.2}% 173
\BOOKMARK [1][-]{section.6.3}{Simulations over pathway-based graphs}{chapter.6}% 174
\BOOKMARK [2][-]{subsection.6.3.1}{Pathway Structures in a Simulated Human Genome}{section.6.3}% 175
\BOOKMARK [1][-]{section.6.4}{Discussion}{chapter.6}% 176
\BOOKMARK [2][-]{subsection.6.4.1}{Simulation Procedure}{section.6.4}% 177
\BOOKMARK [2][-]{subsection.6.4.2}{Design and Performance of SLIPT}{section.6.4}% 178
\BOOKMARK [2][-]{subsection.6.4.3}{Simulations from Graph Structures}{section.6.4}% 179
\BOOKMARK [1][-]{section.6.5}{Summary}{chapter.6}% 180
\BOOKMARK [0][-]{section*.31}{References}{}% 201
