\BOOKMARK [0][-]{chapter.2}{Methods, Techniques, and Resources}{}% 1
\BOOKMARK [1][-]{section.2.1}{Bioinformatics Resources to Enable Genomics Research}{chapter.2}% 2
\BOOKMARK [2][-]{subsection.2.1.1}{Public Data and Software Packages}{section.2.1}% 3
\BOOKMARK [3][-]{subsubsection.2.1.1.1}{Cancer Genome Atlas Data}{subsection.2.1.1}% 4
\BOOKMARK [3][-]{subsubsection.2.1.1.2}{Reactome and Annotation Data}{subsection.2.1.1}% 5
\BOOKMARK [1][-]{section.2.2}{Data Handling}{chapter.2}% 6
\BOOKMARK [2][-]{subsection.2.2.1}{Normalisation \(voom\)}{section.2.2}% 7
\BOOKMARK [2][-]{subsection.2.2.2}{Sample triage}{section.2.2}% 8
\BOOKMARK [2][-]{subsection.2.2.3}{Pathway Metagenes and the Singular Value Decomposition}{section.2.2}% 9
\BOOKMARK [3][-]{subsubsection.2.2.3.1}{Candidate Triage and Integration with Screen Data}{subsection.2.2.3}% 10
\BOOKMARK [1][-]{section.2.3}{Techniques}{chapter.2}% 11
\BOOKMARK [2][-]{subsection.2.3.1}{Statistical Procedures and Tests}{section.2.3}% 12
\BOOKMARK [2][-]{subsection.2.3.2}{Gene Set Over-representation Analysis}{section.2.3}% 13
\BOOKMARK [2][-]{subsection.2.3.3}{Clustering}{section.2.3}% 14
\BOOKMARK [2][-]{subsection.2.3.4}{Heatmap}{section.2.3}% 15
\BOOKMARK [2][-]{subsection.2.3.5}{Modeling and Simulations}{section.2.3}% 16
\BOOKMARK [3][-]{subsubsection.2.3.5.1}{Reciever Operating Characteristic \(Statistical Performance\)}{subsection.2.3.5}% 17
\BOOKMARK [2][-]{subsection.2.3.6}{Resampling Analysis}{section.2.3}% 18
\BOOKMARK [1][-]{section.2.4}{Pathway Structure Methods}{chapter.2}% 19
\BOOKMARK [2][-]{subsection.2.4.1}{Network and Graph Analysis}{section.2.4}% 20
\BOOKMARK [2][-]{subsection.2.4.2}{Sourcing Graph Structure Data}{section.2.4}% 21
\BOOKMARK [2][-]{subsection.2.4.3}{Constructing Pathway Subgraphs}{section.2.4}% 22
\BOOKMARK [2][-]{subsection.2.4.4}{Network Analysis Metrics}{section.2.4}% 23
\BOOKMARK [1][-]{section.2.5}{Implementation}{chapter.2}% 24
\BOOKMARK [2][-]{subsection.2.5.1}{Computational Resources and Linux Utilities}{section.2.5}% 25
\BOOKMARK [2][-]{subsection.2.5.2}{R Language and Packages}{section.2.5}% 26
\BOOKMARK [2][-]{subsection.2.5.3}{High Performance and Parallel Computing}{section.2.5}% 27
\BOOKMARK [0][-]{chapter.3}{Methods Developed During Thesis}{}% 28
\BOOKMARK [1][-]{section.3.1}{A Synthetic Lethal Detection Methodology}{chapter.3}% 29
\BOOKMARK [1][-]{section.3.2}{Simulations and Modelling of Synthetic Lethality in Expression Data}{chapter.3}% 30
\BOOKMARK [2][-]{subsection.3.2.1}{A Model of Synthetic Lethality}{section.3.2}% 31
\BOOKMARK [2][-]{subsection.3.2.2}{Simulation Procedure}{section.3.2}% 32
\BOOKMARK [1][-]{section.3.3}{Detecting Simulated Synthetic Lethal Partners}{chapter.3}% 33
\BOOKMARK [2][-]{subsection.3.3.1}{Multivariate Normal Simulation of Synthetic lethality}{section.3.3}% 34
\BOOKMARK [3][-]{subsubsection.3.3.1.1}{Simulation with Directional Testing}{subsection.3.3.1}% 35
\BOOKMARK [3][-]{subsubsection.3.3.1.2}{Simulation with Query-Correlated Pathways}{subsection.3.3.1}% 36
\BOOKMARK [3][-]{subsubsection.3.3.1.3}{Simulated Expression Heatmaps}{subsection.3.3.1}% 37
\BOOKMARK [2][-]{subsection.3.3.2}{Replication Simulation Heatmap}{section.3.3}% 38
\BOOKMARK [1][-]{section.3.4}{Graph Structure Methods}{chapter.3}% 39
\BOOKMARK [2][-]{subsection.3.4.1}{Upstream and Downstream Gene Detection}{section.3.4}% 40
\BOOKMARK [3][-]{subsubsection.3.4.1.1}{Permutation Analysis for Statisical Significance}{subsection.3.4.1}% 41
\BOOKMARK [2][-]{subsection.3.4.2}{Simulating Gene Expression from Graph Structures}{section.3.4}% 42
\BOOKMARK [1][-]{section.3.5}{Customised methods and R packages developed}{chapter.3}% 43
\BOOKMARK [2][-]{subsection.3.5.1}{slipt}{section.3.5}% 44
\BOOKMARK [2][-]{subsection.3.5.2}{plotting}{section.3.5}% 45
\BOOKMARK [2][-]{subsection.3.5.3}{simulation from graph structures}{section.3.5}% 46
\BOOKMARK [2][-]{subsection.3.5.4}{igraph methods}{section.3.5}% 47
\BOOKMARK [0][-]{subsection.3.5.4}{References}{}% 48
\BOOKMARK [0][-]{appendix.A}{Sample Correlation}{}% 49
\BOOKMARK [0][-]{appendix.B}{Software Used for Thesis}{}% 50
\BOOKMARK [0][-]{appendix.C}{Secondary Screen Data}{}% 51
