\BOOKMARK [0][-]{chapter.1}{Methods, Techniques, and Resources}{}% 1
\BOOKMARK [1][-]{section.1.1}{Bioinformatics Resources to Enable Genomics Research}{chapter.1}% 2
\BOOKMARK [2][-]{subsection.1.1.1}{Public Data and Software Packages}{section.1.1}% 3
\BOOKMARK [3][-]{section*.4}{Cancer Genome Atlas Data}{subsection.1.1.1}% 4
\BOOKMARK [3][-]{section*.5}{Reactome and Annotation Data}{subsection.1.1.1}% 5
\BOOKMARK [1][-]{section.1.2}{Data Handling}{chapter.1}% 6
\BOOKMARK [2][-]{subsection.1.2.1}{Normalisation \(voom\)}{section.1.2}% 7
\BOOKMARK [2][-]{subsection.1.2.2}{Sample triage}{section.1.2}% 8
\BOOKMARK [2][-]{subsection.1.2.3}{Pathway Metagenes and the Singular Value Decomposition}{section.1.2}% 9
\BOOKMARK [3][-]{section*.11}{Candidate Triage and Integration with Experimental Data}{subsection.1.2.3}% 10
\BOOKMARK [1][-]{section.1.3}{Techniques}{chapter.1}% 11
\BOOKMARK [2][-]{subsection.1.3.1}{Statistical Procedures and Tests}{section.1.3}% 12
\BOOKMARK [2][-]{subsection.1.3.2}{Gene Set Over-representation Analysis}{section.1.3}% 13
\BOOKMARK [2][-]{subsection.1.3.3}{Clustering}{section.1.3}% 14
\BOOKMARK [2][-]{subsection.1.3.4}{Heatmap}{section.1.3}% 15
\BOOKMARK [2][-]{subsection.1.3.5}{Modeling and Simulations}{section.1.3}% 16
\BOOKMARK [3][-]{section*.12}{Reciever Operator Curves \(Statistical Performance\)}{subsection.1.3.5}% 17
\BOOKMARK [2][-]{subsection.1.3.6}{Permutation and Resampling Analysis}{section.1.3}% 18
\BOOKMARK [1][-]{section.1.4}{Pathway Structure Methods}{chapter.1}% 19
\BOOKMARK [2][-]{subsection.1.4.1}{Network and Graph Analysis}{section.1.4}% 20
\BOOKMARK [2][-]{subsection.1.4.2}{Sourcing Graph Structure Data}{section.1.4}% 21
\BOOKMARK [2][-]{subsection.1.4.3}{Constructing Pathway Subgraphs}{section.1.4}% 22
\BOOKMARK [2][-]{subsection.1.4.4}{Network Analysis Metrics}{section.1.4}% 23
\BOOKMARK [1][-]{section.1.5}{Implementation}{chapter.1}% 24
\BOOKMARK [2][-]{subsection.1.5.1}{Computational Resources and Linux Utilities}{section.1.5}% 25
\BOOKMARK [2][-]{subsection.1.5.2}{R Language and Packages}{section.1.5}% 26
\BOOKMARK [2][-]{subsection.1.5.3}{High Performance and Parallel Computing}{section.1.5}% 27
\BOOKMARK [0][-]{chapter.2}{Methods Developed During Thesis}{}% 28
\BOOKMARK [1][-]{section.2.1}{A Synthetic Lethal Detection Methodology}{chapter.2}% 29
\BOOKMARK [2][-]{subsection.2.1.1}{Supporting Data}{section.2.1}% 30
\BOOKMARK [1][-]{section.2.2}{Simulations and Modelling Synthetic Lethality in Expression Data}{chapter.2}% 31
\BOOKMARK [2][-]{subsection.2.2.1}{A Model of Synthetic Lethality}{section.2.2}% 32
\BOOKMARK [2][-]{subsection.2.2.2}{Simulation Procedure}{section.2.2}% 33
\BOOKMARK [1][-]{section.2.3}{Detecting Simulated Synthetic Lethal Partners}{chapter.2}% 34
\BOOKMARK [2][-]{subsection.2.3.1}{Multivariate Normal Simulation of Synthetic lethality}{section.2.3}% 35
\BOOKMARK [3][-]{section*.26}{Simulation with Directional Testing}{subsection.2.3.1}% 36
\BOOKMARK [3][-]{section*.27}{Simulation with Query-Correlated Pathways}{subsection.2.3.1}% 37
\BOOKMARK [3][-]{section*.28}{Simulated Expression Heatmaps}{subsection.2.3.1}% 38
\BOOKMARK [2][-]{subsection.2.3.2}{Replication Simulation Heatmap}{section.2.3}% 39
\BOOKMARK [1][-]{section.2.4}{Graph Structure Methods}{chapter.2}% 40
\BOOKMARK [2][-]{subsection.2.4.1}{Upstream and Downstream Gene Detection}{section.2.4}% 41
\BOOKMARK [3][-]{section*.29}{Permutation Analysis for Statisical Significance}{subsection.2.4.1}% 42
\BOOKMARK [2][-]{subsection.2.4.2}{Simulating Gene Expression from Graph Structures}{section.2.4}% 43
\BOOKMARK [1][-]{section.2.5}{Customised methods and R packages developed}{chapter.2}% 44
\BOOKMARK [2][-]{subsection.2.5.1}{slipt}{section.2.5}% 45
\BOOKMARK [2][-]{subsection.2.5.2}{plotting}{section.2.5}% 46
\BOOKMARK [2][-]{subsection.2.5.3}{simulation from graph structures}{section.2.5}% 47
\BOOKMARK [2][-]{subsection.2.5.4}{igraph methods}{section.2.5}% 48
\BOOKMARK [0][-]{subsection.2.5.4}{References}{}% 49
\BOOKMARK [0][-]{appendix.A}{Software Used for Thesis}{}% 50
