This is pdfTeX, Version 3.14159265-2.6-1.40.16 (TeX Live 2015/Debian) (preloaded format=pdflatex 2016.9.16)  25 MAR 2017 03:09
entering extended mode
 restricted \write18 enabled.
 %&-line parsing enabled.
**20170323_thesis_methods.tex
(./20170323_thesis_methods.tex
LaTeX2e <2016/02/01>
Babel <3.9q> and hyphenation patterns for 12 language(s) loaded.
(/usr/share/texlive/texmf-dist/tex/latex/base/report.cls
Document Class: report 2014/09/29 v1.4h Standard LaTeX document class
(/usr/share/texlive/texmf-dist/tex/latex/base/size12.clo
File: size12.clo 2014/09/29 v1.4h Standard LaTeX file (size option)
)
\c@part=\count79
\c@chapter=\count80
\c@section=\count81
\c@subsection=\count82
\c@subsubsection=\count83
\c@paragraph=\count84
\c@subparagraph=\count85
\c@figure=\count86
\c@table=\count87
\abovecaptionskip=\skip41
\belowcaptionskip=\skip42
\bibindent=\dimen102
) (./otagothesis.sty
Package: otagothesis 1998/02/03 v0.99 Otago's A4 based page layout
)
(/usr/share/texlive/texmf-dist/tex/latex/natbib/natbib.sty
Package: natbib 2010/09/13 8.31b (PWD, AO)
\bibhang=\skip43
\bibsep=\skip44
LaTeX Info: Redefining \cite on input line 694.
\c@NAT@ctr=\count88
)
(/usr/share/texlive/texmf-dist/tex/latex/etoolbox/etoolbox.sty
Package: etoolbox 2015/08/02 v2.2a e-TeX tools for LaTeX (JAW)
\etb@tempcnta=\count89
)
(/usr/share/texlive/texmf-dist/tex/latex/graphics/graphicx.sty
Package: graphicx 2014/10/28 v1.0g Enhanced LaTeX Graphics (DPC,SPQR)

(/usr/share/texlive/texmf-dist/tex/latex/graphics/keyval.sty
Package: keyval 2014/10/28 v1.15 key=value parser (DPC)
\KV@toks@=\toks14
)
(/usr/share/texlive/texmf-dist/tex/latex/graphics/graphics.sty
Package: graphics 2016/01/03 v1.0q Standard LaTeX Graphics (DPC,SPQR)

(/usr/share/texlive/texmf-dist/tex/latex/graphics/trig.sty
Package: trig 2016/01/03 v1.10 sin cos tan (DPC)
)
(/usr/share/texlive/texmf-dist/tex/latex/latexconfig/graphics.cfg
File: graphics.cfg 2010/04/23 v1.9 graphics configuration of TeX Live
)
Package graphics Info: Driver file: pdftex.def on input line 95.

(/usr/share/texlive/texmf-dist/tex/latex/pdftex-def/pdftex.def
File: pdftex.def 2011/05/27 v0.06d Graphics/color for pdfTeX

(/usr/share/texlive/texmf-dist/tex/generic/oberdiek/infwarerr.sty
Package: infwarerr 2010/04/08 v1.3 Providing info/warning/error messages (HO)
)
(/usr/share/texlive/texmf-dist/tex/generic/oberdiek/ltxcmds.sty
Package: ltxcmds 2011/11/09 v1.22 LaTeX kernel commands for general use (HO)
)
\Gread@gobject=\count90
))
\Gin@req@height=\dimen103
\Gin@req@width=\dimen104
)
(/usr/share/texlive/texmf-dist/tex/latex/moreverb/moreverb.sty
Package: moreverb 2008/06/03 v2.3a `more' verbatim facilities

(/usr/share/texlive/texmf-dist/tex/latex/tools/verbatim.sty
Package: verbatim 2014/10/28 v1.5q LaTeX2e package for verbatim enhancements
\every@verbatim=\toks15
\verbatim@line=\toks16
\verbatim@in@stream=\read1
)
\tab@position=\count91
\tab@size=\count92
\listing@line=\count93
)
(/usr/share/texlive/texmf-dist/tex/latex/hyperref/hyperref.sty
Package: hyperref 2012/11/06 v6.83m Hypertext links for LaTeX

(/usr/share/texlive/texmf-dist/tex/generic/oberdiek/hobsub-hyperref.sty
Package: hobsub-hyperref 2012/05/28 v1.13 Bundle oberdiek, subset hyperref (HO)


(/usr/share/texlive/texmf-dist/tex/generic/oberdiek/hobsub-generic.sty
Package: hobsub-generic 2012/05/28 v1.13 Bundle oberdiek, subset generic (HO)
Package: hobsub 2012/05/28 v1.13 Construct package bundles (HO)
Package hobsub Info: Skipping package `infwarerr' (already loaded).
Package hobsub Info: Skipping package `ltxcmds' (already loaded).
Package: ifluatex 2010/03/01 v1.3 Provides the ifluatex switch (HO)
Package ifluatex Info: LuaTeX not detected.
Package: ifvtex 2010/03/01 v1.5 Detect VTeX and its facilities (HO)
Package ifvtex Info: VTeX not detected.
Package: intcalc 2007/09/27 v1.1 Expandable calculations with integers (HO)
Package: ifpdf 2011/01/30 v2.3 Provides the ifpdf switch (HO)
Package ifpdf Info: pdfTeX in PDF mode is detected.
Package: etexcmds 2011/02/16 v1.5 Avoid name clashes with e-TeX commands (HO)
Package etexcmds Info: Could not find \expanded.
(etexcmds)             That can mean that you are not using pdfTeX 1.50 or
(etexcmds)             that some package has redefined \expanded.
(etexcmds)             In the latter case, load this package earlier.
Package: kvsetkeys 2012/04/25 v1.16 Key value parser (HO)
Package: kvdefinekeys 2011/04/07 v1.3 Define keys (HO)
Package: pdftexcmds 2011/11/29 v0.20 Utility functions of pdfTeX for LuaTeX (HO
)
Package pdftexcmds Info: LuaTeX not detected.
Package pdftexcmds Info: \pdf@primitive is available.
Package pdftexcmds Info: \pdf@ifprimitive is available.
Package pdftexcmds Info: \pdfdraftmode found.
Package: pdfescape 2011/11/25 v1.13 Implements pdfTeX's escape features (HO)
Package: bigintcalc 2012/04/08 v1.3 Expandable calculations on big integers (HO
)
Package: bitset 2011/01/30 v1.1 Handle bit-vector datatype (HO)
Package: uniquecounter 2011/01/30 v1.2 Provide unlimited unique counter (HO)
)
Package hobsub Info: Skipping package `hobsub' (already loaded).
Package: letltxmacro 2010/09/02 v1.4 Let assignment for LaTeX macros (HO)
Package: hopatch 2012/05/28 v1.2 Wrapper for package hooks (HO)
Package: xcolor-patch 2011/01/30 xcolor patch
Package: atveryend 2011/06/30 v1.8 Hooks at the very end of document (HO)
Package: atbegshi 2011/10/05 v1.16 At begin shipout hook (HO)
Package: refcount 2011/10/16 v3.4 Data extraction from label references (HO)
Package: hycolor 2011/01/30 v1.7 Color options for hyperref/bookmark (HO)
)
(/usr/share/texlive/texmf-dist/tex/generic/ifxetex/ifxetex.sty
Package: ifxetex 2010/09/12 v0.6 Provides ifxetex conditional
)
(/usr/share/texlive/texmf-dist/tex/latex/oberdiek/auxhook.sty
Package: auxhook 2011/03/04 v1.3 Hooks for auxiliary files (HO)
)
(/usr/share/texlive/texmf-dist/tex/latex/oberdiek/kvoptions.sty
Package: kvoptions 2011/06/30 v3.11 Key value format for package options (HO)
)
\@linkdim=\dimen105
\Hy@linkcounter=\count94
\Hy@pagecounter=\count95

(/usr/share/texlive/texmf-dist/tex/latex/hyperref/pd1enc.def
File: pd1enc.def 2012/11/06 v6.83m Hyperref: PDFDocEncoding definition (HO)
)
\Hy@SavedSpaceFactor=\count96

(/usr/share/texlive/texmf-dist/tex/latex/latexconfig/hyperref.cfg
File: hyperref.cfg 2002/06/06 v1.2 hyperref configuration of TeXLive
)
Package hyperref Info: Hyper figures OFF on input line 4443.
Package hyperref Info: Link nesting OFF on input line 4448.
Package hyperref Info: Hyper index ON on input line 4451.
Package hyperref Info: Plain pages OFF on input line 4458.
Package hyperref Info: Backreferencing OFF on input line 4463.
Package hyperref Info: Implicit mode ON; LaTeX internals redefined.
Package hyperref Info: Bookmarks ON on input line 4688.
\c@Hy@tempcnt=\count97

(/usr/share/texlive/texmf-dist/tex/latex/url/url.sty
\Urlmuskip=\muskip10
Package: url 2013/09/16  ver 3.4  Verb mode for urls, etc.
)
LaTeX Info: Redefining \url on input line 5041.
\XeTeXLinkMargin=\dimen106
\Fld@menulength=\count98
\Field@Width=\dimen107
\Fld@charsize=\dimen108
Package hyperref Info: Hyper figures OFF on input line 6295.
Package hyperref Info: Link nesting OFF on input line 6300.
Package hyperref Info: Hyper index ON on input line 6303.
Package hyperref Info: backreferencing OFF on input line 6310.
Package hyperref Info: Link coloring OFF on input line 6315.
Package hyperref Info: Link coloring with OCG OFF on input line 6320.
Package hyperref Info: PDF/A mode OFF on input line 6325.
LaTeX Info: Redefining \ref on input line 6365.
LaTeX Info: Redefining \pageref on input line 6369.
\Hy@abspage=\count99
\c@Item=\count100
\c@Hfootnote=\count101
)

Package hyperref Message: Driver (autodetected): hpdftex.

(/usr/share/texlive/texmf-dist/tex/latex/hyperref/hpdftex.def
File: hpdftex.def 2012/11/06 v6.83m Hyperref driver for pdfTeX
\Fld@listcount=\count102
\c@bookmark@seq@number=\count103

(/usr/share/texlive/texmf-dist/tex/latex/oberdiek/rerunfilecheck.sty
Package: rerunfilecheck 2011/04/15 v1.7 Rerun checks for auxiliary files (HO)
Package uniquecounter Info: New unique counter `rerunfilecheck' on input line 2
82.
)
\Hy@SectionHShift=\skip45
)
(/usr/share/texlive/texmf-dist/tex/latex/xcolor/xcolor.sty
Package: xcolor 2007/01/21 v2.11 LaTeX color extensions (UK)

(/usr/share/texlive/texmf-dist/tex/latex/latexconfig/color.cfg
File: color.cfg 2007/01/18 v1.5 color configuration of teTeX/TeXLive
)
Package xcolor Info: Driver file: pdftex.def on input line 225.
Package xcolor Info: Model `cmy' substituted by `cmy0' on input line 1337.
Package xcolor Info: Model `hsb' substituted by `rgb' on input line 1341.
Package xcolor Info: Model `RGB' extended on input line 1353.
Package xcolor Info: Model `HTML' substituted by `rgb' on input line 1355.
Package xcolor Info: Model `Hsb' substituted by `hsb' on input line 1356.
Package xcolor Info: Model `tHsb' substituted by `hsb' on input line 1357.
Package xcolor Info: Model `HSB' substituted by `hsb' on input line 1358.
Package xcolor Info: Model `Gray' substituted by `gray' on input line 1359.
Package xcolor Info: Model `wave' substituted by `hsb' on input line 1360.
)
(/usr/share/texlive/texmf-dist/tex/latex/supertabular/supertabular.sty
Package: supertabular 2004/02/20 v4.1e the supertabular environment
\c@tracingst=\count104
\ST@wd=\dimen109
\ST@rightskip=\skip46
\ST@leftskip=\skip47
\ST@parfillskip=\skip48
\ST@pageleft=\dimen110
\ST@headht=\dimen111
\ST@tailht=\dimen112
\ST@pagesofar=\dimen113
\ST@pboxht=\dimen114
\ST@lineht=\dimen115
\ST@stretchht=\dimen116
\ST@prevht=\dimen117
\ST@toadd=\dimen118
\ST@dimen=\dimen119
\ST@pbox=\box26
)
(/usr/share/texlive/texmf-dist/tex/latex/tools/tabularx.sty
Package: tabularx 2014/10/28 v2.10 `tabularx' package (DPC)

(/usr/share/texlive/texmf-dist/tex/latex/tools/array.sty
Package: array 2014/10/28 v2.4c Tabular extension package (FMi)
\col@sep=\dimen120
\extrarowheight=\dimen121
\NC@list=\toks17
\extratabsurround=\skip49
\backup@length=\skip50
)
\TX@col@width=\dimen122
\TX@old@table=\dimen123
\TX@old@col=\dimen124
\TX@target=\dimen125
\TX@delta=\dimen126
\TX@cols=\count105
\TX@ftn=\toks18
)
(/usr/share/texlive/texmf-dist/tex/latex/tools/multicol.sty
Package: multicol 2015/08/19 v1.8n multicolumn formatting (FMi)
\c@tracingmulticols=\count106
\mult@box=\box27
\multicol@leftmargin=\dimen127
\c@unbalance=\count107
\c@collectmore=\count108
\doublecol@number=\count109
\multicoltolerance=\count110
\multicolpretolerance=\count111
\full@width=\dimen128
\page@free=\dimen129
\premulticols=\dimen130
\postmulticols=\dimen131
\multicolsep=\skip51
\multicolbaselineskip=\skip52
\partial@page=\box28
\last@line=\box29
\maxbalancingoverflow=\dimen132
\mult@rightbox=\box30
\mult@grightbox=\box31
\mult@gfirstbox=\box32
\mult@firstbox=\box33
\@tempa=\box34
\@tempa=\box35
\@tempa=\box36
\@tempa=\box37
\@tempa=\box38
\@tempa=\box39
\@tempa=\box40
\@tempa=\box41
\@tempa=\box42
\@tempa=\box43
\@tempa=\box44
\@tempa=\box45
\@tempa=\box46
\@tempa=\box47
\@tempa=\box48
\@tempa=\box49
\@tempa=\box50
\c@columnbadness=\count112
\c@finalcolumnbadness=\count113
\last@try=\dimen133
\multicolovershoot=\dimen134
\multicolundershoot=\dimen135
\mult@nat@firstbox=\box51
\colbreak@box=\box52
\mc@col@check@num=\count114
)
(/usr/share/texlive/texmf-dist/tex/latex/colortbl/colortbl.sty
Package: colortbl 2012/02/13 v1.0a Color table columns (DPC)
\everycr=\toks19
\minrowclearance=\skip53
)
(/usr/share/texlive/texmf-dist/tex/latex/base/textcomp.sty
Package: textcomp 2005/09/27 v1.99g Standard LaTeX package
Package textcomp Info: Sub-encoding information:
(textcomp)               5 = only ISO-Adobe without \textcurrency
(textcomp)               4 = 5 + \texteuro
(textcomp)               3 = 4 + \textohm
(textcomp)               2 = 3 + \textestimated + \textcurrency
(textcomp)               1 = TS1 - \textcircled - \t
(textcomp)               0 = TS1 (full)
(textcomp)             Font families with sub-encoding setting implement
(textcomp)             only a restricted character set as indicated.
(textcomp)             Family '?' is the default used for unknown fonts.
(textcomp)             See the documentation for details.
Package textcomp Info: Setting ? sub-encoding to TS1/1 on input line 79.

(/usr/share/texlive/texmf-dist/tex/latex/base/ts1enc.def
File: ts1enc.def 2001/06/05 v3.0e (jk/car/fm) Standard LaTeX file
)
LaTeX Info: Redefining \oldstylenums on input line 334.
Package textcomp Info: Setting cmr sub-encoding to TS1/0 on input line 349.
Package textcomp Info: Setting cmss sub-encoding to TS1/0 on input line 350.
Package textcomp Info: Setting cmtt sub-encoding to TS1/0 on input line 351.
Package textcomp Info: Setting cmvtt sub-encoding to TS1/0 on input line 352.
Package textcomp Info: Setting cmbr sub-encoding to TS1/0 on input line 353.
Package textcomp Info: Setting cmtl sub-encoding to TS1/0 on input line 354.
Package textcomp Info: Setting ccr sub-encoding to TS1/0 on input line 355.
Package textcomp Info: Setting ptm sub-encoding to TS1/4 on input line 356.
Package textcomp Info: Setting pcr sub-encoding to TS1/4 on input line 357.
Package textcomp Info: Setting phv sub-encoding to TS1/4 on input line 358.
Package textcomp Info: Setting ppl sub-encoding to TS1/3 on input line 359.
Package textcomp Info: Setting pag sub-encoding to TS1/4 on input line 360.
Package textcomp Info: Setting pbk sub-encoding to TS1/4 on input line 361.
Package textcomp Info: Setting pnc sub-encoding to TS1/4 on input line 362.
Package textcomp Info: Setting pzc sub-encoding to TS1/4 on input line 363.
Package textcomp Info: Setting bch sub-encoding to TS1/4 on input line 364.
Package textcomp Info: Setting put sub-encoding to TS1/5 on input line 365.
Package textcomp Info: Setting uag sub-encoding to TS1/5 on input line 366.
Package textcomp Info: Setting ugq sub-encoding to TS1/5 on input line 367.
Package textcomp Info: Setting ul8 sub-encoding to TS1/4 on input line 368.
Package textcomp Info: Setting ul9 sub-encoding to TS1/4 on input line 369.
Package textcomp Info: Setting augie sub-encoding to TS1/5 on input line 370.
Package textcomp Info: Setting dayrom sub-encoding to TS1/3 on input line 371.
Package textcomp Info: Setting dayroms sub-encoding to TS1/3 on input line 372.

Package textcomp Info: Setting pxr sub-encoding to TS1/0 on input line 373.
Package textcomp Info: Setting pxss sub-encoding to TS1/0 on input line 374.
Package textcomp Info: Setting pxtt sub-encoding to TS1/0 on input line 375.
Package textcomp Info: Setting txr sub-encoding to TS1/0 on input line 376.
Package textcomp Info: Setting txss sub-encoding to TS1/0 on input line 377.
Package textcomp Info: Setting txtt sub-encoding to TS1/0 on input line 378.
Package textcomp Info: Setting lmr sub-encoding to TS1/0 on input line 379.
Package textcomp Info: Setting lmdh sub-encoding to TS1/0 on input line 380.
Package textcomp Info: Setting lmss sub-encoding to TS1/0 on input line 381.
Package textcomp Info: Setting lmssq sub-encoding to TS1/0 on input line 382.
Package textcomp Info: Setting lmvtt sub-encoding to TS1/0 on input line 383.
Package textcomp Info: Setting lmtt sub-encoding to TS1/0 on input line 384.
Package textcomp Info: Setting qhv sub-encoding to TS1/0 on input line 385.
Package textcomp Info: Setting qag sub-encoding to TS1/0 on input line 386.
Package textcomp Info: Setting qbk sub-encoding to TS1/0 on input line 387.
Package textcomp Info: Setting qcr sub-encoding to TS1/0 on input line 388.
Package textcomp Info: Setting qcs sub-encoding to TS1/0 on input line 389.
Package textcomp Info: Setting qpl sub-encoding to TS1/0 on input line 390.
Package textcomp Info: Setting qtm sub-encoding to TS1/0 on input line 391.
Package textcomp Info: Setting qzc sub-encoding to TS1/0 on input line 392.
Package textcomp Info: Setting qhvc sub-encoding to TS1/0 on input line 393.
Package textcomp Info: Setting futs sub-encoding to TS1/4 on input line 394.
Package textcomp Info: Setting futx sub-encoding to TS1/4 on input line 395.
Package textcomp Info: Setting futj sub-encoding to TS1/4 on input line 396.
Package textcomp Info: Setting hlh sub-encoding to TS1/3 on input line 397.
Package textcomp Info: Setting hls sub-encoding to TS1/3 on input line 398.
Package textcomp Info: Setting hlst sub-encoding to TS1/3 on input line 399.
Package textcomp Info: Setting hlct sub-encoding to TS1/5 on input line 400.
Package textcomp Info: Setting hlx sub-encoding to TS1/5 on input line 401.
Package textcomp Info: Setting hlce sub-encoding to TS1/5 on input line 402.
Package textcomp Info: Setting hlcn sub-encoding to TS1/5 on input line 403.
Package textcomp Info: Setting hlcw sub-encoding to TS1/5 on input line 404.
Package textcomp Info: Setting hlcf sub-encoding to TS1/5 on input line 405.
Package textcomp Info: Setting pplx sub-encoding to TS1/3 on input line 406.
Package textcomp Info: Setting pplj sub-encoding to TS1/3 on input line 407.
Package textcomp Info: Setting ptmx sub-encoding to TS1/4 on input line 408.
Package textcomp Info: Setting ptmj sub-encoding to TS1/4 on input line 409.
)
(/usr/share/texlive/texmf-dist/tex/latex/nomencl/nomencl.sty
Package: nomencl 2005/09/22 v4.2 Nomenclature package (LN)
\nomlabelwidth=\dimen136
\nom@tempdim=\dimen137
\nomitemsep=\skip54
)
(/usr/share/texlive/texmf-dist/tex/latex/pgf/frontendlayer/tikz.sty
(/usr/share/texlive/texmf-dist/tex/latex/pgf/basiclayer/pgf.sty
(/usr/share/texlive/texmf-dist/tex/latex/pgf/utilities/pgfrcs.sty
(/usr/share/texlive/texmf-dist/tex/generic/pgf/utilities/pgfutil-common.tex
\pgfutil@everybye=\toks20
\pgfutil@tempdima=\dimen138
\pgfutil@tempdimb=\dimen139

(/usr/share/texlive/texmf-dist/tex/generic/pgf/utilities/pgfutil-common-lists.t
ex)) (/usr/share/texlive/texmf-dist/tex/generic/pgf/utilities/pgfutil-latex.def
\pgfutil@abb=\box53
(/usr/share/texlive/texmf-dist/tex/latex/ms/everyshi.sty
Package: everyshi 2001/05/15 v3.00 EveryShipout Package (MS)
))
(/usr/share/texlive/texmf-dist/tex/generic/pgf/utilities/pgfrcs.code.tex
Package: pgfrcs 2015/08/07 v3.0.1a (rcs-revision 1.31)
))
Package: pgf 2015/08/07 v3.0.1a (rcs-revision 1.15)

(/usr/share/texlive/texmf-dist/tex/latex/pgf/basiclayer/pgfcore.sty
(/usr/share/texlive/texmf-dist/tex/latex/pgf/systemlayer/pgfsys.sty
(/usr/share/texlive/texmf-dist/tex/generic/pgf/systemlayer/pgfsys.code.tex
Package: pgfsys 2014/07/09 v3.0.1a (rcs-revision 1.48)

(/usr/share/texlive/texmf-dist/tex/generic/pgf/utilities/pgfkeys.code.tex
\pgfkeys@pathtoks=\toks21
\pgfkeys@temptoks=\toks22

(/usr/share/texlive/texmf-dist/tex/generic/pgf/utilities/pgfkeysfiltered.code.t
ex
\pgfkeys@tmptoks=\toks23
))
\pgf@x=\dimen140
\pgf@y=\dimen141
\pgf@xa=\dimen142
\pgf@ya=\dimen143
\pgf@xb=\dimen144
\pgf@yb=\dimen145
\pgf@xc=\dimen146
\pgf@yc=\dimen147
\w@pgf@writea=\write3
\r@pgf@reada=\read2
\c@pgf@counta=\count115
\c@pgf@countb=\count116
\c@pgf@countc=\count117
\c@pgf@countd=\count118
\t@pgf@toka=\toks24
\t@pgf@tokb=\toks25
\t@pgf@tokc=\toks26
 (/usr/share/texlive/texmf-dist/tex/generic/pgf/systemlayer/pgf.cfg
File: pgf.cfg 2008/05/14  (rcs-revision 1.7)
)
Driver file for pgf: pgfsys-pdftex.def

(/usr/share/texlive/texmf-dist/tex/generic/pgf/systemlayer/pgfsys-pdftex.def
File: pgfsys-pdftex.def 2014/10/11  (rcs-revision 1.35)

(/usr/share/texlive/texmf-dist/tex/generic/pgf/systemlayer/pgfsys-common-pdf.de
f
File: pgfsys-common-pdf.def 2013/10/10  (rcs-revision 1.13)
)))
(/usr/share/texlive/texmf-dist/tex/generic/pgf/systemlayer/pgfsyssoftpath.code.
tex
File: pgfsyssoftpath.code.tex 2013/09/09  (rcs-revision 1.9)
\pgfsyssoftpath@smallbuffer@items=\count119
\pgfsyssoftpath@bigbuffer@items=\count120
)
(/usr/share/texlive/texmf-dist/tex/generic/pgf/systemlayer/pgfsysprotocol.code.
tex
File: pgfsysprotocol.code.tex 2006/10/16  (rcs-revision 1.4)
))
(/usr/share/texlive/texmf-dist/tex/generic/pgf/basiclayer/pgfcore.code.tex
Package: pgfcore 2010/04/11 v3.0.1a (rcs-revision 1.7)

(/usr/share/texlive/texmf-dist/tex/generic/pgf/math/pgfmath.code.tex
(/usr/share/texlive/texmf-dist/tex/generic/pgf/math/pgfmathcalc.code.tex
(/usr/share/texlive/texmf-dist/tex/generic/pgf/math/pgfmathutil.code.tex)
(/usr/share/texlive/texmf-dist/tex/generic/pgf/math/pgfmathparser.code.tex
\pgfmath@dimen=\dimen148
\pgfmath@count=\count121
\pgfmath@box=\box54
\pgfmath@toks=\toks27
\pgfmath@stack@operand=\toks28
\pgfmath@stack@operation=\toks29
)
(/usr/share/texlive/texmf-dist/tex/generic/pgf/math/pgfmathfunctions.code.tex
(/usr/share/texlive/texmf-dist/tex/generic/pgf/math/pgfmathfunctions.basic.code
.tex)
(/usr/share/texlive/texmf-dist/tex/generic/pgf/math/pgfmathfunctions.trigonomet
ric.code.tex)
(/usr/share/texlive/texmf-dist/tex/generic/pgf/math/pgfmathfunctions.random.cod
e.tex)
(/usr/share/texlive/texmf-dist/tex/generic/pgf/math/pgfmathfunctions.comparison
.code.tex)
(/usr/share/texlive/texmf-dist/tex/generic/pgf/math/pgfmathfunctions.base.code.
tex)
(/usr/share/texlive/texmf-dist/tex/generic/pgf/math/pgfmathfunctions.round.code
.tex)
(/usr/share/texlive/texmf-dist/tex/generic/pgf/math/pgfmathfunctions.misc.code.
tex)
(/usr/share/texlive/texmf-dist/tex/generic/pgf/math/pgfmathfunctions.integerari
thmetics.code.tex)))
(/usr/share/texlive/texmf-dist/tex/generic/pgf/math/pgfmathfloat.code.tex
\c@pgfmathroundto@lastzeros=\count122
))
(/usr/share/texlive/texmf-dist/tex/generic/pgf/basiclayer/pgfcorepoints.code.te
x
File: pgfcorepoints.code.tex 2013/10/07  (rcs-revision 1.27)
\pgf@picminx=\dimen149
\pgf@picmaxx=\dimen150
\pgf@picminy=\dimen151
\pgf@picmaxy=\dimen152
\pgf@pathminx=\dimen153
\pgf@pathmaxx=\dimen154
\pgf@pathminy=\dimen155
\pgf@pathmaxy=\dimen156
\pgf@xx=\dimen157
\pgf@xy=\dimen158
\pgf@yx=\dimen159
\pgf@yy=\dimen160
\pgf@zx=\dimen161
\pgf@zy=\dimen162
)
(/usr/share/texlive/texmf-dist/tex/generic/pgf/basiclayer/pgfcorepathconstruct.
code.tex
File: pgfcorepathconstruct.code.tex 2013/10/07  (rcs-revision 1.29)
\pgf@path@lastx=\dimen163
\pgf@path@lasty=\dimen164
)
(/usr/share/texlive/texmf-dist/tex/generic/pgf/basiclayer/pgfcorepathusage.code
.tex
File: pgfcorepathusage.code.tex 2014/11/02  (rcs-revision 1.24)
\pgf@shorten@end@additional=\dimen165
\pgf@shorten@start@additional=\dimen166
)
(/usr/share/texlive/texmf-dist/tex/generic/pgf/basiclayer/pgfcorescopes.code.te
x
File: pgfcorescopes.code.tex 2015/05/08  (rcs-revision 1.46)
\pgfpic=\box55
\pgf@hbox=\box56
\pgf@layerbox@main=\box57
\pgf@picture@serial@count=\count123
)
(/usr/share/texlive/texmf-dist/tex/generic/pgf/basiclayer/pgfcoregraphicstate.c
ode.tex
File: pgfcoregraphicstate.code.tex 2014/11/02  (rcs-revision 1.12)
\pgflinewidth=\dimen167
)
(/usr/share/texlive/texmf-dist/tex/generic/pgf/basiclayer/pgfcoretransformation
s.code.tex
File: pgfcoretransformations.code.tex 2015/08/07  (rcs-revision 1.20)
\pgf@pt@x=\dimen168
\pgf@pt@y=\dimen169
\pgf@pt@temp=\dimen170
)
(/usr/share/texlive/texmf-dist/tex/generic/pgf/basiclayer/pgfcorequick.code.tex
File: pgfcorequick.code.tex 2008/10/09  (rcs-revision 1.3)
)
(/usr/share/texlive/texmf-dist/tex/generic/pgf/basiclayer/pgfcoreobjects.code.t
ex
File: pgfcoreobjects.code.tex 2006/10/11  (rcs-revision 1.2)
)
(/usr/share/texlive/texmf-dist/tex/generic/pgf/basiclayer/pgfcorepathprocessing
.code.tex
File: pgfcorepathprocessing.code.tex 2013/09/09  (rcs-revision 1.9)
)
(/usr/share/texlive/texmf-dist/tex/generic/pgf/basiclayer/pgfcorearrows.code.te
x
File: pgfcorearrows.code.tex 2015/05/14  (rcs-revision 1.43)
\pgfarrowsep=\dimen171
)
(/usr/share/texlive/texmf-dist/tex/generic/pgf/basiclayer/pgfcoreshade.code.tex
File: pgfcoreshade.code.tex 2013/07/15  (rcs-revision 1.15)
\pgf@max=\dimen172
\pgf@sys@shading@range@num=\count124
)
(/usr/share/texlive/texmf-dist/tex/generic/pgf/basiclayer/pgfcoreimage.code.tex
File: pgfcoreimage.code.tex 2013/07/15  (rcs-revision 1.18)

(/usr/share/texlive/texmf-dist/tex/generic/pgf/basiclayer/pgfcoreexternal.code.
tex
File: pgfcoreexternal.code.tex 2014/07/09  (rcs-revision 1.21)
\pgfexternal@startupbox=\box58
))
(/usr/share/texlive/texmf-dist/tex/generic/pgf/basiclayer/pgfcorelayers.code.te
x
File: pgfcorelayers.code.tex 2013/07/18  (rcs-revision 1.7)
)
(/usr/share/texlive/texmf-dist/tex/generic/pgf/basiclayer/pgfcoretransparency.c
ode.tex
File: pgfcoretransparency.code.tex 2013/09/30  (rcs-revision 1.5)
)
(/usr/share/texlive/texmf-dist/tex/generic/pgf/basiclayer/pgfcorepatterns.code.
tex
File: pgfcorepatterns.code.tex 2013/11/07  (rcs-revision 1.5)
)))
(/usr/share/texlive/texmf-dist/tex/generic/pgf/modules/pgfmoduleshapes.code.tex
File: pgfmoduleshapes.code.tex 2014/03/21  (rcs-revision 1.35)
\pgfnodeparttextbox=\box59
) (/usr/share/texlive/texmf-dist/tex/generic/pgf/modules/pgfmoduleplot.code.tex
File: pgfmoduleplot.code.tex 2015/08/03  (rcs-revision 1.13)
)
(/usr/share/texlive/texmf-dist/tex/latex/pgf/compatibility/pgfcomp-version-0-65
.sty
Package: pgfcomp-version-0-65 2007/07/03 v3.0.1a (rcs-revision 1.7)
\pgf@nodesepstart=\dimen173
\pgf@nodesepend=\dimen174
)
(/usr/share/texlive/texmf-dist/tex/latex/pgf/compatibility/pgfcomp-version-1-18
.sty
Package: pgfcomp-version-1-18 2007/07/23 v3.0.1a (rcs-revision 1.1)
)) (/usr/share/texlive/texmf-dist/tex/latex/pgf/utilities/pgffor.sty
(/usr/share/texlive/texmf-dist/tex/latex/pgf/utilities/pgfkeys.sty
(/usr/share/texlive/texmf-dist/tex/generic/pgf/utilities/pgfkeys.code.tex))
(/usr/share/texlive/texmf-dist/tex/latex/pgf/math/pgfmath.sty
(/usr/share/texlive/texmf-dist/tex/generic/pgf/math/pgfmath.code.tex))
(/usr/share/texlive/texmf-dist/tex/generic/pgf/utilities/pgffor.code.tex
Package: pgffor 2013/12/13 v3.0.1a (rcs-revision 1.25)

(/usr/share/texlive/texmf-dist/tex/generic/pgf/math/pgfmath.code.tex)
\pgffor@iter=\dimen175
\pgffor@skip=\dimen176
\pgffor@stack=\toks30
\pgffor@toks=\toks31
))
(/usr/share/texlive/texmf-dist/tex/generic/pgf/frontendlayer/tikz/tikz.code.tex
Package: tikz 2015/08/07 v3.0.1a (rcs-revision 1.151)

(/usr/share/texlive/texmf-dist/tex/generic/pgf/libraries/pgflibraryplothandlers
.code.tex
File: pgflibraryplothandlers.code.tex 2013/08/31 v3.0.1a (rcs-revision 1.20)
\pgf@plot@mark@count=\count125
\pgfplotmarksize=\dimen177
)
\tikz@lastx=\dimen178
\tikz@lasty=\dimen179
\tikz@lastxsaved=\dimen180
\tikz@lastysaved=\dimen181
\tikzleveldistance=\dimen182
\tikzsiblingdistance=\dimen183
\tikz@figbox=\box60
\tikz@figbox@bg=\box61
\tikz@tempbox=\box62
\tikz@tempbox@bg=\box63
\tikztreelevel=\count126
\tikznumberofchildren=\count127
\tikznumberofcurrentchild=\count128
\tikz@fig@count=\count129

(/usr/share/texlive/texmf-dist/tex/generic/pgf/modules/pgfmodulematrix.code.tex
File: pgfmodulematrix.code.tex 2013/09/17  (rcs-revision 1.8)
\pgfmatrixcurrentrow=\count130
\pgfmatrixcurrentcolumn=\count131
\pgf@matrix@numberofcolumns=\count132
)
\tikz@expandcount=\count133

(/usr/share/texlive/texmf-dist/tex/generic/pgf/frontendlayer/tikz/libraries/tik
zlibrarytopaths.code.tex
File: tikzlibrarytopaths.code.tex 2008/06/17 v3.0.1a (rcs-revision 1.2)
)))
(/usr/share/texlive/texmf-dist/tex/latex/mathtools/mathtools.sty
Package: mathtools 2015/11/12 v1.18 mathematical typesetting tools

(/usr/share/texlive/texmf-dist/tex/latex/tools/calc.sty
Package: calc 2014/10/28 v4.3 Infix arithmetic (KKT,FJ)
\calc@Acount=\count134
\calc@Bcount=\count135
\calc@Adimen=\dimen184
\calc@Bdimen=\dimen185
\calc@Askip=\skip55
\calc@Bskip=\skip56
LaTeX Info: Redefining \setlength on input line 80.
LaTeX Info: Redefining \addtolength on input line 81.
\calc@Ccount=\count136
\calc@Cskip=\skip57
)
(/usr/share/texlive/texmf-dist/tex/latex/mathtools/mhsetup.sty
Package: mhsetup 2010/01/21 v1.2a programming setup (MH)
)
(/usr/share/texlive/texmf-dist/tex/latex/amsmath/amsmath.sty
Package: amsmath 2016/03/03 v2.15a AMS math features
\@mathmargin=\skip58

For additional information on amsmath, use the `?' option.
(/usr/share/texlive/texmf-dist/tex/latex/amsmath/amstext.sty
Package: amstext 2000/06/29 v2.01 AMS text

(/usr/share/texlive/texmf-dist/tex/latex/amsmath/amsgen.sty
File: amsgen.sty 1999/11/30 v2.0 generic functions
\@emptytoks=\toks32
\ex@=\dimen186
))
(/usr/share/texlive/texmf-dist/tex/latex/amsmath/amsbsy.sty
Package: amsbsy 1999/11/29 v1.2d Bold Symbols
\pmbraise@=\dimen187
)
(/usr/share/texlive/texmf-dist/tex/latex/amsmath/amsopn.sty
Package: amsopn 1999/12/14 v2.01 operator names
)
\inf@bad=\count137
LaTeX Info: Redefining \frac on input line 199.
\uproot@=\count138
\leftroot@=\count139
LaTeX Info: Redefining \overline on input line 297.
\classnum@=\count140
\DOTSCASE@=\count141
LaTeX Info: Redefining \ldots on input line 394.
LaTeX Info: Redefining \dots on input line 397.
LaTeX Info: Redefining \cdots on input line 518.
\Mathstrutbox@=\box64
\strutbox@=\box65
\big@size=\dimen188
LaTeX Font Info:    Redeclaring font encoding OML on input line 630.
LaTeX Font Info:    Redeclaring font encoding OMS on input line 631.
\macc@depth=\count142
\c@MaxMatrixCols=\count143
\dotsspace@=\muskip11
\c@parentequation=\count144
\dspbrk@lvl=\count145
\tag@help=\toks33
\row@=\count146
\column@=\count147
\maxfields@=\count148
\andhelp@=\toks34
\eqnshift@=\dimen189
\alignsep@=\dimen190
\tagshift@=\dimen191
\tagwidth@=\dimen192
\totwidth@=\dimen193
\lineht@=\dimen194
\@envbody=\toks35
\multlinegap=\skip59
\multlinetaggap=\skip60
\mathdisplay@stack=\toks36
LaTeX Info: Redefining \[ on input line 2735.
LaTeX Info: Redefining \] on input line 2736.
)
LaTeX Info: Thecontrolsequence`\('isalreadyrobust on input line 129.
LaTeX Info: Thecontrolsequence`\)'isalreadyrobust on input line 129.
LaTeX Info: Thecontrolsequence`\['isalreadyrobust on input line 129.
LaTeX Info: Thecontrolsequence`\]'isalreadyrobust on input line 129.
\g_MT_multlinerow_int=\count149
\l_MT_multwidth_dim=\dimen195
\origjot=\skip61
\l_MT_shortvdotswithinadjustabove_dim=\dimen196
\l_MT_shortvdotswithinadjustbelow_dim=\dimen197
\l_MT_above_intertext_sep=\dimen198
\l_MT_below_intertext_sep=\dimen199
\l_MT_above_shortintertext_sep=\dimen256
\l_MT_below_shortintertext_sep=\dimen257
)
(/usr/share/texlive/texmf-dist/tex/latex/pstricks/pstricks.sty
Package: pstricks 2015/11/14 v0.62 LaTeX wrapper for `PSTricks' (RN,HV)

(/usr/share/texlive/texmf-dist/tex/generic/pstricks/pstricks.tex
(/usr/share/texlive/texmf-dist/tex/generic/xkeyval/pst-xkey.tex
File: pst-xkey.tex 2005/11/25 v1.6 PSTricks specialization of xkeyval (HA)

(/usr/share/texlive/texmf-dist/tex/latex/xkeyval/xkeyval.sty
Package: xkeyval 2014/12/03 v2.7a package option processing (HA)

(/usr/share/texlive/texmf-dist/tex/generic/xkeyval/xkeyval.tex
(/usr/share/texlive/texmf-dist/tex/generic/xkeyval/xkvutils.tex
\XKV@toks=\toks37
\XKV@tempa@toks=\toks38
)
\XKV@depth=\count150
File: xkeyval.tex 2014/12/03 v2.7a key=value parser (HA)
)))
(/usr/share/texlive/texmf-dist/tex/generic/pstricks/pst-fp.tex
`pst-fp' v0.05, 2010/01/17 (hv)
\pstFP@xs=\count151
\pstFP@xia=\count152
\pstFP@xib=\count153
\pstFP@xfa=\count154
\pstFP@xfb=\count155
\pstFP@rega=\count156
\pstFP@regb=\count157
\pstFP@regs=\count158
\pstFP@times=\count159
)
(/usr/share/texlive/texmf-dist/tex/generic/pgf/utilities/pgfutil-common.tex
\pgfutil@everybye=\toks39
\pgfutil@tempdima=\dimen258
\pgfutil@tempdimb=\dimen259

(/usr/share/texlive/texmf-dist/tex/generic/pgf/utilities/pgfutil-common-lists.t
ex)) (/usr/share/texlive/texmf-dist/tex/generic/pgf/utilities/pgfkeys.code.tex)
(/usr/share/texlive/texmf-dist/tex/generic/pgf/utilities/pgffor.code.tex
(/usr/share/texlive/texmf-dist/tex/generic/pgf/math/pgfmath.code.tex)
\pgffor@iter=\dimen260
\pgffor@skip=\dimen261
\pgffor@stack=\toks40
\pgffor@toks=\toks41
)
\psLoopIndex=\count160

`PSTricks' v2.64b  <2015/14/11> (tvz)
\pst@dima=\dimen262
\pst@dimb=\dimen263
\pst@dimc=\dimen264
\pst@dimd=\dimen265
\pst@dimg=\dimen266
\pst@dimh=\dimen267
\pst@dimm=\dimen268
\pst@dimn=\dimen269
\pst@dimo=\dimen270
\pst@dimp=\dimen271
\pst@hbox=\box66
\pst@ibox=\box67
\pst@boxg=\box68
\pst@cnta=\count161
\pst@cntb=\count162
\pst@cntc=\count163
\pst@cntd=\count164
\pst@cntg=\count165
\pst@cnth=\count166
\pst@cntm=\count167
\pst@cntn=\count168
\pst@cnto=\count169
\pst@cntp=\count170
\@zero=\count171
\pst@toks=\toks42
(/usr/share/texlive/texmf-dist/tex/generic/pstricks/pstricks.con)
\psunit=\dimen272
\psxunit=\dimen273
\psyunit=\dimen274
\pst@C@@rType=\count172
\pslinewidth=\dimen275
\psk@startLW=\dimen276
\psk@endLW=\dimen277
\pst@customdefs=\toks43
\pslinearc=\dimen278
\pst@symbolStep=\dimen279
\pst@symbolWidth=\dimen280
\pst@symbolLinewidth=\dimen281
\everypsbox=\toks44
\psframesep=\dimen282
\pslabelsep=\dimen283
\sh@wgridXunit=\dimen284
\sh@wgridYunit=\dimen285
\pst@shift=\dimen286
)
File: pstricks.tex 2015/14/11 v2.64b `PSTricks' (tvz,hv)

(/usr/share/texlive/texmf-dist/tex/generic/pstricks/pst-fp.tex)
File: pst-fp.tex 2015/14/11 v2.64b `PST-fp' (hv)
)
(/usr/share/texlive/texmf-dist/tex/latex/subfigure/subfigure.sty
Package: subfigure 2002/03/15 v2.1.5 subfigure package
\subfigtopskip=\skip62
\subfigcapskip=\skip63
\subfigcaptopadj=\dimen287
\subfigbottomskip=\skip64
\subfigcapmargin=\dimen288
\subfiglabelskip=\skip65
\c@subfigure=\count173
\c@lofdepth=\count174
\c@subtable=\count175
\c@lotdepth=\count176

****************************************
* Local config file subfigure.cfg used *
****************************************
(/usr/share/texlive/texmf-dist/tex/latex/subfigure/subfigure.cfg)
\subfig@top=\skip66
\subfig@bottom=\skip67
)
(/usr/share/texlive/texmf-dist/tex/latex/caption/subcaption.sty
Package: subcaption 2016/02/20 v1.1-142 Sub-captions (AR)

(/usr/share/texlive/texmf-dist/tex/latex/caption/caption.sty
Package: caption 2016/02/21 v3.3-144 Customizing captions (AR)

(/usr/share/texlive/texmf-dist/tex/latex/caption/caption3.sty
Package: caption3 2016/02/04 v1.7-139 caption3 kernel (AR)
Package caption3 Info: TeX engine: e-TeX on input line 67.
\captionmargin=\dimen289
\captionmargin@=\dimen290
\captionwidth=\dimen291
\caption@tempdima=\dimen292
\caption@indent=\dimen293
\caption@parindent=\dimen294
\caption@hangindent=\dimen295
Package caption Info: Unknown document class (or package),
(caption)             standard defaults will be used.
)

Package caption Warning: Unsupported document class (or package) detected,
(caption)                usage of the caption package is not recommended.
See the caption package documentation for explanation.

Package caption Info: \@makecaption = \long macro:#1#2->\vskip \abovecaptionski
p \sbox \@tempboxa {#1: #2}\ifdim \wd \@tempboxa > 0.8\hsize \leftskip = 0.1\hs
ize \rightskip = 0.1\hsize #1: #2\par \else \global \@minipagefalse \hb@xt@ \hs
ize {\hfil \box \@tempboxa \hfil }\fi \vskip \belowcaptionskip .
\c@ContinuedFloat=\count177
Package caption Info: hyperref package is loaded.
Package caption Info: subfigure package is loaded.
Package caption Info: supertabular package is loaded.
)

! Package subcaption Error: This package can't be used in cooperation
(subcaption)                with the subfigure package.

See the subcaption package documentation for explanation.
Type  H <return>  for immediate help.
 ...                                              
                                                  
l.54   \endinput}{}
                   %
RTFM

) (/usr/share/texlive/texmf-dist/tex/latex/cleveref/cleveref.sty
Package: cleveref 2013/12/28 v0.19 Intelligent cross-referencing
Package cleveref Info: `hyperref' support loaded on input line 2230.
LaTeX Info: Redefining \cref on input line 2230.
LaTeX Info: Redefining \Cref on input line 2230.
LaTeX Info: Redefining \crefrange on input line 2230.
LaTeX Info: Redefining \Crefrange on input line 2230.
LaTeX Info: Redefining \cpageref on input line 2230.
LaTeX Info: Redefining \Cpageref on input line 2230.
LaTeX Info: Redefining \cpagerefrange on input line 2230.
LaTeX Info: Redefining \Cpagerefrange on input line 2230.
LaTeX Info: Redefining \labelcref on input line 2230.
LaTeX Info: Redefining \labelcpageref on input line 2230.
)
(/usr/share/texlive/texmf-dist/tex/latex/multirow/multirow.sty
\bigstrutjot=\dimen296
)
(/usr/share/texlive/texmf-dist/tex/latex/tools/longtable.sty
Package: longtable 2014/10/28 v4.11 Multi-page Table package (DPC)
\LTleft=\skip68
\LTright=\skip69
\LTpre=\skip70
\LTpost=\skip71
\LTchunksize=\count178
\LTcapwidth=\dimen297
\LT@head=\box69
\LT@firsthead=\box70
\LT@foot=\box71
\LT@lastfoot=\box72
\LT@cols=\count179
\LT@rows=\count180
\c@LT@tables=\count181
\c@LT@chunks=\count182
\LT@p@ftn=\toks45
)
(/usr/share/texlive/texmf-dist/tex/latex/titlesec/titlesec.sty
Package: titlesec 2016/03/21 v2.10.2 Sectioning titles
\ttl@box=\box73
\beforetitleunit=\skip72
\aftertitleunit=\skip73
\ttl@plus=\dimen298
\ttl@minus=\dimen299
\ttl@toksa=\toks46
\titlewidth=\dimen300
\titlewidthlast=\dimen301
\titlewidthfirst=\dimen302
)
(./subsubsubsection.tex
\c@subsubsubsection=\count183
) (./20170323_thesis_methods.aux (./methods.aux)
(./methods_dev.aux) (./appendices.aux))
\openout1 = `20170323_thesis_methods.aux'.

LaTeX Font Info:    Checking defaults for OML/cmm/m/it on input line 97.
LaTeX Font Info:    ... okay on input line 97.
LaTeX Font Info:    Checking defaults for T1/cmr/m/n on input line 97.
LaTeX Font Info:    ... okay on input line 97.
LaTeX Font Info:    Checking defaults for OT1/cmr/m/n on input line 97.
LaTeX Font Info:    ... okay on input line 97.
LaTeX Font Info:    Checking defaults for OMS/cmsy/m/n on input line 97.
LaTeX Font Info:    ... okay on input line 97.
LaTeX Font Info:    Checking defaults for OMX/cmex/m/n on input line 97.
LaTeX Font Info:    ... okay on input line 97.
LaTeX Font Info:    Checking defaults for U/cmr/m/n on input line 97.
LaTeX Font Info:    ... okay on input line 97.
LaTeX Font Info:    Checking defaults for PD1/pdf/m/n on input line 97.
LaTeX Font Info:    ... okay on input line 97.
LaTeX Font Info:    Checking defaults for TS1/cmr/m/n on input line 97.
LaTeX Font Info:    Try loading font information for TS1+cmr on input line 97.

(/usr/share/texlive/texmf-dist/tex/latex/base/ts1cmr.fd
File: ts1cmr.fd 2014/09/29 v2.5h Standard LaTeX font definitions
)
LaTeX Font Info:    ... okay on input line 97.

(/usr/share/texlive/texmf-dist/tex/context/base/supp-pdf.mkii
[Loading MPS to PDF converter (version 2006.09.02).]
\scratchcounter=\count184
\scratchdimen=\dimen303
\scratchbox=\box74
\nofMPsegments=\count185
\nofMParguments=\count186
\everyMPshowfont=\toks47
\MPscratchCnt=\count187
\MPscratchDim=\dimen304
\MPnumerator=\count188
\makeMPintoPDFobject=\count189
\everyMPtoPDFconversion=\toks48
) (/usr/share/texlive/texmf-dist/tex/latex/oberdiek/epstopdf-base.sty
Package: epstopdf-base 2010/02/09 v2.5 Base part for package epstopdf

(/usr/share/texlive/texmf-dist/tex/latex/oberdiek/grfext.sty
Package: grfext 2010/08/19 v1.1 Manage graphics extensions (HO)
)
Package grfext Info: Graphics extension search list:
(grfext)             [.png,.pdf,.jpg,.mps,.jpeg,.jbig2,.jb2,.PNG,.PDF,.JPG,.JPE
G,.JBIG2,.JB2,.eps]
(grfext)             \AppendGraphicsExtensions on input line 452.

(/usr/share/texlive/texmf-dist/tex/latex/latexconfig/epstopdf-sys.cfg
File: epstopdf-sys.cfg 2010/07/13 v1.3 Configuration of (r)epstopdf for TeX Liv
e
))
\AtBeginShipoutBox=\box75
Package hyperref Info: Link coloring OFF on input line 97.

(/usr/share/texlive/texmf-dist/tex/latex/hyperref/nameref.sty
Package: nameref 2012/10/27 v2.43 Cross-referencing by name of section

(/usr/share/texlive/texmf-dist/tex/generic/oberdiek/gettitlestring.sty
Package: gettitlestring 2010/12/03 v1.4 Cleanup title references (HO)
)
\c@section@level=\count190
)
LaTeX Info: Redefining \ref on input line 97.
LaTeX Info: Redefining \pageref on input line 97.
LaTeX Info: Redefining \nameref on input line 97.

(./20170323_thesis_methods.out) (./20170323_thesis_methods.out)
\@outlinefile=\write4
\openout4 = `20170323_thesis_methods.out'.


ABD: EveryShipout initializing macros
Package caption Info: Begin \AtBeginDocument code.
Package caption Info: longtable package is loaded.

(/usr/share/texlive/texmf-dist/tex/latex/caption/ltcaption.sty
Package: ltcaption 2013/06/09 v1.4-94 longtable captions (AR)
)
Package caption Info: End \AtBeginDocument code.

(./20170323_thesis_methods.toc [1
Non-PDF special ignored!
Non-PDF special ignored!
Non-PDF special ignored!
Non-PDF special ignored!


Non-PDF special ignored!
Non-PDF special ignored!
Non-PDF special ignored!

{/var/lib/texmf/fonts/map/pdftex/updmap/pdftex.map}])
\tf@toc=\write5
\openout5 = `20170323_thesis_methods.toc'.


[2] (./20170323_thesis_methods.lof)
\tf@lof=\write6
\openout6 = `20170323_thesis_methods.lof'.

 [3

] (./20170323_thesis_methods.lot)
\tf@lot=\write7
\openout7 = `20170323_thesis_methods.lot'.


[4

]
\openout2 = `methods.aux'.

 (./methods.tex
Chapter 2.
[5


] [6] <fig2a.png, id=402, 602.25pt x 602.25pt>
File: fig2a.png Graphic file (type png)
 <use fig2a.png>
Package pdftex.def Info: fig2a.png used on input line 38.
(pdftex.def)             Requested size: 176.40439pt x 176.40323pt.

<fig2b.png, id=403, 602.25pt x 602.25pt>
File: fig2b.png Graphic file (type png)
 <use fig2b.png>
Package pdftex.def Info: fig2b.png used on input line 42.
(pdftex.def)             Requested size: 176.40439pt x 176.40323pt.

<fig3a.png, id=404, 602.25pt x 602.25pt>
File: fig3a.png Graphic file (type png)
 <use fig3a.png>
Package pdftex.def Info: fig3a.png used on input line 57.
(pdftex.def)             Requested size: 176.40439pt x 176.40323pt.

<fig3b.png, id=405, 602.25pt x 602.25pt>
File: fig3b.png Graphic file (type png)
 <use fig3b.png>
Package pdftex.def Info: fig3b.png used on input line 61.
(pdftex.def)             Requested size: 176.40439pt x 176.40323pt.
 [7] [8 <./fig2a.png> <./fig2b.png> <./fig3a.png> <./fig3b.png>] [9]
Overfull \hbox (9.58594pt too wide) in paragraph at lines 107--108
\OT1/cmr/m/n/12 Various statisi-cal, com-pu-ta-tional, and bioin-for-mat-ics te
ch-niques were per-formed through-
 []

[10] [11] [12] [13] [14] [15] [16] [17] [18] [19] [20] [21]) [22]
\openout2 = `methods_dev.aux'.


(./methods_dev.tex
Chapter 3.
[23



] (./SL_Method.pdf_tex <SL_Method.pdf, id=682, 518.34277pt x 199.68352pt>
File: SL_Method.pdf Graphic file (type pdf)

<use SL_Method.pdf>
Package pdftex.def Info: SL_Method.pdf used on input line 52.
(pdftex.def)             Requested size: 518.34277pt x 199.69215pt.
) [24 <./SL_Method.pdf>] (./SL_Method_mtSL.pdf_tex
<SL_Method_mtSL.pdf, id=691, 518.46199pt x 199.68126pt>
File: SL_Method_mtSL.pdf Graphic file (type pdf)

<use SL_Method_mtSL.pdf>
Package pdftex.def Info: SL_Method_mtSL.pdf used on input line 52.
(pdftex.def)             Requested size: 518.46196pt x 199.68991pt.
) [25 <./SL_Method_mtSL.pdf>] [26]
<"SL_Model".pdf, id=707, 602.25pt x 602.25pt>
File: "SL_Model".pdf Graphic file (type pdf)
 <use "SL_Model".pdf>
Package pdftex.def Info: "SL_Model".pdf used on input line 82.
(pdftex.def)             Requested size: 602.24852pt x 602.24852pt.

<"SL_Model_Higher".pdf, id=708, 642.4pt x 642.4pt>
File: "SL_Model_Higher".pdf Graphic file (type pdf)
 <use "SL_Model_Higher".pdf>
Package pdftex.def Info: "SL_Model_Higher".pdf used on input line 99.
(pdftex.def)             Requested size: 642.39844pt x 642.39844pt.

[27]

LaTeX Warning: Text page 28 contains only floats.


Overfull \vbox (5.68565pt too high) has occurred while \output is active []


[28 <./SL_Model.pdf>]

LaTeX Warning: Text page 29 contains only floats.

[29 <./SL_Model_Higher.pdf>]
<"SL_Model_Expression".pdf, id=921, 481.8pt x 240.9pt>
File: "SL_Model_Expression".pdf Graphic file (type pdf)

<use "SL_Model_Expression".pdf>
Package pdftex.def Info: "SL_Model_Expression".pdf used on input line 115.
(pdftex.def)             Requested size: 481.79881pt x 240.8994pt.
 [30 <./SL_Model_Expression.pdf>]
<"/home/tomkelly/Documents/PhD Otago Uni/SL_Model/graph_sim_method/expr_mat".pn
g, id=957, 803.0pt x 803.0pt>
File: "/home/tomkelly/Documents/PhD Otago Uni/SL_Model/graph_sim_method/expr_ma
t".png Graphic file (type png)

<use "/home/tomkelly/Documents/PhD Otago Uni/SL_Model/graph_sim_method/expr_mat
".png>
Package pdftex.def Info: "/home/tomkelly/Documents/PhD Otago Uni/SL_Model/graph
_sim_method/expr_mat".png used on input line 140.
(pdftex.def)             Requested size: 220.50885pt x 220.50098pt.

<"/home/tomkelly/Documents/PhD Otago Uni/SL_Model/graph_sim_method/expr_disc_ma
t".png, id=958, 803.0pt x 803.0pt>
File: "/home/tomkelly/Documents/PhD Otago Uni/SL_Model/graph_sim_method/expr_di
sc_mat".png Graphic file (type png)

<use "/home/tomkelly/Documents/PhD Otago Uni/SL_Model/graph_sim_method/expr_dis
c_mat".png>
Package pdftex.def Info: "/home/tomkelly/Documents/PhD Otago Uni/SL_Model/graph
_sim_method/expr_disc_mat".png used on input line 145.
(pdftex.def)             Requested size: 220.50885pt x 220.50098pt.

Overfull \hbox (15.66649pt too wide) in paragraph at lines 140--147
 [][][] 
 []

[31 </home/tomkelly/Documents/PhD Otago Uni/SL_Model/graph_sim_method/expr_mat.
png (PNG copy)> </home/tomkelly/Documents/PhD Otago Uni/SL_Model/graph_sim_meth
od/expr_disc_mat.png (PNG copy)>]
<"/home/tomkelly/Documents/PhD Otago Uni/SL_Model/graph_sim_method/expr_SL_disc
_mat".png, id=967, 803.0pt x 803.0pt>
File: "/home/tomkelly/Documents/PhD Otago Uni/SL_Model/graph_sim_method/expr_SL
_disc_mat".png Graphic file (type png)

<use "/home/tomkelly/Documents/PhD Otago Uni/SL_Model/graph_sim_method/expr_SL_
disc_mat".png>
Package pdftex.def Info: "/home/tomkelly/Documents/PhD Otago Uni/SL_Model/graph
_sim_method/expr_SL_disc_mat".png used on input line 163.
(pdftex.def)             Requested size: 220.50885pt x 238.72096pt.

<"/home/tomkelly/Documents/PhD Otago Uni/SL_Model/graph_sim_method/expr_disc_qu
ery_mat_graph".png, id=969, 803.0pt x 803.0pt>
File: "/home/tomkelly/Documents/PhD Otago Uni/SL_Model/graph_sim_method/expr_di
sc_query_mat_graph".png Graphic file (type png)

<use "/home/tomkelly/Documents/PhD Otago Uni/SL_Model/graph_sim_method/expr_dis
c_query_mat_graph".png>
Package pdftex.def Info: "/home/tomkelly/Documents/PhD Otago Uni/SL_Model/graph
_sim_method/expr_disc_query_mat_graph".png used on input line 168.
(pdftex.def)             Requested size: 220.50885pt x 238.72096pt.

Overfull \hbox (15.66649pt too wide) in paragraph at lines 163--170
 [][][] 
 []

[32 </home/tomkelly/Documents/PhD Otago Uni/SL_Model/graph_sim_method/expr_SL_d
isc_mat.png> </home/tomkelly/Documents/PhD Otago Uni/SL_Model/graph_sim_method/
expr_disc_query_mat_graph.png (PNG copy)>]
File: "/home/tomkelly/Documents/PhD Otago Uni/SL_Model/graph_sim_method/expr_ma
t".png Graphic file (type png)

<use "/home/tomkelly/Documents/PhD Otago Uni/SL_Model/graph_sim_method/expr_mat
".png>
Package pdftex.def Info: "/home/tomkelly/Documents/PhD Otago Uni/SL_Model/graph
_sim_method/expr_mat".png used on input line 187.
(pdftex.def)             Requested size: 220.50885pt x 220.50098pt.

<"/home/tomkelly/Documents/PhD Otago Uni/SL_Model/graph_sim_method/expr_query_m
at_graph".png, id=981, 803.0pt x 803.0pt>
File: "/home/tomkelly/Documents/PhD Otago Uni/SL_Model/graph_sim_method/expr_qu
ery_mat_graph".png Graphic file (type png)

<use "/home/tomkelly/Documents/PhD Otago Uni/SL_Model/graph_sim_method/expr_que
ry_mat_graph".png>
Package pdftex.def Info: "/home/tomkelly/Documents/PhD Otago Uni/SL_Model/graph
_sim_method/expr_query_mat_graph".png used on input line 192.
(pdftex.def)             Requested size: 220.50885pt x 220.50098pt.

Overfull \hbox (15.66649pt too wide) in paragraph at lines 187--194
 [][][] 
 []

[33 </home/tomkelly/Documents/PhD Otago Uni/SL_Model/graph_sim_method/expr_quer
y_mat_graph.png (PNG copy)>] [34]
<"/home/tomkelly/Documents/PhD Otago Uni/SL_Model/graph_sim_method/simple_graph
".png, id=993, 803.0pt x 803.0pt>
File: "/home/tomkelly/Documents/PhD Otago Uni/SL_Model/graph_sim_method/simple_
graph".png Graphic file (type png)

<use "/home/tomkelly/Documents/PhD Otago Uni/SL_Model/graph_sim_method/simple_g
raph".png>
Package pdftex.def Info: "/home/tomkelly/Documents/PhD Otago Uni/SL_Model/graph
_sim_method/simple_graph".png used on input line 243.
(pdftex.def)             Requested size: 220.50885pt x 220.50098pt.

<"/home/tomkelly/Documents/PhD Otago Uni/SL_Model/graph_sim_method/simple_graph
_inhibiting".png, id=994, 803.0pt x 803.0pt>
File: "/home/tomkelly/Documents/PhD Otago Uni/SL_Model/graph_sim_method/simple_
graph_inhibiting".png Graphic file (type png)

<use "/home/tomkelly/Documents/PhD Otago Uni/SL_Model/graph_sim_method/simple_g
raph_inhibiting".png>
Package pdftex.def Info: "/home/tomkelly/Documents/PhD Otago Uni/SL_Model/graph
_sim_method/simple_graph_inhibiting".png used on input line 247.
(pdftex.def)             Requested size: 220.50885pt x 220.50098pt.

Overfull \hbox (15.66649pt too wide) in paragraph at lines 243--249
 [][][] 
 []

File: "/home/tomkelly/Documents/PhD Otago Uni/SL_Model/graph_sim_method/simple_
graph".png Graphic file (type png)

<use "/home/tomkelly/Documents/PhD Otago Uni/SL_Model/graph_sim_method/simple_g
raph".png>
Package pdftex.def Info: "/home/tomkelly/Documents/PhD Otago Uni/SL_Model/graph
_sim_method/simple_graph".png used on input line 264.
(pdftex.def)             Requested size: 154.35889pt x 154.36049pt.

<"/home/tomkelly/Documents/PhD Otago Uni/SL_Model/graph_sim_method/dist_mat".pn
g, id=997, 803.0pt x 803.0pt>
File: "/home/tomkelly/Documents/PhD Otago Uni/SL_Model/graph_sim_method/dist_ma
t".png Graphic file (type png)

<use "/home/tomkelly/Documents/PhD Otago Uni/SL_Model/graph_sim_method/dist_mat
".png>
Package pdftex.def Info: "/home/tomkelly/Documents/PhD Otago Uni/SL_Model/graph
_sim_method/dist_mat".png used on input line 268.
(pdftex.def)             Requested size: 154.35889pt x 154.36049pt.

<"/home/tomkelly/Documents/PhD Otago Uni/SL_Model/graph_sim_method/sigma_mat".p
ng, id=998, 803.0pt x 803.0pt>
File: "/home/tomkelly/Documents/PhD Otago Uni/SL_Model/graph_sim_method/sigma_m
at".png Graphic file (type png)

<use "/home/tomkelly/Documents/PhD Otago Uni/SL_Model/graph_sim_method/sigma_ma
t".png>
Package pdftex.def Info: "/home/tomkelly/Documents/PhD Otago Uni/SL_Model/graph
_sim_method/sigma_mat".png used on input line 273.
(pdftex.def)             Requested size: 154.35889pt x 154.36049pt.
File: "/home/tomkelly/Documents/PhD Otago Uni/SL_Model/graph_sim_method/expr_ma
t".png Graphic file (type png)

<use "/home/tomkelly/Documents/PhD Otago Uni/SL_Model/graph_sim_method/expr_mat
".png>
Package pdftex.def Info: "/home/tomkelly/Documents/PhD Otago Uni/SL_Model/graph
_sim_method/expr_mat".png used on input line 277.
(pdftex.def)             Requested size: 154.35889pt x 154.36049pt.

<"/home/tomkelly/Documents/PhD Otago Uni/SL_Model/graph_sim_method/expr_cor_mat
".png, id=999, 803.0pt x 803.0pt>
File: "/home/tomkelly/Documents/PhD Otago Uni/SL_Model/graph_sim_method/expr_co
r_mat".png Graphic file (type png)

<use "/home/tomkelly/Documents/PhD Otago Uni/SL_Model/graph_sim_method/expr_cor
_mat".png>
Package pdftex.def Info: "/home/tomkelly/Documents/PhD Otago Uni/SL_Model/graph
_sim_method/expr_cor_mat".png used on input line 282.
(pdftex.def)             Requested size: 154.35889pt x 154.36049pt.
File: "/home/tomkelly/Documents/PhD Otago Uni/SL_Model/graph_sim_method/expr_di
sc_mat".png Graphic file (type png)

<use "/home/tomkelly/Documents/PhD Otago Uni/SL_Model/graph_sim_method/expr_dis
c_mat".png>
Package pdftex.def Info: "/home/tomkelly/Documents/PhD Otago Uni/SL_Model/graph
_sim_method/expr_disc_mat".png used on input line 286.
(pdftex.def)             Requested size: 154.35889pt x 154.36049pt.
 [35 </home/tomkelly/Documents/PhD Otago Uni/SL_Model/graph_sim_method/simple_g
raph.png (PNG copy)> </home/tomkelly/Documents/PhD Otago Uni/SL_Model/graph_sim
_method/simple_graph_inhibiting.png (PNG copy)>]
File: "/home/tomkelly/Documents/PhD Otago Uni/SL_Model/graph_sim_method/simple_
graph_inhibiting".png Graphic file (type png)

<use "/home/tomkelly/Documents/PhD Otago Uni/SL_Model/graph_sim_method/simple_g
raph_inhibiting".png>
Package pdftex.def Info: "/home/tomkelly/Documents/PhD Otago Uni/SL_Model/graph
_sim_method/simple_graph_inhibiting".png used on input line 304.
(pdftex.def)             Requested size: 154.35889pt x 154.36049pt.
File: "/home/tomkelly/Documents/PhD Otago Uni/SL_Model/graph_sim_method/dist_ma
t".png Graphic file (type png)

<use "/home/tomkelly/Documents/PhD Otago Uni/SL_Model/graph_sim_method/dist_mat
".png>
Package pdftex.def Info: "/home/tomkelly/Documents/PhD Otago Uni/SL_Model/graph
_sim_method/dist_mat".png used on input line 308.
(pdftex.def)             Requested size: 154.35889pt x 154.36049pt.

<"/home/tomkelly/Documents/PhD Otago Uni/SL_Model/graph_sim_method/sigma_mat_in
hibiting".png, id=1016, 803.0pt x 803.0pt>
File: "/home/tomkelly/Documents/PhD Otago Uni/SL_Model/graph_sim_method/sigma_m
at_inhibiting".png Graphic file (type png)

<use "/home/tomkelly/Documents/PhD Otago Uni/SL_Model/graph_sim_method/sigma_ma
t_inhibiting".png>
Package pdftex.def Info: "/home/tomkelly/Documents/PhD Otago Uni/SL_Model/graph
_sim_method/sigma_mat_inhibiting".png used on input line 313.
(pdftex.def)             Requested size: 154.35889pt x 154.36049pt.

<"/home/tomkelly/Documents/PhD Otago Uni/SL_Model/graph_sim_method/expr_mat_inh
ibiting".png, id=1017, 803.0pt x 803.0pt>
File: "/home/tomkelly/Documents/PhD Otago Uni/SL_Model/graph_sim_method/expr_ma
t_inhibiting".png Graphic file (type png)

<use "/home/tomkelly/Documents/PhD Otago Uni/SL_Model/graph_sim_method/expr_mat
_inhibiting".png>
Package pdftex.def Info: "/home/tomkelly/Documents/PhD Otago Uni/SL_Model/graph
_sim_method/expr_mat_inhibiting".png used on input line 317.
(pdftex.def)             Requested size: 154.35889pt x 154.36049pt.

<"/home/tomkelly/Documents/PhD Otago Uni/SL_Model/graph_sim_method/expr_cor_mat
_inhibiting".png, id=1018, 803.0pt x 803.0pt>
File: "/home/tomkelly/Documents/PhD Otago Uni/SL_Model/graph_sim_method/expr_co
r_mat_inhibiting".png Graphic file (type png)

<use "/home/tomkelly/Documents/PhD Otago Uni/SL_Model/graph_sim_method/expr_cor
_mat_inhibiting".png>
Package pdftex.def Info: "/home/tomkelly/Documents/PhD Otago Uni/SL_Model/graph
_sim_method/expr_cor_mat_inhibiting".png used on input line 322.
(pdftex.def)             Requested size: 154.35889pt x 154.36049pt.

<"/home/tomkelly/Documents/PhD Otago Uni/SL_Model/graph_sim_method/expr_inhib_d
isc_mat".png, id=1019, 803.0pt x 803.0pt>
File: "/home/tomkelly/Documents/PhD Otago Uni/SL_Model/graph_sim_method/expr_in
hib_disc_mat".png Graphic file (type png)

<use "/home/tomkelly/Documents/PhD Otago Uni/SL_Model/graph_sim_method/expr_inh
ib_disc_mat".png>
Package pdftex.def Info: "/home/tomkelly/Documents/PhD Otago Uni/SL_Model/graph
_sim_method/expr_inhib_disc_mat".png used on input line 326.
(pdftex.def)             Requested size: 154.35889pt x 154.36049pt.
 [36]) [37] [38 </home/tomkelly/Documents/PhD Otago Uni/SL_Model/graph_sim_meth
od/dist_mat.png (PNG copy)> </home/tomkelly/Documents/PhD Otago Uni/SL_Model/gr
aph_sim_method/sigma_mat.png (PNG copy)> </home/tomkelly/Documents/PhD Otago Un
i/SL_Model/graph_sim_method/expr_cor_mat.png (PNG copy)>]
[39 </home/tomkelly/Documents/PhD Otago Uni/SL_Model/graph_sim_method/sigma_mat
_inhibiting.png (PNG copy)> </home/tomkelly/Documents/PhD Otago Uni/SL_Model/gr
aph_sim_method/expr_mat_inhibiting.png (PNG copy)> </home/tomkelly/Documents/Ph
D Otago Uni/SL_Model/graph_sim_method/expr_cor_mat_inhibiting.png (PNG copy)> <
/home/tomkelly/Documents/PhD Otago Uni/SL_Model/graph_sim_method/expr_inhib_dis
c_mat.png (PNG copy)>] (./20170323_thesis_methods.bbl
Missing character: There is no  in font cmti12!
Missing character: There is no  in font cmti12!
 [40



]
Missing character: There is no  in font cmr12!
Missing character: There is no  in font cmr12!
Missing character: There is no  in font cmr12!
LaTeX Font Info:    Try loading font information for OMS+cmr on input line 114.


(/usr/share/texlive/texmf-dist/tex/latex/base/omscmr.fd
File: omscmr.fd 2014/09/29 v2.5h Standard LaTeX font definitions
)
LaTeX Font Info:    Font shape `OMS/cmr/m/n' in size <12> not available
(Font)              Font shape `OMS/cmsy/m/n' tried instead on input line 114.
 [41] [42] [43]
Missing character: There is no  in font cmr12!
Missing character: There is no  in font cmr12!
Missing character: There is no  in font cmr12!
)
[44]
\openout2 = `appendices.aux'.

 (./appendices.tex
Appendix A.
<Raw(log)_Corr_eudist_Cut_part_Pub.png, id=1089, 752.8125pt x 752.8125pt>
File: Raw(log)_Corr_eudist_Cut_part_Pub.png Graphic file (type png)

<use Raw(log)_Corr_eudist_Cut_part_Pub.png>
Package pdftex.def Info: Raw(log)_Corr_eudist_Cut_part_Pub.png used on input li
ne 23.
(pdftex.def)             Requested size: 752.81065pt x 752.81065pt.

<Raw(log)_Corr_eudist_Ann_Pub.png, id=1092, 1606.0pt x 1606.0pt>
File: Raw(log)_Corr_eudist_Ann_Pub.png Graphic file (type png)

<use Raw(log)_Corr_eudist_Ann_Pub.png>
Package pdftex.def Info: Raw(log)_Corr_eudist_Ann_Pub.png used on input line 33
.
(pdftex.def)             Requested size: 1605.99611pt x 1605.99611pt.
 [45


 <./Raw(log)_Corr_eudist_Cut_part_Pub.png>] [46 <./Raw(log)_Corr_eudist_Ann_Pub
.png>]
Appendix B.
[47

] [48] [49] [50] [51] [52] [53] [54]) [55]
Package atveryend Info: Empty hook `BeforeClearDocument' on input line 138.
Package atveryend Info: Empty hook `AfterLastShipout' on input line 138.
 (./20170323_thesis_methods.aux
(./methods.aux) (./methods_dev.aux) (./appendices.aux))
Package atveryend Info: Executing hook `AtVeryEndDocument' on input line 138.
Package atveryend Info: Executing hook `AtEndAfterFileList' on input line 138.
Package rerunfilecheck Info: File `20170323_thesis_methods.out' has not changed
.
(rerunfilecheck)             Checksum: 36AA3F14DD8D789871C4457B7B6A0051;4193.
 ) 
Here is how much of TeX's memory you used:
 22978 strings out of 494497
 423048 string characters out of 6172400
 559295 words of memory out of 5000000
 25747 multiletter control sequences out of 15000+600000
 11092 words of font info for 41 fonts, out of 8000000 for 9000
 264 hyphenation exceptions out of 8191
 59i,19n,94p,1850b,511s stack positions out of 5000i,500n,10000p,200000b,80000s
</usr/share/texlive/texmf-dist/fonts/type1/public/amsfonts/cm/cmbx12.pfb></us
r/share/texlive/texmf-dist/fonts/type1/public/amsfonts/cm/cmex10.pfb></usr/shar
e/texlive/texmf-dist/fonts/type1/public/amsfonts/cm/cmmi12.pfb></usr/share/texl
ive/texmf-dist/fonts/type1/public/amsfonts/cm/cmmi8.pfb></usr/share/texlive/tex
mf-dist/fonts/type1/public/amsfonts/cm/cmr10.pfb></usr/share/texlive/texmf-dist
/fonts/type1/public/amsfonts/cm/cmr12.pfb></usr/share/texlive/texmf-dist/fonts/
type1/public/amsfonts/cm/cmr8.pfb></usr/share/texlive/texmf-dist/fonts/type1/pu
blic/amsfonts/cm/cmsy10.pfb></usr/share/texlive/texmf-dist/fonts/type1/public/a
msfonts/cm/cmsy8.pfb></usr/share/texlive/texmf-dist/fonts/type1/public/amsfonts
/cm/cmti12.pfb></usr/share/texlive/texmf-dist/fonts/type1/public/amsfonts/cm/cm
tt12.pfb>
Output written on 20170323_thesis_methods.pdf (55 pages, 1581019 bytes).
PDF statistics:
 1223 PDF objects out of 1440 (max. 8388607)
 1026 compressed objects within 11 object streams
 205 named destinations out of 1000 (max. 500000)
 546 words of extra memory for PDF output out of 10000 (max. 10000000)

