\BOOKMARK [0][-]{section*.4}{Glossary}{}% 1
\BOOKMARK [0][-]{section*.6}{Acronyms}{}% 2
\BOOKMARK [0][-]{chapter*.7}{References}{}% 188
\BOOKMARK [0][-]{appendix.A}{Sample Quality}{}% 189
\BOOKMARK [1][-]{section.A.1}{Sample Correlation}{appendix.A}% 190
\BOOKMARK [1][-]{section.A.2}{Replicate Samples in TCGA Breast}{appendix.A}% 191
\BOOKMARK [0][-]{appendix.B}{Software Used for Thesis}{}% 192
\BOOKMARK [0][-]{appendix.C}{Secondary Screen Data}{}% 193
\BOOKMARK [0][-]{appendix.D}{Mutation Analysis in Breast Cancer}{}% 194
\BOOKMARK [1][-]{section.D.1}{Synthetic Lethal Genes and Pathways}{appendix.D}% 195
\BOOKMARK [1][-]{section.D.2}{Synthetic Lethal Expression Profiles}{appendix.D}% 196
\BOOKMARK [1][-]{section.D.3}{Comparison to Primary Screen}{appendix.D}% 197
\BOOKMARK [2][-]{subsection.D.3.1}{Resampling Analysis}{section.D.3}% 198
\BOOKMARK [1][-]{section.D.4}{Compare SLIPT genes}{appendix.D}% 199
\BOOKMARK [1][-]{section.D.5}{Metagene Analysis}{appendix.D}% 200
\BOOKMARK [1][-]{section.D.6}{Mutation Variation}{appendix.D}% 201
\BOOKMARK [2][-]{subsection.D.6.1}{Mutation Frequency}{section.D.6}% 202
\BOOKMARK [2][-]{subsection.D.6.2}{PI3K Mutation Expression}{section.D.6}% 203
\BOOKMARK [0][-]{appendix.E}{Metagene Expression Profiles}{}% 204
\BOOKMARK [0][-]{appendix.F}{Stomach Expression Analysis}{}% 205
\BOOKMARK [1][-]{section.F.1}{Synthetic Lethal Genes and Pathways}{appendix.F}% 206
\BOOKMARK [1][-]{section.F.2}{Comparison to Primary Screen}{appendix.F}% 207
\BOOKMARK [2][-]{subsection.F.2.1}{Resampling Analysis}{section.F.2}% 208
\BOOKMARK [1][-]{section.F.3}{Metagene Analysis}{appendix.F}% 209
\BOOKMARK [0][-]{appendix.G}{Stomach Mutation Analysis}{}% 210
\BOOKMARK [1][-]{section.G.1}{Synthetic Lethal Genes and Pathways}{appendix.G}% 211
\BOOKMARK [1][-]{section.G.2}{Synthetic Lethal Expression Profiles}{appendix.G}% 212
\BOOKMARK [1][-]{section.G.3}{Comparison to Primary Screen}{appendix.G}% 213
\BOOKMARK [2][-]{subsection.G.3.1}{Resampling Analysis}{section.G.3}% 214
\BOOKMARK [1][-]{section.G.4}{Metagene Analysis}{appendix.G}% 215
\BOOKMARK [0][-]{appendix.H}{Global Synthetic Lethality in Stomach Cancer}{}% 216
\BOOKMARK [1][-]{section.H.1}{Hub Genes}{appendix.H}% 217
\BOOKMARK [1][-]{section.H.2}{Hub Pathways}{appendix.H}% 218
\BOOKMARK [0][-]{appendix.I}{Replication in cell line encyclopaedia}{}% 219
\BOOKMARK [0][-]{appendix.J}{Synthetic Lethal Genes in Pathways}{}% 220
\BOOKMARK [0][-]{appendix.K}{Pathway Connectivity for Mutation SLIPT}{}% 221
\BOOKMARK [0][-]{appendix.L}{Information Centrality for Gene Essentiality}{}% 222
\BOOKMARK [0][-]{appendix.M}{Pathway Structure for Mutation SLIPT}{}% 223
