This is pdfTeX, Version 3.1415926-2.5-1.40.14 (TeX Live 2013/Debian) (format=pdflatex 2016.10.4)  16 MAR 2017 18:59
entering extended mode
 restricted \write18 enabled.
 %&-line parsing enabled.
**20170316_thesis_methods.tex
(./20170316_thesis_methods.tex
LaTeX2e <2011/06/27>
Babel <3.9h> and hyphenation patterns for 4 languages loaded.
(/usr/share/texlive/texmf-dist/tex/latex/base/report.cls
Document Class: report 2007/10/19 v1.4h Standard LaTeX document class
(/usr/share/texlive/texmf-dist/tex/latex/base/size12.clo
File: size12.clo 2007/10/19 v1.4h Standard LaTeX file (size option)
)
\c@part=\count79
\c@chapter=\count80
\c@section=\count81
\c@subsection=\count82
\c@subsubsection=\count83
\c@paragraph=\count84
\c@subparagraph=\count85
\c@figure=\count86
\c@table=\count87
\abovecaptionskip=\skip41
\belowcaptionskip=\skip42
\bibindent=\dimen102
) (./otagothesis.sty
Package: otagothesis 1998/02/03 v0.99 Otago's A4 based page layout
)
(/usr/share/texlive/texmf-dist/tex/latex/natbib/natbib.sty
Package: natbib 2010/09/13 8.31b (PWD, AO)
\bibhang=\skip43
\bibsep=\skip44
LaTeX Info: Redefining \cite on input line 694.
\c@NAT@ctr=\count88
)
(/usr/share/texlive/texmf-dist/tex/latex/graphics/graphicx.sty
Package: graphicx 1999/02/16 v1.0f Enhanced LaTeX Graphics (DPC,SPQR)

(/usr/share/texlive/texmf-dist/tex/latex/graphics/keyval.sty
Package: keyval 1999/03/16 v1.13 key=value parser (DPC)
\KV@toks@=\toks14
)
(/usr/share/texlive/texmf-dist/tex/latex/graphics/graphics.sty
Package: graphics 2009/02/05 v1.0o Standard LaTeX Graphics (DPC,SPQR)

(/usr/share/texlive/texmf-dist/tex/latex/graphics/trig.sty
Package: trig 1999/03/16 v1.09 sin cos tan (DPC)
)
(/usr/share/texlive/texmf-dist/tex/latex/latexconfig/graphics.cfg
File: graphics.cfg 2010/04/23 v1.9 graphics configuration of TeX Live
)
Package graphics Info: Driver file: pdftex.def on input line 91.

(/usr/share/texlive/texmf-dist/tex/latex/pdftex-def/pdftex.def
File: pdftex.def 2011/05/27 v0.06d Graphics/color for pdfTeX

(/usr/share/texlive/texmf-dist/tex/generic/oberdiek/infwarerr.sty
Package: infwarerr 2010/04/08 v1.3 Providing info/warning/error messages (HO)
)
(/usr/share/texlive/texmf-dist/tex/generic/oberdiek/ltxcmds.sty
Package: ltxcmds 2011/11/09 v1.22 LaTeX kernel commands for general use (HO)
)
\Gread@gobject=\count89
))
\Gin@req@height=\dimen103
\Gin@req@width=\dimen104
)
(/usr/share/texlive/texmf-dist/tex/latex/moreverb/moreverb.sty
Package: moreverb 2008/06/03 v2.3a `more' verbatim facilities

(/usr/share/texlive/texmf-dist/tex/latex/tools/verbatim.sty
Package: verbatim 2003/08/22 v1.5q LaTeX2e package for verbatim enhancements
\every@verbatim=\toks15
\verbatim@line=\toks16
\verbatim@in@stream=\read1
)
\tab@position=\count90
\tab@size=\count91
\listing@line=\count92
)
(/usr/share/texlive/texmf-dist/tex/latex/hyperref/hyperref.sty
Package: hyperref 2012/11/06 v6.83m Hypertext links for LaTeX

(/usr/share/texlive/texmf-dist/tex/generic/oberdiek/hobsub-hyperref.sty
Package: hobsub-hyperref 2012/05/28 v1.13 Bundle oberdiek, subset hyperref (HO)


(/usr/share/texlive/texmf-dist/tex/generic/oberdiek/hobsub-generic.sty
Package: hobsub-generic 2012/05/28 v1.13 Bundle oberdiek, subset generic (HO)
Package: hobsub 2012/05/28 v1.13 Construct package bundles (HO)
Package hobsub Info: Skipping package `infwarerr' (already loaded).
Package hobsub Info: Skipping package `ltxcmds' (already loaded).
Package: ifluatex 2010/03/01 v1.3 Provides the ifluatex switch (HO)
Package ifluatex Info: LuaTeX not detected.
Package: ifvtex 2010/03/01 v1.5 Detect VTeX and its facilities (HO)
Package ifvtex Info: VTeX not detected.
Package: intcalc 2007/09/27 v1.1 Expandable calculations with integers (HO)
Package: ifpdf 2011/01/30 v2.3 Provides the ifpdf switch (HO)
Package ifpdf Info: pdfTeX in PDF mode is detected.
Package: etexcmds 2011/02/16 v1.5 Avoid name clashes with e-TeX commands (HO)
Package etexcmds Info: Could not find \expanded.
(etexcmds)             That can mean that you are not using pdfTeX 1.50 or
(etexcmds)             that some package has redefined \expanded.
(etexcmds)             In the latter case, load this package earlier.
Package: kvsetkeys 2012/04/25 v1.16 Key value parser (HO)
Package: kvdefinekeys 2011/04/07 v1.3 Define keys (HO)
Package: pdftexcmds 2011/11/29 v0.20 Utility functions of pdfTeX for LuaTeX (HO
)
Package pdftexcmds Info: LuaTeX not detected.
Package pdftexcmds Info: \pdf@primitive is available.
Package pdftexcmds Info: \pdf@ifprimitive is available.
Package pdftexcmds Info: \pdfdraftmode found.
Package: pdfescape 2011/11/25 v1.13 Implements pdfTeX's escape features (HO)
Package: bigintcalc 2012/04/08 v1.3 Expandable calculations on big integers (HO
)
Package: bitset 2011/01/30 v1.1 Handle bit-vector datatype (HO)
Package: uniquecounter 2011/01/30 v1.2 Provide unlimited unique counter (HO)
)
Package hobsub Info: Skipping package `hobsub' (already loaded).
Package: letltxmacro 2010/09/02 v1.4 Let assignment for LaTeX macros (HO)
Package: hopatch 2012/05/28 v1.2 Wrapper for package hooks (HO)
Package: xcolor-patch 2011/01/30 xcolor patch
Package: atveryend 2011/06/30 v1.8 Hooks at the very end of document (HO)
Package atveryend Info: \enddocument detected (standard20110627).
Package: atbegshi 2011/10/05 v1.16 At begin shipout hook (HO)
Package: refcount 2011/10/16 v3.4 Data extraction from label references (HO)
Package: hycolor 2011/01/30 v1.7 Color options for hyperref/bookmark (HO)
)
(/usr/share/texlive/texmf-dist/tex/generic/ifxetex/ifxetex.sty
Package: ifxetex 2010/09/12 v0.6 Provides ifxetex conditional
)
(/usr/share/texlive/texmf-dist/tex/latex/oberdiek/auxhook.sty
Package: auxhook 2011/03/04 v1.3 Hooks for auxiliary files (HO)
)
(/usr/share/texlive/texmf-dist/tex/latex/oberdiek/kvoptions.sty
Package: kvoptions 2011/06/30 v3.11 Key value format for package options (HO)
)
\@linkdim=\dimen105
\Hy@linkcounter=\count93
\Hy@pagecounter=\count94

(/usr/share/texlive/texmf-dist/tex/latex/hyperref/pd1enc.def
File: pd1enc.def 2012/11/06 v6.83m Hyperref: PDFDocEncoding definition (HO)
)
\Hy@SavedSpaceFactor=\count95

(/usr/share/texlive/texmf-dist/tex/latex/latexconfig/hyperref.cfg
File: hyperref.cfg 2002/06/06 v1.2 hyperref configuration of TeXLive
)
Package hyperref Info: Hyper figures OFF on input line 4443.
Package hyperref Info: Link nesting OFF on input line 4448.
Package hyperref Info: Hyper index ON on input line 4451.
Package hyperref Info: Plain pages OFF on input line 4458.
Package hyperref Info: Backreferencing OFF on input line 4463.
Package hyperref Info: Implicit mode ON; LaTeX internals redefined.
Package hyperref Info: Bookmarks ON on input line 4688.
\c@Hy@tempcnt=\count96

(/usr/share/texlive/texmf-dist/tex/latex/url/url.sty
\Urlmuskip=\muskip10
Package: url 2013/09/16  ver 3.4  Verb mode for urls, etc.
)
LaTeX Info: Redefining \url on input line 5041.
\XeTeXLinkMargin=\dimen106
\Fld@menulength=\count97
\Field@Width=\dimen107
\Fld@charsize=\dimen108
Package hyperref Info: Hyper figures OFF on input line 6295.
Package hyperref Info: Link nesting OFF on input line 6300.
Package hyperref Info: Hyper index ON on input line 6303.
Package hyperref Info: backreferencing OFF on input line 6310.
Package hyperref Info: Link coloring OFF on input line 6315.
Package hyperref Info: Link coloring with OCG OFF on input line 6320.
Package hyperref Info: PDF/A mode OFF on input line 6325.
LaTeX Info: Redefining \ref on input line 6365.
LaTeX Info: Redefining \pageref on input line 6369.
\Hy@abspage=\count98
\c@Item=\count99
\c@Hfootnote=\count100
)

Package hyperref Message: Driver (autodetected): hpdftex.

(/usr/share/texlive/texmf-dist/tex/latex/hyperref/hpdftex.def
File: hpdftex.def 2012/11/06 v6.83m Hyperref driver for pdfTeX
\Fld@listcount=\count101
\c@bookmark@seq@number=\count102

(/usr/share/texlive/texmf-dist/tex/latex/oberdiek/rerunfilecheck.sty
Package: rerunfilecheck 2011/04/15 v1.7 Rerun checks for auxiliary files (HO)
Package uniquecounter Info: New unique counter `rerunfilecheck' on input line 2
82.
)
\Hy@SectionHShift=\skip45
)
(/usr/share/texmf/tex/latex/xcolor/xcolor.sty
Package: xcolor 2007/01/21 v2.11 LaTeX color extensions (UK)

(/usr/share/texlive/texmf-dist/tex/latex/latexconfig/color.cfg
File: color.cfg 2007/01/18 v1.5 color configuration of teTeX/TeXLive
)
Package xcolor Info: Driver file: pdftex.def on input line 225.
Package xcolor Info: Model `cmy' substituted by `cmy0' on input line 1337.
Package xcolor Info: Model `hsb' substituted by `rgb' on input line 1341.
Package xcolor Info: Model `RGB' extended on input line 1353.
Package xcolor Info: Model `HTML' substituted by `rgb' on input line 1355.
Package xcolor Info: Model `Hsb' substituted by `hsb' on input line 1356.
Package xcolor Info: Model `tHsb' substituted by `hsb' on input line 1357.
Package xcolor Info: Model `HSB' substituted by `hsb' on input line 1358.
Package xcolor Info: Model `Gray' substituted by `gray' on input line 1359.
Package xcolor Info: Model `wave' substituted by `hsb' on input line 1360.
)
(/usr/share/texlive/texmf-dist/tex/latex/supertabular/supertabular.sty
Package: supertabular 2004/02/20 v4.1e the supertabular environment
\c@tracingst=\count103
\ST@wd=\dimen109
\ST@rightskip=\skip46
\ST@leftskip=\skip47
\ST@parfillskip=\skip48
\ST@pageleft=\dimen110
\ST@headht=\dimen111
\ST@tailht=\dimen112
\ST@pagesofar=\dimen113
\ST@pboxht=\dimen114
\ST@lineht=\dimen115
\ST@stretchht=\dimen116
\ST@prevht=\dimen117
\ST@toadd=\dimen118
\ST@dimen=\dimen119
\ST@pbox=\box26
)
(/usr/share/texlive/texmf-dist/tex/latex/tools/tabularx.sty
Package: tabularx 1999/01/07 v2.07 `tabularx' package (DPC)

(/usr/share/texlive/texmf-dist/tex/latex/tools/array.sty
Package: array 2008/09/09 v2.4c Tabular extension package (FMi)
\col@sep=\dimen120
\extrarowheight=\dimen121
\NC@list=\toks17
\extratabsurround=\skip49
\backup@length=\skip50
)
\TX@col@width=\dimen122
\TX@old@table=\dimen123
\TX@old@col=\dimen124
\TX@target=\dimen125
\TX@delta=\dimen126
\TX@cols=\count104
\TX@ftn=\toks18
)
(/usr/share/texlive/texmf-dist/tex/latex/tools/multicol.sty
Package: multicol 2011/06/27 v1.7a multicolumn formatting (FMi)
\c@tracingmulticols=\count105
\mult@box=\box27
\multicol@leftmargin=\dimen127
\c@unbalance=\count106
\c@collectmore=\count107
\doublecol@number=\count108
\multicoltolerance=\count109
\multicolpretolerance=\count110
\full@width=\dimen128
\page@free=\dimen129
\premulticols=\dimen130
\postmulticols=\dimen131
\multicolsep=\skip51
\multicolbaselineskip=\skip52
\partial@page=\box28
\last@line=\box29
\mult@rightbox=\box30
\mult@grightbox=\box31
\mult@gfirstbox=\box32
\mult@firstbox=\box33
\@tempa=\box34
\@tempa=\box35
\@tempa=\box36
\@tempa=\box37
\@tempa=\box38
\@tempa=\box39
\@tempa=\box40
\@tempa=\box41
\@tempa=\box42
\@tempa=\box43
\@tempa=\box44
\@tempa=\box45
\@tempa=\box46
\@tempa=\box47
\@tempa=\box48
\@tempa=\box49
\@tempa=\box50
\c@columnbadness=\count111
\c@finalcolumnbadness=\count112
\last@try=\dimen132
\multicolovershoot=\dimen133
\multicolundershoot=\dimen134
\mult@nat@firstbox=\box51
\colbreak@box=\box52
\multicol@sort@counter=\count113
)
(/usr/share/texlive/texmf-dist/tex/latex/colortbl/colortbl.sty
Package: colortbl 2012/02/13 v1.0a Color table columns (DPC)
\everycr=\toks19
\minrowclearance=\skip53
)
(/usr/share/texlive/texmf-dist/tex/latex/base/textcomp.sty
Package: textcomp 2005/09/27 v1.99g Standard LaTeX package
Package textcomp Info: Sub-encoding information:
(textcomp)               5 = only ISO-Adobe without \textcurrency
(textcomp)               4 = 5 + \texteuro
(textcomp)               3 = 4 + \textohm
(textcomp)               2 = 3 + \textestimated + \textcurrency
(textcomp)               1 = TS1 - \textcircled - \t
(textcomp)               0 = TS1 (full)
(textcomp)             Font families with sub-encoding setting implement
(textcomp)             only a restricted character set as indicated.
(textcomp)             Family '?' is the default used for unknown fonts.
(textcomp)             See the documentation for details.
Package textcomp Info: Setting ? sub-encoding to TS1/1 on input line 71.

(/usr/share/texlive/texmf-dist/tex/latex/base/ts1enc.def
File: ts1enc.def 2001/06/05 v3.0e (jk/car/fm) Standard LaTeX file
)
LaTeX Info: Redefining \oldstylenums on input line 266.
Package textcomp Info: Setting cmr sub-encoding to TS1/0 on input line 281.
Package textcomp Info: Setting cmss sub-encoding to TS1/0 on input line 282.
Package textcomp Info: Setting cmtt sub-encoding to TS1/0 on input line 283.
Package textcomp Info: Setting cmvtt sub-encoding to TS1/0 on input line 284.
Package textcomp Info: Setting cmbr sub-encoding to TS1/0 on input line 285.
Package textcomp Info: Setting cmtl sub-encoding to TS1/0 on input line 286.
Package textcomp Info: Setting ccr sub-encoding to TS1/0 on input line 287.
Package textcomp Info: Setting ptm sub-encoding to TS1/4 on input line 288.
Package textcomp Info: Setting pcr sub-encoding to TS1/4 on input line 289.
Package textcomp Info: Setting phv sub-encoding to TS1/4 on input line 290.
Package textcomp Info: Setting ppl sub-encoding to TS1/3 on input line 291.
Package textcomp Info: Setting pag sub-encoding to TS1/4 on input line 292.
Package textcomp Info: Setting pbk sub-encoding to TS1/4 on input line 293.
Package textcomp Info: Setting pnc sub-encoding to TS1/4 on input line 294.
Package textcomp Info: Setting pzc sub-encoding to TS1/4 on input line 295.
Package textcomp Info: Setting bch sub-encoding to TS1/4 on input line 296.
Package textcomp Info: Setting put sub-encoding to TS1/5 on input line 297.
Package textcomp Info: Setting uag sub-encoding to TS1/5 on input line 298.
Package textcomp Info: Setting ugq sub-encoding to TS1/5 on input line 299.
Package textcomp Info: Setting ul8 sub-encoding to TS1/4 on input line 300.
Package textcomp Info: Setting ul9 sub-encoding to TS1/4 on input line 301.
Package textcomp Info: Setting augie sub-encoding to TS1/5 on input line 302.
Package textcomp Info: Setting dayrom sub-encoding to TS1/3 on input line 303.
Package textcomp Info: Setting dayroms sub-encoding to TS1/3 on input line 304.

Package textcomp Info: Setting pxr sub-encoding to TS1/0 on input line 305.
Package textcomp Info: Setting pxss sub-encoding to TS1/0 on input line 306.
Package textcomp Info: Setting pxtt sub-encoding to TS1/0 on input line 307.
Package textcomp Info: Setting txr sub-encoding to TS1/0 on input line 308.
Package textcomp Info: Setting txss sub-encoding to TS1/0 on input line 309.
Package textcomp Info: Setting txtt sub-encoding to TS1/0 on input line 310.
Package textcomp Info: Setting lmr sub-encoding to TS1/0 on input line 311.
Package textcomp Info: Setting lmdh sub-encoding to TS1/0 on input line 312.
Package textcomp Info: Setting lmss sub-encoding to TS1/0 on input line 313.
Package textcomp Info: Setting lmssq sub-encoding to TS1/0 on input line 314.
Package textcomp Info: Setting lmvtt sub-encoding to TS1/0 on input line 315.
Package textcomp Info: Setting qhv sub-encoding to TS1/0 on input line 316.
Package textcomp Info: Setting qag sub-encoding to TS1/0 on input line 317.
Package textcomp Info: Setting qbk sub-encoding to TS1/0 on input line 318.
Package textcomp Info: Setting qcr sub-encoding to TS1/0 on input line 319.
Package textcomp Info: Setting qcs sub-encoding to TS1/0 on input line 320.
Package textcomp Info: Setting qpl sub-encoding to TS1/0 on input line 321.
Package textcomp Info: Setting qtm sub-encoding to TS1/0 on input line 322.
Package textcomp Info: Setting qzc sub-encoding to TS1/0 on input line 323.
Package textcomp Info: Setting qhvc sub-encoding to TS1/0 on input line 324.
Package textcomp Info: Setting futs sub-encoding to TS1/4 on input line 325.
Package textcomp Info: Setting futx sub-encoding to TS1/4 on input line 326.
Package textcomp Info: Setting futj sub-encoding to TS1/4 on input line 327.
Package textcomp Info: Setting hlh sub-encoding to TS1/3 on input line 328.
Package textcomp Info: Setting hls sub-encoding to TS1/3 on input line 329.
Package textcomp Info: Setting hlst sub-encoding to TS1/3 on input line 330.
Package textcomp Info: Setting hlct sub-encoding to TS1/5 on input line 331.
Package textcomp Info: Setting hlx sub-encoding to TS1/5 on input line 332.
Package textcomp Info: Setting hlce sub-encoding to TS1/5 on input line 333.
Package textcomp Info: Setting hlcn sub-encoding to TS1/5 on input line 334.
Package textcomp Info: Setting hlcw sub-encoding to TS1/5 on input line 335.
Package textcomp Info: Setting hlcf sub-encoding to TS1/5 on input line 336.
Package textcomp Info: Setting pplx sub-encoding to TS1/3 on input line 337.
Package textcomp Info: Setting pplj sub-encoding to TS1/3 on input line 338.
Package textcomp Info: Setting ptmx sub-encoding to TS1/4 on input line 339.
Package textcomp Info: Setting ptmj sub-encoding to TS1/4 on input line 340.
)
(/usr/share/texlive/texmf-dist/tex/latex/nomencl/nomencl.sty
Package: nomencl 2005/09/22 v4.2 Nomenclature package (LN)
\nomlabelwidth=\dimen135
\nom@tempdim=\dimen136
\nomitemsep=\skip54
)
(/usr/share/texmf/tex/latex/pgf/frontendlayer/tikz.sty
(/usr/share/texmf/tex/latex/pgf/basiclayer/pgf.sty
(/usr/share/texmf/tex/latex/pgf/utilities/pgfrcs.sty
(/usr/share/texmf/tex/generic/pgf/utilities/pgfutil-common.tex
\pgfutil@everybye=\toks20
)
(/usr/share/texmf/tex/generic/pgf/utilities/pgfutil-latex.def
\pgfutil@abb=\box53

(/usr/share/texlive/texmf-dist/tex/latex/ms/everyshi.sty
Package: everyshi 2001/05/15 v3.00 EveryShipout Package (MS)
))
(/usr/share/texmf/tex/generic/pgf/utilities/pgfrcs.code.tex
Package: pgfrcs 2010/10/25 v2.10 (rcs-revision 1.24)
))
Package: pgf 2008/01/15 v2.10 (rcs-revision 1.12)

(/usr/share/texmf/tex/latex/pgf/basiclayer/pgfcore.sty
(/usr/share/texmf/tex/latex/pgf/systemlayer/pgfsys.sty
(/usr/share/texmf/tex/generic/pgf/systemlayer/pgfsys.code.tex
Package: pgfsys 2010/06/30 v2.10 (rcs-revision 1.37)

(/usr/share/texmf/tex/generic/pgf/utilities/pgfkeys.code.tex
\pgfkeys@pathtoks=\toks21
\pgfkeys@temptoks=\toks22

(/usr/share/texmf/tex/generic/pgf/utilities/pgfkeysfiltered.code.tex
\pgfkeys@tmptoks=\toks23
))
\pgf@x=\dimen137
\pgf@y=\dimen138
\pgf@xa=\dimen139
\pgf@ya=\dimen140
\pgf@xb=\dimen141
\pgf@yb=\dimen142
\pgf@xc=\dimen143
\pgf@yc=\dimen144
\w@pgf@writea=\write3
\r@pgf@reada=\read2
\c@pgf@counta=\count114
\c@pgf@countb=\count115
\c@pgf@countc=\count116
\c@pgf@countd=\count117

(/usr/share/texmf/tex/generic/pgf/systemlayer/pgf.cfg
File: pgf.cfg 2008/05/14  (rcs-revision 1.7)
)
Package pgfsys Info: Driver file for pgf: pgfsys-pdftex.def on input line 900.

(/usr/share/texmf/tex/generic/pgf/systemlayer/pgfsys-pdftex.def
File: pgfsys-pdftex.def 2009/05/22  (rcs-revision 1.26)

(/usr/share/texmf/tex/generic/pgf/systemlayer/pgfsys-common-pdf.def
File: pgfsys-common-pdf.def 2008/05/19  (rcs-revision 1.10)
)))
(/usr/share/texmf/tex/generic/pgf/systemlayer/pgfsyssoftpath.code.tex
File: pgfsyssoftpath.code.tex 2008/07/18  (rcs-revision 1.7)
\pgfsyssoftpath@smallbuffer@items=\count118
\pgfsyssoftpath@bigbuffer@items=\count119
)
(/usr/share/texmf/tex/generic/pgf/systemlayer/pgfsysprotocol.code.tex
File: pgfsysprotocol.code.tex 2006/10/16  (rcs-revision 1.4)
))
(/usr/share/texmf/tex/generic/pgf/basiclayer/pgfcore.code.tex
Package: pgfcore 2010/04/11 v2.10 (rcs-revision 1.7)

(/usr/share/texmf/tex/generic/pgf/math/pgfmath.code.tex
(/usr/share/texmf/tex/generic/pgf/math/pgfmathcalc.code.tex
(/usr/share/texmf/tex/generic/pgf/math/pgfmathutil.code.tex)
(/usr/share/texmf/tex/generic/pgf/math/pgfmathparser.code.tex
\pgfmath@dimen=\dimen145
\pgfmath@count=\count120
\pgfmath@box=\box54
\pgfmath@toks=\toks24
\pgfmath@stack@operand=\toks25
\pgfmath@stack@operation=\toks26
)
(/usr/share/texmf/tex/generic/pgf/math/pgfmathfunctions.code.tex
(/usr/share/texmf/tex/generic/pgf/math/pgfmathfunctions.basic.code.tex)
(/usr/share/texmf/tex/generic/pgf/math/pgfmathfunctions.trigonometric.code.tex)
(/usr/share/texmf/tex/generic/pgf/math/pgfmathfunctions.random.code.tex)
(/usr/share/texmf/tex/generic/pgf/math/pgfmathfunctions.comparison.code.tex)
(/usr/share/texmf/tex/generic/pgf/math/pgfmathfunctions.base.code.tex)
(/usr/share/texmf/tex/generic/pgf/math/pgfmathfunctions.round.code.tex)
(/usr/share/texmf/tex/generic/pgf/math/pgfmathfunctions.misc.code.tex)))
(/usr/share/texmf/tex/generic/pgf/math/pgfmathfloat.code.tex
\c@pgfmathroundto@lastzeros=\count121
))
(/usr/share/texmf/tex/generic/pgf/basiclayer/pgfcorepoints.code.tex
File: pgfcorepoints.code.tex 2010/04/09  (rcs-revision 1.20)
\pgf@picminx=\dimen146
\pgf@picmaxx=\dimen147
\pgf@picminy=\dimen148
\pgf@picmaxy=\dimen149
\pgf@pathminx=\dimen150
\pgf@pathmaxx=\dimen151
\pgf@pathminy=\dimen152
\pgf@pathmaxy=\dimen153
\pgf@xx=\dimen154
\pgf@xy=\dimen155
\pgf@yx=\dimen156
\pgf@yy=\dimen157
\pgf@zx=\dimen158
\pgf@zy=\dimen159
)
(/usr/share/texmf/tex/generic/pgf/basiclayer/pgfcorepathconstruct.code.tex
File: pgfcorepathconstruct.code.tex 2010/08/03  (rcs-revision 1.24)
\pgf@path@lastx=\dimen160
\pgf@path@lasty=\dimen161
)
(/usr/share/texmf/tex/generic/pgf/basiclayer/pgfcorepathusage.code.tex
File: pgfcorepathusage.code.tex 2008/04/22  (rcs-revision 1.12)
\pgf@shorten@end@additional=\dimen162
\pgf@shorten@start@additional=\dimen163
)
(/usr/share/texmf/tex/generic/pgf/basiclayer/pgfcorescopes.code.tex
File: pgfcorescopes.code.tex 2010/09/08  (rcs-revision 1.34)
\pgfpic=\box55
\pgf@hbox=\box56
\pgf@layerbox@main=\box57
\pgf@picture@serial@count=\count122
)
(/usr/share/texmf/tex/generic/pgf/basiclayer/pgfcoregraphicstate.code.tex
File: pgfcoregraphicstate.code.tex 2008/04/22  (rcs-revision 1.9)
\pgflinewidth=\dimen164
)
(/usr/share/texmf/tex/generic/pgf/basiclayer/pgfcoretransformations.code.tex
File: pgfcoretransformations.code.tex 2009/06/10  (rcs-revision 1.11)
\pgf@pt@x=\dimen165
\pgf@pt@y=\dimen166
\pgf@pt@temp=\dimen167
)
(/usr/share/texmf/tex/generic/pgf/basiclayer/pgfcorequick.code.tex
File: pgfcorequick.code.tex 2008/10/09  (rcs-revision 1.3)
)
(/usr/share/texmf/tex/generic/pgf/basiclayer/pgfcoreobjects.code.tex
File: pgfcoreobjects.code.tex 2006/10/11  (rcs-revision 1.2)
)
(/usr/share/texmf/tex/generic/pgf/basiclayer/pgfcorepathprocessing.code.tex
File: pgfcorepathprocessing.code.tex 2008/10/09  (rcs-revision 1.8)
)
(/usr/share/texmf/tex/generic/pgf/basiclayer/pgfcorearrows.code.tex
File: pgfcorearrows.code.tex 2008/04/23  (rcs-revision 1.11)
)
(/usr/share/texmf/tex/generic/pgf/basiclayer/pgfcoreshade.code.tex
File: pgfcoreshade.code.tex 2008/11/23  (rcs-revision 1.13)
\pgf@max=\dimen168
\pgf@sys@shading@range@num=\count123
)
(/usr/share/texmf/tex/generic/pgf/basiclayer/pgfcoreimage.code.tex
File: pgfcoreimage.code.tex 2010/03/25  (rcs-revision 1.16)

(/usr/share/texmf/tex/generic/pgf/basiclayer/pgfcoreexternal.code.tex
File: pgfcoreexternal.code.tex 2010/09/01  (rcs-revision 1.17)
\pgfexternal@startupbox=\box58
))
(/usr/share/texmf/tex/generic/pgf/basiclayer/pgfcorelayers.code.tex
File: pgfcorelayers.code.tex 2010/08/27  (rcs-revision 1.2)
)
(/usr/share/texmf/tex/generic/pgf/basiclayer/pgfcoretransparency.code.tex
File: pgfcoretransparency.code.tex 2008/01/17  (rcs-revision 1.2)
)
(/usr/share/texmf/tex/generic/pgf/basiclayer/pgfcorepatterns.code.tex
File: pgfcorepatterns.code.tex 2009/07/02  (rcs-revision 1.3)
)))
(/usr/share/texmf/tex/generic/pgf/modules/pgfmoduleshapes.code.tex
File: pgfmoduleshapes.code.tex 2010/09/09  (rcs-revision 1.13)
\pgfnodeparttextbox=\box59
)
(/usr/share/texmf/tex/generic/pgf/modules/pgfmoduleplot.code.tex
File: pgfmoduleplot.code.tex 2010/10/22  (rcs-revision 1.8)
)
(/usr/share/texmf/tex/latex/pgf/compatibility/pgfcomp-version-0-65.sty
Package: pgfcomp-version-0-65 2007/07/03 v2.10 (rcs-revision 1.7)
\pgf@nodesepstart=\dimen169
\pgf@nodesepend=\dimen170
)
(/usr/share/texmf/tex/latex/pgf/compatibility/pgfcomp-version-1-18.sty
Package: pgfcomp-version-1-18 2007/07/23 v2.10 (rcs-revision 1.1)
))
(/usr/share/texmf/tex/latex/pgf/utilities/pgffor.sty
(/usr/share/texmf/tex/latex/pgf/utilities/pgfkeys.sty
(/usr/share/texmf/tex/generic/pgf/utilities/pgfkeys.code.tex))
(/usr/share/texmf/tex/generic/pgf/utilities/pgffor.code.tex
Package: pgffor 2010/03/23 v2.10 (rcs-revision 1.18)
\pgffor@iter=\dimen171
\pgffor@skip=\dimen172
\pgffor@stack=\toks27
\pgffor@toks=\toks28
))
(/usr/share/texmf/tex/generic/pgf/frontendlayer/tikz/tikz.code.tex
Package: tikz 2010/10/13 v2.10 (rcs-revision 1.76)

(/usr/share/texmf/tex/generic/pgf/libraries/pgflibraryplothandlers.code.tex
File: pgflibraryplothandlers.code.tex 2010/05/31 v2.10 (rcs-revision 1.15)
\pgf@plot@mark@count=\count124
\pgfplotmarksize=\dimen173
)
\tikz@lastx=\dimen174
\tikz@lasty=\dimen175
\tikz@lastxsaved=\dimen176
\tikz@lastysaved=\dimen177
\tikzleveldistance=\dimen178
\tikzsiblingdistance=\dimen179
\tikz@figbox=\box60
\tikz@tempbox=\box61
\tikztreelevel=\count125
\tikznumberofchildren=\count126
\tikznumberofcurrentchild=\count127
\tikz@fig@count=\count128

(/usr/share/texmf/tex/generic/pgf/modules/pgfmodulematrix.code.tex
File: pgfmodulematrix.code.tex 2010/08/24  (rcs-revision 1.4)
\pgfmatrixcurrentrow=\count129
\pgfmatrixcurrentcolumn=\count130
\pgf@matrix@numberofcolumns=\count131
)
\tikz@expandcount=\count132

(/usr/share/texmf/tex/generic/pgf/frontendlayer/tikz/libraries/tikzlibrarytopat
hs.code.tex
File: tikzlibrarytopaths.code.tex 2008/06/17 v2.10 (rcs-revision 1.2)
))) (/usr/share/texlive/texmf-dist/tex/latex/mh/mathtools.sty
Package: mathtools 2013/02/12 v1.13 mathematical typesetting tools

(/usr/share/texlive/texmf-dist/tex/latex/tools/calc.sty
Package: calc 2007/08/22 v4.3 Infix arithmetic (KKT,FJ)
\calc@Acount=\count133
\calc@Bcount=\count134
\calc@Adimen=\dimen180
\calc@Bdimen=\dimen181
\calc@Askip=\skip55
\calc@Bskip=\skip56
LaTeX Info: Redefining \setlength on input line 76.
LaTeX Info: Redefining \addtolength on input line 77.
\calc@Ccount=\count135
\calc@Cskip=\skip57
)
(/usr/share/texlive/texmf-dist/tex/latex/mh/mhsetup.sty
Package: mhsetup 2010/01/21 v1.2a programming setup (MH)
)
(/usr/share/texlive/texmf-dist/tex/latex/amsmath/amsmath.sty
Package: amsmath 2013/01/14 v2.14 AMS math features
\@mathmargin=\skip58

For additional information on amsmath, use the `?' option.
(/usr/share/texlive/texmf-dist/tex/latex/amsmath/amstext.sty
Package: amstext 2000/06/29 v2.01

(/usr/share/texlive/texmf-dist/tex/latex/amsmath/amsgen.sty
File: amsgen.sty 1999/11/30 v2.0
\@emptytoks=\toks29
\ex@=\dimen182
))
(/usr/share/texlive/texmf-dist/tex/latex/amsmath/amsbsy.sty
Package: amsbsy 1999/11/29 v1.2d
\pmbraise@=\dimen183
)
(/usr/share/texlive/texmf-dist/tex/latex/amsmath/amsopn.sty
Package: amsopn 1999/12/14 v2.01 operator names
)
\inf@bad=\count136
LaTeX Info: Redefining \frac on input line 210.
\uproot@=\count137
\leftroot@=\count138
LaTeX Info: Redefining \overline on input line 306.
\classnum@=\count139
\DOTSCASE@=\count140
LaTeX Info: Redefining \ldots on input line 378.
LaTeX Info: Redefining \dots on input line 381.
LaTeX Info: Redefining \cdots on input line 466.
\Mathstrutbox@=\box62
\strutbox@=\box63
\big@size=\dimen184
LaTeX Font Info:    Redeclaring font encoding OML on input line 566.
LaTeX Font Info:    Redeclaring font encoding OMS on input line 567.
\macc@depth=\count141
\c@MaxMatrixCols=\count142
\dotsspace@=\muskip11
\c@parentequation=\count143
\dspbrk@lvl=\count144
\tag@help=\toks30
\row@=\count145
\column@=\count146
\maxfields@=\count147
\andhelp@=\toks31
\eqnshift@=\dimen185
\alignsep@=\dimen186
\tagshift@=\dimen187
\tagwidth@=\dimen188
\totwidth@=\dimen189
\lineht@=\dimen190
\@envbody=\toks32
\multlinegap=\skip59
\multlinetaggap=\skip60
\mathdisplay@stack=\toks33
LaTeX Info: Redefining \[ on input line 2665.
LaTeX Info: Redefining \] on input line 2666.
)
LaTeX Info: Thecontrolsequence`\['isalreadyrobust on input line 129.
LaTeX Info: Thecontrolsequence`\]'isalreadyrobust on input line 129.
\g_MT_multlinerow_int=\count148
\l_MT_multwidth_dim=\dimen191
\origjot=\skip61
\l_MT_shortvdotswithinadjustabove_dim=\dimen192
\l_MT_shortvdotswithinadjustbelow_dim=\dimen193
\l_MT_above_intertext_sep=\dimen194
\l_MT_below_intertext_sep=\dimen195
\l_MT_above_shortintertext_sep=\dimen196
\l_MT_below_shortintertext_sep=\dimen197
)
(/usr/share/texlive/texmf-dist/tex/latex/pstricks/pstricks.sty
Package: pstricks 2013/12/12 v0.60 LaTeX wrapper for `PSTricks' (RN,HV)

(/usr/share/texlive/texmf-dist/tex/generic/pstricks/pstricks.tex
(/usr/share/texlive/texmf-dist/tex/generic/xkeyval/pst-xkey.tex
File: pst-xkey.tex 2005/11/25 v1.6 PSTricks specialization of xkeyval (HA)

(/usr/share/texlive/texmf-dist/tex/latex/xkeyval/xkeyval.sty
Package: xkeyval 2012/10/14 v2.6b package option processing (HA)

(/usr/share/texlive/texmf-dist/tex/generic/xkeyval/xkeyval.tex
\XKV@toks=\toks34
\XKV@tempa@toks=\toks35
\XKV@depth=\count149
File: xkeyval.tex 2012/10/14 v2.6b key=value parser (HA)
)))
(/usr/share/texlive/texmf-dist/tex/generic/pstricks/pst-fp.tex
`pst-fp' v0.05, 2010/01/17 (hv)
\pstFP@xs=\count150
\pstFP@xia=\count151
\pstFP@xib=\count152
\pstFP@xfa=\count153
\pstFP@xfb=\count154
\pstFP@rega=\count155
\pstFP@regb=\count156
\pstFP@regs=\count157
\pstFP@times=\count158
)
(/usr/share/texmf/tex/generic/pgf/utilities/pgfutil-common.tex
\pgfutil@everybye=\toks36
)
(/usr/share/texmf/tex/generic/pgf/utilities/pgfkeys.code.tex)
(/usr/share/texmf/tex/generic/pgf/utilities/pgffor.code.tex
\pgffor@iter=\dimen198
\pgffor@skip=\dimen199
\pgffor@stack=\toks37
\pgffor@toks=\toks38
)
\psLoopIndex=\count159

`PSTricks' v2.51  <2014/02/03> (tvz)
\pst@dima=\dimen200
\pst@dimb=\dimen201
\pst@dimc=\dimen202
\pst@dimd=\dimen203
\pst@dimg=\dimen204
\pst@dimh=\dimen205
\pst@dimm=\dimen206
\pst@dimn=\dimen207
\pst@dimo=\dimen208
\pst@dimp=\dimen209
\pst@hbox=\box64
\pst@ibox=\box65
\pst@boxg=\box66
\pst@cnta=\count160
\pst@cntb=\count161
\pst@cntc=\count162
\pst@cntd=\count163
\pst@cntg=\count164
\pst@cnth=\count165
\pst@cntm=\count166
\pst@cntn=\count167
\pst@cnto=\count168
\pst@cntp=\count169
\@zero=\count170
\pst@toks=\toks39
(/usr/share/texlive/texmf-dist/tex/generic/pstricks/pstricks.con)
\psunit=\dimen210
\psxunit=\dimen211
\psyunit=\dimen212
\pst@C@@rType=\count171
\pslinewidth=\dimen213
\psk@startLW=\dimen214
\psk@endLW=\dimen215
\pst@customdefs=\toks40
\pslinearc=\dimen216
\pst@symbolStep=\dimen217
\pst@symbolWidth=\dimen218
\pst@symbolLinewidth=\dimen219
\everypsbox=\toks41
\psframesep=\dimen220
\pslabelsep=\dimen221
\sh@wgridXunit=\dimen222
\sh@wgridYunit=\dimen223
\pst@shift=\dimen224
)
File: pstricks.tex 2014/02/03 v2.51 `PSTricks' (tvz,hv)

(/usr/share/texlive/texmf-dist/tex/generic/pstricks/pst-fp.tex)
File: pst-fp.tex 2014/02/03 v2.51 `PST-fp' (hv)
)
(/usr/share/texlive/texmf-dist/tex/latex/subfigure/subfigure.sty
Package: subfigure 2002/03/15 v2.1.5 subfigure package
\subfigtopskip=\skip62
\subfigcapskip=\skip63
\subfigcaptopadj=\dimen225
\subfigbottomskip=\skip64
\subfigcapmargin=\dimen226
\subfiglabelskip=\skip65
\c@subfigure=\count172
\c@lofdepth=\count173
\c@subtable=\count174
\c@lotdepth=\count175

****************************************
* Local config file subfigure.cfg used *
****************************************
(/usr/share/texlive/texmf-dist/tex/latex/subfigure/subfigure.cfg)
\subfig@top=\skip66
\subfig@bottom=\skip67
)
(/usr/share/texlive/texmf-dist/tex/latex/caption/subcaption.sty
Package: subcaption 2013/02/03 v1.1-62 Sub-captions (AR)

(/usr/share/texlive/texmf-dist/tex/latex/caption/caption.sty
Package: caption 2013/05/02 v3.3-89 Customizing captions (AR)

(/usr/share/texlive/texmf-dist/tex/latex/caption/caption3.sty
Package: caption3 2013/05/02 v1.6-88 caption3 kernel (AR)
Package caption3 Info: TeX engine: e-TeX on input line 57.
\captionmargin=\dimen227
\captionmargin@=\dimen228
\captionwidth=\dimen229
\caption@tempdima=\dimen230
\caption@indent=\dimen231
\caption@parindent=\dimen232
\caption@hangindent=\dimen233
Package caption Info: Unknown document class (or package),
(caption)             standard defaults will be used.
)

Package caption Warning: Unsupported document class (or package) detected,
(caption)                usage of the caption package is not recommended.
See the caption package documentation for explanation.

Package caption Info: \@makecaption = \long macro:#1#2->\vskip \abovecaptionski
p \sbox \@tempboxa {#1: #2}\ifdim \wd \@tempboxa > 0.8\hsize \leftskip = 0.1\hs
ize \rightskip = 0.1\hsize #1: #2\par \else \global \@minipagefalse \hb@xt@ \hs
ize {\hfil \box \@tempboxa \hfil }\fi \vskip \belowcaptionskip .
\c@ContinuedFloat=\count176
Package caption Info: hyperref package is loaded.
Package caption Info: subfigure package is loaded.
Package caption Info: supertabular package is loaded.
)

! Package subcaption Error: This package can't be used in cooperation
(subcaption)                with the subfigure package.

See the subcaption package documentation for explanation.
Type  H <return>  for immediate help.
 ...                                              
                                                  
l.48   \endinput}{}
                   %
RTFM

) (/usr/share/texlive/texmf-dist/tex/latex/cleveref/cleveref.sty
Package: cleveref 2013/12/28 v0.19 Intelligent cross-referencing
Package cleveref Info: `hyperref' support loaded on input line 2230.
LaTeX Info: Redefining \cref on input line 2230.
LaTeX Info: Redefining \Cref on input line 2230.
LaTeX Info: Redefining \crefrange on input line 2230.
LaTeX Info: Redefining \Crefrange on input line 2230.
LaTeX Info: Redefining \cpageref on input line 2230.
LaTeX Info: Redefining \Cpageref on input line 2230.
LaTeX Info: Redefining \cpagerefrange on input line 2230.
LaTeX Info: Redefining \Cpagerefrange on input line 2230.
LaTeX Info: Redefining \labelcref on input line 2230.
LaTeX Info: Redefining \labelcpageref on input line 2230.
)
(/usr/share/texlive/texmf-dist/tex/latex/multirow/multirow.sty
! No room for a new \dimen .
\ch@ck ...\else \errmessage {No room for a new #3}
                                                  \fi 
l.159 ...\newdimen\bigstrutjot \bigstrutjot\jot}{}
                                                  
This error message was generated by an \errmessage
command, so I can't give any explicit help.
Pretend that you're Hercule Poirot: Examine all clues,
and deduce the truth by order and method.

\bigstrutjot=\dimen234
) (/usr/share/texlive/texmf-dist/tex/latex/tools/longtable.sty
Package: longtable 2004/02/01 v4.11 Multi-page Table package (DPC)
\LTleft=\skip68
\LTright=\skip69
\LTpre=\skip70
\LTpost=\skip71
\LTchunksize=\count177

! No room for a new \dimen .
\ch@ck ...\else \errmessage {No room for a new #3}
                                                  \fi 
l.58 \newdimen\LTcapwidth
                           \LTcapwidth=4in
(That was another \errmessage.)

\LTcapwidth=\dimen235
\LT@head=\box67
\LT@firsthead=\box68
\LT@foot=\box69
\LT@lastfoot=\box70
\LT@cols=\count178
\LT@rows=\count179
\c@LT@tables=\count180
\c@LT@chunks=\count181
\LT@p@ftn=\toks42
) (./20170316_thesis_methods.aux (./methods.aux) (./appendices.aux))
\openout1 = `20170316_thesis_methods.aux'.

LaTeX Font Info:    Checking defaults for OML/cmm/m/it on input line 85.
LaTeX Font Info:    ... okay on input line 85.
LaTeX Font Info:    Checking defaults for T1/cmr/m/n on input line 85.
LaTeX Font Info:    ... okay on input line 85.
LaTeX Font Info:    Checking defaults for OT1/cmr/m/n on input line 85.
LaTeX Font Info:    ... okay on input line 85.
LaTeX Font Info:    Checking defaults for OMS/cmsy/m/n on input line 85.
LaTeX Font Info:    ... okay on input line 85.
LaTeX Font Info:    Checking defaults for OMX/cmex/m/n on input line 85.
LaTeX Font Info:    ... okay on input line 85.
LaTeX Font Info:    Checking defaults for U/cmr/m/n on input line 85.
LaTeX Font Info:    ... okay on input line 85.
LaTeX Font Info:    Checking defaults for PD1/pdf/m/n on input line 85.
LaTeX Font Info:    ... okay on input line 85.
LaTeX Font Info:    Checking defaults for TS1/cmr/m/n on input line 85.
LaTeX Font Info:    Try loading font information for TS1+cmr on input line 85.

(/usr/share/texlive/texmf-dist/tex/latex/base/ts1cmr.fd
File: ts1cmr.fd 1999/05/25 v2.5h Standard LaTeX font definitions
)
LaTeX Font Info:    ... okay on input line 85.

(/usr/share/texlive/texmf-dist/tex/context/base/supp-pdf.mkii
[Loading MPS to PDF converter (version 2006.09.02).]
\scratchcounter=\count182
! No room for a new \dimen .
\ch@ck ...\else \errmessage {No room for a new #3}
                                                  \fi 
l.137 ... \csname newdimen\endcsname \scratchdimen
                                                  
(That was another \errmessage.)

\scratchdimen=\dimen236
\scratchbox=\box71
\nofMPsegments=\count183
\nofMParguments=\count184
\everyMPshowfont=\toks43
\MPscratchCnt=\count185
! No room for a new \dimen .
\ch@ck ...\else \errmessage {No room for a new #3}
                                                  \fi 
l.1253 \newdimen\MPscratchDim
                              % will be assigned global
(That was another \errmessage.)

\MPscratchDim=\dimen237
\MPnumerator=\count186
\makeMPintoPDFobject=\count187
\everyMPtoPDFconversion=\toks44
) (/usr/share/texlive/texmf-dist/tex/latex/oberdiek/epstopdf-base.sty
Package: epstopdf-base 2010/02/09 v2.5 Base part for package epstopdf

(/usr/share/texlive/texmf-dist/tex/latex/oberdiek/grfext.sty
Package: grfext 2010/08/19 v1.1 Manage graphics extensions (HO)
)
Package grfext Info: Graphics extension search list:
(grfext)             [.png,.pdf,.jpg,.mps,.jpeg,.jbig2,.jb2,.PNG,.PDF,.JPG,.JPE
G,.JBIG2,.JB2,.eps]
(grfext)             \AppendGraphicsExtensions on input line 452.

(/usr/share/texlive/texmf-dist/tex/latex/latexconfig/epstopdf-sys.cfg
File: epstopdf-sys.cfg 2010/07/13 v1.3 Configuration of (r)epstopdf for TeX Liv
e
))
\AtBeginShipoutBox=\box72
Package hyperref Info: Link coloring OFF on input line 85.

(/usr/share/texlive/texmf-dist/tex/latex/hyperref/nameref.sty
Package: nameref 2012/10/27 v2.43 Cross-referencing by name of section

(/usr/share/texlive/texmf-dist/tex/generic/oberdiek/gettitlestring.sty
Package: gettitlestring 2010/12/03 v1.4 Cleanup title references (HO)
)
\c@section@level=\count188
)
LaTeX Info: Redefining \ref on input line 85.
LaTeX Info: Redefining \pageref on input line 85.
LaTeX Info: Redefining \nameref on input line 85.

(./20170316_thesis_methods.out) (./20170316_thesis_methods.out)
\@outlinefile=\write4
\openout4 = `20170316_thesis_methods.out'.


ABD: EveryShipout initializing macros
Package caption Info: Begin \AtBeginDocument code.
Package caption Info: longtable package is loaded.

(/usr/share/texlive/texmf-dist/tex/latex/caption/ltcaption.sty
Package: ltcaption 2013/02/03 v1.3-62 longtable captions (AR)
)
Package caption Info: End \AtBeginDocument code.

(./20170316_thesis_methods.toc [1
Non-PDF special ignored!
Non-PDF special ignored!
Non-PDF special ignored!
Non-PDF special ignored!


Non-PDF special ignored!
Non-PDF special ignored!
Non-PDF special ignored!

{/var/lib/texmf/fonts/map/pdftex/updmap/pdftex.map}])
\tf@toc=\write5
\openout5 = `20170316_thesis_methods.toc'.


[2] (./20170316_thesis_methods.lof)
\tf@lof=\write6
\openout6 = `20170316_thesis_methods.lof'.

 [3

] (./20170316_thesis_methods.lot)
\tf@lot=\write7
\openout7 = `20170316_thesis_methods.lot'.


[4

]
\openout2 = `methods.aux'.

 (./methods.tex
Chapter 2.
[5


] [6] <fig2a.png, id=351, 602.25pt x 602.25pt>
File: fig2a.png Graphic file (type png)
 <use fig2a.png>
Package pdftex.def Info: fig2a.png used on input line 38.
(pdftex.def)             Requested size: 176.40439pt x 176.40323pt.

<fig2b.png, id=352, 602.25pt x 602.25pt>
File: fig2b.png Graphic file (type png)
 <use fig2b.png>
Package pdftex.def Info: fig2b.png used on input line 42.
(pdftex.def)             Requested size: 176.40439pt x 176.40323pt.

<fig3a.png, id=353, 602.25pt x 602.25pt>
File: fig3a.png Graphic file (type png)
 <use fig3a.png>
Package pdftex.def Info: fig3a.png used on input line 57.
(pdftex.def)             Requested size: 176.40439pt x 176.40323pt.

<fig3b.png, id=354, 602.25pt x 602.25pt>
File: fig3b.png Graphic file (type png)
 <use fig3b.png>
Package pdftex.def Info: fig3b.png used on input line 61.
(pdftex.def)             Requested size: 176.40439pt x 176.40323pt.
 [7] [8 <./fig2a.png (PNG copy)> <./fig2b.png (PNG copy)> <./fig3a.png (PNG cop
y)> <./fig3b.png (PNG copy)>] <Raw(log)_Corr_eudist_Cut_part_Pub.png, id=382, 8
03.0pt x 803.0pt>
File: Raw(log)_Corr_eudist_Cut_part_Pub.png Graphic file (type png)

<use Raw(log)_Corr_eudist_Cut_part_Pub.png>
Package pdftex.def Info: Raw(log)_Corr_eudist_Cut_part_Pub.png used on input li
ne 100.
(pdftex.def)             Requested size: 802.99805pt x 802.99805pt.

<Raw(log)_Corr_eudist_Ann_Pub.png, id=385, 1606.0pt x 1606.0pt>
File: Raw(log)_Corr_eudist_Ann_Pub.png Graphic file (type png)

<use Raw(log)_Corr_eudist_Ann_Pub.png>
Package pdftex.def Info: Raw(log)_Corr_eudist_Ann_Pub.png used on input line 10
8.
(pdftex.def)             Requested size: 1605.99611pt x 1605.99611pt.
 [9] [10 <./Raw(log)_Corr_eudist_Cut_part_Pub.png (PNG copy)>]

LaTeX Warning: Text page 11 contains only floats.

[11 <./Raw(log)_Corr_eudist_Ann_Pub.png (PNG copy)>]
Overfull \hbox (9.58594pt too wide) in paragraph at lines 120--121
\OT1/cmr/m/n/12 Various statisi-cal, com-pu-ta-tional, and bioin-for-mat-ics te
ch-niques were per-formed through-
 []

[12] [13] [14] [15] [16] [17] [18] [19] [20]
Overfull \hbox (441.01772pt too wide) detected at line 553
 [] 
 []

[21] [22] [23]
Chapter 3.
[24

] (./SL_Method.pdf_tex <SL_Method.pdf, id=576, 518.34277pt x 199.68352pt>
File: SL_Method.pdf Graphic file (type pdf)

<use SL_Method.pdf>
Package pdftex.def Info: SL_Method.pdf used on input line 52.
(pdftex.def)             Requested size: 518.34277pt x 199.69215pt.

! Missing delimiter (. inserted).
<to be read again> 
                   {
l.64 ...\textbf{$\xrightarrow{\makebox[3cm]{}}$}}}
                                                  %
I was expecting to see something like `(' or `\{' or
`\}' here. If you typed, e.g., `{' instead of `\{', you
should probably delete the `{' by typing `1' now, so that
braces don't get unbalanced. Otherwise just proceed.
Acceptable delimiters are characters whose \delcode is
nonnegative, or you can use `\delimiter <delimiter code>'.

! Missing delimiter (. inserted).
<to be read again> 
                   {
l.65 ...bf{$\xrightarrow{\makebox[1.125cm]{}}$}}}}
                                                  %
I was expecting to see something like `(' or `\{' or
`\}' here. If you typed, e.g., `{' instead of `\{', you
should probably delete the `{' by typing `1' now, so that
braces don't get unbalanced. Otherwise just proceed.
Acceptable delimiters are characters whose \delcode is
nonnegative, or you can use `\delimiter <delimiter code>'.

) [25 <./SL_Method.pdf>] (./SL_Method_mtSL.pdf_tex
<SL_Method_mtSL.pdf, id=585, 518.46199pt x 199.68126pt>
File: SL_Method_mtSL.pdf Graphic file (type pdf)

<use SL_Method_mtSL.pdf>
Package pdftex.def Info: SL_Method_mtSL.pdf used on input line 52.
(pdftex.def)             Requested size: 518.46196pt x 199.68991pt.

! Missing delimiter (. inserted).
<to be read again> 
                   {
l.62 ...\textbf{$\xrightarrow{\makebox[3cm]{}}$}}}
                                                  %
I was expecting to see something like `(' or `\{' or
`\}' here. If you typed, e.g., `{' instead of `\{', you
should probably delete the `{' by typing `1' now, so that
braces don't get unbalanced. Otherwise just proceed.
Acceptable delimiters are characters whose \delcode is
nonnegative, or you can use `\delimiter <delimiter code>'.

! Missing delimiter (. inserted).
<to be read again> 
                   {
l.63 ...bf{$\xrightarrow{\makebox[1.125cm]{}}$}}}}
                                                  %
I was expecting to see something like `(' or `\{' or
`\}' here. If you typed, e.g., `{' instead of `\{', you
should probably delete the `{' by typing `1' now, so that
braces don't get unbalanced. Otherwise just proceed.
Acceptable delimiters are characters whose \delcode is
nonnegative, or you can use `\delimiter <delimiter code>'.

) [26 <./SL_Method_mtSL.pdf>] [27] <"SL_Model".pdf, id=600, 642.4pt x 481.8pt>
File: "SL_Model".pdf Graphic file (type pdf)

<use "SL_Model".pdf>
Package pdftex.def Info: "SL_Model".pdf used on input line 687.
(pdftex.def)             Requested size: 642.39844pt x 481.79881pt.

Overfull \hbox (14.63722pt too wide) in paragraph at lines 687--688
 [] 
 []

<"SL_Model_Higher".pdf, id=601, 642.4pt x 481.8pt>
File: "SL_Model_Higher".pdf Graphic file (type pdf)
 <use "SL_Model_Higher".pdf>
Package pdftex.def Info: "SL_Model_Higher".pdf used on input line 704.
(pdftex.def)             Requested size: 642.39844pt x 481.79881pt.

Overfull \hbox (14.63722pt too wide) in paragraph at lines 704--705
 [] 
 []

[28] [29 <./SL_Model.pdf>] [30 <./SL_Model_Higher.pdf>]
<"SL_Model_Expression".pdf, id=708, 642.4pt x 481.8pt>
File: "SL_Model_Expression".pdf Graphic file (type pdf)

<use "SL_Model_Expression".pdf>
Package pdftex.def Info: "SL_Model_Expression".pdf used on input line 720.
(pdftex.def)             Requested size: 642.39844pt x 481.79881pt.

Overfull \hbox (14.63722pt too wide) in paragraph at lines 720--721
 [] 
 []


<"/home/tomkelly/Documents/PhD Otago Uni/SL_Model/graph_sim_method/expr_mat".pn
g, id=712, 803.0pt x 803.0pt>
File: "/home/tomkelly/Documents/PhD Otago Uni/SL_Model/graph_sim_method/expr_ma
t".png Graphic file (type png)

<use "/home/tomkelly/Documents/PhD Otago Uni/SL_Model/graph_sim_method/expr_mat
".png>
Package pdftex.def Info: "/home/tomkelly/Documents/PhD Otago Uni/SL_Model/graph
_sim_method/expr_mat".png used on input line 745.
(pdftex.def)             Requested size: 220.50885pt x 220.50098pt.

<"/home/tomkelly/Documents/PhD Otago Uni/SL_Model/graph_sim_method/expr_disc_ma
t".png, id=713, 803.0pt x 803.0pt>
File: "/home/tomkelly/Documents/PhD Otago Uni/SL_Model/graph_sim_method/expr_di
sc_mat".png Graphic file (type png)

<use "/home/tomkelly/Documents/PhD Otago Uni/SL_Model/graph_sim_method/expr_dis
c_mat".png>
Package pdftex.def Info: "/home/tomkelly/Documents/PhD Otago Uni/SL_Model/graph
_sim_method/expr_disc_mat".png used on input line 750.
(pdftex.def)             Requested size: 220.50885pt x 220.50098pt.

Overfull \hbox (15.66649pt too wide) in paragraph at lines 745--752
 [][][] 
 []


<"/home/tomkelly/Documents/PhD Otago Uni/SL_Model/graph_sim_method/expr_SL_disc
_mat".png, id=715, 803.0pt x 803.0pt>
File: "/home/tomkelly/Documents/PhD Otago Uni/SL_Model/graph_sim_method/expr_SL
_disc_mat".png Graphic file (type png)

<use "/home/tomkelly/Documents/PhD Otago Uni/SL_Model/graph_sim_method/expr_SL_
disc_mat".png>
Package pdftex.def Info: "/home/tomkelly/Documents/PhD Otago Uni/SL_Model/graph
_sim_method/expr_SL_disc_mat".png used on input line 768.
(pdftex.def)             Requested size: 220.50885pt x 238.72096pt.

<"/home/tomkelly/Documents/PhD Otago Uni/SL_Model/graph_sim_method/expr_disc_qu
ery_mat_graph".png, id=717, 803.0pt x 803.0pt>
File: "/home/tomkelly/Documents/PhD Otago Uni/SL_Model/graph_sim_method/expr_di
sc_query_mat_graph".png Graphic file (type png)

<use "/home/tomkelly/Documents/PhD Otago Uni/SL_Model/graph_sim_method/expr_dis
c_query_mat_graph".png>
Package pdftex.def Info: "/home/tomkelly/Documents/PhD Otago Uni/SL_Model/graph
_sim_method/expr_disc_query_mat_graph".png used on input line 773.
(pdftex.def)             Requested size: 220.50885pt x 238.72096pt.

Overfull \hbox (15.66649pt too wide) in paragraph at lines 768--775
 [][][] 
 []

[31]

LaTeX Warning: Text page 32 contains only floats.

[32 <./SL_Model_Expression.pdf>]
File: "/home/tomkelly/Documents/PhD Otago Uni/SL_Model/graph_sim_method/expr_ma
t".png Graphic file (type png)

<use "/home/tomkelly/Documents/PhD Otago Uni/SL_Model/graph_sim_method/expr_mat
".png>
Package pdftex.def Info: "/home/tomkelly/Documents/PhD Otago Uni/SL_Model/graph
_sim_method/expr_mat".png used on input line 792.
(pdftex.def)             Requested size: 220.50885pt x 220.50098pt.

<"/home/tomkelly/Documents/PhD Otago Uni/SL_Model/graph_sim_method/expr_query_m
at_graph".png, id=750, 803.0pt x 803.0pt>
File: "/home/tomkelly/Documents/PhD Otago Uni/SL_Model/graph_sim_method/expr_qu
ery_mat_graph".png Graphic file (type png)

<use "/home/tomkelly/Documents/PhD Otago Uni/SL_Model/graph_sim_method/expr_que
ry_mat_graph".png>
Package pdftex.def Info: "/home/tomkelly/Documents/PhD Otago Uni/SL_Model/graph
_sim_method/expr_query_mat_graph".png used on input line 797.
(pdftex.def)             Requested size: 220.50885pt x 220.50098pt.

Overfull \hbox (15.66649pt too wide) in paragraph at lines 792--799
 [][][] 
 []

[33 </home/tomkelly/Documents/PhD Otago Uni/SL_Model/graph_sim_method/expr_mat.
png (PNG copy)> </home/tomkelly/Documents/PhD Otago Uni/SL_Model/graph_sim_meth
od/expr_disc_mat.png (PNG copy)>] [34 </home/tomkelly/Documents/PhD Otago Uni/S
L_Model/graph_sim_method/expr_SL_disc_mat.png> </home/tomkelly/Documents/PhD Ot
ago Uni/SL_Model/graph_sim_method/expr_disc_query_mat_graph.png (PNG copy)>]
[35 </home/tomkelly/Documents/PhD Otago Uni/SL_Model/graph_sim_method/expr_quer
y_mat_graph.png (PNG copy)>]
<"/home/tomkelly/Documents/PhD Otago Uni/SL_Model/graph_sim_method/simple_graph
".png, id=772, 803.0pt x 803.0pt>
File: "/home/tomkelly/Documents/PhD Otago Uni/SL_Model/graph_sim_method/simple_
graph".png Graphic file (type png)

<use "/home/tomkelly/Documents/PhD Otago Uni/SL_Model/graph_sim_method/simple_g
raph".png>
Package pdftex.def Info: "/home/tomkelly/Documents/PhD Otago Uni/SL_Model/graph
_sim_method/simple_graph".png used on input line 847.
(pdftex.def)             Requested size: 220.50885pt x 220.50098pt.

<"/home/tomkelly/Documents/PhD Otago Uni/SL_Model/graph_sim_method/simple_graph
_inhibiting".png, id=773, 803.0pt x 803.0pt>
File: "/home/tomkelly/Documents/PhD Otago Uni/SL_Model/graph_sim_method/simple_
graph_inhibiting".png Graphic file (type png)

<use "/home/tomkelly/Documents/PhD Otago Uni/SL_Model/graph_sim_method/simple_g
raph_inhibiting".png>
Package pdftex.def Info: "/home/tomkelly/Documents/PhD Otago Uni/SL_Model/graph
_sim_method/simple_graph_inhibiting".png used on input line 851.
(pdftex.def)             Requested size: 220.50885pt x 220.50098pt.

Overfull \hbox (15.66649pt too wide) in paragraph at lines 847--853
 [][][] 
 []

[36 </home/tomkelly/Documents/PhD Otago Uni/SL_Model/graph_sim_method/simple_gr
aph.png (PNG copy)> </home/tomkelly/Documents/PhD Otago Uni/SL_Model/graph_sim_
method/simple_graph_inhibiting.png (PNG copy)>]
File: "/home/tomkelly/Documents/PhD Otago Uni/SL_Model/graph_sim_method/simple_
graph".png Graphic file (type png)

<use "/home/tomkelly/Documents/PhD Otago Uni/SL_Model/graph_sim_method/simple_g
raph".png>
Package pdftex.def Info: "/home/tomkelly/Documents/PhD Otago Uni/SL_Model/graph
_sim_method/simple_graph".png used on input line 868.
(pdftex.def)             Requested size: 154.35889pt x 154.36049pt.

<"/home/tomkelly/Documents/PhD Otago Uni/SL_Model/graph_sim_method/dist_mat".pn
g, id=782, 803.0pt x 803.0pt>
File: "/home/tomkelly/Documents/PhD Otago Uni/SL_Model/graph_sim_method/dist_ma
t".png Graphic file (type png)

<use "/home/tomkelly/Documents/PhD Otago Uni/SL_Model/graph_sim_method/dist_mat
".png>
Package pdftex.def Info: "/home/tomkelly/Documents/PhD Otago Uni/SL_Model/graph
_sim_method/dist_mat".png used on input line 872.
(pdftex.def)             Requested size: 154.35889pt x 154.36049pt.

<"/home/tomkelly/Documents/PhD Otago Uni/SL_Model/graph_sim_method/sigma_mat".p
ng, id=783, 803.0pt x 803.0pt>
File: "/home/tomkelly/Documents/PhD Otago Uni/SL_Model/graph_sim_method/sigma_m
at".png Graphic file (type png)

<use "/home/tomkelly/Documents/PhD Otago Uni/SL_Model/graph_sim_method/sigma_ma
t".png>
Package pdftex.def Info: "/home/tomkelly/Documents/PhD Otago Uni/SL_Model/graph
_sim_method/sigma_mat".png used on input line 877.
(pdftex.def)             Requested size: 154.35889pt x 154.36049pt.
File: "/home/tomkelly/Documents/PhD Otago Uni/SL_Model/graph_sim_method/expr_ma
t".png Graphic file (type png)

<use "/home/tomkelly/Documents/PhD Otago Uni/SL_Model/graph_sim_method/expr_mat
".png>
Package pdftex.def Info: "/home/tomkelly/Documents/PhD Otago Uni/SL_Model/graph
_sim_method/expr_mat".png used on input line 881.
(pdftex.def)             Requested size: 154.35889pt x 154.36049pt.

<"/home/tomkelly/Documents/PhD Otago Uni/SL_Model/graph_sim_method/expr_cor_mat
".png, id=784, 803.0pt x 803.0pt>
File: "/home/tomkelly/Documents/PhD Otago Uni/SL_Model/graph_sim_method/expr_co
r_mat".png Graphic file (type png)

<use "/home/tomkelly/Documents/PhD Otago Uni/SL_Model/graph_sim_method/expr_cor
_mat".png>
Package pdftex.def Info: "/home/tomkelly/Documents/PhD Otago Uni/SL_Model/graph
_sim_method/expr_cor_mat".png used on input line 886.
(pdftex.def)             Requested size: 154.35889pt x 154.36049pt.
File: "/home/tomkelly/Documents/PhD Otago Uni/SL_Model/graph_sim_method/expr_di
sc_mat".png Graphic file (type png)

<use "/home/tomkelly/Documents/PhD Otago Uni/SL_Model/graph_sim_method/expr_dis
c_mat".png>
Package pdftex.def Info: "/home/tomkelly/Documents/PhD Otago Uni/SL_Model/graph
_sim_method/expr_disc_mat".png used on input line 890.
(pdftex.def)             Requested size: 154.35889pt x 154.36049pt.
File: "/home/tomkelly/Documents/PhD Otago Uni/SL_Model/graph_sim_method/simple_
graph_inhibiting".png Graphic file (type png)

<use "/home/tomkelly/Documents/PhD Otago Uni/SL_Model/graph_sim_method/simple_g
raph_inhibiting".png>
Package pdftex.def Info: "/home/tomkelly/Documents/PhD Otago Uni/SL_Model/graph
_sim_method/simple_graph_inhibiting".png used on input line 908.
(pdftex.def)             Requested size: 154.35889pt x 154.36049pt.
File: "/home/tomkelly/Documents/PhD Otago Uni/SL_Model/graph_sim_method/dist_ma
t".png Graphic file (type png)

<use "/home/tomkelly/Documents/PhD Otago Uni/SL_Model/graph_sim_method/dist_mat
".png>
Package pdftex.def Info: "/home/tomkelly/Documents/PhD Otago Uni/SL_Model/graph
_sim_method/dist_mat".png used on input line 912.
(pdftex.def)             Requested size: 154.35889pt x 154.36049pt.

<"/home/tomkelly/Documents/PhD Otago Uni/SL_Model/graph_sim_method/sigma_mat_in
hibiting".png, id=795, 803.0pt x 803.0pt>
File: "/home/tomkelly/Documents/PhD Otago Uni/SL_Model/graph_sim_method/sigma_m
at_inhibiting".png Graphic file (type png)

<use "/home/tomkelly/Documents/PhD Otago Uni/SL_Model/graph_sim_method/sigma_ma
t_inhibiting".png>
Package pdftex.def Info: "/home/tomkelly/Documents/PhD Otago Uni/SL_Model/graph
_sim_method/sigma_mat_inhibiting".png used on input line 917.
(pdftex.def)             Requested size: 154.35889pt x 154.36049pt.

<"/home/tomkelly/Documents/PhD Otago Uni/SL_Model/graph_sim_method/expr_mat_inh
ibiting".png, id=796, 803.0pt x 803.0pt>
File: "/home/tomkelly/Documents/PhD Otago Uni/SL_Model/graph_sim_method/expr_ma
t_inhibiting".png Graphic file (type png)

<use "/home/tomkelly/Documents/PhD Otago Uni/SL_Model/graph_sim_method/expr_mat
_inhibiting".png>
Package pdftex.def Info: "/home/tomkelly/Documents/PhD Otago Uni/SL_Model/graph
_sim_method/expr_mat_inhibiting".png used on input line 921.
(pdftex.def)             Requested size: 154.35889pt x 154.36049pt.

<"/home/tomkelly/Documents/PhD Otago Uni/SL_Model/graph_sim_method/expr_cor_mat
_inhibiting".png, id=797, 803.0pt x 803.0pt>
File: "/home/tomkelly/Documents/PhD Otago Uni/SL_Model/graph_sim_method/expr_co
r_mat_inhibiting".png Graphic file (type png)

<use "/home/tomkelly/Documents/PhD Otago Uni/SL_Model/graph_sim_method/expr_cor
_mat_inhibiting".png>
Package pdftex.def Info: "/home/tomkelly/Documents/PhD Otago Uni/SL_Model/graph
_sim_method/expr_cor_mat_inhibiting".png used on input line 926.
(pdftex.def)             Requested size: 154.35889pt x 154.36049pt.

<"/home/tomkelly/Documents/PhD Otago Uni/SL_Model/graph_sim_method/expr_inhib_d
isc_mat".png, id=798, 803.0pt x 803.0pt>
File: "/home/tomkelly/Documents/PhD Otago Uni/SL_Model/graph_sim_method/expr_in
hib_disc_mat".png Graphic file (type png)

<use "/home/tomkelly/Documents/PhD Otago Uni/SL_Model/graph_sim_method/expr_inh
ib_disc_mat".png>
Package pdftex.def Info: "/home/tomkelly/Documents/PhD Otago Uni/SL_Model/graph
_sim_method/expr_inhib_disc_mat".png used on input line 930.
(pdftex.def)             Requested size: 154.35889pt x 154.36049pt.
 [37]) [38] [39 </home/tomkelly/Documents/PhD Otago Uni/SL_Model/graph_sim_meth
od/dist_mat.png (PNG copy)> </home/tomkelly/Documents/PhD Otago Uni/SL_Model/gr
aph_sim_method/sigma_mat.png (PNG copy)> </home/tomkelly/Documents/PhD Otago Un
i/SL_Model/graph_sim_method/expr_cor_mat.png (PNG copy)>]
[40 </home/tomkelly/Documents/PhD Otago Uni/SL_Model/graph_sim_method/sigma_mat
_inhibiting.png (PNG copy)> </home/tomkelly/Documents/PhD Otago Uni/SL_Model/gr
aph_sim_method/expr_mat_inhibiting.png (PNG copy)> </home/tomkelly/Documents/Ph
D Otago Uni/SL_Model/graph_sim_method/expr_cor_mat_inhibiting.png (PNG copy)> <
/home/tomkelly/Documents/PhD Otago Uni/SL_Model/graph_sim_method/expr_inhib_dis
c_mat.png (PNG copy)>] (./20170316_thesis_methods.bbl
Missing character: There is no  in font cmr12!
Missing character: There is no  in font cmr12!
Missing character: There is no  in font cmr12!
 [41



] [42]
Missing character: There is no  in font cmr12!
Missing character: There is no  in font cmr12!
Missing character: There is no  in font cmr12!
) [43]
\openout2 = `appendices.aux'.


(./appendices.tex
Appendix A.

Overfull \hbox (441.01772pt too wide) detected at line 22
 [] 
 []

! Misplaced \noalign.
\hline ->\noalign 
                  {\ifnum 0=`}\fi \penalty \@M \futurelet \@let@token \LT@@h...
l.24 \hline
           
I expect to see \noalign only after the \cr of
an alignment. Proceed, and I'll ignore this case.

! Misplaced \omit.
\multispan ->\omit 
                   \@multispan 
l.25 P
      ackage                       & Repository                & Laptop     ...
I expect to see \omit only after tab marks or the \cr of
an alignment. Proceed, and I'll ignore this case.

! Extra alignment tab has been changed to \cr.
<template> \endtemplate 
                        
l.25 P
      ackage                       & Repository                & Laptop     ...
You have given more \span or & marks than there were
in the preamble to the \halign or \valign now in progress.
So I'll assume that you meant to type \cr instead.


Overfull \hbox (41.3947pt too wide) in alignment at lines 21--44
[] [] [] [] [] []
 []


Overfull \hbox (41.3947pt too wide) in alignment at lines 44--64
[] [] [] [] [] []
 []


Overfull \hbox (41.3947pt too wide) in alignment at lines 64--84
[] [] [] [] [] []
 []

[44


]
Overfull \hbox (41.3947pt too wide) in alignment at lines 84--104
[] [] [] [] [] []
 []

[45]
Overfull \hbox (41.3947pt too wide) in alignment at lines 104--124
[] [] [] [] [] []
 []


Overfull \hbox (41.3947pt too wide) in alignment at lines 124--144
[] [] [] [] [] []
 []

[46]
Overfull \hbox (41.3947pt too wide) in alignment at lines 144--164
[] [] [] [] [] []
 []

[47]
Overfull \hbox (41.3947pt too wide) in alignment at lines 164--184
[] [] [] [] [] []
 []


Overfull \hbox (41.3947pt too wide) in alignment at lines 184--204
[] [] [] [] [] []
 []

[48]
Overfull \hbox (41.3947pt too wide) in alignment at lines 204--224
[] [] [] [] [] []
 []


Overfull \hbox (41.3947pt too wide) in alignment at lines 224--244
[] [] [] [] [] []
 []

[49]
Overfull \hbox (41.3947pt too wide) in alignment at lines 244--264
[] [] [] [] [] []
 []

[50]
Overfull \hbox (41.3947pt too wide) in alignment at lines 264--284
[] [] [] [] [] []
 []


Overfull \hbox (41.3947pt too wide) in alignment at lines 284--287
[] [] [] [] [] []
 []

[51]) [52]
Package atveryend Info: Empty hook `BeforeClearDocument' on input line 125.
Package atveryend Info: Empty hook `AfterLastShipout' on input line 125.
 (./20170316_thesis_methods.aux (./methods.aux) (./appendices.aux))
Package atveryend Info: Executing hook `AtVeryEndDocument' on input line 125.
Package atveryend Info: Executing hook `AtEndAfterFileList' on input line 125.
Package rerunfilecheck Info: File `20170316_thesis_methods.out' has not changed
.
(rerunfilecheck)             Checksum: 51682058178BD337A23A069400E0CEEC;4069.
Package atveryend Info: Empty hook `AtVeryVeryEnd' on input line 125.
 ) 
Here is how much of TeX's memory you used:
 20605 strings out of 494985
 365560 string characters out of 6180356
 501830 words of memory out of 5000000
 23243 multiletter control sequences out of 15000+600000
 10647 words of font info for 39 fonts, out of 8000000 for 9000
 36 hyphenation exceptions out of 8191
 59i,25n,94p,2189b,464s stack positions out of 5000i,500n,10000p,200000b,80000s
</usr/share/texlive/texmf-dist/fonts/type1/public/amsfonts/cm/cmbx12.pfb></us
r/share/texlive/texmf-dist/fonts/type1/public/amsfonts/cm/cmex10.pfb></usr/shar
e/texlive/texmf-dist/fonts/type1/public/amsfonts/cm/cmmi12.pfb></usr/share/texl
ive/texmf-dist/fonts/type1/public/amsfonts/cm/cmmi8.pfb></usr/share/texlive/tex
mf-dist/fonts/type1/public/amsfonts/cm/cmr10.pfb></usr/share/texlive/texmf-dist
/fonts/type1/public/amsfonts/cm/cmr12.pfb></usr/share/texlive/texmf-dist/fonts/
type1/public/amsfonts/cm/cmr8.pfb></usr/share/texlive/texmf-dist/fonts/type1/pu
blic/amsfonts/cm/cmsy10.pfb></usr/share/texlive/texmf-dist/fonts/type1/public/a
msfonts/cm/cmsy8.pfb></usr/share/texlive/texmf-dist/fonts/type1/public/amsfonts
/cm/cmti12.pfb></usr/share/texlive/texmf-dist/fonts/type1/public/amsfonts/cm/cm
tt12.pfb>
Output written on 20170316_thesis_methods.pdf (52 pages, 1687870 bytes).
PDF statistics:
 967 PDF objects out of 1000 (max. 8388607)
 819 compressed objects within 9 object streams
 176 named destinations out of 1000 (max. 500000)
 538 words of extra memory for PDF output out of 10000 (max. 10000000)

