\BOOKMARK [0][-]{section*.4}{Glossary}{}% 1
\BOOKMARK [0][-]{section*.6}{Acronyms}{}% 2
\BOOKMARK [0][-]{chapter.5}{Synthetic Lethal Pathway Structure}{}% 140
\BOOKMARK [1][-]{section.5.1}{Synthetic Lethal Genes in Reactome Pathways}{chapter.5}% 141
\BOOKMARK [2][-]{subsection.5.1.1}{The PI3K/AKT Pathway}{section.5.1}% 142
\BOOKMARK [2][-]{subsection.5.1.2}{The Extracellular Matrix}{section.5.1}% 143
\BOOKMARK [2][-]{subsection.5.1.3}{G Protein Coupled Receptors}{section.5.1}% 144
\BOOKMARK [2][-]{subsection.5.1.4}{Gene Regulation and Translation}{section.5.1}% 145
\BOOKMARK [1][-]{section.5.2}{Network Analysis of Synthetic Lethal Genes}{chapter.5}% 146
\BOOKMARK [2][-]{subsection.5.2.1}{Gene Connectivity and Vertex Degree}{section.5.2}% 147
\BOOKMARK [2][-]{subsection.5.2.2}{Gene Importance and Centrality}{section.5.2}% 148
\BOOKMARK [3][-]{subsubsection.5.2.2.1}{Information Centrality}{subsection.5.2.2}% 149
\BOOKMARK [3][-]{subsubsection.5.2.2.2}{PageRank Centrality}{subsection.5.2.2}% 150
\BOOKMARK [1][-]{section.5.3}{Relationships between Synthetic Lethal Genes}{chapter.5}% 151
\BOOKMARK [2][-]{subsection.5.3.1}{Hierarchical Pathway Structure}{section.5.3}% 152
\BOOKMARK [3][-]{subsubsection.5.3.1.1}{Contextual Hierarchy of PI3K}{subsection.5.3.1}% 153
\BOOKMARK [3][-]{subsubsection.5.3.1.2}{Testing Contextual Hierarchy of Synthetic Lethal Genes}{subsection.5.3.1}% 154
\BOOKMARK [2][-]{subsection.5.3.2}{Upstream or Downstream Synthetic Lethality}{section.5.3}% 155
\BOOKMARK [3][-]{subsubsection.5.3.2.1}{Measuring Structure of Candidates within PI3K}{subsection.5.3.2}% 156
\BOOKMARK [3][-]{subsubsection.5.3.2.2}{Resampling for Synthetic Lethal Pathway Structure}{subsection.5.3.2}% 157
\BOOKMARK [1][-]{section.5.4}{Discussion}{chapter.5}% 158
\BOOKMARK [1][-]{section.5.5}{Summary}{chapter.5}% 159
\BOOKMARK [0][-]{section.5.5}{References}{}% 203
