This is pdfTeX, Version 3.14159265-2.6-1.40.16 (TeX Live 2015/Debian) (preloaded format=pdflatex 2016.9.16)  13 FEB 2017 14:00
entering extended mode
 restricted \write18 enabled.
 %&-line parsing enabled.
**thesis_introduction.tex
(./thesis_introduction.tex
LaTeX2e <2016/02/01>
Babel <3.9q> and hyphenation patterns for 12 language(s) loaded.
(/usr/share/texlive/texmf-dist/tex/latex/base/report.cls
Document Class: report 2014/09/29 v1.4h Standard LaTeX document class
(/usr/share/texlive/texmf-dist/tex/latex/base/size12.clo
File: size12.clo 2014/09/29 v1.4h Standard LaTeX file (size option)
)
\c@part=\count79
\c@chapter=\count80
\c@section=\count81
\c@subsection=\count82
\c@subsubsection=\count83
\c@paragraph=\count84
\c@subparagraph=\count85
\c@figure=\count86
\c@table=\count87
\abovecaptionskip=\skip41
\belowcaptionskip=\skip42
\bibindent=\dimen102
) (./otagothesis.sty
Package: otagothesis 1998/02/03 v0.99 Otago's A4 based page layout
)
(/usr/share/texlive/texmf-dist/tex/latex/natbib/natbib.sty
Package: natbib 2010/09/13 8.31b (PWD, AO)
\bibhang=\skip43
\bibsep=\skip44
LaTeX Info: Redefining \cite on input line 694.
\c@NAT@ctr=\count88
)
(/usr/share/texlive/texmf-dist/tex/latex/graphics/graphicx.sty
Package: graphicx 2014/10/28 v1.0g Enhanced LaTeX Graphics (DPC,SPQR)

(/usr/share/texlive/texmf-dist/tex/latex/graphics/keyval.sty
Package: keyval 2014/10/28 v1.15 key=value parser (DPC)
\KV@toks@=\toks14
)
(/usr/share/texlive/texmf-dist/tex/latex/graphics/graphics.sty
Package: graphics 2016/01/03 v1.0q Standard LaTeX Graphics (DPC,SPQR)

(/usr/share/texlive/texmf-dist/tex/latex/graphics/trig.sty
Package: trig 2016/01/03 v1.10 sin cos tan (DPC)
)
(/usr/share/texlive/texmf-dist/tex/latex/latexconfig/graphics.cfg
File: graphics.cfg 2010/04/23 v1.9 graphics configuration of TeX Live
)
Package graphics Info: Driver file: pdftex.def on input line 95.

(/usr/share/texlive/texmf-dist/tex/latex/pdftex-def/pdftex.def
File: pdftex.def 2011/05/27 v0.06d Graphics/color for pdfTeX

(/usr/share/texlive/texmf-dist/tex/generic/oberdiek/infwarerr.sty
Package: infwarerr 2010/04/08 v1.3 Providing info/warning/error messages (HO)
)
(/usr/share/texlive/texmf-dist/tex/generic/oberdiek/ltxcmds.sty
Package: ltxcmds 2011/11/09 v1.22 LaTeX kernel commands for general use (HO)
)
\Gread@gobject=\count89
))
\Gin@req@height=\dimen103
\Gin@req@width=\dimen104
)
(/usr/share/texlive/texmf-dist/tex/latex/moreverb/moreverb.sty
Package: moreverb 2008/06/03 v2.3a `more' verbatim facilities

(/usr/share/texlive/texmf-dist/tex/latex/tools/verbatim.sty
Package: verbatim 2014/10/28 v1.5q LaTeX2e package for verbatim enhancements
\every@verbatim=\toks15
\verbatim@line=\toks16
\verbatim@in@stream=\read1
)
\tab@position=\count90
\tab@size=\count91
\listing@line=\count92
)
(/usr/share/texlive/texmf-dist/tex/latex/hyperref/hyperref.sty
Package: hyperref 2012/11/06 v6.83m Hypertext links for LaTeX

(/usr/share/texlive/texmf-dist/tex/generic/oberdiek/hobsub-hyperref.sty
Package: hobsub-hyperref 2012/05/28 v1.13 Bundle oberdiek, subset hyperref (HO)


(/usr/share/texlive/texmf-dist/tex/generic/oberdiek/hobsub-generic.sty
Package: hobsub-generic 2012/05/28 v1.13 Bundle oberdiek, subset generic (HO)
Package: hobsub 2012/05/28 v1.13 Construct package bundles (HO)
Package hobsub Info: Skipping package `infwarerr' (already loaded).
Package hobsub Info: Skipping package `ltxcmds' (already loaded).
Package: ifluatex 2010/03/01 v1.3 Provides the ifluatex switch (HO)
Package ifluatex Info: LuaTeX not detected.
Package: ifvtex 2010/03/01 v1.5 Detect VTeX and its facilities (HO)
Package ifvtex Info: VTeX not detected.
Package: intcalc 2007/09/27 v1.1 Expandable calculations with integers (HO)
Package: ifpdf 2011/01/30 v2.3 Provides the ifpdf switch (HO)
Package ifpdf Info: pdfTeX in PDF mode is detected.
Package: etexcmds 2011/02/16 v1.5 Avoid name clashes with e-TeX commands (HO)
Package etexcmds Info: Could not find \expanded.
(etexcmds)             That can mean that you are not using pdfTeX 1.50 or
(etexcmds)             that some package has redefined \expanded.
(etexcmds)             In the latter case, load this package earlier.
Package: kvsetkeys 2012/04/25 v1.16 Key value parser (HO)
Package: kvdefinekeys 2011/04/07 v1.3 Define keys (HO)
Package: pdftexcmds 2011/11/29 v0.20 Utility functions of pdfTeX for LuaTeX (HO
)
Package pdftexcmds Info: LuaTeX not detected.
Package pdftexcmds Info: \pdf@primitive is available.
Package pdftexcmds Info: \pdf@ifprimitive is available.
Package pdftexcmds Info: \pdfdraftmode found.
Package: pdfescape 2011/11/25 v1.13 Implements pdfTeX's escape features (HO)
Package: bigintcalc 2012/04/08 v1.3 Expandable calculations on big integers (HO
)
Package: bitset 2011/01/30 v1.1 Handle bit-vector datatype (HO)
Package: uniquecounter 2011/01/30 v1.2 Provide unlimited unique counter (HO)
)
Package hobsub Info: Skipping package `hobsub' (already loaded).
Package: letltxmacro 2010/09/02 v1.4 Let assignment for LaTeX macros (HO)
Package: hopatch 2012/05/28 v1.2 Wrapper for package hooks (HO)
Package: xcolor-patch 2011/01/30 xcolor patch
Package: atveryend 2011/06/30 v1.8 Hooks at the very end of document (HO)
Package atveryend Info: \enddocument detected (standard20110627).
Package: atbegshi 2011/10/05 v1.16 At begin shipout hook (HO)
Package: refcount 2011/10/16 v3.4 Data extraction from label references (HO)
Package: hycolor 2011/01/30 v1.7 Color options for hyperref/bookmark (HO)
)
(/usr/share/texlive/texmf-dist/tex/generic/ifxetex/ifxetex.sty
Package: ifxetex 2010/09/12 v0.6 Provides ifxetex conditional
)
(/usr/share/texlive/texmf-dist/tex/latex/oberdiek/auxhook.sty
Package: auxhook 2011/03/04 v1.3 Hooks for auxiliary files (HO)
)
(/usr/share/texlive/texmf-dist/tex/latex/oberdiek/kvoptions.sty
Package: kvoptions 2011/06/30 v3.11 Key value format for package options (HO)
)
\@linkdim=\dimen105
\Hy@linkcounter=\count93
\Hy@pagecounter=\count94

(/usr/share/texlive/texmf-dist/tex/latex/hyperref/pd1enc.def
File: pd1enc.def 2012/11/06 v6.83m Hyperref: PDFDocEncoding definition (HO)
)
\Hy@SavedSpaceFactor=\count95

(/usr/share/texlive/texmf-dist/tex/latex/latexconfig/hyperref.cfg
File: hyperref.cfg 2002/06/06 v1.2 hyperref configuration of TeXLive
)
Package hyperref Info: Hyper figures OFF on input line 4443.
Package hyperref Info: Link nesting OFF on input line 4448.
Package hyperref Info: Hyper index ON on input line 4451.
Package hyperref Info: Plain pages OFF on input line 4458.
Package hyperref Info: Backreferencing OFF on input line 4463.
Package hyperref Info: Implicit mode ON; LaTeX internals redefined.
Package hyperref Info: Bookmarks ON on input line 4688.
\c@Hy@tempcnt=\count96

(/usr/share/texlive/texmf-dist/tex/latex/url/url.sty
\Urlmuskip=\muskip10
Package: url 2013/09/16  ver 3.4  Verb mode for urls, etc.
)
LaTeX Info: Redefining \url on input line 5041.
\XeTeXLinkMargin=\dimen106
\Fld@menulength=\count97
\Field@Width=\dimen107
\Fld@charsize=\dimen108
Package hyperref Info: Hyper figures OFF on input line 6295.
Package hyperref Info: Link nesting OFF on input line 6300.
Package hyperref Info: Hyper index ON on input line 6303.
Package hyperref Info: backreferencing OFF on input line 6310.
Package hyperref Info: Link coloring OFF on input line 6315.
Package hyperref Info: Link coloring with OCG OFF on input line 6320.
Package hyperref Info: PDF/A mode OFF on input line 6325.
LaTeX Info: Redefining \ref on input line 6365.
LaTeX Info: Redefining \pageref on input line 6369.
\Hy@abspage=\count98
\c@Item=\count99
\c@Hfootnote=\count100
)

Package hyperref Message: Driver (autodetected): hpdftex.

(/usr/share/texlive/texmf-dist/tex/latex/hyperref/hpdftex.def
File: hpdftex.def 2012/11/06 v6.83m Hyperref driver for pdfTeX
\Fld@listcount=\count101
\c@bookmark@seq@number=\count102

(/usr/share/texlive/texmf-dist/tex/latex/oberdiek/rerunfilecheck.sty
Package: rerunfilecheck 2011/04/15 v1.7 Rerun checks for auxiliary files (HO)
Package uniquecounter Info: New unique counter `rerunfilecheck' on input line 2
82.
)
\Hy@SectionHShift=\skip45
)
(/usr/share/texlive/texmf-dist/tex/latex/xcolor/xcolor.sty
Package: xcolor 2007/01/21 v2.11 LaTeX color extensions (UK)

(/usr/share/texlive/texmf-dist/tex/latex/latexconfig/color.cfg
File: color.cfg 2007/01/18 v1.5 color configuration of teTeX/TeXLive
)
Package xcolor Info: Driver file: pdftex.def on input line 225.
Package xcolor Info: Model `cmy' substituted by `cmy0' on input line 1337.
Package xcolor Info: Model `hsb' substituted by `rgb' on input line 1341.
Package xcolor Info: Model `RGB' extended on input line 1353.
Package xcolor Info: Model `HTML' substituted by `rgb' on input line 1355.
Package xcolor Info: Model `Hsb' substituted by `hsb' on input line 1356.
Package xcolor Info: Model `tHsb' substituted by `hsb' on input line 1357.
Package xcolor Info: Model `HSB' substituted by `hsb' on input line 1358.
Package xcolor Info: Model `Gray' substituted by `gray' on input line 1359.
Package xcolor Info: Model `wave' substituted by `hsb' on input line 1360.
)
(/usr/share/texlive/texmf-dist/tex/latex/supertabular/supertabular.sty
Package: supertabular 2004/02/20 v4.1e the supertabular environment
\c@tracingst=\count103
\ST@wd=\dimen109
\ST@rightskip=\skip46
\ST@leftskip=\skip47
\ST@parfillskip=\skip48
\ST@pageleft=\dimen110
\ST@headht=\dimen111
\ST@tailht=\dimen112
\ST@pagesofar=\dimen113
\ST@pboxht=\dimen114
\ST@lineht=\dimen115
\ST@stretchht=\dimen116
\ST@prevht=\dimen117
\ST@toadd=\dimen118
\ST@dimen=\dimen119
\ST@pbox=\box26
)
(/usr/share/texlive/texmf-dist/tex/latex/tools/tabularx.sty
Package: tabularx 2014/10/28 v2.10 `tabularx' package (DPC)

(/usr/share/texlive/texmf-dist/tex/latex/tools/array.sty
Package: array 2014/10/28 v2.4c Tabular extension package (FMi)
\col@sep=\dimen120
\extrarowheight=\dimen121
\NC@list=\toks17
\extratabsurround=\skip49
\backup@length=\skip50
)
\TX@col@width=\dimen122
\TX@old@table=\dimen123
\TX@old@col=\dimen124
\TX@target=\dimen125
\TX@delta=\dimen126
\TX@cols=\count104
\TX@ftn=\toks18
)
(/usr/share/texlive/texmf-dist/tex/latex/tools/multicol.sty
Package: multicol 2015/08/19 v1.8n multicolumn formatting (FMi)
\c@tracingmulticols=\count105
\mult@box=\box27
\multicol@leftmargin=\dimen127
\c@unbalance=\count106
\c@collectmore=\count107
\doublecol@number=\count108
\multicoltolerance=\count109
\multicolpretolerance=\count110
\full@width=\dimen128
\page@free=\dimen129
\premulticols=\dimen130
\postmulticols=\dimen131
\multicolsep=\skip51
\multicolbaselineskip=\skip52
\partial@page=\box28
\last@line=\box29
\maxbalancingoverflow=\dimen132
\mult@rightbox=\box30
\mult@grightbox=\box31
\mult@gfirstbox=\box32
\mult@firstbox=\box33
\@tempa=\box34
\@tempa=\box35
\@tempa=\box36
\@tempa=\box37
\@tempa=\box38
\@tempa=\box39
\@tempa=\box40
\@tempa=\box41
\@tempa=\box42
\@tempa=\box43
\@tempa=\box44
\@tempa=\box45
\@tempa=\box46
\@tempa=\box47
\@tempa=\box48
\@tempa=\box49
\@tempa=\box50
\c@columnbadness=\count111
\c@finalcolumnbadness=\count112
\last@try=\dimen133
\multicolovershoot=\dimen134
\multicolundershoot=\dimen135
\mult@nat@firstbox=\box51
\colbreak@box=\box52
\mc@col@check@num=\count113
)
(/usr/share/texlive/texmf-dist/tex/latex/colortbl/colortbl.sty
Package: colortbl 2012/02/13 v1.0a Color table columns (DPC)
\everycr=\toks19
\minrowclearance=\skip53
)
(/usr/share/texlive/texmf-dist/tex/latex/base/textcomp.sty
Package: textcomp 2005/09/27 v1.99g Standard LaTeX package
Package textcomp Info: Sub-encoding information:
(textcomp)               5 = only ISO-Adobe without \textcurrency
(textcomp)               4 = 5 + \texteuro
(textcomp)               3 = 4 + \textohm
(textcomp)               2 = 3 + \textestimated + \textcurrency
(textcomp)               1 = TS1 - \textcircled - \t
(textcomp)               0 = TS1 (full)
(textcomp)             Font families with sub-encoding setting implement
(textcomp)             only a restricted character set as indicated.
(textcomp)             Family '?' is the default used for unknown fonts.
(textcomp)             See the documentation for details.
Package textcomp Info: Setting ? sub-encoding to TS1/1 on input line 79.

(/usr/share/texlive/texmf-dist/tex/latex/base/ts1enc.def
File: ts1enc.def 2001/06/05 v3.0e (jk/car/fm) Standard LaTeX file
)
LaTeX Info: Redefining \oldstylenums on input line 334.
Package textcomp Info: Setting cmr sub-encoding to TS1/0 on input line 349.
Package textcomp Info: Setting cmss sub-encoding to TS1/0 on input line 350.
Package textcomp Info: Setting cmtt sub-encoding to TS1/0 on input line 351.
Package textcomp Info: Setting cmvtt sub-encoding to TS1/0 on input line 352.
Package textcomp Info: Setting cmbr sub-encoding to TS1/0 on input line 353.
Package textcomp Info: Setting cmtl sub-encoding to TS1/0 on input line 354.
Package textcomp Info: Setting ccr sub-encoding to TS1/0 on input line 355.
Package textcomp Info: Setting ptm sub-encoding to TS1/4 on input line 356.
Package textcomp Info: Setting pcr sub-encoding to TS1/4 on input line 357.
Package textcomp Info: Setting phv sub-encoding to TS1/4 on input line 358.
Package textcomp Info: Setting ppl sub-encoding to TS1/3 on input line 359.
Package textcomp Info: Setting pag sub-encoding to TS1/4 on input line 360.
Package textcomp Info: Setting pbk sub-encoding to TS1/4 on input line 361.
Package textcomp Info: Setting pnc sub-encoding to TS1/4 on input line 362.
Package textcomp Info: Setting pzc sub-encoding to TS1/4 on input line 363.
Package textcomp Info: Setting bch sub-encoding to TS1/4 on input line 364.
Package textcomp Info: Setting put sub-encoding to TS1/5 on input line 365.
Package textcomp Info: Setting uag sub-encoding to TS1/5 on input line 366.
Package textcomp Info: Setting ugq sub-encoding to TS1/5 on input line 367.
Package textcomp Info: Setting ul8 sub-encoding to TS1/4 on input line 368.
Package textcomp Info: Setting ul9 sub-encoding to TS1/4 on input line 369.
Package textcomp Info: Setting augie sub-encoding to TS1/5 on input line 370.
Package textcomp Info: Setting dayrom sub-encoding to TS1/3 on input line 371.
Package textcomp Info: Setting dayroms sub-encoding to TS1/3 on input line 372.

Package textcomp Info: Setting pxr sub-encoding to TS1/0 on input line 373.
Package textcomp Info: Setting pxss sub-encoding to TS1/0 on input line 374.
Package textcomp Info: Setting pxtt sub-encoding to TS1/0 on input line 375.
Package textcomp Info: Setting txr sub-encoding to TS1/0 on input line 376.
Package textcomp Info: Setting txss sub-encoding to TS1/0 on input line 377.
Package textcomp Info: Setting txtt sub-encoding to TS1/0 on input line 378.
Package textcomp Info: Setting lmr sub-encoding to TS1/0 on input line 379.
Package textcomp Info: Setting lmdh sub-encoding to TS1/0 on input line 380.
Package textcomp Info: Setting lmss sub-encoding to TS1/0 on input line 381.
Package textcomp Info: Setting lmssq sub-encoding to TS1/0 on input line 382.
Package textcomp Info: Setting lmvtt sub-encoding to TS1/0 on input line 383.
Package textcomp Info: Setting lmtt sub-encoding to TS1/0 on input line 384.
Package textcomp Info: Setting qhv sub-encoding to TS1/0 on input line 385.
Package textcomp Info: Setting qag sub-encoding to TS1/0 on input line 386.
Package textcomp Info: Setting qbk sub-encoding to TS1/0 on input line 387.
Package textcomp Info: Setting qcr sub-encoding to TS1/0 on input line 388.
Package textcomp Info: Setting qcs sub-encoding to TS1/0 on input line 389.
Package textcomp Info: Setting qpl sub-encoding to TS1/0 on input line 390.
Package textcomp Info: Setting qtm sub-encoding to TS1/0 on input line 391.
Package textcomp Info: Setting qzc sub-encoding to TS1/0 on input line 392.
Package textcomp Info: Setting qhvc sub-encoding to TS1/0 on input line 393.
Package textcomp Info: Setting futs sub-encoding to TS1/4 on input line 394.
Package textcomp Info: Setting futx sub-encoding to TS1/4 on input line 395.
Package textcomp Info: Setting futj sub-encoding to TS1/4 on input line 396.
Package textcomp Info: Setting hlh sub-encoding to TS1/3 on input line 397.
Package textcomp Info: Setting hls sub-encoding to TS1/3 on input line 398.
Package textcomp Info: Setting hlst sub-encoding to TS1/3 on input line 399.
Package textcomp Info: Setting hlct sub-encoding to TS1/5 on input line 400.
Package textcomp Info: Setting hlx sub-encoding to TS1/5 on input line 401.
Package textcomp Info: Setting hlce sub-encoding to TS1/5 on input line 402.
Package textcomp Info: Setting hlcn sub-encoding to TS1/5 on input line 403.
Package textcomp Info: Setting hlcw sub-encoding to TS1/5 on input line 404.
Package textcomp Info: Setting hlcf sub-encoding to TS1/5 on input line 405.
Package textcomp Info: Setting pplx sub-encoding to TS1/3 on input line 406.
Package textcomp Info: Setting pplj sub-encoding to TS1/3 on input line 407.
Package textcomp Info: Setting ptmx sub-encoding to TS1/4 on input line 408.
Package textcomp Info: Setting ptmj sub-encoding to TS1/4 on input line 409.
)
(/usr/share/texlive/texmf-dist/tex/latex/nomencl/nomencl.sty
Package: nomencl 2005/09/22 v4.2 Nomenclature package (LN)
\nomlabelwidth=\dimen136
\nom@tempdim=\dimen137
\nomitemsep=\skip54
)
(./thesis_introduction.aux (./intro.aux))
\openout1 = `thesis_introduction.aux'.

LaTeX Font Info:    Checking defaults for OML/cmm/m/it on input line 70.
LaTeX Font Info:    ... okay on input line 70.
LaTeX Font Info:    Checking defaults for T1/cmr/m/n on input line 70.
LaTeX Font Info:    ... okay on input line 70.
LaTeX Font Info:    Checking defaults for OT1/cmr/m/n on input line 70.
LaTeX Font Info:    ... okay on input line 70.
LaTeX Font Info:    Checking defaults for OMS/cmsy/m/n on input line 70.
LaTeX Font Info:    ... okay on input line 70.
LaTeX Font Info:    Checking defaults for OMX/cmex/m/n on input line 70.
LaTeX Font Info:    ... okay on input line 70.
LaTeX Font Info:    Checking defaults for U/cmr/m/n on input line 70.
LaTeX Font Info:    ... okay on input line 70.
LaTeX Font Info:    Checking defaults for PD1/pdf/m/n on input line 70.
LaTeX Font Info:    ... okay on input line 70.
LaTeX Font Info:    Checking defaults for TS1/cmr/m/n on input line 70.
LaTeX Font Info:    Try loading font information for TS1+cmr on input line 70.

(/usr/share/texlive/texmf-dist/tex/latex/base/ts1cmr.fd
File: ts1cmr.fd 2014/09/29 v2.5h Standard LaTeX font definitions
)
LaTeX Font Info:    ... okay on input line 70.

(/usr/share/texlive/texmf-dist/tex/context/base/supp-pdf.mkii
[Loading MPS to PDF converter (version 2006.09.02).]
\scratchcounter=\count114
\scratchdimen=\dimen138
\scratchbox=\box53
\nofMPsegments=\count115
\nofMParguments=\count116
\everyMPshowfont=\toks20
\MPscratchCnt=\count117
\MPscratchDim=\dimen139
\MPnumerator=\count118
\makeMPintoPDFobject=\count119
\everyMPtoPDFconversion=\toks21
) (/usr/share/texlive/texmf-dist/tex/latex/oberdiek/epstopdf-base.sty
Package: epstopdf-base 2010/02/09 v2.5 Base part for package epstopdf

(/usr/share/texlive/texmf-dist/tex/latex/oberdiek/grfext.sty
Package: grfext 2010/08/19 v1.1 Manage graphics extensions (HO)
)
Package grfext Info: Graphics extension search list:
(grfext)             [.png,.pdf,.jpg,.mps,.jpeg,.jbig2,.jb2,.PNG,.PDF,.JPG,.JPE
G,.JBIG2,.JB2,.eps]
(grfext)             \AppendGraphicsExtensions on input line 452.

(/usr/share/texlive/texmf-dist/tex/latex/latexconfig/epstopdf-sys.cfg
File: epstopdf-sys.cfg 2010/07/13 v1.3 Configuration of (r)epstopdf for TeX Liv
e
))
\AtBeginShipoutBox=\box54
Package hyperref Info: Link coloring OFF on input line 70.

(/usr/share/texlive/texmf-dist/tex/latex/hyperref/nameref.sty
Package: nameref 2012/10/27 v2.43 Cross-referencing by name of section

(/usr/share/texlive/texmf-dist/tex/generic/oberdiek/gettitlestring.sty
Package: gettitlestring 2010/12/03 v1.4 Cleanup title references (HO)
)
\c@section@level=\count120
)
LaTeX Info: Redefining \ref on input line 70.
LaTeX Info: Redefining \pageref on input line 70.
LaTeX Info: Redefining \nameref on input line 70.

(./thesis_introduction.out) (./thesis_introduction.out)
\@outlinefile=\write3
\openout3 = `thesis_introduction.out'.


(./thesis_introduction.toc
LaTeX Font Info:    External font `cmex10' loaded for size
(Font)              <12> on input line 2.
LaTeX Font Info:    External font `cmex10' loaded for size
(Font)              <8> on input line 2.
LaTeX Font Info:    External font `cmex10' loaded for size
(Font)              <6> on input line 2.
 [1


{/var/lib/texmf/fonts/map/pdftex/updmap/pdftex.map}])
\tf@toc=\write4
\openout4 = `thesis_introduction.toc'.

 [2] (./thesis_introduction.lof)
\tf@lof=\write5
\openout5 = `thesis_introduction.lof'.

 [3

] (./thesis_introduction.lot)
\tf@lot=\write6
\openout6 = `thesis_introduction.lot'.

 [4

]
\openout2 = `intro.aux'.


(./intro.tex
Chapter 1.
[5


] [6] [7] [8] [9] [10] [11] [12] [13] [14] [15] [16] [17] [18]
Overfull \hbox (23.52644pt too wide) in paragraph at lines 120--121
\OT1/cmr/m/n/12 genomes (Re-lease v79 (23/08/2016 []$\OT1/cmtt/m/n/12 http : / 
/ cancer . sanger . ac . uk / cosmic$[]\OT1/cmr/m/n/12 ). This database
 []

[19] [20] [21] [22] [23] [24] [25] [26]
Overfull \hbox (14.29991pt too wide) in paragraph at lines 188--188
[]\OT1/cmr/bx/n/17.28 A Syn-thetic Lethal Ap-proach to Can-cer Medicine 
 []

[27] <Costanzo_2011_SL_mega_no_border.pdf, id=407, 456.12408pt x 201.64696pt>
File: Costanzo_2011_SL_mega_no_border.pdf Graphic file (type pdf)

<use Costanzo_2011_SL_mega_no_border.pdf>
Package pdftex.def Info: Costanzo_2011_SL_mega_no_border.pdf used on input line
 208.
(pdftex.def)             Requested size: 456.12296pt x 201.64645pt.
 [28] [29 <./Costanzo_2011_SL_mega_no_border.pdf>] [30] [31] <SL_Concept_no_bor
der.png, id=445, 803.0pt x 602.25pt>
File: SL_Concept_no_border.png Graphic file (type png)

<use SL_Concept_no_border.png>
Package pdftex.def Info: SL_Concept_no_border.png used on input line 244.
(pdftex.def)             Requested size: 802.99805pt x 602.24852pt.
 [32] [33 <./SL_Concept_no_border.png>] [34]
[35] [36] [37] [38] [39] [40] [41] [42]

LaTeX Warning: Reference `tab:tab:methods_meta' on page 43 undefined on input l
ine 725.

[43] [44] [45] [46] [47]
Missing character: There is no Ã in font cmr12!
Missing character: There is no ¶ in font cmr12!
 [48] [49]

Package natbib Warning: Citation `Hanahan2011' on page 50 undefined on input li
ne 919.

[50]
Overfull \hbox (57.87178pt too wide) in paragraph at lines 926--927
[]\OT1/cmr/m/n/12 HDGC af-fects less than 1 in a mil-lion peo-ple glob-ally (GL
OBO-CAN at http://globocan.iarc.fr/)
 []

[51] [52]

Package natbib Warning: Citation `Chen2014' on page 53 undefined on input line 
944.


Package natbib Warning: Citation `Chen2014' on page 53 undefined on input line 
944.


Package natbib Warning: Citation `Clark2004' on page 53 undefined on input line
 946.

[53]) [54] (./thesis_introduction.bbl
Missing character: There is no Ã in font cmr12!
Missing character: There is no ¶ in font cmr12!
 [55



] [56])

Package natbib Warning: There were undefined citations.

Package atveryend Info: Empty hook `BeforeClearDocument' on input line 109.
[57]
Package atveryend Info: Empty hook `AfterLastShipout' on input line 109.
 (./thesis_introduction.aux (./intro.aux))
Package atveryend Info: Executing hook `AtVeryEndDocument' on input line 109.
Package atveryend Info: Executing hook `AtEndAfterFileList' on input line 109.
Package rerunfilecheck Info: File `thesis_introduction.out' has not changed.
(rerunfilecheck)             Checksum: A03F2D952B63C6DC9C72936A6D51F6B2;4309.


LaTeX Warning: There were undefined references.

Package atveryend Info: Empty hook `AtVeryVeryEnd' on input line 109.
 ) 
Here is how much of TeX's memory you used:
 7190 strings out of 494497
 103334 string characters out of 6172400
 225382 words of memory out of 5000000
 10334 multiletter control sequences out of 15000+600000
 10071 words of font info for 35 fonts, out of 8000000 for 9000
 264 hyphenation exceptions out of 8191
 34i,17n,35p,2177b,443s stack positions out of 5000i,500n,10000p,200000b,80000s
pdfTeX warning (dest): name{ENREF60} has been referenced but does not exist, 
replaced by a fixed one

pdfTeX warning (dest): name{ENREF108} has been referenced but does not exist, r
eplaced by a fixed one

pdfTeX warning (dest): name{ENREF54} has been referenced but does not exist, re
placed by a fixed one

pdfTeX warning (dest): name{ENREF106} has been referenced but does not exist, r
eplaced by a fixed one

pdfTeX warning (dest): name{ENREF18} has been referenced but does not exist, re
placed by a fixed one

pdfTeX warning (dest): name{ENREF46} has been referenced but does not exist, re
placed by a fixed one

pdfTeX warning (dest): name{ENREF74} has been referenced but does not exist, re
placed by a fixed one

pdfTeX warning (dest): name{ENREF70} has been referenced but does not exist, re
placed by a fixed one

pdfTeX warning (dest): name{ENREF27} has been referenced but does not exist, re
placed by a fixed one

pdfTeX warning (dest): name{ENREF85} has been referenced but does not exist, re
placed by a fixed one

pdfTeX warning (dest): name{ENREF58} has been referenced but does not exist, re
placed by a fixed one

pdfTeX warning (dest): name{ENREF117} has been referenced but does not exist, r
eplaced by a fixed one

pdfTeX warning (dest): name{ENREF69} has been referenced but does not exist, re
placed by a fixed one

pdfTeX warning (dest): name{ENREF95} has been referenced but does not exist, re
placed by a fixed one

pdfTeX warning (dest): name{ENREF73} has been referenced but does not exist, re
placed by a fixed one

pdfTeX warning (dest): name{ENREF30} has been referenced but does not exist, re
placed by a fixed one

pdfTeX warning (dest): name{ENREF48} has been referenced but does not exist, re
placed by a fixed one

pdfTeX warning (dest): name{ENREF109} has been referenced but does not exist, r
eplaced by a fixed one

pdfTeX warning (dest): name{ENREF59} has been referenced but does not exist, re
placed by a fixed one

pdfTeX warning (dest): name{ENREF45} has been referenced but does not exist, re
placed by a fixed one

pdfTeX warning (dest): name{ENREF79} has been referenced but does not exist, re
placed by a fixed one

pdfTeX warning (dest): name{ENREF68} has been referenced but does not exist, re
placed by a fixed one

pdfTeX warning (dest): name{ENREF78} has been referenced but does not exist, re
placed by a fixed one

pdfTeX warning (dest): name{ENREF81} has been referenced but does not exist, re
placed by a fixed one

pdfTeX warning (dest): name{ENREF114} has been referenced but does not exist, r
eplaced by a fixed one

pdfTeX warning (dest): name{ENREF64} has been referenced but does not exist, re
placed by a fixed one

pdfTeX warning (dest): name{ENREF6} has been referenced but does not exist, rep
laced by a fixed one

pdfTeX warning (dest): name{ENREF110} has been referenced but does not exist, r
eplaced by a fixed one

pdfTeX warning (dest): name{ENREF50} has been referenced but does not exist, re
placed by a fixed one

pdfTeX warning (dest): name{ENREF62} has been referenced but does not exist, re
placed by a fixed one

pdfTeX warning (dest): name{ENREF63} has been referenced but does not exist, re
placed by a fixed one

pdfTeX warning (dest): name{ENREF22} has been referenced but does not exist, re
placed by a fixed one

pdfTeX warning (dest): name{ENREF67} has been referenced but does not exist, re
placed by a fixed one

pdfTeX warning (dest): name{ENREF61} has been referenced but does not exist, re
placed by a fixed one

pdfTeX warning (dest): name{ENREF118} has been referenced but does not exist, r
eplaced by a fixed one

pdfTeX warning (dest): name{ENREF113} has been referenced but does not exist, r
eplaced by a fixed one

pdfTeX warning (dest): name{ENREF56} has been referenced but does not exist, re
placed by a fixed one

pdfTeX warning (dest): name{ENREF16} has been referenced but does not exist, re
placed by a fixed one

pdfTeX warning (dest): name{ENREF104} has been referenced but does not exist, r
eplaced by a fixed one

pdfTeX warning (dest): name{ENREF53} has been referenced but does not exist, re
placed by a fixed one

pdfTeX warning (dest): name{ENREF13} has been referenced but does not exist, re
placed by a fixed one

pdfTeX warning (dest): name{ENREF1} has been referenced but does not exist, rep
laced by a fixed one

pdfTeX warning (dest): name{ENREF94} has been referenced but does not exist, re
placed by a fixed one

pdfTeX warning (dest): name{ENREF14} has been referenced but does not exist, re
placed by a fixed one

pdfTeX warning (dest): name{ENREF103} has been referenced but does not exist, r
eplaced by a fixed one

pdfTeX warning (dest): name{ENREF91} has been referenced but does not exist, re
placed by a fixed one

pdfTeX warning (dest): name{ENREF39} has been referenced but does not exist, re
placed by a fixed one

pdfTeX warning (dest): name{ENREF19} has been referenced but does not exist, re
placed by a fixed one

pdfTeX warning (dest): name{ENREF28} has been referenced but does not exist, re
placed by a fixed one

pdfTeX warning (dest): name{ENREF92} has been referenced but does not exist, re
placed by a fixed one

pdfTeX warning (dest): name{ENREF24} has been referenced but does not exist, re
placed by a fixed one

pdfTeX warning (dest): name{ENREF80} has been referenced but does not exist, re
placed by a fixed one

pdfTeX warning (dest): name{ENREF82} has been referenced but does not exist, re
placed by a fixed one

 </home/tomkelly/.texmf-var/fonts/pk/ljfour/jknappen/ec/tcrm1200.600pk></usr/sh
are/texlive/texmf-dist/fonts/type1/public/amsfonts/cm/cmbx12.pfb></usr/share/te
xlive/texmf-dist/fonts/type1/public/amsfonts/cm/cmbxti10.pfb></usr/share/texliv
e/texmf-dist/fonts/type1/public/amsfonts/cm/cmmi12.pfb></usr/share/texlive/texm
f-dist/fonts/type1/public/amsfonts/cm/cmmi8.pfb></usr/share/texlive/texmf-dist/
fonts/type1/public/amsfonts/cm/cmr12.pfb></usr/share/texlive/texmf-dist/fonts/t
ype1/public/amsfonts/cm/cmr8.pfb></usr/share/texlive/texmf-dist/fonts/type1/pub
lic/amsfonts/cm/cmsy8.pfb></usr/share/texlive/texmf-dist/fonts/type1/public/ams
fonts/cm/cmti12.pfb></usr/share/texlive/texmf-dist/fonts/type1/public/amsfonts/
cm/cmtt12.pfb></usr/share/texmf/fonts/type1/public/tex-gyre/qhvr.pfb>
Output written on thesis_introduction.pdf (57 pages, 433757 bytes).
PDF statistics:
 958 PDF objects out of 1000 (max. 8388607)
 872 compressed objects within 9 object streams
 186 named destinations out of 1000 (max. 500000)
 403 words of extra memory for PDF output out of 10000 (max. 10000000)

