This is pdfTeX, Version 3.14159265-2.6-1.40.16 (TeX Live 2015/Debian) (preloaded format=pdflatex 2016.9.16)  8 APR 2017 00:10
entering extended mode
 restricted \write18 enabled.
 %&-line parsing enabled.
**20170406_thesis_methods.tex
(./20170406_thesis_methods.tex
LaTeX2e <2016/02/01>
Babel <3.9q> and hyphenation patterns for 12 language(s) loaded.
(/usr/share/texlive/texmf-dist/tex/latex/base/report.cls
Document Class: report 2014/09/29 v1.4h Standard LaTeX document class
(/usr/share/texlive/texmf-dist/tex/latex/base/size12.clo
File: size12.clo 2014/09/29 v1.4h Standard LaTeX file (size option)
)
\c@part=\count79
\c@chapter=\count80
\c@section=\count81
\c@subsection=\count82
\c@subsubsection=\count83
\c@paragraph=\count84
\c@subparagraph=\count85
\c@figure=\count86
\c@table=\count87
\abovecaptionskip=\skip41
\belowcaptionskip=\skip42
\bibindent=\dimen102
) (./otagothesis.sty
Package: otagothesis 1998/02/03 v0.99 Otago's A4 based page layout
)
(/usr/share/texlive/texmf-dist/tex/latex/natbib/natbib.sty
Package: natbib 2010/09/13 8.31b (PWD, AO)
\bibhang=\skip43
\bibsep=\skip44
LaTeX Info: Redefining \cite on input line 694.
\c@NAT@ctr=\count88
)
(/usr/share/texlive/texmf-dist/tex/latex/etoolbox/etoolbox.sty
Package: etoolbox 2015/08/02 v2.2a e-TeX tools for LaTeX (JAW)
\etb@tempcnta=\count89
)
(/usr/share/texlive/texmf-dist/tex/latex/graphics/graphicx.sty
Package: graphicx 2014/10/28 v1.0g Enhanced LaTeX Graphics (DPC,SPQR)

(/usr/share/texlive/texmf-dist/tex/latex/graphics/keyval.sty
Package: keyval 2014/10/28 v1.15 key=value parser (DPC)
\KV@toks@=\toks14
)
(/usr/share/texlive/texmf-dist/tex/latex/graphics/graphics.sty
Package: graphics 2016/01/03 v1.0q Standard LaTeX Graphics (DPC,SPQR)

(/usr/share/texlive/texmf-dist/tex/latex/graphics/trig.sty
Package: trig 2016/01/03 v1.10 sin cos tan (DPC)
)
(/usr/share/texlive/texmf-dist/tex/latex/latexconfig/graphics.cfg
File: graphics.cfg 2010/04/23 v1.9 graphics configuration of TeX Live
)
Package graphics Info: Driver file: pdftex.def on input line 95.

(/usr/share/texlive/texmf-dist/tex/latex/pdftex-def/pdftex.def
File: pdftex.def 2011/05/27 v0.06d Graphics/color for pdfTeX

(/usr/share/texlive/texmf-dist/tex/generic/oberdiek/infwarerr.sty
Package: infwarerr 2010/04/08 v1.3 Providing info/warning/error messages (HO)
)
(/usr/share/texlive/texmf-dist/tex/generic/oberdiek/ltxcmds.sty
Package: ltxcmds 2011/11/09 v1.22 LaTeX kernel commands for general use (HO)
)
\Gread@gobject=\count90
))
\Gin@req@height=\dimen103
\Gin@req@width=\dimen104
)
(/usr/share/texlive/texmf-dist/tex/latex/moreverb/moreverb.sty
Package: moreverb 2008/06/03 v2.3a `more' verbatim facilities

(/usr/share/texlive/texmf-dist/tex/latex/tools/verbatim.sty
Package: verbatim 2014/10/28 v1.5q LaTeX2e package for verbatim enhancements
\every@verbatim=\toks15
\verbatim@line=\toks16
\verbatim@in@stream=\read1
)
\tab@position=\count91
\tab@size=\count92
\listing@line=\count93
)
(/usr/share/texlive/texmf-dist/tex/latex/hyperref/hyperref.sty
Package: hyperref 2012/11/06 v6.83m Hypertext links for LaTeX

(/usr/share/texlive/texmf-dist/tex/generic/oberdiek/hobsub-hyperref.sty
Package: hobsub-hyperref 2012/05/28 v1.13 Bundle oberdiek, subset hyperref (HO)


(/usr/share/texlive/texmf-dist/tex/generic/oberdiek/hobsub-generic.sty
Package: hobsub-generic 2012/05/28 v1.13 Bundle oberdiek, subset generic (HO)
Package: hobsub 2012/05/28 v1.13 Construct package bundles (HO)
Package hobsub Info: Skipping package `infwarerr' (already loaded).
Package hobsub Info: Skipping package `ltxcmds' (already loaded).
Package: ifluatex 2010/03/01 v1.3 Provides the ifluatex switch (HO)
Package ifluatex Info: LuaTeX not detected.
Package: ifvtex 2010/03/01 v1.5 Detect VTeX and its facilities (HO)
Package ifvtex Info: VTeX not detected.
Package: intcalc 2007/09/27 v1.1 Expandable calculations with integers (HO)
Package: ifpdf 2011/01/30 v2.3 Provides the ifpdf switch (HO)
Package ifpdf Info: pdfTeX in PDF mode is detected.
Package: etexcmds 2011/02/16 v1.5 Avoid name clashes with e-TeX commands (HO)
Package etexcmds Info: Could not find \expanded.
(etexcmds)             That can mean that you are not using pdfTeX 1.50 or
(etexcmds)             that some package has redefined \expanded.
(etexcmds)             In the latter case, load this package earlier.
Package: kvsetkeys 2012/04/25 v1.16 Key value parser (HO)
Package: kvdefinekeys 2011/04/07 v1.3 Define keys (HO)
Package: pdftexcmds 2011/11/29 v0.20 Utility functions of pdfTeX for LuaTeX (HO
)
Package pdftexcmds Info: LuaTeX not detected.
Package pdftexcmds Info: \pdf@primitive is available.
Package pdftexcmds Info: \pdf@ifprimitive is available.
Package pdftexcmds Info: \pdfdraftmode found.
Package: pdfescape 2011/11/25 v1.13 Implements pdfTeX's escape features (HO)
Package: bigintcalc 2012/04/08 v1.3 Expandable calculations on big integers (HO
)
Package: bitset 2011/01/30 v1.1 Handle bit-vector datatype (HO)
Package: uniquecounter 2011/01/30 v1.2 Provide unlimited unique counter (HO)
)
Package hobsub Info: Skipping package `hobsub' (already loaded).
Package: letltxmacro 2010/09/02 v1.4 Let assignment for LaTeX macros (HO)
Package: hopatch 2012/05/28 v1.2 Wrapper for package hooks (HO)
Package: xcolor-patch 2011/01/30 xcolor patch
Package: atveryend 2011/06/30 v1.8 Hooks at the very end of document (HO)
Package: atbegshi 2011/10/05 v1.16 At begin shipout hook (HO)
Package: refcount 2011/10/16 v3.4 Data extraction from label references (HO)
Package: hycolor 2011/01/30 v1.7 Color options for hyperref/bookmark (HO)
)
(/usr/share/texlive/texmf-dist/tex/generic/ifxetex/ifxetex.sty
Package: ifxetex 2010/09/12 v0.6 Provides ifxetex conditional
)
(/usr/share/texlive/texmf-dist/tex/latex/oberdiek/auxhook.sty
Package: auxhook 2011/03/04 v1.3 Hooks for auxiliary files (HO)
)
(/usr/share/texlive/texmf-dist/tex/latex/oberdiek/kvoptions.sty
Package: kvoptions 2011/06/30 v3.11 Key value format for package options (HO)
)
\@linkdim=\dimen105
\Hy@linkcounter=\count94
\Hy@pagecounter=\count95

(/usr/share/texlive/texmf-dist/tex/latex/hyperref/pd1enc.def
File: pd1enc.def 2012/11/06 v6.83m Hyperref: PDFDocEncoding definition (HO)
)
\Hy@SavedSpaceFactor=\count96

(/usr/share/texlive/texmf-dist/tex/latex/latexconfig/hyperref.cfg
File: hyperref.cfg 2002/06/06 v1.2 hyperref configuration of TeXLive
)
Package hyperref Info: Hyper figures OFF on input line 4443.
Package hyperref Info: Link nesting OFF on input line 4448.
Package hyperref Info: Hyper index ON on input line 4451.
Package hyperref Info: Plain pages OFF on input line 4458.
Package hyperref Info: Backreferencing OFF on input line 4463.
Package hyperref Info: Implicit mode ON; LaTeX internals redefined.
Package hyperref Info: Bookmarks ON on input line 4688.
\c@Hy@tempcnt=\count97

(/usr/share/texlive/texmf-dist/tex/latex/url/url.sty
\Urlmuskip=\muskip10
Package: url 2013/09/16  ver 3.4  Verb mode for urls, etc.
)
LaTeX Info: Redefining \url on input line 5041.
\XeTeXLinkMargin=\dimen106
\Fld@menulength=\count98
\Field@Width=\dimen107
\Fld@charsize=\dimen108
Package hyperref Info: Hyper figures OFF on input line 6295.
Package hyperref Info: Link nesting OFF on input line 6300.
Package hyperref Info: Hyper index ON on input line 6303.
Package hyperref Info: backreferencing OFF on input line 6310.
Package hyperref Info: Link coloring OFF on input line 6315.
Package hyperref Info: Link coloring with OCG OFF on input line 6320.
Package hyperref Info: PDF/A mode OFF on input line 6325.
LaTeX Info: Redefining \ref on input line 6365.
LaTeX Info: Redefining \pageref on input line 6369.
\Hy@abspage=\count99
\c@Item=\count100
\c@Hfootnote=\count101
)

Package hyperref Message: Driver (autodetected): hpdftex.

(/usr/share/texlive/texmf-dist/tex/latex/hyperref/hpdftex.def
File: hpdftex.def 2012/11/06 v6.83m Hyperref driver for pdfTeX
\Fld@listcount=\count102
\c@bookmark@seq@number=\count103

(/usr/share/texlive/texmf-dist/tex/latex/oberdiek/rerunfilecheck.sty
Package: rerunfilecheck 2011/04/15 v1.7 Rerun checks for auxiliary files (HO)
Package uniquecounter Info: New unique counter `rerunfilecheck' on input line 2
82.
)
\Hy@SectionHShift=\skip45
)
(/usr/share/texlive/texmf-dist/tex/latex/xcolor/xcolor.sty
Package: xcolor 2007/01/21 v2.11 LaTeX color extensions (UK)

(/usr/share/texlive/texmf-dist/tex/latex/latexconfig/color.cfg
File: color.cfg 2007/01/18 v1.5 color configuration of teTeX/TeXLive
)
Package xcolor Info: Driver file: pdftex.def on input line 225.
Package xcolor Info: Model `cmy' substituted by `cmy0' on input line 1337.
Package xcolor Info: Model `hsb' substituted by `rgb' on input line 1341.
Package xcolor Info: Model `RGB' extended on input line 1353.
Package xcolor Info: Model `HTML' substituted by `rgb' on input line 1355.
Package xcolor Info: Model `Hsb' substituted by `hsb' on input line 1356.
Package xcolor Info: Model `tHsb' substituted by `hsb' on input line 1357.
Package xcolor Info: Model `HSB' substituted by `hsb' on input line 1358.
Package xcolor Info: Model `Gray' substituted by `gray' on input line 1359.
Package xcolor Info: Model `wave' substituted by `hsb' on input line 1360.
)
(/usr/share/texlive/texmf-dist/tex/latex/supertabular/supertabular.sty
Package: supertabular 2004/02/20 v4.1e the supertabular environment
\c@tracingst=\count104
\ST@wd=\dimen109
\ST@rightskip=\skip46
\ST@leftskip=\skip47
\ST@parfillskip=\skip48
\ST@pageleft=\dimen110
\ST@headht=\dimen111
\ST@tailht=\dimen112
\ST@pagesofar=\dimen113
\ST@pboxht=\dimen114
\ST@lineht=\dimen115
\ST@stretchht=\dimen116
\ST@prevht=\dimen117
\ST@toadd=\dimen118
\ST@dimen=\dimen119
\ST@pbox=\box26
)
(/usr/share/texlive/texmf-dist/tex/latex/tools/tabularx.sty
Package: tabularx 2014/10/28 v2.10 `tabularx' package (DPC)

(/usr/share/texlive/texmf-dist/tex/latex/tools/array.sty
Package: array 2014/10/28 v2.4c Tabular extension package (FMi)
\col@sep=\dimen120
\extrarowheight=\dimen121
\NC@list=\toks17
\extratabsurround=\skip49
\backup@length=\skip50
)
\TX@col@width=\dimen122
\TX@old@table=\dimen123
\TX@old@col=\dimen124
\TX@target=\dimen125
\TX@delta=\dimen126
\TX@cols=\count105
\TX@ftn=\toks18
)
(/usr/share/texlive/texmf-dist/tex/latex/tools/multicol.sty
Package: multicol 2015/08/19 v1.8n multicolumn formatting (FMi)
\c@tracingmulticols=\count106
\mult@box=\box27
\multicol@leftmargin=\dimen127
\c@unbalance=\count107
\c@collectmore=\count108
\doublecol@number=\count109
\multicoltolerance=\count110
\multicolpretolerance=\count111
\full@width=\dimen128
\page@free=\dimen129
\premulticols=\dimen130
\postmulticols=\dimen131
\multicolsep=\skip51
\multicolbaselineskip=\skip52
\partial@page=\box28
\last@line=\box29
\maxbalancingoverflow=\dimen132
\mult@rightbox=\box30
\mult@grightbox=\box31
\mult@gfirstbox=\box32
\mult@firstbox=\box33
\@tempa=\box34
\@tempa=\box35
\@tempa=\box36
\@tempa=\box37
\@tempa=\box38
\@tempa=\box39
\@tempa=\box40
\@tempa=\box41
\@tempa=\box42
\@tempa=\box43
\@tempa=\box44
\@tempa=\box45
\@tempa=\box46
\@tempa=\box47
\@tempa=\box48
\@tempa=\box49
\@tempa=\box50
\c@columnbadness=\count112
\c@finalcolumnbadness=\count113
\last@try=\dimen133
\multicolovershoot=\dimen134
\multicolundershoot=\dimen135
\mult@nat@firstbox=\box51
\colbreak@box=\box52
\mc@col@check@num=\count114
)
(/usr/share/texlive/texmf-dist/tex/latex/colortbl/colortbl.sty
Package: colortbl 2012/02/13 v1.0a Color table columns (DPC)
\everycr=\toks19
\minrowclearance=\skip53
)
(/usr/share/texlive/texmf-dist/tex/latex/base/textcomp.sty
Package: textcomp 2005/09/27 v1.99g Standard LaTeX package
Package textcomp Info: Sub-encoding information:
(textcomp)               5 = only ISO-Adobe without \textcurrency
(textcomp)               4 = 5 + \texteuro
(textcomp)               3 = 4 + \textohm
(textcomp)               2 = 3 + \textestimated + \textcurrency
(textcomp)               1 = TS1 - \textcircled - \t
(textcomp)               0 = TS1 (full)
(textcomp)             Font families with sub-encoding setting implement
(textcomp)             only a restricted character set as indicated.
(textcomp)             Family '?' is the default used for unknown fonts.
(textcomp)             See the documentation for details.
Package textcomp Info: Setting ? sub-encoding to TS1/1 on input line 79.

(/usr/share/texlive/texmf-dist/tex/latex/base/ts1enc.def
File: ts1enc.def 2001/06/05 v3.0e (jk/car/fm) Standard LaTeX file
)
LaTeX Info: Redefining \oldstylenums on input line 334.
Package textcomp Info: Setting cmr sub-encoding to TS1/0 on input line 349.
Package textcomp Info: Setting cmss sub-encoding to TS1/0 on input line 350.
Package textcomp Info: Setting cmtt sub-encoding to TS1/0 on input line 351.
Package textcomp Info: Setting cmvtt sub-encoding to TS1/0 on input line 352.
Package textcomp Info: Setting cmbr sub-encoding to TS1/0 on input line 353.
Package textcomp Info: Setting cmtl sub-encoding to TS1/0 on input line 354.
Package textcomp Info: Setting ccr sub-encoding to TS1/0 on input line 355.
Package textcomp Info: Setting ptm sub-encoding to TS1/4 on input line 356.
Package textcomp Info: Setting pcr sub-encoding to TS1/4 on input line 357.
Package textcomp Info: Setting phv sub-encoding to TS1/4 on input line 358.
Package textcomp Info: Setting ppl sub-encoding to TS1/3 on input line 359.
Package textcomp Info: Setting pag sub-encoding to TS1/4 on input line 360.
Package textcomp Info: Setting pbk sub-encoding to TS1/4 on input line 361.
Package textcomp Info: Setting pnc sub-encoding to TS1/4 on input line 362.
Package textcomp Info: Setting pzc sub-encoding to TS1/4 on input line 363.
Package textcomp Info: Setting bch sub-encoding to TS1/4 on input line 364.
Package textcomp Info: Setting put sub-encoding to TS1/5 on input line 365.
Package textcomp Info: Setting uag sub-encoding to TS1/5 on input line 366.
Package textcomp Info: Setting ugq sub-encoding to TS1/5 on input line 367.
Package textcomp Info: Setting ul8 sub-encoding to TS1/4 on input line 368.
Package textcomp Info: Setting ul9 sub-encoding to TS1/4 on input line 369.
Package textcomp Info: Setting augie sub-encoding to TS1/5 on input line 370.
Package textcomp Info: Setting dayrom sub-encoding to TS1/3 on input line 371.
Package textcomp Info: Setting dayroms sub-encoding to TS1/3 on input line 372.

Package textcomp Info: Setting pxr sub-encoding to TS1/0 on input line 373.
Package textcomp Info: Setting pxss sub-encoding to TS1/0 on input line 374.
Package textcomp Info: Setting pxtt sub-encoding to TS1/0 on input line 375.
Package textcomp Info: Setting txr sub-encoding to TS1/0 on input line 376.
Package textcomp Info: Setting txss sub-encoding to TS1/0 on input line 377.
Package textcomp Info: Setting txtt sub-encoding to TS1/0 on input line 378.
Package textcomp Info: Setting lmr sub-encoding to TS1/0 on input line 379.
Package textcomp Info: Setting lmdh sub-encoding to TS1/0 on input line 380.
Package textcomp Info: Setting lmss sub-encoding to TS1/0 on input line 381.
Package textcomp Info: Setting lmssq sub-encoding to TS1/0 on input line 382.
Package textcomp Info: Setting lmvtt sub-encoding to TS1/0 on input line 383.
Package textcomp Info: Setting lmtt sub-encoding to TS1/0 on input line 384.
Package textcomp Info: Setting qhv sub-encoding to TS1/0 on input line 385.
Package textcomp Info: Setting qag sub-encoding to TS1/0 on input line 386.
Package textcomp Info: Setting qbk sub-encoding to TS1/0 on input line 387.
Package textcomp Info: Setting qcr sub-encoding to TS1/0 on input line 388.
Package textcomp Info: Setting qcs sub-encoding to TS1/0 on input line 389.
Package textcomp Info: Setting qpl sub-encoding to TS1/0 on input line 390.
Package textcomp Info: Setting qtm sub-encoding to TS1/0 on input line 391.
Package textcomp Info: Setting qzc sub-encoding to TS1/0 on input line 392.
Package textcomp Info: Setting qhvc sub-encoding to TS1/0 on input line 393.
Package textcomp Info: Setting futs sub-encoding to TS1/4 on input line 394.
Package textcomp Info: Setting futx sub-encoding to TS1/4 on input line 395.
Package textcomp Info: Setting futj sub-encoding to TS1/4 on input line 396.
Package textcomp Info: Setting hlh sub-encoding to TS1/3 on input line 397.
Package textcomp Info: Setting hls sub-encoding to TS1/3 on input line 398.
Package textcomp Info: Setting hlst sub-encoding to TS1/3 on input line 399.
Package textcomp Info: Setting hlct sub-encoding to TS1/5 on input line 400.
Package textcomp Info: Setting hlx sub-encoding to TS1/5 on input line 401.
Package textcomp Info: Setting hlce sub-encoding to TS1/5 on input line 402.
Package textcomp Info: Setting hlcn sub-encoding to TS1/5 on input line 403.
Package textcomp Info: Setting hlcw sub-encoding to TS1/5 on input line 404.
Package textcomp Info: Setting hlcf sub-encoding to TS1/5 on input line 405.
Package textcomp Info: Setting pplx sub-encoding to TS1/3 on input line 406.
Package textcomp Info: Setting pplj sub-encoding to TS1/3 on input line 407.
Package textcomp Info: Setting ptmx sub-encoding to TS1/4 on input line 408.
Package textcomp Info: Setting ptmj sub-encoding to TS1/4 on input line 409.
)
(/usr/share/texlive/texmf-dist/tex/latex/nomencl/nomencl.sty
Package: nomencl 2005/09/22 v4.2 Nomenclature package (LN)
\nomlabelwidth=\dimen136
\nom@tempdim=\dimen137
\nomitemsep=\skip54
)
(/usr/share/texlive/texmf-dist/tex/latex/pgf/frontendlayer/tikz.sty
(/usr/share/texlive/texmf-dist/tex/latex/pgf/basiclayer/pgf.sty
(/usr/share/texlive/texmf-dist/tex/latex/pgf/utilities/pgfrcs.sty
(/usr/share/texlive/texmf-dist/tex/generic/pgf/utilities/pgfutil-common.tex
\pgfutil@everybye=\toks20
\pgfutil@tempdima=\dimen138
\pgfutil@tempdimb=\dimen139

(/usr/share/texlive/texmf-dist/tex/generic/pgf/utilities/pgfutil-common-lists.t
ex)) (/usr/share/texlive/texmf-dist/tex/generic/pgf/utilities/pgfutil-latex.def
\pgfutil@abb=\box53
(/usr/share/texlive/texmf-dist/tex/latex/ms/everyshi.sty
Package: everyshi 2001/05/15 v3.00 EveryShipout Package (MS)
))
(/usr/share/texlive/texmf-dist/tex/generic/pgf/utilities/pgfrcs.code.tex
Package: pgfrcs 2015/08/07 v3.0.1a (rcs-revision 1.31)
))
Package: pgf 2015/08/07 v3.0.1a (rcs-revision 1.15)

(/usr/share/texlive/texmf-dist/tex/latex/pgf/basiclayer/pgfcore.sty
(/usr/share/texlive/texmf-dist/tex/latex/pgf/systemlayer/pgfsys.sty
(/usr/share/texlive/texmf-dist/tex/generic/pgf/systemlayer/pgfsys.code.tex
Package: pgfsys 2014/07/09 v3.0.1a (rcs-revision 1.48)

(/usr/share/texlive/texmf-dist/tex/generic/pgf/utilities/pgfkeys.code.tex
\pgfkeys@pathtoks=\toks21
\pgfkeys@temptoks=\toks22

(/usr/share/texlive/texmf-dist/tex/generic/pgf/utilities/pgfkeysfiltered.code.t
ex
\pgfkeys@tmptoks=\toks23
))
\pgf@x=\dimen140
\pgf@y=\dimen141
\pgf@xa=\dimen142
\pgf@ya=\dimen143
\pgf@xb=\dimen144
\pgf@yb=\dimen145
\pgf@xc=\dimen146
\pgf@yc=\dimen147
\w@pgf@writea=\write3
\r@pgf@reada=\read2
\c@pgf@counta=\count115
\c@pgf@countb=\count116
\c@pgf@countc=\count117
\c@pgf@countd=\count118
\t@pgf@toka=\toks24
\t@pgf@tokb=\toks25
\t@pgf@tokc=\toks26
 (/usr/share/texlive/texmf-dist/tex/generic/pgf/systemlayer/pgf.cfg
File: pgf.cfg 2008/05/14  (rcs-revision 1.7)
)
Driver file for pgf: pgfsys-pdftex.def

(/usr/share/texlive/texmf-dist/tex/generic/pgf/systemlayer/pgfsys-pdftex.def
File: pgfsys-pdftex.def 2014/10/11  (rcs-revision 1.35)

(/usr/share/texlive/texmf-dist/tex/generic/pgf/systemlayer/pgfsys-common-pdf.de
f
File: pgfsys-common-pdf.def 2013/10/10  (rcs-revision 1.13)
)))
(/usr/share/texlive/texmf-dist/tex/generic/pgf/systemlayer/pgfsyssoftpath.code.
tex
File: pgfsyssoftpath.code.tex 2013/09/09  (rcs-revision 1.9)
\pgfsyssoftpath@smallbuffer@items=\count119
\pgfsyssoftpath@bigbuffer@items=\count120
)
(/usr/share/texlive/texmf-dist/tex/generic/pgf/systemlayer/pgfsysprotocol.code.
tex
File: pgfsysprotocol.code.tex 2006/10/16  (rcs-revision 1.4)
))
(/usr/share/texlive/texmf-dist/tex/generic/pgf/basiclayer/pgfcore.code.tex
Package: pgfcore 2010/04/11 v3.0.1a (rcs-revision 1.7)

(/usr/share/texlive/texmf-dist/tex/generic/pgf/math/pgfmath.code.tex
(/usr/share/texlive/texmf-dist/tex/generic/pgf/math/pgfmathcalc.code.tex
(/usr/share/texlive/texmf-dist/tex/generic/pgf/math/pgfmathutil.code.tex)
(/usr/share/texlive/texmf-dist/tex/generic/pgf/math/pgfmathparser.code.tex
\pgfmath@dimen=\dimen148
\pgfmath@count=\count121
\pgfmath@box=\box54
\pgfmath@toks=\toks27
\pgfmath@stack@operand=\toks28
\pgfmath@stack@operation=\toks29
)
(/usr/share/texlive/texmf-dist/tex/generic/pgf/math/pgfmathfunctions.code.tex
(/usr/share/texlive/texmf-dist/tex/generic/pgf/math/pgfmathfunctions.basic.code
.tex)
(/usr/share/texlive/texmf-dist/tex/generic/pgf/math/pgfmathfunctions.trigonomet
ric.code.tex)
(/usr/share/texlive/texmf-dist/tex/generic/pgf/math/pgfmathfunctions.random.cod
e.tex)
(/usr/share/texlive/texmf-dist/tex/generic/pgf/math/pgfmathfunctions.comparison
.code.tex)
(/usr/share/texlive/texmf-dist/tex/generic/pgf/math/pgfmathfunctions.base.code.
tex)
(/usr/share/texlive/texmf-dist/tex/generic/pgf/math/pgfmathfunctions.round.code
.tex)
(/usr/share/texlive/texmf-dist/tex/generic/pgf/math/pgfmathfunctions.misc.code.
tex)
(/usr/share/texlive/texmf-dist/tex/generic/pgf/math/pgfmathfunctions.integerari
thmetics.code.tex)))
(/usr/share/texlive/texmf-dist/tex/generic/pgf/math/pgfmathfloat.code.tex
\c@pgfmathroundto@lastzeros=\count122
))
(/usr/share/texlive/texmf-dist/tex/generic/pgf/basiclayer/pgfcorepoints.code.te
x
File: pgfcorepoints.code.tex 2013/10/07  (rcs-revision 1.27)
\pgf@picminx=\dimen149
\pgf@picmaxx=\dimen150
\pgf@picminy=\dimen151
\pgf@picmaxy=\dimen152
\pgf@pathminx=\dimen153
\pgf@pathmaxx=\dimen154
\pgf@pathminy=\dimen155
\pgf@pathmaxy=\dimen156
\pgf@xx=\dimen157
\pgf@xy=\dimen158
\pgf@yx=\dimen159
\pgf@yy=\dimen160
\pgf@zx=\dimen161
\pgf@zy=\dimen162
)
(/usr/share/texlive/texmf-dist/tex/generic/pgf/basiclayer/pgfcorepathconstruct.
code.tex
File: pgfcorepathconstruct.code.tex 2013/10/07  (rcs-revision 1.29)
\pgf@path@lastx=\dimen163
\pgf@path@lasty=\dimen164
)
(/usr/share/texlive/texmf-dist/tex/generic/pgf/basiclayer/pgfcorepathusage.code
.tex
File: pgfcorepathusage.code.tex 2014/11/02  (rcs-revision 1.24)
\pgf@shorten@end@additional=\dimen165
\pgf@shorten@start@additional=\dimen166
)
(/usr/share/texlive/texmf-dist/tex/generic/pgf/basiclayer/pgfcorescopes.code.te
x
File: pgfcorescopes.code.tex 2015/05/08  (rcs-revision 1.46)
\pgfpic=\box55
\pgf@hbox=\box56
\pgf@layerbox@main=\box57
\pgf@picture@serial@count=\count123
)
(/usr/share/texlive/texmf-dist/tex/generic/pgf/basiclayer/pgfcoregraphicstate.c
ode.tex
File: pgfcoregraphicstate.code.tex 2014/11/02  (rcs-revision 1.12)
\pgflinewidth=\dimen167
)
(/usr/share/texlive/texmf-dist/tex/generic/pgf/basiclayer/pgfcoretransformation
s.code.tex
File: pgfcoretransformations.code.tex 2015/08/07  (rcs-revision 1.20)
\pgf@pt@x=\dimen168
\pgf@pt@y=\dimen169
\pgf@pt@temp=\dimen170
)
(/usr/share/texlive/texmf-dist/tex/generic/pgf/basiclayer/pgfcorequick.code.tex
File: pgfcorequick.code.tex 2008/10/09  (rcs-revision 1.3)
)
(/usr/share/texlive/texmf-dist/tex/generic/pgf/basiclayer/pgfcoreobjects.code.t
ex
File: pgfcoreobjects.code.tex 2006/10/11  (rcs-revision 1.2)
)
(/usr/share/texlive/texmf-dist/tex/generic/pgf/basiclayer/pgfcorepathprocessing
.code.tex
File: pgfcorepathprocessing.code.tex 2013/09/09  (rcs-revision 1.9)
)
(/usr/share/texlive/texmf-dist/tex/generic/pgf/basiclayer/pgfcorearrows.code.te
x
File: pgfcorearrows.code.tex 2015/05/14  (rcs-revision 1.43)
\pgfarrowsep=\dimen171
)
(/usr/share/texlive/texmf-dist/tex/generic/pgf/basiclayer/pgfcoreshade.code.tex
File: pgfcoreshade.code.tex 2013/07/15  (rcs-revision 1.15)
\pgf@max=\dimen172
\pgf@sys@shading@range@num=\count124
)
(/usr/share/texlive/texmf-dist/tex/generic/pgf/basiclayer/pgfcoreimage.code.tex
File: pgfcoreimage.code.tex 2013/07/15  (rcs-revision 1.18)

(/usr/share/texlive/texmf-dist/tex/generic/pgf/basiclayer/pgfcoreexternal.code.
tex
File: pgfcoreexternal.code.tex 2014/07/09  (rcs-revision 1.21)
\pgfexternal@startupbox=\box58
))
(/usr/share/texlive/texmf-dist/tex/generic/pgf/basiclayer/pgfcorelayers.code.te
x
File: pgfcorelayers.code.tex 2013/07/18  (rcs-revision 1.7)
)
(/usr/share/texlive/texmf-dist/tex/generic/pgf/basiclayer/pgfcoretransparency.c
ode.tex
File: pgfcoretransparency.code.tex 2013/09/30  (rcs-revision 1.5)
)
(/usr/share/texlive/texmf-dist/tex/generic/pgf/basiclayer/pgfcorepatterns.code.
tex
File: pgfcorepatterns.code.tex 2013/11/07  (rcs-revision 1.5)
)))
(/usr/share/texlive/texmf-dist/tex/generic/pgf/modules/pgfmoduleshapes.code.tex
File: pgfmoduleshapes.code.tex 2014/03/21  (rcs-revision 1.35)
\pgfnodeparttextbox=\box59
) (/usr/share/texlive/texmf-dist/tex/generic/pgf/modules/pgfmoduleplot.code.tex
File: pgfmoduleplot.code.tex 2015/08/03  (rcs-revision 1.13)
)
(/usr/share/texlive/texmf-dist/tex/latex/pgf/compatibility/pgfcomp-version-0-65
.sty
Package: pgfcomp-version-0-65 2007/07/03 v3.0.1a (rcs-revision 1.7)
\pgf@nodesepstart=\dimen173
\pgf@nodesepend=\dimen174
)
(/usr/share/texlive/texmf-dist/tex/latex/pgf/compatibility/pgfcomp-version-1-18
.sty
Package: pgfcomp-version-1-18 2007/07/23 v3.0.1a (rcs-revision 1.1)
)) (/usr/share/texlive/texmf-dist/tex/latex/pgf/utilities/pgffor.sty
(/usr/share/texlive/texmf-dist/tex/latex/pgf/utilities/pgfkeys.sty
(/usr/share/texlive/texmf-dist/tex/generic/pgf/utilities/pgfkeys.code.tex))
(/usr/share/texlive/texmf-dist/tex/latex/pgf/math/pgfmath.sty
(/usr/share/texlive/texmf-dist/tex/generic/pgf/math/pgfmath.code.tex))
(/usr/share/texlive/texmf-dist/tex/generic/pgf/utilities/pgffor.code.tex
Package: pgffor 2013/12/13 v3.0.1a (rcs-revision 1.25)

(/usr/share/texlive/texmf-dist/tex/generic/pgf/math/pgfmath.code.tex)
\pgffor@iter=\dimen175
\pgffor@skip=\dimen176
\pgffor@stack=\toks30
\pgffor@toks=\toks31
))
(/usr/share/texlive/texmf-dist/tex/generic/pgf/frontendlayer/tikz/tikz.code.tex
Package: tikz 2015/08/07 v3.0.1a (rcs-revision 1.151)

(/usr/share/texlive/texmf-dist/tex/generic/pgf/libraries/pgflibraryplothandlers
.code.tex
File: pgflibraryplothandlers.code.tex 2013/08/31 v3.0.1a (rcs-revision 1.20)
\pgf@plot@mark@count=\count125
\pgfplotmarksize=\dimen177
)
\tikz@lastx=\dimen178
\tikz@lasty=\dimen179
\tikz@lastxsaved=\dimen180
\tikz@lastysaved=\dimen181
\tikzleveldistance=\dimen182
\tikzsiblingdistance=\dimen183
\tikz@figbox=\box60
\tikz@figbox@bg=\box61
\tikz@tempbox=\box62
\tikz@tempbox@bg=\box63
\tikztreelevel=\count126
\tikznumberofchildren=\count127
\tikznumberofcurrentchild=\count128
\tikz@fig@count=\count129

(/usr/share/texlive/texmf-dist/tex/generic/pgf/modules/pgfmodulematrix.code.tex
File: pgfmodulematrix.code.tex 2013/09/17  (rcs-revision 1.8)
\pgfmatrixcurrentrow=\count130
\pgfmatrixcurrentcolumn=\count131
\pgf@matrix@numberofcolumns=\count132
)
\tikz@expandcount=\count133

(/usr/share/texlive/texmf-dist/tex/generic/pgf/frontendlayer/tikz/libraries/tik
zlibrarytopaths.code.tex
File: tikzlibrarytopaths.code.tex 2008/06/17 v3.0.1a (rcs-revision 1.2)
)))
(/usr/share/texlive/texmf-dist/tex/latex/mathtools/mathtools.sty
Package: mathtools 2015/11/12 v1.18 mathematical typesetting tools

(/usr/share/texlive/texmf-dist/tex/latex/tools/calc.sty
Package: calc 2014/10/28 v4.3 Infix arithmetic (KKT,FJ)
\calc@Acount=\count134
\calc@Bcount=\count135
\calc@Adimen=\dimen184
\calc@Bdimen=\dimen185
\calc@Askip=\skip55
\calc@Bskip=\skip56
LaTeX Info: Redefining \setlength on input line 80.
LaTeX Info: Redefining \addtolength on input line 81.
\calc@Ccount=\count136
\calc@Cskip=\skip57
)
(/usr/share/texlive/texmf-dist/tex/latex/mathtools/mhsetup.sty
Package: mhsetup 2010/01/21 v1.2a programming setup (MH)
)
(/usr/share/texlive/texmf-dist/tex/latex/amsmath/amsmath.sty
Package: amsmath 2016/03/03 v2.15a AMS math features
\@mathmargin=\skip58

For additional information on amsmath, use the `?' option.
(/usr/share/texlive/texmf-dist/tex/latex/amsmath/amstext.sty
Package: amstext 2000/06/29 v2.01 AMS text

(/usr/share/texlive/texmf-dist/tex/latex/amsmath/amsgen.sty
File: amsgen.sty 1999/11/30 v2.0 generic functions
\@emptytoks=\toks32
\ex@=\dimen186
))
(/usr/share/texlive/texmf-dist/tex/latex/amsmath/amsbsy.sty
Package: amsbsy 1999/11/29 v1.2d Bold Symbols
\pmbraise@=\dimen187
)
(/usr/share/texlive/texmf-dist/tex/latex/amsmath/amsopn.sty
Package: amsopn 1999/12/14 v2.01 operator names
)
\inf@bad=\count137
LaTeX Info: Redefining \frac on input line 199.
\uproot@=\count138
\leftroot@=\count139
LaTeX Info: Redefining \overline on input line 297.
\classnum@=\count140
\DOTSCASE@=\count141
LaTeX Info: Redefining \ldots on input line 394.
LaTeX Info: Redefining \dots on input line 397.
LaTeX Info: Redefining \cdots on input line 518.
\Mathstrutbox@=\box64
\strutbox@=\box65
\big@size=\dimen188
LaTeX Font Info:    Redeclaring font encoding OML on input line 630.
LaTeX Font Info:    Redeclaring font encoding OMS on input line 631.
\macc@depth=\count142
\c@MaxMatrixCols=\count143
\dotsspace@=\muskip11
\c@parentequation=\count144
\dspbrk@lvl=\count145
\tag@help=\toks33
\row@=\count146
\column@=\count147
\maxfields@=\count148
\andhelp@=\toks34
\eqnshift@=\dimen189
\alignsep@=\dimen190
\tagshift@=\dimen191
\tagwidth@=\dimen192
\totwidth@=\dimen193
\lineht@=\dimen194
\@envbody=\toks35
\multlinegap=\skip59
\multlinetaggap=\skip60
\mathdisplay@stack=\toks36
LaTeX Info: Redefining \[ on input line 2735.
LaTeX Info: Redefining \] on input line 2736.
)
LaTeX Info: Thecontrolsequence`\('isalreadyrobust on input line 129.
LaTeX Info: Thecontrolsequence`\)'isalreadyrobust on input line 129.
LaTeX Info: Thecontrolsequence`\['isalreadyrobust on input line 129.
LaTeX Info: Thecontrolsequence`\]'isalreadyrobust on input line 129.
\g_MT_multlinerow_int=\count149
\l_MT_multwidth_dim=\dimen195
\origjot=\skip61
\l_MT_shortvdotswithinadjustabove_dim=\dimen196
\l_MT_shortvdotswithinadjustbelow_dim=\dimen197
\l_MT_above_intertext_sep=\dimen198
\l_MT_below_intertext_sep=\dimen199
\l_MT_above_shortintertext_sep=\dimen256
\l_MT_below_shortintertext_sep=\dimen257
)
(/usr/share/texlive/texmf-dist/tex/latex/pstricks/pstricks.sty
Package: pstricks 2015/11/14 v0.62 LaTeX wrapper for `PSTricks' (RN,HV)

(/usr/share/texlive/texmf-dist/tex/generic/pstricks/pstricks.tex
(/usr/share/texlive/texmf-dist/tex/generic/xkeyval/pst-xkey.tex
File: pst-xkey.tex 2005/11/25 v1.6 PSTricks specialization of xkeyval (HA)

(/usr/share/texlive/texmf-dist/tex/latex/xkeyval/xkeyval.sty
Package: xkeyval 2014/12/03 v2.7a package option processing (HA)

(/usr/share/texlive/texmf-dist/tex/generic/xkeyval/xkeyval.tex
(/usr/share/texlive/texmf-dist/tex/generic/xkeyval/xkvutils.tex
\XKV@toks=\toks37
\XKV@tempa@toks=\toks38
)
\XKV@depth=\count150
File: xkeyval.tex 2014/12/03 v2.7a key=value parser (HA)
)))
(/usr/share/texlive/texmf-dist/tex/generic/pstricks/pst-fp.tex
`pst-fp' v0.05, 2010/01/17 (hv)
\pstFP@xs=\count151
\pstFP@xia=\count152
\pstFP@xib=\count153
\pstFP@xfa=\count154
\pstFP@xfb=\count155
\pstFP@rega=\count156
\pstFP@regb=\count157
\pstFP@regs=\count158
\pstFP@times=\count159
)
(/usr/share/texlive/texmf-dist/tex/generic/pgf/utilities/pgfutil-common.tex
\pgfutil@everybye=\toks39
\pgfutil@tempdima=\dimen258
\pgfutil@tempdimb=\dimen259

(/usr/share/texlive/texmf-dist/tex/generic/pgf/utilities/pgfutil-common-lists.t
ex)) (/usr/share/texlive/texmf-dist/tex/generic/pgf/utilities/pgfkeys.code.tex)
(/usr/share/texlive/texmf-dist/tex/generic/pgf/utilities/pgffor.code.tex
(/usr/share/texlive/texmf-dist/tex/generic/pgf/math/pgfmath.code.tex)
\pgffor@iter=\dimen260
\pgffor@skip=\dimen261
\pgffor@stack=\toks40
\pgffor@toks=\toks41
)
\psLoopIndex=\count160

`PSTricks' v2.64b  <2015/14/11> (tvz)
\pst@dima=\dimen262
\pst@dimb=\dimen263
\pst@dimc=\dimen264
\pst@dimd=\dimen265
\pst@dimg=\dimen266
\pst@dimh=\dimen267
\pst@dimm=\dimen268
\pst@dimn=\dimen269
\pst@dimo=\dimen270
\pst@dimp=\dimen271
\pst@hbox=\box66
\pst@ibox=\box67
\pst@boxg=\box68
\pst@cnta=\count161
\pst@cntb=\count162
\pst@cntc=\count163
\pst@cntd=\count164
\pst@cntg=\count165
\pst@cnth=\count166
\pst@cntm=\count167
\pst@cntn=\count168
\pst@cnto=\count169
\pst@cntp=\count170
\@zero=\count171
\pst@toks=\toks42
(/usr/share/texlive/texmf-dist/tex/generic/pstricks/pstricks.con)
\psunit=\dimen272
\psxunit=\dimen273
\psyunit=\dimen274
\pst@C@@rType=\count172
\pslinewidth=\dimen275
\psk@startLW=\dimen276
\psk@endLW=\dimen277
\pst@customdefs=\toks43
\pslinearc=\dimen278
\pst@symbolStep=\dimen279
\pst@symbolWidth=\dimen280
\pst@symbolLinewidth=\dimen281
\everypsbox=\toks44
\psframesep=\dimen282
\pslabelsep=\dimen283
\sh@wgridXunit=\dimen284
\sh@wgridYunit=\dimen285
\pst@shift=\dimen286
)
File: pstricks.tex 2015/14/11 v2.64b `PSTricks' (tvz,hv)

(/usr/share/texlive/texmf-dist/tex/generic/pstricks/pst-fp.tex)
File: pst-fp.tex 2015/14/11 v2.64b `PST-fp' (hv)
)
(/usr/share/texlive/texmf-dist/tex/latex/subfigure/subfigure.sty
Package: subfigure 2002/03/15 v2.1.5 subfigure package
\subfigtopskip=\skip62
\subfigcapskip=\skip63
\subfigcaptopadj=\dimen287
\subfigbottomskip=\skip64
\subfigcapmargin=\dimen288
\subfiglabelskip=\skip65
\c@subfigure=\count173
\c@lofdepth=\count174
\c@subtable=\count175
\c@lotdepth=\count176

****************************************
* Local config file subfigure.cfg used *
****************************************
(/usr/share/texlive/texmf-dist/tex/latex/subfigure/subfigure.cfg)
\subfig@top=\skip66
\subfig@bottom=\skip67
)
(/usr/share/texlive/texmf-dist/tex/latex/caption/subcaption.sty
Package: subcaption 2016/02/20 v1.1-142 Sub-captions (AR)

(/usr/share/texlive/texmf-dist/tex/latex/caption/caption.sty
Package: caption 2016/02/21 v3.3-144 Customizing captions (AR)

(/usr/share/texlive/texmf-dist/tex/latex/caption/caption3.sty
Package: caption3 2016/02/04 v1.7-139 caption3 kernel (AR)
Package caption3 Info: TeX engine: e-TeX on input line 67.
\captionmargin=\dimen289
\captionmargin@=\dimen290
\captionwidth=\dimen291
\caption@tempdima=\dimen292
\caption@indent=\dimen293
\caption@parindent=\dimen294
\caption@hangindent=\dimen295
Package caption Info: Unknown document class (or package),
(caption)             standard defaults will be used.
)

Package caption Warning: Unsupported document class (or package) detected,
(caption)                usage of the caption package is not recommended.
See the caption package documentation for explanation.

Package caption Info: \@makecaption = \long macro:#1#2->\vskip \abovecaptionski
p \sbox \@tempboxa {#1: #2}\ifdim \wd \@tempboxa > 0.8\hsize \leftskip = 0.1\hs
ize \rightskip = 0.1\hsize #1: #2\par \else \global \@minipagefalse \hb@xt@ \hs
ize {\hfil \box \@tempboxa \hfil }\fi \vskip \belowcaptionskip .
\c@ContinuedFloat=\count177
Package caption Info: hyperref package is loaded.
Package caption Info: subfigure package is loaded.
Package caption Info: supertabular package is loaded.
)

! Package subcaption Error: This package can't be used in cooperation
(subcaption)                with the subfigure package.

See the subcaption package documentation for explanation.
Type  H <return>  for immediate help.
 ...                                              
                                                  
l.54   \endinput}{}
                   %
RTFM

) (/usr/share/texlive/texmf-dist/tex/latex/mdframed/mdframed.sty
Package: mdframed 2013/07/01 1.9b: mdframed

(/usr/share/texlive/texmf-dist/tex/latex/l3packages/xparse/xparse.sty
(/usr/share/texlive/texmf-dist/tex/latex/l3kernel/expl3.sty
Package: expl3 2016/01/19 v6377 L3 programming layer (loader) 

(/usr/share/texlive/texmf-dist/tex/latex/l3kernel/expl3-code.tex
Package: expl3 2016/01/19 v6377 L3 programming layer (code)
L3 Module: l3bootstrap 2016/01/01 v6339 L3 Bootstrap code
L3 Module: l3names 2015/12/21 v6328 L3 Namespace for primitives
L3 Module: l3basics 2015/11/22 v6315 L3 Basic definitions
L3 Module: l3expan 2015/09/10 v5983 L3 Argument expansion
L3 Module: l3tl 2015/09/29 v6121 L3 Token lists
L3 Module: l3str 2016/01/03 v6357 L3 Strings
L3 Module: l3seq 2015/08/05 v5777 L3 Sequences and stacks
L3 Module: l3int 2016/01/05 v6366 L3 Integers
\c_max_int=\count178
\l_tmpa_int=\count179
\l_tmpb_int=\count180
\g_tmpa_int=\count181
\g_tmpb_int=\count182
L3 Module: l3quark 2015/08/17 v5855 L3 Quarks
L3 Module: l3prg 2015/11/01 v6216 L3 Control structures
\g__prg_map_int=\count183
L3 Module: l3clist 2015/09/02 v5901 L3 Comma separated lists
L3 Module: l3token 2015/11/11 v6249 L3 Experimental token manipulation
L3 Module: l3prop 2016/01/05 v6366 L3 Property lists
L3 Module: l3msg 2015/09/28 v6113 L3 Messages
L3 Module: l3file 2015/12/03 v6317 L3 File and I/O operations
\l_iow_line_count_int=\count184
\l__iow_target_count_int=\count185
\l__iow_current_line_int=\count186
\l__iow_current_word_int=\count187
\l__iow_current_indentation_int=\count188
L3 Module: l3skip 2016/01/05 v6366 L3 Dimensions and skips
\c_zero_dim=\dimen296
\c_max_dim=\dimen297
\l_tmpa_dim=\dimen298
\l_tmpb_dim=\dimen299
\g_tmpa_dim=\dimen300
\g_tmpb_dim=\dimen301
\c_zero_skip=\skip68
\c_max_skip=\skip69
\l_tmpa_skip=\skip70
\l_tmpb_skip=\skip71
\g_tmpa_skip=\skip72
\g_tmpb_skip=\skip73
\c_zero_muskip=\muskip12
\c_max_muskip=\muskip13
\l_tmpa_muskip=\muskip14
\l_tmpb_muskip=\muskip15
\g_tmpa_muskip=\muskip16
\g_tmpb_muskip=\muskip17
L3 Module: l3keys 2015/11/17 v6284 L3 Key-value interfaces
\g__keyval_level_int=\count189
\l_keys_choice_int=\count190
L3 Module: l3fp 2015/08/25 v5890 L3 Floating points
\c__fp_leading_shift_int=\count191
\c__fp_middle_shift_int=\count192
\c__fp_trailing_shift_int=\count193
\c__fp_big_leading_shift_int=\count194
\c__fp_big_middle_shift_int=\count195
\c__fp_big_trailing_shift_int=\count196
\c__fp_Bigg_leading_shift_int=\count197
\c__fp_Bigg_middle_shift_int=\count198
\c__fp_Bigg_trailing_shift_int=\count199
L3 Module: l3box 2015/08/09 v5822 L3 Experimental boxes
\c_empty_box=\box69
\l_tmpa_box=\box70
\l_tmpb_box=\box71
\g_tmpa_box=\box72
\g_tmpb_box=\box73
L3 Module: l3coffins 2015/08/06 v5789 L3 Coffin code layer
\l__coffin_internal_box=\box74
\l__coffin_internal_dim=\dimen302
\l__coffin_offset_x_dim=\dimen303
\l__coffin_offset_y_dim=\dimen304
\l__coffin_x_dim=\dimen305
\l__coffin_y_dim=\dimen306
\l__coffin_x_prime_dim=\dimen307
\l__coffin_y_prime_dim=\dimen308
\c_empty_coffin=\box75
\l__coffin_aligned_coffin=\box76
\l__coffin_aligned_internal_coffin=\box77
\l_tmpa_coffin=\box78
\l_tmpb_coffin=\box79
\l__coffin_display_coffin=\box80
\l__coffin_display_coord_coffin=\box81
\l__coffin_display_pole_coffin=\box82
\l__coffin_display_offset_dim=\dimen309
\l__coffin_display_x_dim=\dimen310
\l__coffin_display_y_dim=\dimen311
L3 Module: l3color 2014/08/23 v5354 L3 Experimental color support
L3 Module: l3sys 2015/09/25 v6087 L3 Experimental system/runtime functions
L3 Module: l3candidates 2016/01/14 v6376 L3 Experimental additions to l3kernel
\l__box_top_dim=\dimen312
\l__box_bottom_dim=\dimen313
\l__box_left_dim=\dimen314
\l__box_right_dim=\dimen315
\l__box_top_new_dim=\dimen316
\l__box_bottom_new_dim=\dimen317
\l__box_left_new_dim=\dimen318
\l__box_right_new_dim=\dimen319
\l__box_internal_box=\box83
\l__coffin_bounding_shift_dim=\dimen320
\l__coffin_left_corner_dim=\dimen321
\l__coffin_right_corner_dim=\dimen322
\l__coffin_bottom_corner_dim=\dimen323
\l__coffin_top_corner_dim=\dimen324
\l__coffin_scaled_total_height_dim=\dimen325
\l__coffin_scaled_width_dim=\dimen326
L3 Module: l3luatex 2015/11/11 v6250 L3 Experimental LuaTeX-specific functions
)
(/usr/share/texlive/texmf-dist/tex/latex/l3kernel/l3pdfmode.def
File: l3pdfmode.def 2015/11/11 v6250 L3 Experimental driver: PDF mode
\l__driver_color_stack_int=\count266
))
Package: xparse 2016/01/19 v6377 L3 Experimental document command parser
\l__xparse_current_arg_int=\count267
\l__xparse_m_args_int=\count268
\l__xparse_mandatory_args_int=\count269
\l__xparse_processor_int=\count270
\l__xparse_v_nesting_int=\count271
)
(/usr/share/texlive/texmf-dist/tex/latex/oberdiek/zref-abspage.sty
Package: zref-abspage 2012/04/04 v2.24 Module abspage for zref (HO)

(/usr/share/texlive/texmf-dist/tex/latex/oberdiek/zref-base.sty
Package: zref-base 2012/04/04 v2.24 Module base for zref (HO)
Package zref Info: New property list: main on input line 759.
Package zref Info: New property: default on input line 760.
Package zref Info: New property: page on input line 761.
)
\c@abspage=\count272
Package zref Info: New property: abspage on input line 62.
)
(/usr/share/texlive/texmf-dist/tex/latex/needspace/needspace.sty
Package: needspace 2010/09/12 v1.3d reserve vertical space
)
\mdf@templength=\skip74
\c@mdf@globalstyle@cnt=\count273
\mdf@skipabove@length=\skip75
\mdf@skipbelow@length=\skip76
\mdf@leftmargin@length=\skip77
\mdf@rightmargin@length=\skip78
\mdf@innerleftmargin@length=\skip79
\mdf@innerrightmargin@length=\skip80
\mdf@innertopmargin@length=\skip81
\mdf@innerbottommargin@length=\skip82
\mdf@splittopskip@length=\skip83
\mdf@splitbottomskip@length=\skip84
\mdf@outermargin@length=\skip85
\mdf@innermargin@length=\skip86
\mdf@linewidth@length=\skip87
\mdf@innerlinewidth@length=\skip88
\mdf@middlelinewidth@length=\skip89
\mdf@outerlinewidth@length=\skip90
\mdf@roundcorner@length=\skip91
\mdf@footenotedistance@length=\skip92
\mdf@userdefinedwidth@length=\skip93
\mdf@needspace@length=\skip94
\mdf@frametitleaboveskip@length=\skip95
\mdf@frametitlebelowskip@length=\skip96
\mdf@frametitlerulewidth@length=\skip97
\mdf@frametitleleftmargin@length=\skip98
\mdf@frametitlerightmargin@length=\skip99
\mdf@shadowsize@length=\skip100
\mdf@extratopheight@length=\skip101
\mdf@subtitleabovelinewidth@length=\skip102
\mdf@subtitlebelowlinewidth@length=\skip103
\mdf@subtitleaboveskip@length=\skip104
\mdf@subtitlebelowskip@length=\skip105
\mdf@subtitleinneraboveskip@length=\skip106
\mdf@subtitleinnerbelowskip@length=\skip107
\mdf@subsubtitleabovelinewidth@length=\skip108
\mdf@subsubtitlebelowlinewidth@length=\skip109
\mdf@subsubtitleaboveskip@length=\skip110
\mdf@subsubtitlebelowskip@length=\skip111
\mdf@subsubtitleinneraboveskip@length=\skip112
\mdf@subsubtitleinnerbelowskip@length=\skip113

(/usr/share/texlive/texmf-dist/tex/latex/mdframed/md-frame-0.mdf
File: md-frame-0.mdf 2013/07/01\ 1.9b: md-frame-0
)
\mdf@frametitlebox=\box84
\mdf@footnotebox=\box85
\mdf@splitbox@one=\box86
\mdf@splitbox@two=\box87
\mdf@splitbox@save=\box88
\mdfsplitboxwidth=\skip114
\mdfsplitboxtotalwidth=\skip115
\mdfsplitboxheight=\skip116
\mdfsplitboxdepth=\skip117
\mdfsplitboxtotalheight=\skip118
\mdfframetitleboxwidth=\skip119
\mdfframetitleboxtotalwidth=\skip120
\mdfframetitleboxheight=\skip121
\mdfframetitleboxdepth=\skip122
\mdfframetitleboxtotalheight=\skip123
\mdffootnoteboxwidth=\skip124
\mdffootnoteboxtotalwidth=\skip125
\mdffootnoteboxheight=\skip126
\mdffootnoteboxdepth=\skip127
\mdffootnoteboxtotalheight=\skip128
\mdftotallinewidth=\skip129
\mdfboundingboxwidth=\skip130
\mdfboundingboxtotalwidth=\skip131
\mdfboundingboxheight=\skip132
\mdfboundingboxdepth=\skip133
\mdfboundingboxtotalheight=\skip134
\mdf@freevspace@length=\skip135
\mdf@horizontalwidthofbox@length=\skip136
\mdf@verticalmarginwhole@length=\skip137
\mdf@horizontalspaceofbox=\skip138
\mdfsubtitleheight=\skip139
\mdfsubsubtitleheight=\skip140
\c@mdfcountframes=\count274

****** mdframed patching \endmdf@trivlist

****** -- success******

.................................................
. LaTeX info: "xparse/define-command"
. 
. Defining command \newmdtheoremenv with sig. 'O{} m o m o ' on line 601.
.................................................
.................................................
. LaTeX info: "xparse/define-command"
. 
. Defining command \mdtheorem with sig. ' O{} m o m o ' on line 701.
.................................................
\mdf@envdepth=\count275
\c@mdf@env@i=\count276
\c@mdf@env@ii=\count277
\c@mdf@zref@counter=\count278
Package zref Info: New property: mdf@pagevalue on input line 895.
)
(/usr/share/texlive/texmf-dist/tex/latex/adjustbox/adjustbox.sty
Package: adjustbox 2012/05/21 v1.0 Adjusting TeX boxes (trim, clip, ...)

(/usr/share/texlive/texmf-dist/tex/latex/adjustbox/adjcalc.sty
Package: adjcalc 2012/05/16 v1.1 Provides advanced setlength with multiple back
-ends (calc, etex, pgfmath)
)
(/usr/share/texlive/texmf-dist/tex/latex/adjustbox/trimclip.sty
Package: trimclip 2012/05/16 v1.0 Trim and clip general TeX material

(/usr/share/texlive/texmf-dist/tex/latex/collectbox/collectbox.sty
Package: collectbox 2012/05/17 v0.4b Collect macro arguments as boxes
\collectedbox=\box89
)
\tc@llx=\dimen327
\tc@lly=\dimen328
\tc@urx=\dimen329
\tc@ury=\dimen330


! LaTeX Error: Command \clipbox already defined.
               Or name \end... illegal, see p.192 of the manual.

See the LaTeX manual or LaTeX Companion for explanation.
Type  H <return>  for immediate help.
 ...                                              
                                                  
l.99 }
      
Your command was ignored.
Type  I <command> <return>  to replace it with another command,
or  <return>  to continue without it.

Package trimclip Info: Using driver 'tc-pdftex.def'.
(/usr/share/texlive/texmf-dist/tex/latex/adjustbox/tc-pdftex.def
File: tc-pdftex.def 2012/05/13 v1.0 Clipping driver for pdftex
))
\adjbox@Width=\dimen331
\adjbox@Height=\dimen332
\adjbox@Depth=\dimen333
\adjbox@Totalheight=\dimen334

(/usr/share/texlive/texmf-dist/tex/latex/ifoddpage/ifoddpage.sty
Package: ifoddpage 2011/09/13 v1.0 Conditionals for odd/even page detection
\c@checkoddpage=\count279
)
(/usr/share/texlive/texmf-dist/tex/latex/varwidth/varwidth.sty
Package: varwidth 2009/03/30 ver 0.92;  Variable-width minipages
\@vwid@box=\box90
\sift@deathcycles=\count280
\@vwid@loff=\dimen335
\@vwid@roff=\dimen336
))
(/usr/share/texlive/texmf-dist/tex/latex/cleveref/cleveref.sty
Package: cleveref 2013/12/28 v0.19 Intelligent cross-referencing
Package cleveref Info: `hyperref' support loaded on input line 2230.
LaTeX Info: Redefining \cref on input line 2230.
LaTeX Info: Redefining \Cref on input line 2230.
LaTeX Info: Redefining \crefrange on input line 2230.
LaTeX Info: Redefining \Crefrange on input line 2230.
LaTeX Info: Redefining \cpageref on input line 2230.
LaTeX Info: Redefining \Cpageref on input line 2230.
LaTeX Info: Redefining \cpagerefrange on input line 2230.
LaTeX Info: Redefining \Cpagerefrange on input line 2230.
LaTeX Info: Redefining \labelcref on input line 2230.
LaTeX Info: Redefining \labelcpageref on input line 2230.
)
(/usr/share/texlive/texmf-dist/tex/latex/multirow/multirow.sty
\bigstrutjot=\dimen337
)
(/usr/share/texlive/texmf-dist/tex/latex/tools/longtable.sty
Package: longtable 2014/10/28 v4.11 Multi-page Table package (DPC)
\LTleft=\skip141
\LTright=\skip142
\LTpre=\skip143
\LTpost=\skip144
\LTchunksize=\count281
\LTcapwidth=\dimen338
\LT@head=\box91
\LT@firsthead=\box92
\LT@foot=\box93
\LT@lastfoot=\box94
\LT@cols=\count282
\LT@rows=\count283
\c@LT@tables=\count284
\c@LT@chunks=\count285
\LT@p@ftn=\toks45
)
(/usr/share/texlive/texmf-dist/tex/latex/titlesec/titlesec.sty
Package: titlesec 2016/03/21 v2.10.2 Sectioning titles
\ttl@box=\box95
\beforetitleunit=\skip145
\aftertitleunit=\skip146
\ttl@plus=\dimen339
\ttl@minus=\dimen340
\ttl@toksa=\toks46
\titlewidth=\dimen341
\titlewidthlast=\dimen342
\titlewidthfirst=\dimen343
)
(./subsubsubsection.tex
\c@subsubsubsection=\count286
)
(/usr/share/texlive/texmf-dist/tex/latex/float/float.sty
Package: float 2001/11/08 v1.3d Float enhancements (AL)
\c@float@type=\count287
\float@exts=\toks47
\float@box=\box96
\@float@everytoks=\toks48
\@floatcapt=\box97
)
(/usr/share/texlive/texmf-dist/tex/latex/l3packages/xfrac/xfrac.sty
(/usr/share/texlive/texmf-dist/tex/latex/l3packages/l3keys2e/l3keys2e.sty
Package: l3keys2e 2016/01/19 v6377 LaTeX2e option processing using LaTeX3 keys
)
(/usr/share/texlive/texmf-dist/tex/latex/l3packages/xtemplate/xtemplate.sty
Package: xtemplate 2016/01/19 v6377 L3 Experimental prototype document function
s
\l__xtemplate_tmp_dim=\dimen344
\l__xtemplate_tmp_int=\count288
\l__xtemplate_tmp_muskip=\muskip18
\l__xtemplate_tmp_skip=\skip147
)
Package: xfrac 2016/01/19 v6377 L3 Experimental split-level fractions
\l__xfrac_slash_box=\box98
\l__xfrac_tmp_box=\box99
\l__xfrac_denominator_bot_sep_dim=\dimen345
\l__xfrac_numerator_bot_sep_dim=\dimen346
\l__xfrac_numerator_top_sep_dim=\dimen347
\l__xfrac_slash_left_sep_dim=\dimen348
\l__xfrac_slash_right_sep_dim=\dimen349
\l__xfrac_slash_left_muskip=\muskip19
\l__xfrac_slash_right_muskip=\muskip20
.................................................
. xtemplate info: "declare-object-type"
. 
. Declaring object type 'xfrac' taking 3 argument(s) on line 111.
.................................................
.................................................
. LaTeX info: "xparse/define-command"
. 
. Defining command \sfrac with sig. 'omom' on line 451.
.................................................
)

! LaTeX Error: Missing \begin{document}.

See the LaTeX manual or LaTeX Companion for explanation.
Type  H <return>  for immediate help.
 ...                                              
                                                  
l.77 u
      sepackage{array}
You're in trouble here.  Try typing  <return>  to proceed.
If that doesn't work, type  X <return>  to quit.

(/usr/share/texlive/texmf-dist/tex/latex/lipsum/lipsum.sty
Package: lipsum 2014/07/27 v1.3 150 paragraphs of Lorem Ipsum dummy text
\c@lips@count=\count289
)
(./20170406_thesis_methods.aux (./methods.aux) (./methods_dev.aux)
(./appendices.aux))
\openout1 = `20170406_thesis_methods.aux'.

LaTeX Font Info:    Checking defaults for OML/cmm/m/it on input line 118.
LaTeX Font Info:    ... okay on input line 118.
LaTeX Font Info:    Checking defaults for T1/cmr/m/n on input line 118.
LaTeX Font Info:    ... okay on input line 118.
LaTeX Font Info:    Checking defaults for OT1/cmr/m/n on input line 118.
LaTeX Font Info:    ... okay on input line 118.
LaTeX Font Info:    Checking defaults for OMS/cmsy/m/n on input line 118.
LaTeX Font Info:    ... okay on input line 118.
LaTeX Font Info:    Checking defaults for OMX/cmex/m/n on input line 118.
LaTeX Font Info:    ... okay on input line 118.
LaTeX Font Info:    Checking defaults for U/cmr/m/n on input line 118.
LaTeX Font Info:    ... okay on input line 118.
LaTeX Font Info:    Checking defaults for PD1/pdf/m/n on input line 118.
LaTeX Font Info:    ... okay on input line 118.
LaTeX Font Info:    Checking defaults for TS1/cmr/m/n on input line 118.
LaTeX Font Info:    Try loading font information for TS1+cmr on input line 118.

 (/usr/share/texlive/texmf-dist/tex/latex/base/ts1cmr.fd
File: ts1cmr.fd 2014/09/29 v2.5h Standard LaTeX font definitions
)
LaTeX Font Info:    ... okay on input line 118.

(/usr/share/texlive/texmf-dist/tex/context/base/supp-pdf.mkii
[Loading MPS to PDF converter (version 2006.09.02).]
\scratchcounter=\count290
\scratchdimen=\dimen350
\scratchbox=\box100
\nofMPsegments=\count291
\nofMParguments=\count292
\everyMPshowfont=\toks49
\MPscratchCnt=\count293
\MPscratchDim=\dimen351
\MPnumerator=\count294
\makeMPintoPDFobject=\count295
\everyMPtoPDFconversion=\toks50
) (/usr/share/texlive/texmf-dist/tex/latex/oberdiek/epstopdf-base.sty
Package: epstopdf-base 2010/02/09 v2.5 Base part for package epstopdf

(/usr/share/texlive/texmf-dist/tex/latex/oberdiek/grfext.sty
Package: grfext 2010/08/19 v1.1 Manage graphics extensions (HO)
)
Package grfext Info: Graphics extension search list:
(grfext)             [.png,.pdf,.jpg,.mps,.jpeg,.jbig2,.jb2,.PNG,.PDF,.JPG,.JPE
G,.JBIG2,.JB2,.eps]
(grfext)             \AppendGraphicsExtensions on input line 452.

(/usr/share/texlive/texmf-dist/tex/latex/latexconfig/epstopdf-sys.cfg
File: epstopdf-sys.cfg 2010/07/13 v1.3 Configuration of (r)epstopdf for TeX Liv
e
))
\AtBeginShipoutBox=\box101
Package hyperref Info: Link coloring OFF on input line 118.

(/usr/share/texlive/texmf-dist/tex/latex/hyperref/nameref.sty
Package: nameref 2012/10/27 v2.43 Cross-referencing by name of section

(/usr/share/texlive/texmf-dist/tex/generic/oberdiek/gettitlestring.sty
Package: gettitlestring 2010/12/03 v1.4 Cleanup title references (HO)
)
\c@section@level=\count296
)
LaTeX Info: Redefining \ref on input line 118.
LaTeX Info: Redefining \pageref on input line 118.
LaTeX Info: Redefining \nameref on input line 118.

(./20170406_thesis_methods.out) (./20170406_thesis_methods.out)
\@outlinefile=\write4
\openout4 = `20170406_thesis_methods.out'.


ABD: EveryShipout initializing macros
Package caption Info: Begin \AtBeginDocument code.
Package caption Info: float package is loaded.
Package caption Info: longtable package is loaded.

(/usr/share/texlive/texmf-dist/tex/latex/caption/ltcaption.sty
Package: ltcaption 2013/06/09 v1.4-94 longtable captions (AR)
)
Package caption Info: End \AtBeginDocument code.
 [1
Non-PDF special ignored!
Non-PDF special ignored!
Non-PDF special ignored!
Non-PDF special ignored!


Non-PDF special ignored!
Non-PDF special ignored!
Non-PDF special ignored!{/var/lib/texmf/fonts/map/pdftex/updmap/pdftex.map}]
(./20170406_thesis_methods.toc [2

])
\tf@toc=\write5
\openout5 = `20170406_thesis_methods.toc'.

 [3] (./20170406_thesis_methods.lof)
\tf@lof=\write6
\openout6 = `20170406_thesis_methods.lof'.


[4

] (./20170406_thesis_methods.lot)
\tf@lot=\write7
\openout7 = `20170406_thesis_methods.lot'.

 [5

]
\openout2 = `methods.aux'.

 (./methods.tex
Chapter 2.

Overfull \hbox (11.25215pt too wide) in paragraph at lines 7--7
|[]\OT1/cmr/bx/n/17.28 Bioinformatics Re-sources for Ge-nomics Re-search| 
 []

[6


] [7] <fig2a.png, id=457, 602.25pt x 602.25pt>
File: fig2a.png Graphic file (type png)
 <use fig2a.png>
Package pdftex.def Info: fig2a.png used on input line 39.
(pdftex.def)             Requested size: 168.08452pt x 168.08665pt.

<fig2b.png, id=458, 602.25pt x 602.25pt>
File: fig2b.png Graphic file (type png)
 <use fig2b.png>
Package pdftex.def Info: fig2b.png used on input line 43.
(pdftex.def)             Requested size: 168.08452pt x 168.08665pt.
Package mdframed Info: mdframed inside float 
 mdframed uses option nobreak mdframed on input line 49.
Package mdframed Info: mdframed inside a box 
 mdframed uses option nobreak mdframed on input line 49.

<fig3a.png, id=459, 602.25pt x 602.25pt>
File: fig3a.png Graphic file (type png)
 <use fig3a.png>
Package pdftex.def Info: fig3a.png used on input line 60.
(pdftex.def)             Requested size: 168.08452pt x 168.08665pt.

<fig3b.png, id=460, 602.25pt x 602.25pt>
File: fig3b.png Graphic file (type png)
 <use fig3b.png>
Package pdftex.def Info: fig3b.png used on input line 64.
(pdftex.def)             Requested size: 168.08452pt x 168.08665pt.
Package mdframed Info: mdframed inside float 
 mdframed uses option nobreak mdframed on input line 70.
Package mdframed Info: mdframed inside a box 
 mdframed uses option nobreak mdframed on input line 70.
 [8] [9 <./fig2a.png> <./fig2b.png> <./fig3a.png> <./fig3b.png>]
! Misplaced \omit.
\multispan ->\omit 
                   \@multispan 
l.109 }
       
I expect to see \omit only after tab marks or the \cr of
an alignment. Proceed, and I'll ignore this case.

[10]
Overfull \hbox (14.15533pt too wide) in paragraph at lines 124--125
\OT1/cmr/m/n/12 Various sta-tis-ti-cal, com-pu-ta-tional, and bioin-for-mat-ics
 tech-niques were per-formed through-
 []

[11] [12] [13] [14] [15] [16] [17]
Overfull \hbox (18.30754pt too wide) in paragraph at lines 190--191
\OT1/cmr/m/n/12 been re-leased as an R pack-age (\OT1/cmtt/m/n/12 info.centrali
ty\OT1/cmr/m/n/12 ) and in-cluded in the \OT1/cmtt/m/n/12 igraph.extensions
 []

[18] [19] [20] [21] [22]) [23]
\openout2 = `methods_dev.aux'.

 (./methods_dev.tex
Chapter 3.
(./SL_Method.pdf_tex <SL_Method.pdf, id=739, 518.34277pt x 199.68352pt>
File: SL_Method.pdf Graphic file (type pdf)

<use SL_Method.pdf>
Package pdftex.def Info: SL_Method.pdf used on input line 52.
(pdftex.def)             Requested size: 518.34277pt x 199.69215pt.
)
Package mdframed Info: mdframed inside float 
 mdframed uses option nobreak mdframed on input line 21.
Package mdframed Info: mdframed inside a box 
 mdframed uses option nobreak mdframed on input line 21.
 [24



] [25 <./SL_Method.pdf>] (./SL_Method_mtSL.pdf_tex
<SL_Method_mtSL.pdf, id=759, 518.46199pt x 199.68126pt>
File: SL_Method_mtSL.pdf Graphic file (type pdf)

<use SL_Method_mtSL.pdf>
Package pdftex.def Info: SL_Method_mtSL.pdf used on input line 52.
(pdftex.def)             Requested size: 518.46196pt x 199.68991pt.
)
Package mdframed Info: mdframed inside float 
 mdframed uses option nobreak mdframed on input line 41.
Package mdframed Info: mdframed inside a box 
 mdframed uses option nobreak mdframed on input line 41.
 [26 <./SL_Method_mtSL.pdf>]
<"SL_Model".pdf, id=767, 642.4pt x 602.25pt>
File: "SL_Model".pdf Graphic file (type pdf)
 <use "SL_Model".pdf>
Package pdftex.def Info: "SL_Model".pdf used on input line 63.
(pdftex.def)             Requested size: 642.39844pt x 602.24852pt.
Package mdframed Info: mdframed inside float 
 mdframed uses option nobreak mdframed on input line 68.
Package mdframed Info: mdframed inside a box 
 mdframed uses option nobreak mdframed on input line 68.

<"SL_Model_Expression".pdf, id=774, 481.8pt x 240.9pt>
File: "SL_Model_Expression".pdf Graphic file (type pdf)

<use "SL_Model_Expression".pdf>
Package pdftex.def Info: "SL_Model_Expression".pdf used on input line 79.
(pdftex.def)             Requested size: 481.79881pt x 240.8994pt.
Package mdframed Info: mdframed inside float 
 mdframed uses option nobreak mdframed on input line 84.
Package mdframed Info: mdframed inside a box 
 mdframed uses option nobreak mdframed on input line 84.
 [27] [28 <./SL_Model.pdf>]
<"SL_Model_Higher".pdf, id=972, 642.4pt x 642.4pt>
File: "SL_Model_Higher".pdf Graphic file (type pdf)
 <use "SL_Model_Higher".pdf>
Package pdftex.def Info: "SL_Model_Higher".pdf used on input line 95.
(pdftex.def)             Requested size: 642.39844pt x 642.39844pt.
Package mdframed Info: mdframed inside float 
 mdframed uses option nobreak mdframed on input line 100.
Package mdframed Info: mdframed inside a box 
 mdframed uses option nobreak mdframed on input line 100.

[29 <./SL_Model_Expression.pdf>] [30 <./SL_Model_Higher.pdf>]

! LaTeX Error: Unknown float option `H'.

See the LaTeX manual or LaTeX Companion for explanation.
Type  H <return>  for immediate help.
 ...                                              
                                                  
l.116 \begin{figure*}[!Htb]
                           
Option `H' ignored and `p' used.


<"/home/tomkelly/Documents/PhD Otago Uni/SL_Model/graph_sim_method/expr_mat".pn
g, id=1028, 803.0pt x 803.0pt>
File: "/home/tomkelly/Documents/PhD Otago Uni/SL_Model/graph_sim_method/expr_ma
t".png Graphic file (type png)

<use "/home/tomkelly/Documents/PhD Otago Uni/SL_Model/graph_sim_method/expr_mat
".png>
Package pdftex.def Info: "/home/tomkelly/Documents/PhD Otago Uni/SL_Model/graph
_sim_method/expr_mat".png used on input line 125.
(pdftex.def)             Requested size: 189.0967pt x 189.0971pt.

<"/home/tomkelly/Documents/PhD Otago Uni/SL_Model/graph_sim_method/expr_disc_ma
t".png, id=1029, 803.0pt x 803.0pt>
File: "/home/tomkelly/Documents/PhD Otago Uni/SL_Model/graph_sim_method/expr_di
sc_mat".png Graphic file (type png)

<use "/home/tomkelly/Documents/PhD Otago Uni/SL_Model/graph_sim_method/expr_dis
c_mat".png>
Package pdftex.def Info: "/home/tomkelly/Documents/PhD Otago Uni/SL_Model/graph
_sim_method/expr_disc_mat".png used on input line 130.
(pdftex.def)             Requested size: 189.0967pt x 189.0971pt.
Package mdframed Info: mdframed inside float 
 mdframed uses option nobreak mdframed on input line 137.
Package mdframed Info: mdframed inside a box 
 mdframed uses option nobreak mdframed on input line 137.
 [31]

! LaTeX Error: Unknown float option `H'.

See the LaTeX manual or LaTeX Companion for explanation.
Type  H <return>  for immediate help.
 ...                                              
                                                  
l.201 \begin{figure*}[!Htb]
                           
Option `H' ignored and `p' used.


<"/home/tomkelly/Documents/PhD Otago Uni/SL_Model/graph_sim_method/expr_SL_disc
_mat".png, id=1041, 803.0pt x 803.0pt>
File: "/home/tomkelly/Documents/PhD Otago Uni/SL_Model/graph_sim_method/expr_SL
_disc_mat".png Graphic file (type png)

<use "/home/tomkelly/Documents/PhD Otago Uni/SL_Model/graph_sim_method/expr_SL_
disc_mat".png>
Package pdftex.def Info: "/home/tomkelly/Documents/PhD Otago Uni/SL_Model/graph
_sim_method/expr_SL_disc_mat".png used on input line 211.
(pdftex.def)             Requested size: 189.0967pt x 189.0971pt.

<"/home/tomkelly/Documents/PhD Otago Uni/SL_Model/graph_sim_method/expr_disc_qu
ery_mat_graph".png, id=1042, 803.0pt x 803.0pt>
File: "/home/tomkelly/Documents/PhD Otago Uni/SL_Model/graph_sim_method/expr_di
sc_query_mat_graph".png Graphic file (type png)

<use "/home/tomkelly/Documents/PhD Otago Uni/SL_Model/graph_sim_method/expr_dis
c_query_mat_graph".png>
Package pdftex.def Info: "/home/tomkelly/Documents/PhD Otago Uni/SL_Model/graph
_sim_method/expr_disc_query_mat_graph".png used on input line 217.
(pdftex.def)             Requested size: 189.0967pt x 189.0971pt.
Package mdframed Info: mdframed inside float 
 mdframed uses option nobreak mdframed on input line 225.
Package mdframed Info: mdframed inside a box 
 mdframed uses option nobreak mdframed on input line 225.
File: "/home/tomkelly/Documents/PhD Otago Uni/SL_Model/graph_sim_method/expr_ma
t".png Graphic file (type png)

<use "/home/tomkelly/Documents/PhD Otago Uni/SL_Model/graph_sim_method/expr_mat
".png>
Package pdftex.def Info: "/home/tomkelly/Documents/PhD Otago Uni/SL_Model/graph
_sim_method/expr_mat".png used on input line 236.
(pdftex.def)             Requested size: 189.0967pt x 189.0971pt.

<"/home/tomkelly/Documents/PhD Otago Uni/SL_Model/graph_sim_method/expr_query_m
at_graph".png, id=1043, 803.0pt x 803.0pt>
File: "/home/tomkelly/Documents/PhD Otago Uni/SL_Model/graph_sim_method/expr_qu
ery_mat_graph".png Graphic file (type png)

<use "/home/tomkelly/Documents/PhD Otago Uni/SL_Model/graph_sim_method/expr_que
ry_mat_graph".png>
Package pdftex.def Info: "/home/tomkelly/Documents/PhD Otago Uni/SL_Model/graph
_sim_method/expr_query_mat_graph".png used on input line 241.
(pdftex.def)             Requested size: 189.0967pt x 189.0971pt.
Package mdframed Info: mdframed inside float 
 mdframed uses option nobreak mdframed on input line 248.
Package mdframed Info: mdframed inside a box 
 mdframed uses option nobreak mdframed on input line 248.


LaTeX Warning: Float too large for page by 11.95222pt on input line 249.

[32 </home/tomkelly/Documents/PhD Otago Uni/SL_Model/graph_sim_method/expr_mat.
png (PNG copy)> </home/tomkelly/Documents/PhD Otago Uni/SL_Model/graph_sim_meth
od/expr_disc_mat.png (PNG copy)>] [33 </home/tomkelly/Documents/PhD Otago Uni/S
L_Model/graph_sim_method/expr_SL_disc_mat.png (PNG copy)> </home/tomkelly/Docum
ents/PhD Otago Uni/SL_Model/graph_sim_method/expr_disc_query_mat_graph.png> </h
ome/tomkelly/Documents/PhD Otago Uni/SL_Model/graph_sim_method/expr_query_mat_g
raph.png (PNG copy)>]

! LaTeX Error: Unknown float option `H'.

See the LaTeX manual or LaTeX Companion for explanation.
Type  H <return>  for immediate help.
 ...                                              
                                                  
l.261 \begin{figure*}[!Hp]
                          
Option `H' ignored and `p' used.

<"SL_Model_Binomial_1K_AUC_samples_prop".png, id=1063, 602.25pt x 602.25pt>
File: "SL_Model_Binomial_1K_AUC_samples_prop".png Graphic file (type png)

<use "SL_Model_Binomial_1K_AUC_samples_prop".png>
Package pdftex.def Info: "SL_Model_Binomial_1K_AUC_samples_prop".png used on in
put line 266.
(pdftex.def)             Requested size: 602.24852pt x 602.24852pt.
Package mdframed Info: mdframed inside float 
 mdframed uses option nobreak mdframed on input line 270.
Package mdframed Info: mdframed inside a box 
 mdframed uses option nobreak mdframed on input line 270.

<"SL_Model_Test_Graph_10K_Graph1_ROC_Compare_Binom(Feb)_v_Mvtn(Aprxy)_Full".png
, id=1064, 602.25pt x 602.25pt>
File: "SL_Model_Test_Graph_10K_Graph1_ROC_Compare_Binom(Feb)_v_Mvtn(Aprxy)_Full
".png Graphic file (type png)

<use "SL_Model_Test_Graph_10K_Graph1_ROC_Compare_Binom(Feb)_v_Mvtn(Aprxy)_Full"
.png>
Package pdftex.def Info: "SL_Model_Test_Graph_10K_Graph1_ROC_Compare_Binom(Feb)
_v_Mvtn(Aprxy)_Full".png used on input line 276.
(pdftex.def)             Requested size: 602.24852pt x 602.24852pt.
Package mdframed Info: mdframed inside float 
 mdframed uses option nobreak mdframed on input line 280.
Package mdframed Info: mdframed inside a box 
 mdframed uses option nobreak mdframed on input line 280.


LaTeX Warning: Float too large for page by 15.88077pt on input line 281.

[34] [35 <./SL_Model_Binomial_1K_AUC_samples_prop.png (PNG copy)> <./SL_Model_T
est_Graph_10K_Graph1_ROC_Compare_Binom(Feb)_v_Mvtn(Aprxy)_Full.png (PNG copy)>]

LaTeX Warning: File `{SL_Model_Apr15mvnormCor_1K_ROC1_samplesx_prop".png}' not 
found on input line 301.


<SL_Model_Apr15mvnormCor_1K_ROC1_samplesx_prop".png, id=1079, 602.25pt x 602.25
pt>
File: SL_Model_Apr15mvnormCor_1K_ROC1_samplesx_prop".png Graphic file (type png
)
 <use SL_Model_Apr15mvnormCor_1K_ROC1_samplesx_prop".png>
Package pdftex.def Info: SL_Model_Apr15mvnormCor_1K_ROC1_samplesx_prop".png use
d on input line 301.
(pdftex.def)             Requested size: 199.60597pt x 199.60693pt.

<"SL_Model_Apr15mvnormCor_1K_ROC2_samplesx_prop".png, id=1080, 602.25pt x 602.2
5pt>
File: "SL_Model_Apr15mvnormCor_1K_ROC2_samplesx_prop".png Graphic file (type pn
g)
 <use "SL_Model_Apr15mvnormCor_1K_ROC2_samplesx_prop".png>
Package pdftex.def Info: "SL_Model_Apr15mvnormCor_1K_ROC2_samplesx_prop".png us
ed on input line 305.
(pdftex.def)             Requested size: 199.60597pt x 199.60693pt.

<"SL_Model_Apr15mvnormCor_1K_AUC_samplesx_prop".png, id=1081, 602.25pt x 602.25
pt>
File: "SL_Model_Apr15mvnormCor_1K_AUC_samplesx_prop".png Graphic file (type png
)
 <use "SL_Model_Apr15mvnormCor_1K_AUC_samplesx_prop".png>
Package pdftex.def Info: "SL_Model_Apr15mvnormCor_1K_AUC_samplesx_prop".png use
d on input line 310.
(pdftex.def)             Requested size: 273.13895pt x 273.15117pt.
Package mdframed Info: mdframed inside float 
 mdframed uses option nobreak mdframed on input line 315.
Package mdframed Info: mdframed inside a box 
 mdframed uses option nobreak mdframed on input line 315.


LaTeX Warning: Float too large for page by 11.2572pt on input line 316.


Overfull \hbox (3.8573pt too wide) in paragraph at lines 318--319
\OT1/cmr/m/n/12 The mul-ti-vari-ate nor-mal sim-u-la-tion pro-ce-dure was ini-t
ially per-formed us-ing the \OT1/cmtt/m/n/12 mvtnorm
 []

[36] [37 <./SL_Model_Apr15mvnormCor_1K_ROC1_samplesx_prop.png (PNG copy)> <./SL
_Model_Apr15mvnormCor_1K_ROC2_samplesx_prop.png (PNG copy)> <./SL_Model_Apr15mv
normCor_1K_AUC_samplesx_prop.png (PNG copy)>] [38]
<"SL_Model_May15mvnorm_heatmap_4SL_cor_comp_top(1)".pdf, id=1119, 481.8pt x 682
.55pt>
File: "SL_Model_May15mvnorm_heatmap_4SL_cor_comp_top(1)".pdf Graphic file (type
 pdf)
 <use "SL_Model_May15mvnorm_heatmap_4SL_cor_comp_top(1)".pdf>
Package pdftex.def Info: "SL_Model_May15mvnorm_heatmap_4SL_cor_comp_top(1)".pdf
 used on input line 343.
(pdftex.def)             Requested size: 147.07877pt x 208.35971pt.

<"SL_Model_May15mvnorm_heatmap_4SL_cor_comp_top(2)".pdf, id=1120, 481.8pt x 682
.55pt>
File: "SL_Model_May15mvnorm_heatmap_4SL_cor_comp_top(2)".pdf Graphic file (type
 pdf)
 <use "SL_Model_May15mvnorm_heatmap_4SL_cor_comp_top(2)".pdf>
Package pdftex.def Info: "SL_Model_May15mvnorm_heatmap_4SL_cor_comp_top(2)".pdf
 used on input line 347.
(pdftex.def)             Requested size: 147.07877pt x 208.35971pt.

<"SL_Model_May15mvnorm_heatmap_4SL_cor_comp_top(4)".pdf, id=1121, 481.8pt x 682
.55pt>
File: "SL_Model_May15mvnorm_heatmap_4SL_cor_comp_top(4)".pdf Graphic file (type
 pdf)
 <use "SL_Model_May15mvnorm_heatmap_4SL_cor_comp_top(4)".pdf>
Package pdftex.def Info: "SL_Model_May15mvnorm_heatmap_4SL_cor_comp_top(4)".pdf
 used on input line 352.
(pdftex.def)             Requested size: 147.07877pt x 208.35971pt.

<"SL_Model_May15mvnorm_heatmap_4SL_cor_comp_top(3)".pdf, id=1122, 481.8pt x 682
.55pt>
File: "SL_Model_May15mvnorm_heatmap_4SL_cor_comp_top(3)".pdf Graphic file (type
 pdf)
 <use "SL_Model_May15mvnorm_heatmap_4SL_cor_comp_top(3)".pdf>
Package pdftex.def Info: "SL_Model_May15mvnorm_heatmap_4SL_cor_comp_top(3)".pdf
 used on input line 356.
(pdftex.def)             Requested size: 147.07877pt x 208.35971pt.
Package mdframed Info: mdframed inside float 
 mdframed uses option nobreak mdframed on input line 361.
Package mdframed Info: mdframed inside a box 
 mdframed uses option nobreak mdframed on input line 361.


LaTeX Warning: Float too large for page by 8.25864pt on input line 362.


<"SL_Model_May15mvnorm_heatmap_4SL_cor_comp_1K_top(1)".pdf, id=1128, 481.8pt x 
682.55pt>
File: "SL_Model_May15mvnorm_heatmap_4SL_cor_comp_1K_top(1)".pdf Graphic file (t
ype pdf)
 <use "SL_Model_May15mvnorm_heatmap_4SL_cor_comp_1K_top(1)".pdf>
Package pdftex.def Info: "SL_Model_May15mvnorm_heatmap_4SL_cor_comp_1K_top(1)".
pdf used on input line 376.
(pdftex.def)             Requested size: 147.07877pt x 208.35971pt.


LaTeX Warning: File `{""SL_Model_May15mvnorm_heatmap_4SL_cor_comp_1K_top(2)".pd
f}' not found on input line 380.


<""SL_Model_May15mvnorm_heatmap_4SL_cor_comp_1K_top(2)".pdf, id=1129, 481.8pt x
 682.55pt>
File: ""SL_Model_May15mvnorm_heatmap_4SL_cor_comp_1K_top(2)".pdf Graphic file (
type pdf)
 <use ""SL_Model_May15mvnorm_heatmap_4SL_cor_comp_1K_top(2)".pdf>
Package pdftex.def Info: ""SL_Model_May15mvnorm_heatmap_4SL_cor_comp_1K_top(2)"
.pdf used on input line 380.
(pdftex.def)             Requested size: 147.07877pt x 208.35971pt.

<"SL_Model_May15mvnorm_heatmap_4SL_cor_comp_1K_top(4)".pdf, id=1130, 481.8pt x 
682.55pt>
File: "SL_Model_May15mvnorm_heatmap_4SL_cor_comp_1K_top(4)".pdf Graphic file (t
ype pdf)
 <use "SL_Model_May15mvnorm_heatmap_4SL_cor_comp_1K_top(4)".pdf>
Package pdftex.def Info: "SL_Model_May15mvnorm_heatmap_4SL_cor_comp_1K_top(4)".
pdf used on input line 385.
(pdftex.def)             Requested size: 147.07877pt x 208.35971pt.

<"SL_Model_May15mvnorm_heatmap_4SL_cor_comp_1K_top(3)".pdf, id=1131, 481.8pt x 
682.55pt>
File: "SL_Model_May15mvnorm_heatmap_4SL_cor_comp_1K_top(3)".pdf Graphic file (t
ype pdf)
 <use "SL_Model_May15mvnorm_heatmap_4SL_cor_comp_1K_top(3)".pdf>
Package pdftex.def Info: "SL_Model_May15mvnorm_heatmap_4SL_cor_comp_1K_top(3)".
pdf used on input line 389.
(pdftex.def)             Requested size: 147.07877pt x 208.35971pt.
Package mdframed Info: mdframed inside float 
 mdframed uses option nobreak mdframed on input line 394.
Package mdframed Info: mdframed inside a box 
 mdframed uses option nobreak mdframed on input line 394.

[39] [40 <./SL_Model_May15mvnorm_heatmap_4SL_cor_comp_top(1).pdf> <./SL_Model_M
ay15mvnorm_heatmap_4SL_cor_comp_top(2).pdf

pdfTeX warning: /usr/bin/pdflatex (file ./SL_Model_May15mvnorm_heatmap_4SL_cor_
comp_top(2).pdf): PDF inclusion: multiple pdfs with page group included in a si
ngle page
> <./SL_Model_May15mvnorm_heatmap_4SL_cor_comp_top(4).pdf

pdfTeX warning: /usr/bin/pdflatex (file ./SL_Model_May15mvnorm_heatmap_4SL_cor_
comp_top(4).pdf): PDF inclusion: multiple pdfs with page group included in a si
ngle page
> <./SL_Model_May15mvnorm_heatmap_4SL_cor_comp_top(3).pdf

pdfTeX warning: /usr/bin/pdflatex (file ./SL_Model_May15mvnorm_heatmap_4SL_cor_
comp_top(3).pdf): PDF inclusion: multiple pdfs with page group included in a si
ngle page
>] [41 <./SL_Model_May15mvnorm_heatmap_4SL_cor_comp_1K_top(1).pdf> <./SL_Model_
May15mvnorm_heatmap_4SL_cor_comp_1K_top(2).pdf

pdfTeX warning: /usr/bin/pdflatex (file ./SL_Model_May15mvnorm_heatmap_4SL_cor_
comp_1K_top(2).pdf): PDF inclusion: multiple pdfs with page group included in a
 single page
> <./SL_Model_May15mvnorm_heatmap_4SL_cor_comp_1K_top(4).pdf

pdfTeX warning: /usr/bin/pdflatex (file ./SL_Model_May15mvnorm_heatmap_4SL_cor_
comp_1K_top(4).pdf): PDF inclusion: multiple pdfs with page group included in a
 single page
> <./SL_Model_May15mvnorm_heatmap_4SL_cor_comp_1K_top(3).pdf

pdfTeX warning: /usr/bin/pdflatex (file ./SL_Model_May15mvnorm_heatmap_4SL_cor_
comp_1K_top(3).pdf): PDF inclusion: multiple pdfs with page group included in a
 single page
>]
<"SL_Model_May15mvnorm_heatmap_10XSL_cor_comp2(1)".png, id=1180, 602.25pt x 752
.8125pt>
File: "SL_Model_May15mvnorm_heatmap_10XSL_cor_comp2(1)".png Graphic file (type 
png)
 <use "SL_Model_May15mvnorm_heatmap_10XSL_cor_comp2(1)".png>
Package pdftex.def Info: "SL_Model_May15mvnorm_heatmap_10XSL_cor_comp2(1)".png 
used on input line 408.
(pdftex.def)             Requested size: 147.07877pt x 183.84909pt.

<"SL_Model_May15mvnorm_heatmap_10XSL_cor_comp2(2)".png, id=1181, 602.25pt x 752
.8125pt>
File: "SL_Model_May15mvnorm_heatmap_10XSL_cor_comp2(2)".png Graphic file (type 
png)
 <use "SL_Model_May15mvnorm_heatmap_10XSL_cor_comp2(2)".png>
Package pdftex.def Info: "SL_Model_May15mvnorm_heatmap_10XSL_cor_comp2(2)".png 
used on input line 412.
(pdftex.def)             Requested size: 147.07877pt x 183.84909pt.
Package mdframed Info: mdframed inside float 
 mdframed uses option nobreak mdframed on input line 418.
Package mdframed Info: mdframed inside a box 
 mdframed uses option nobreak mdframed on input line 418.


LaTeX Warning: File `{SL_Model_Apr15mvnorm_1K_ROC1_samplesx_prop".png}' not fou
nd on input line 430.


<SL_Model_Apr15mvnorm_1K_ROC1_samplesx_prop".png, id=1182, 602.25pt x 602.25pt>
File: SL_Model_Apr15mvnorm_1K_ROC1_samplesx_prop".png Graphic file (type png)
<use SL_Model_Apr15mvnorm_1K_ROC1_samplesx_prop".png>
Package pdftex.def Info: SL_Model_Apr15mvnorm_1K_ROC1_samplesx_prop".png used o
n input line 430.
(pdftex.def)             Requested size: 199.60597pt x 199.60693pt.

<"SL_Model_Apr15mvnorm_1K_ROC2_samplesx_prop".png, id=1183, 602.25pt x 602.25pt
>
File: "SL_Model_Apr15mvnorm_1K_ROC2_samplesx_prop".png Graphic file (type png)
 <use "SL_Model_Apr15mvnorm_1K_ROC2_samplesx_prop".png>
Package pdftex.def Info: "SL_Model_Apr15mvnorm_1K_ROC2_samplesx_prop".png used 
on input line 434.
(pdftex.def)             Requested size: 199.60597pt x 199.60693pt.

<"SL_Model_Apr15mvnorm_1K_AUC_samplesx_prop".png, id=1184, 602.25pt x 602.25pt>
File: "SL_Model_Apr15mvnorm_1K_AUC_samplesx_prop".png Graphic file (type png)
<use "SL_Model_Apr15mvnorm_1K_AUC_samplesx_prop".png>
Package pdftex.def Info: "SL_Model_Apr15mvnorm_1K_AUC_samplesx_prop".png used o
n input line 439.
(pdftex.def)             Requested size: 273.13895pt x 273.15117pt.
Package mdframed Info: mdframed inside float 
 mdframed uses option nobreak mdframed on input line 444.
Package mdframed Info: mdframed inside a box 
 mdframed uses option nobreak mdframed on input line 444.


LaTeX Warning: Float too large for page by 11.2572pt on input line 445.


<"SL_Model_Test_Graph_10K_Graph1_ROC_Compare_Mvtn(Apry)_v_Cor(Aprxy)_Full".png,
 id=1185, 602.25pt x 602.25pt>
File: "SL_Model_Test_Graph_10K_Graph1_ROC_Compare_Mvtn(Apry)_v_Cor(Aprxy)_Full"
.png Graphic file (type png)

<use "SL_Model_Test_Graph_10K_Graph1_ROC_Compare_Mvtn(Apry)_v_Cor(Aprxy)_Full".
png>
Package pdftex.def Info: "SL_Model_Test_Graph_10K_Graph1_ROC_Compare_Mvtn(Apry)
_v_Cor(Aprxy)_Full".png used on input line 452.
(pdftex.def)             Requested size: 602.24852pt x 602.24852pt.
Package mdframed Info: mdframed inside float 
 mdframed uses option nobreak mdframed on input line 456.
Package mdframed Info: mdframed inside a box 
 mdframed uses option nobreak mdframed on input line 456.
 [42 <./SL_Model_May15mvnorm_heatmap_10XSL_cor_comp2(1).png> <./SL_Model_May15m
vnorm_heatmap_10XSL_cor_comp2(2).png>] [43 <./SL_Model_Apr15mvnorm_1K_ROC1_samp
lesx_prop.png (PNG copy)> <./SL_Model_Apr15mvnorm_1K_ROC2_samplesx_prop.png (PN
G copy)> <./SL_Model_Apr15mvnorm_1K_AUC_samplesx_prop.png (PNG copy)>]

LaTeX Warning: File `{SL_Model_May15mvnorm_dir_1K_ROC1_samplesx_prop".png}' not
 found on input line 474.


<SL_Model_May15mvnorm_dir_1K_ROC1_samplesx_prop".png, id=1206, 602.25pt x 602.2
5pt>
File: SL_Model_May15mvnorm_dir_1K_ROC1_samplesx_prop".png Graphic file (type pn
g)
 <use SL_Model_May15mvnorm_dir_1K_ROC1_samplesx_prop".png>
Package pdftex.def Info: SL_Model_May15mvnorm_dir_1K_ROC1_samplesx_prop".png us
ed on input line 474.
(pdftex.def)             Requested size: 199.60597pt x 199.60693pt.

<"SL_Model_May15mvnorm_dir_1K_ROC2_samplesx_prop".png, id=1207, 602.25pt x 602.
25pt>
File: "SL_Model_May15mvnorm_dir_1K_ROC2_samplesx_prop".png Graphic file (type p
ng)
 <use "SL_Model_May15mvnorm_dir_1K_ROC2_samplesx_prop".png>
Package pdftex.def Info: "SL_Model_May15mvnorm_dir_1K_ROC2_samplesx_prop".png u
sed on input line 478.
(pdftex.def)             Requested size: 199.60597pt x 199.60693pt.

<"SL_Model_May15mvnorm_dir_1K_AUC_samplesx_prop".png, id=1208, 602.25pt x 602.2
5pt>
File: "SL_Model_May15mvnorm_dir_1K_AUC_samplesx_prop".png Graphic file (type pn
g)
 <use "SL_Model_May15mvnorm_dir_1K_AUC_samplesx_prop".png>
Package pdftex.def Info: "SL_Model_May15mvnorm_dir_1K_AUC_samplesx_prop".png us
ed on input line 483.
(pdftex.def)             Requested size: 273.13895pt x 273.15117pt.
Package mdframed Info: mdframed inside float 
 mdframed uses option nobreak mdframed on input line 488.
Package mdframed Info: mdframed inside a box 
 mdframed uses option nobreak mdframed on input line 488.


LaTeX Warning: Float too large for page by 11.2572pt on input line 489.

[44 <./SL_Model_Test_Graph_10K_Graph1_ROC_Compare_Mvtn(Apry)_v_Cor(Aprxy)_Full.
png (PNG copy)>] [45 <./SL_Model_May15mvnorm_dir_1K_ROC1_samplesx_prop.png (PNG
 copy)> <./SL_Model_May15mvnorm_dir_1K_ROC2_samplesx_prop.png (PNG copy)> <./SL
_Model_May15mvnorm_dir_1K_AUC_samplesx_prop.png (PNG copy)>]

! LaTeX Error: Unknown float option `H'.

See the LaTeX manual or LaTeX Companion for explanation.
Type  H <return>  for immediate help.
 ...                                              
                                                  
l.517 \begin{figure*}[!Hb]
                          
Option `H' ignored and `p' used.


<"SL_Model_May15mvnorm_1K_ROC1_samplesx_prop".png, id=1224, 602.25pt x 602.25pt
>
File: "SL_Model_May15mvnorm_1K_ROC1_samplesx_prop".png Graphic file (type png)
 <use "SL_Model_May15mvnorm_1K_ROC1_samplesx_prop".png>
Package pdftex.def Info: "SL_Model_May15mvnorm_1K_ROC1_samplesx_prop".png used 
on input line 525.
(pdftex.def)             Requested size: 199.60597pt x 199.60693pt.

<"SL_Model_May15mvnorm_dir_1K_ROC1_samplesx_prop".png, id=1225, 602.25pt x 602.
25pt>
File: "SL_Model_May15mvnorm_dir_1K_ROC1_samplesx_prop".png Graphic file (type p
ng)
 <use "SL_Model_May15mvnorm_dir_1K_ROC1_samplesx_prop".png>
Package pdftex.def Info: "SL_Model_May15mvnorm_dir_1K_ROC1_samplesx_prop".png u
sed on input line 529.
(pdftex.def)             Requested size: 199.60597pt x 199.60693pt.

Overfull \hbox (8.2607pt too wide) in paragraph at lines 525--530
 [][][] 
 []

Package mdframed Info: mdframed inside float 
 mdframed uses option nobreak mdframed on input line 535.
Package mdframed Info: mdframed inside a box 
 mdframed uses option nobreak mdframed on input line 535.

<"SL_Model_May15mvnorm_1K_ROC2_samplesx_prop".png, id=1226, 602.25pt x 602.25pt
>
File: "SL_Model_May15mvnorm_1K_ROC2_samplesx_prop".png Graphic file (type png)
 <use "SL_Model_May15mvnorm_1K_ROC2_samplesx_prop".png>
Package pdftex.def Info: "SL_Model_May15mvnorm_1K_ROC2_samplesx_prop".png used 
on input line 546.
(pdftex.def)             Requested size: 199.60597pt x 199.60693pt.
File: "SL_Model_May15mvnorm_dir_1K_ROC2_samplesx_prop".png Graphic file (type p
ng)

<use "SL_Model_May15mvnorm_dir_1K_ROC2_samplesx_prop".png>
Package pdftex.def Info: "SL_Model_May15mvnorm_dir_1K_ROC2_samplesx_prop".png u
sed on input line 550.
(pdftex.def)             Requested size: 199.60597pt x 199.60693pt.

Overfull \hbox (8.2607pt too wide) in paragraph at lines 546--551
 [][][] 
 []


<"SL_Model_Test_Graph_10K_Graph1_ROC_Compare_Mvtn(Mayy)_v_Cor(Mayxy)_Full".png,
 id=1227, 602.25pt x 602.25pt>
File: "SL_Model_Test_Graph_10K_Graph1_ROC_Compare_Mvtn(Mayy)_v_Cor(Mayxy)_Full"
.png Graphic file (type png)

<use "SL_Model_Test_Graph_10K_Graph1_ROC_Compare_Mvtn(Mayy)_v_Cor(Mayxy)_Full".
png>
Package pdftex.def Info: "SL_Model_Test_Graph_10K_Graph1_ROC_Compare_Mvtn(Mayy)
_v_Cor(Mayxy)_Full".png used on input line 556.
(pdftex.def)             Requested size: 252.1332pt x 252.13458pt.
Package mdframed Info: mdframed inside float 
 mdframed uses option nobreak mdframed on input line 562.
Package mdframed Info: mdframed inside a box 
 mdframed uses option nobreak mdframed on input line 562.
 [46] [47 <./SL_Model_May15mvnorm_1K_ROC1_samplesx_prop.png (PNG copy)> <./SL_M
odel_May15mvnorm_dir_1K_ROC1_samplesx_prop.png (PNG copy)>] [48 <./SL_Model_May
15mvnorm_1K_ROC2_samplesx_prop.png (PNG copy)> <./SL_Model_Test_Graph_10K_Graph
1_ROC_Compare_Mvtn(Mayy)_v_Cor(Mayxy)_Full.png (PNG copy)>] [49] [50]
<"/home/tomkelly/Documents/PhD Otago Uni/SL_Model/graph_sim_method/simple_graph
".png, id=1264, 803.0pt x 803.0pt>
File: "/home/tomkelly/Documents/PhD Otago Uni/SL_Model/graph_sim_method/simple_
graph".png Graphic file (type png)

<use "/home/tomkelly/Documents/PhD Otago Uni/SL_Model/graph_sim_method/simple_g
raph".png>
Package pdftex.def Info: "/home/tomkelly/Documents/PhD Otago Uni/SL_Model/graph
_sim_method/simple_graph".png used on input line 606.
(pdftex.def)             Requested size: 189.0967pt x 189.0971pt.

<"/home/tomkelly/Documents/PhD Otago Uni/SL_Model/graph_sim_method/simple_graph
_inhibiting".png, id=1265, 803.0pt x 803.0pt>
File: "/home/tomkelly/Documents/PhD Otago Uni/SL_Model/graph_sim_method/simple_
graph_inhibiting".png Graphic file (type png)

<use "/home/tomkelly/Documents/PhD Otago Uni/SL_Model/graph_sim_method/simple_g
raph_inhibiting".png>
Package pdftex.def Info: "/home/tomkelly/Documents/PhD Otago Uni/SL_Model/graph
_sim_method/simple_graph_inhibiting".png used on input line 610.
(pdftex.def)             Requested size: 189.0967pt x 189.0971pt.
Package mdframed Info: mdframed inside float 
 mdframed uses option nobreak mdframed on input line 616.
Package mdframed Info: mdframed inside a box 
 mdframed uses option nobreak mdframed on input line 616.
 [51]
File: "/home/tomkelly/Documents/PhD Otago Uni/SL_Model/graph_sim_method/simple_
graph".png Graphic file (type png)

<use "/home/tomkelly/Documents/PhD Otago Uni/SL_Model/graph_sim_method/simple_g
raph".png>
Package pdftex.def Info: "/home/tomkelly/Documents/PhD Otago Uni/SL_Model/graph
_sim_method/simple_graph".png used on input line 629.
(pdftex.def)             Requested size: 147.07877pt x 147.07008pt.

<"/home/tomkelly/Documents/PhD Otago Uni/SL_Model/graph_sim_method/dist_mat".pn
g, id=1278, 803.0pt x 803.0pt>
File: "/home/tomkelly/Documents/PhD Otago Uni/SL_Model/graph_sim_method/dist_ma
t".png Graphic file (type png)

<use "/home/tomkelly/Documents/PhD Otago Uni/SL_Model/graph_sim_method/dist_mat
".png>
Package pdftex.def Info: "/home/tomkelly/Documents/PhD Otago Uni/SL_Model/graph
_sim_method/dist_mat".png used on input line 633.
(pdftex.def)             Requested size: 147.07877pt x 147.07008pt.

<"/home/tomkelly/Documents/PhD Otago Uni/SL_Model/graph_sim_method/sigma_mat".p
ng, id=1279, 803.0pt x 803.0pt>
File: "/home/tomkelly/Documents/PhD Otago Uni/SL_Model/graph_sim_method/sigma_m
at".png Graphic file (type png)

<use "/home/tomkelly/Documents/PhD Otago Uni/SL_Model/graph_sim_method/sigma_ma
t".png>
Package pdftex.def Info: "/home/tomkelly/Documents/PhD Otago Uni/SL_Model/graph
_sim_method/sigma_mat".png used on input line 638.
(pdftex.def)             Requested size: 147.07877pt x 147.07008pt.

<"/home/tomkelly/Documents/PhD Otago Uni/SL_Model/graph_sim_method/expr_cor_mat
".png, id=1280, 803.0pt x 803.0pt>
File: "/home/tomkelly/Documents/PhD Otago Uni/SL_Model/graph_sim_method/expr_co
r_mat".png Graphic file (type png)

<use "/home/tomkelly/Documents/PhD Otago Uni/SL_Model/graph_sim_method/expr_cor
_mat".png>
Package pdftex.def Info: "/home/tomkelly/Documents/PhD Otago Uni/SL_Model/graph
_sim_method/expr_cor_mat".png used on input line 642.
(pdftex.def)             Requested size: 147.07877pt x 147.07008pt.
File: "/home/tomkelly/Documents/PhD Otago Uni/SL_Model/graph_sim_method/expr_ma
t".png Graphic file (type png)

<use "/home/tomkelly/Documents/PhD Otago Uni/SL_Model/graph_sim_method/expr_mat
".png>
Package pdftex.def Info: "/home/tomkelly/Documents/PhD Otago Uni/SL_Model/graph
_sim_method/expr_mat".png used on input line 647.
(pdftex.def)             Requested size: 147.07877pt x 147.07008pt.
File: "/home/tomkelly/Documents/PhD Otago Uni/SL_Model/graph_sim_method/expr_di
sc_mat".png Graphic file (type png)

<use "/home/tomkelly/Documents/PhD Otago Uni/SL_Model/graph_sim_method/expr_dis
c_mat".png>
Package pdftex.def Info: "/home/tomkelly/Documents/PhD Otago Uni/SL_Model/graph
_sim_method/expr_disc_mat".png used on input line 651.
(pdftex.def)             Requested size: 147.07877pt x 147.07008pt.
Package mdframed Info: mdframed inside float 
 mdframed uses option nobreak mdframed on input line 656.
Package mdframed Info: mdframed inside a box 
 mdframed uses option nobreak mdframed on input line 656.
LaTeX Font Info:    Calculating math sizes for size <8.39996> on input line 659
.


LaTeX Font Warning: Font shape `OT1/cmr/m/n' in size <4.19998> not available
(Font)              size <5> substituted on input line 659.


LaTeX Font Warning: Font shape `OML/cmm/m/it' in size <4.19998> not available
(Font)              size <5> substituted on input line 659.


LaTeX Font Warning: Font shape `OMS/cmsy/m/n' in size <4.19998> not available
(Font)              size <5> substituted on input line 659.

[52 </home/tomkelly/Documents/PhD Otago Uni/SL_Model/graph_sim_method/simple_gr
aph.png (PNG copy)> </home/tomkelly/Documents/PhD Otago Uni/SL_Model/graph_sim_
method/simple_graph_inhibiting.png (PNG copy)>] [53 </home/tomkelly/Documents/P
hD Otago Uni/SL_Model/graph_sim_method/dist_mat.png (PNG copy)> </home/tomkelly
/Documents/PhD Otago Uni/SL_Model/graph_sim_method/sigma_mat.png (PNG copy)> </
home/tomkelly/Documents/PhD Otago Uni/SL_Model/graph_sim_method/expr_cor_mat.pn
g (PNG copy)>]
File: "/home/tomkelly/Documents/PhD Otago Uni/SL_Model/graph_sim_method/simple_
graph_inhibiting".png Graphic file (type png)

<use "/home/tomkelly/Documents/PhD Otago Uni/SL_Model/graph_sim_method/simple_g
raph_inhibiting".png>
Package pdftex.def Info: "/home/tomkelly/Documents/PhD Otago Uni/SL_Model/graph
_sim_method/simple_graph_inhibiting".png used on input line 671.
(pdftex.def)             Requested size: 147.07877pt x 147.07008pt.
File: "/home/tomkelly/Documents/PhD Otago Uni/SL_Model/graph_sim_method/dist_ma
t".png Graphic file (type png)

<use "/home/tomkelly/Documents/PhD Otago Uni/SL_Model/graph_sim_method/dist_mat
".png>
Package pdftex.def Info: "/home/tomkelly/Documents/PhD Otago Uni/SL_Model/graph
_sim_method/dist_mat".png used on input line 675.
(pdftex.def)             Requested size: 147.07877pt x 147.07008pt.

<"/home/tomkelly/Documents/PhD Otago Uni/SL_Model/graph_sim_method/sigma_mat_in
hibiting".png, id=1309, 803.0pt x 803.0pt>
File: "/home/tomkelly/Documents/PhD Otago Uni/SL_Model/graph_sim_method/sigma_m
at_inhibiting".png Graphic file (type png)

<use "/home/tomkelly/Documents/PhD Otago Uni/SL_Model/graph_sim_method/sigma_ma
t_inhibiting".png>
Package pdftex.def Info: "/home/tomkelly/Documents/PhD Otago Uni/SL_Model/graph
_sim_method/sigma_mat_inhibiting".png used on input line 680.
(pdftex.def)             Requested size: 147.07877pt x 147.07008pt.

<"/home/tomkelly/Documents/PhD Otago Uni/SL_Model/graph_sim_method/expr_cor_mat
_inhibiting".png, id=1310, 803.0pt x 803.0pt>
File: "/home/tomkelly/Documents/PhD Otago Uni/SL_Model/graph_sim_method/expr_co
r_mat_inhibiting".png Graphic file (type png)

<use "/home/tomkelly/Documents/PhD Otago Uni/SL_Model/graph_sim_method/expr_cor
_mat_inhibiting".png>
Package pdftex.def Info: "/home/tomkelly/Documents/PhD Otago Uni/SL_Model/graph
_sim_method/expr_cor_mat_inhibiting".png used on input line 684.
(pdftex.def)             Requested size: 147.07877pt x 147.07008pt.

<"/home/tomkelly/Documents/PhD Otago Uni/SL_Model/graph_sim_method/expr_mat_inh
ibiting".png, id=1311, 803.0pt x 803.0pt>
File: "/home/tomkelly/Documents/PhD Otago Uni/SL_Model/graph_sim_method/expr_ma
t_inhibiting".png Graphic file (type png)

<use "/home/tomkelly/Documents/PhD Otago Uni/SL_Model/graph_sim_method/expr_mat
_inhibiting".png>
Package pdftex.def Info: "/home/tomkelly/Documents/PhD Otago Uni/SL_Model/graph
_sim_method/expr_mat_inhibiting".png used on input line 689.
(pdftex.def)             Requested size: 147.07877pt x 147.07008pt.

<"/home/tomkelly/Documents/PhD Otago Uni/SL_Model/graph_sim_method/expr_inhib_d
isc_mat".png, id=1312, 803.0pt x 803.0pt>
File: "/home/tomkelly/Documents/PhD Otago Uni/SL_Model/graph_sim_method/expr_in
hib_disc_mat".png Graphic file (type png)

<use "/home/tomkelly/Documents/PhD Otago Uni/SL_Model/graph_sim_method/expr_inh
ib_disc_mat".png>
Package pdftex.def Info: "/home/tomkelly/Documents/PhD Otago Uni/SL_Model/graph
_sim_method/expr_inhib_disc_mat".png used on input line 693.
(pdftex.def)             Requested size: 147.07877pt x 147.07008pt.
Package mdframed Info: mdframed inside float 
 mdframed uses option nobreak mdframed on input line 698.
Package mdframed Info: mdframed inside a box 
 mdframed uses option nobreak mdframed on input line 698.
 [54] [55 </home/tomkelly/Documents/PhD Otago Uni/SL_Model/graph_sim_method/sig
ma_mat_inhibiting.png (PNG copy)> </home/tomkelly/Documents/PhD Otago Uni/SL_Mo
del/graph_sim_method/expr_cor_mat_inhibiting.png (PNG copy)> </home/tomkelly/Do
cuments/PhD Otago Uni/SL_Model/graph_sim_method/expr_mat_inhibiting.png (PNG co
py)> </home/tomkelly/Documents/PhD Otago Uni/SL_Model/graph_sim_method/expr_inh
ib_disc_mat.png (PNG copy)>] [56]
<"vioplot1".png, id=1357, 632.3625pt x 351.3125pt>
File: "vioplot1".png Graphic file (type png)
 <use "vioplot1".png>
Package pdftex.def Info: "vioplot1".png used on input line 746.
(pdftex.def)             Requested size: 189.0967pt x 105.05148pt.

<"vioplot2".png, id=1358, 632.3625pt x 351.3125pt>
File: "vioplot2".png Graphic file (type png)
 <use "vioplot2".png>
Package pdftex.def Info: "vioplot2".png used on input line 750.
(pdftex.def)             Requested size: 189.0967pt x 105.05148pt.
Package mdframed Info: mdframed inside float 
 mdframed uses option nobreak mdframed on input line 755.
Package mdframed Info: mdframed inside a box 
 mdframed uses option nobreak mdframed on input line 755.

<"heatmap2x".png, id=1361, 505.89pt x 361.35pt>
File: "heatmap2x".png Graphic file (type png)
 <use "heatmap2x".png>
Package pdftex.def Info: "heatmap2x".png used on input line 764.
(pdftex.def)             Requested size: 378.19339pt x 270.14066pt.
Package mdframed Info: mdframed inside float 
 mdframed uses option nobreak mdframed on input line 769.
Package mdframed Info: mdframed inside a box 
 mdframed uses option nobreak mdframed on input line 769.
 [57]
[58 <./vioplot1.png> <./vioplot2.png> <./heatmap2x.png (PNG copy)>]
File: "/home/tomkelly/Documents/PhD Otago Uni/SL_Model/graph_sim_method/simple_
graph_inhibiting".png Graphic file (type png)

<use "/home/tomkelly/Documents/PhD Otago Uni/SL_Model/graph_sim_method/simple_g
raph_inhibiting".png>
Package pdftex.def Info: "/home/tomkelly/Documents/PhD Otago Uni/SL_Model/graph
_sim_method/simple_graph_inhibiting".png used on input line 791.
(pdftex.def)             Requested size: 210.10886pt x 210.11063pt.
Package mdframed Info: mdframed inside float 
 mdframed uses option nobreak mdframed on input line 796.
Package mdframed Info: mdframed inside a box 
 mdframed uses option nobreak mdframed on input line 796.
 [59] [60]) [61] (./20170406_thesis_methods.bbl
Missing character: There is no  in font cmti12!
Missing character: There is no  in font cmti12!
 [62



]
Missing character: There is no  in font cmr12!
Missing character: There is no  in font cmr12!
Missing character: There is no  in font cmr12!
LaTeX Font Info:    Try loading font information for OMS+cmr on input line 134.


(/usr/share/texlive/texmf-dist/tex/latex/base/omscmr.fd
File: omscmr.fd 2014/09/29 v2.5h Standard LaTeX font definitions
)
LaTeX Font Info:    Font shape `OMS/cmr/m/n' in size <12> not available
(Font)              Font shape `OMS/cmsy/m/n' tried instead on input line 134.
 [63] [64] [65]
[66]
Missing character: There is no  in font cmr12!
Missing character: There is no  in font cmr12!
Missing character: There is no  in font cmr12!
) [67]
\openout2 = `appendices.aux'.

 (./appendices.tex
Appendix A.
<Raw(log)_Corr_eudist_Cut_part_Pub.png, id=1460, 752.8125pt x 752.8125pt>
File: Raw(log)_Corr_eudist_Cut_part_Pub.png Graphic file (type png)

<use Raw(log)_Corr_eudist_Cut_part_Pub.png>
Package pdftex.def Info: Raw(log)_Corr_eudist_Cut_part_Pub.png used on input li
ne 24.
(pdftex.def)             Requested size: 752.81065pt x 752.81065pt.
Package mdframed Info: mdframed inside float 
 mdframed uses option nobreak mdframed on input line 28.
Package mdframed Info: mdframed inside a box 
 mdframed uses option nobreak mdframed on input line 28.

<Raw(log)_Corr_eudist_Ann_Pub.png, id=1463, 1606.0pt x 1606.0pt>
File: Raw(log)_Corr_eudist_Ann_Pub.png Graphic file (type png)

<use Raw(log)_Corr_eudist_Ann_Pub.png>
Package pdftex.def Info: Raw(log)_Corr_eudist_Ann_Pub.png used on input line 36
.
(pdftex.def)             Requested size: 1605.99611pt x 1605.99611pt.
Package mdframed Info: mdframed inside float 
 mdframed uses option nobreak mdframed on input line 40.
Package mdframed Info: mdframed inside a box 
 mdframed uses option nobreak mdframed on input line 40.
 [68


 <./Raw(log)_Corr_eudist_Cut_part_Pub.png>] [69 <./Raw(log)_Corr_eudist_Ann_Pub
.png>]
Appendix B.
[70

] [71] [72] [73] [74] [75] [76] [77] [78]
Appendix C.
) [79

]
Package atveryend Info: Empty hook `BeforeClearDocument' on input line 159.
Package atveryend Info: Empty hook `AfterLastShipout' on input line 159.
 (./20170406_thesis_methods.aux (./methods.aux) (./methods_dev.aux)
(./appendices.aux))
Package atveryend Info: Executing hook `AtVeryEndDocument' on input line 159.
Package atveryend Info: Executing hook `AtEndAfterFileList' on input line 159.
Package rerunfilecheck Info: File `20170406_thesis_methods.out' has not changed
.
(rerunfilecheck)             Checksum: DE43F5C4CC2C6307C02AE8C12437CF0F;4780.


LaTeX Font Warning: Size substitutions with differences
(Font)              up to 2.90001pt have occurred.

 ) 
Here is how much of TeX's memory you used:
 32220 strings out of 494497
 615829 string characters out of 6172400
 820019 words of memory out of 5000000
 34736 multiletter control sequences out of 15000+600000
 14525 words of font info for 54 fonts, out of 8000000 for 9000
 264 hyphenation exceptions out of 8191
 59i,21n,94p,10457b,587s stack positions out of 5000i,500n,10000p,200000b,80000s
 </home/tomkelly/.texmf-var/fonts/pk/ljfour/jknappen/ec/tcrm1200.600pk></usr/
share/texlive/texmf-dist/fonts/type1/public/amsfonts/cm/cmbx10.pfb></usr/share/
texlive/texmf-dist/fonts/type1/public/amsfonts/cm/cmbx12.pfb></usr/share/texliv
e/texmf-dist/fonts/type1/public/amsfonts/cm/cmex10.pfb></usr/share/texlive/texm
f-dist/fonts/type1/public/amsfonts/cm/cmmi10.pfb></usr/share/texlive/texmf-dist
/fonts/type1/public/amsfonts/cm/cmmi12.pfb></usr/share/texlive/texmf-dist/fonts
/type1/public/amsfonts/cm/cmmi8.pfb></usr/share/texlive/texmf-dist/fonts/type1/
public/amsfonts/cm/cmr10.pfb></usr/share/texlive/texmf-dist/fonts/type1/public/
amsfonts/cm/cmr12.pfb></usr/share/texlive/texmf-dist/fonts/type1/public/amsfont
s/cm/cmr7.pfb></usr/share/texlive/texmf-dist/fonts/type1/public/amsfonts/cm/cmr
8.pfb></usr/share/texlive/texmf-dist/fonts/type1/public/amsfonts/cm/cmsy10.pfb>
</usr/share/texlive/texmf-dist/fonts/type1/public/amsfonts/cm/cmsy8.pfb></usr/s
hare/texlive/texmf-dist/fonts/type1/public/amsfonts/cm/cmti12.pfb></usr/share/t
exlive/texmf-dist/fonts/type1/public/amsfonts/cm/cmtt10.pfb></usr/share/texlive
/texmf-dist/fonts/type1/public/amsfonts/cm/cmtt12.pfb>
Output written on 20170406_thesis_methods.pdf (79 pages, 4947455 bytes).
PDF statistics:
 1635 PDF objects out of 1728 (max. 8388607)
 1371 compressed objects within 14 object streams
 285 named destinations out of 1000 (max. 500000)
 719 words of extra memory for PDF output out of 10000 (max. 10000000)

