This is pdfTeX, Version 3.1415926-2.5-1.40.14 (TeX Live 2013/Debian) (format=pdflatex 2016.10.4)  4 MAY 2017 16:13
entering extended mode
 restricted \write18 enabled.
 %&-line parsing enabled.
**20170427_thesis_introduction.tex
(./20170427_thesis_introduction.tex
LaTeX2e <2011/06/27>
Babel <3.9h> and hyphenation patterns for 4 languages loaded.
(/usr/share/texlive/texmf-dist/tex/latex/base/report.cls
Document Class: report 2007/10/19 v1.4h Standard LaTeX document class
(/usr/share/texlive/texmf-dist/tex/latex/base/size12.clo
File: size12.clo 2007/10/19 v1.4h Standard LaTeX file (size option)
)
\c@part=\count79
\c@chapter=\count80
\c@section=\count81
\c@subsection=\count82
\c@subsubsection=\count83
\c@paragraph=\count84
\c@subparagraph=\count85
\c@figure=\count86
\c@table=\count87
\abovecaptionskip=\skip41
\belowcaptionskip=\skip42
\bibindent=\dimen102
) (./otagothesis.sty
Package: otagothesis 1998/02/03 v0.99 Otago's A4 based page layout
)
(/usr/share/texlive/texmf-dist/tex/latex/natbib/natbib.sty
Package: natbib 2010/09/13 8.31b (PWD, AO)
\bibhang=\skip43
\bibsep=\skip44
LaTeX Info: Redefining \cite on input line 694.
\c@NAT@ctr=\count88
)
(/usr/share/texlive/texmf-dist/tex/latex/etoolbox/etoolbox.sty
Package: etoolbox 2011/01/03 v2.1 e-TeX tools for LaTeX

(/usr/share/texlive/texmf-dist/tex/latex/etex-pkg/etex.sty
Package: etex 1998/03/26 v2.0 eTeX basic definition package (PEB)
\et@xins=\count89
)
\etb@tempcnta=\count90
)
(/usr/share/texlive/texmf-dist/tex/latex/graphics/graphicx.sty
Package: graphicx 1999/02/16 v1.0f Enhanced LaTeX Graphics (DPC,SPQR)

(/usr/share/texlive/texmf-dist/tex/latex/graphics/keyval.sty
Package: keyval 1999/03/16 v1.13 key=value parser (DPC)
\KV@toks@=\toks14
)
(/usr/share/texlive/texmf-dist/tex/latex/graphics/graphics.sty
Package: graphics 2009/02/05 v1.0o Standard LaTeX Graphics (DPC,SPQR)

(/usr/share/texlive/texmf-dist/tex/latex/graphics/trig.sty
Package: trig 1999/03/16 v1.09 sin cos tan (DPC)
)
(/usr/share/texlive/texmf-dist/tex/latex/latexconfig/graphics.cfg
File: graphics.cfg 2010/04/23 v1.9 graphics configuration of TeX Live
)
Package graphics Info: Driver file: pdftex.def on input line 91.

(/usr/share/texlive/texmf-dist/tex/latex/pdftex-def/pdftex.def
File: pdftex.def 2011/05/27 v0.06d Graphics/color for pdfTeX

(/usr/share/texlive/texmf-dist/tex/generic/oberdiek/infwarerr.sty
Package: infwarerr 2010/04/08 v1.3 Providing info/warning/error messages (HO)
)
(/usr/share/texlive/texmf-dist/tex/generic/oberdiek/ltxcmds.sty
Package: ltxcmds 2011/11/09 v1.22 LaTeX kernel commands for general use (HO)
)
\Gread@gobject=\count91
))
\Gin@req@height=\dimen103
\Gin@req@width=\dimen104
)
(/usr/share/texlive/texmf-dist/tex/latex/moreverb/moreverb.sty
Package: moreverb 2008/06/03 v2.3a `more' verbatim facilities

(/usr/share/texlive/texmf-dist/tex/latex/tools/verbatim.sty
Package: verbatim 2003/08/22 v1.5q LaTeX2e package for verbatim enhancements
\every@verbatim=\toks15
\verbatim@line=\toks16
\verbatim@in@stream=\read1
)
\tab@position=\count92
\tab@size=\count93
\listing@line=\count94
)
(/usr/share/texlive/texmf-dist/tex/latex/hyperref/hyperref.sty
Package: hyperref 2012/11/06 v6.83m Hypertext links for LaTeX

(/usr/share/texlive/texmf-dist/tex/generic/oberdiek/hobsub-hyperref.sty
Package: hobsub-hyperref 2012/05/28 v1.13 Bundle oberdiek, subset hyperref (HO)


(/usr/share/texlive/texmf-dist/tex/generic/oberdiek/hobsub-generic.sty
Package: hobsub-generic 2012/05/28 v1.13 Bundle oberdiek, subset generic (HO)
Package: hobsub 2012/05/28 v1.13 Construct package bundles (HO)
Package hobsub Info: Skipping package `infwarerr' (already loaded).
Package hobsub Info: Skipping package `ltxcmds' (already loaded).
Package: ifluatex 2010/03/01 v1.3 Provides the ifluatex switch (HO)
Package ifluatex Info: LuaTeX not detected.
Package: ifvtex 2010/03/01 v1.5 Detect VTeX and its facilities (HO)
Package ifvtex Info: VTeX not detected.
Package: intcalc 2007/09/27 v1.1 Expandable calculations with integers (HO)
Package: ifpdf 2011/01/30 v2.3 Provides the ifpdf switch (HO)
Package ifpdf Info: pdfTeX in PDF mode is detected.
Package: etexcmds 2011/02/16 v1.5 Avoid name clashes with e-TeX commands (HO)
Package etexcmds Info: Could not find \expanded.
(etexcmds)             That can mean that you are not using pdfTeX 1.50 or
(etexcmds)             that some package has redefined \expanded.
(etexcmds)             In the latter case, load this package earlier.
Package: kvsetkeys 2012/04/25 v1.16 Key value parser (HO)
Package: kvdefinekeys 2011/04/07 v1.3 Define keys (HO)
Package: pdftexcmds 2011/11/29 v0.20 Utility functions of pdfTeX for LuaTeX (HO
)
Package pdftexcmds Info: LuaTeX not detected.
Package pdftexcmds Info: \pdf@primitive is available.
Package pdftexcmds Info: \pdf@ifprimitive is available.
Package pdftexcmds Info: \pdfdraftmode found.
Package: pdfescape 2011/11/25 v1.13 Implements pdfTeX's escape features (HO)
Package: bigintcalc 2012/04/08 v1.3 Expandable calculations on big integers (HO
)
Package: bitset 2011/01/30 v1.1 Handle bit-vector datatype (HO)
Package: uniquecounter 2011/01/30 v1.2 Provide unlimited unique counter (HO)
)
Package hobsub Info: Skipping package `hobsub' (already loaded).
Package: letltxmacro 2010/09/02 v1.4 Let assignment for LaTeX macros (HO)
Package: hopatch 2012/05/28 v1.2 Wrapper for package hooks (HO)
Package: xcolor-patch 2011/01/30 xcolor patch
Package: atveryend 2011/06/30 v1.8 Hooks at the very end of document (HO)
Package: atbegshi 2011/10/05 v1.16 At begin shipout hook (HO)
Package: refcount 2011/10/16 v3.4 Data extraction from label references (HO)
Package: hycolor 2011/01/30 v1.7 Color options for hyperref/bookmark (HO)
)
(/usr/share/texlive/texmf-dist/tex/generic/ifxetex/ifxetex.sty
Package: ifxetex 2010/09/12 v0.6 Provides ifxetex conditional
)
(/usr/share/texlive/texmf-dist/tex/latex/oberdiek/auxhook.sty
Package: auxhook 2011/03/04 v1.3 Hooks for auxiliary files (HO)
)
(/usr/share/texlive/texmf-dist/tex/latex/oberdiek/kvoptions.sty
Package: kvoptions 2011/06/30 v3.11 Key value format for package options (HO)
)
\@linkdim=\dimen105
\Hy@linkcounter=\count95
\Hy@pagecounter=\count96

(/usr/share/texlive/texmf-dist/tex/latex/hyperref/pd1enc.def
File: pd1enc.def 2012/11/06 v6.83m Hyperref: PDFDocEncoding definition (HO)
)
\Hy@SavedSpaceFactor=\count97

(/usr/share/texlive/texmf-dist/tex/latex/latexconfig/hyperref.cfg
File: hyperref.cfg 2002/06/06 v1.2 hyperref configuration of TeXLive
)
Package hyperref Info: Hyper figures OFF on input line 4443.
Package hyperref Info: Link nesting OFF on input line 4448.
Package hyperref Info: Hyper index ON on input line 4451.
Package hyperref Info: Plain pages OFF on input line 4458.
Package hyperref Info: Backreferencing OFF on input line 4463.
Package hyperref Info: Implicit mode ON; LaTeX internals redefined.
Package hyperref Info: Bookmarks ON on input line 4688.
\c@Hy@tempcnt=\count98

(/usr/share/texlive/texmf-dist/tex/latex/url/url.sty
\Urlmuskip=\muskip10
Package: url 2013/09/16  ver 3.4  Verb mode for urls, etc.
)
LaTeX Info: Redefining \url on input line 5041.
\XeTeXLinkMargin=\dimen106
\Fld@menulength=\count99
\Field@Width=\dimen107
\Fld@charsize=\dimen108
Package hyperref Info: Hyper figures OFF on input line 6295.
Package hyperref Info: Link nesting OFF on input line 6300.
Package hyperref Info: Hyper index ON on input line 6303.
Package hyperref Info: backreferencing OFF on input line 6310.
Package hyperref Info: Link coloring OFF on input line 6315.
Package hyperref Info: Link coloring with OCG OFF on input line 6320.
Package hyperref Info: PDF/A mode OFF on input line 6325.
LaTeX Info: Redefining \ref on input line 6365.
LaTeX Info: Redefining \pageref on input line 6369.
\Hy@abspage=\count100
\c@Item=\count101
\c@Hfootnote=\count102
)

Package hyperref Message: Driver (autodetected): hpdftex.

(/usr/share/texlive/texmf-dist/tex/latex/hyperref/hpdftex.def
File: hpdftex.def 2012/11/06 v6.83m Hyperref driver for pdfTeX
\Fld@listcount=\count103
\c@bookmark@seq@number=\count104

(/usr/share/texlive/texmf-dist/tex/latex/oberdiek/rerunfilecheck.sty
Package: rerunfilecheck 2011/04/15 v1.7 Rerun checks for auxiliary files (HO)
Package uniquecounter Info: New unique counter `rerunfilecheck' on input line 2
82.
)
\Hy@SectionHShift=\skip45
)
(/usr/share/texlive/texmf-dist/tex/latex/doi/doi.sty
Package: doi 2007/07/24 handle doi numbers
)
(/usr/share/texmf/tex/latex/xcolor/xcolor.sty
Package: xcolor 2007/01/21 v2.11 LaTeX color extensions (UK)

(/usr/share/texlive/texmf-dist/tex/latex/latexconfig/color.cfg
File: color.cfg 2007/01/18 v1.5 color configuration of teTeX/TeXLive
)
Package xcolor Info: Driver file: pdftex.def on input line 225.
Package xcolor Info: Model `cmy' substituted by `cmy0' on input line 1337.
Package xcolor Info: Model `hsb' substituted by `rgb' on input line 1341.
Package xcolor Info: Model `RGB' extended on input line 1353.
Package xcolor Info: Model `HTML' substituted by `rgb' on input line 1355.
Package xcolor Info: Model `Hsb' substituted by `hsb' on input line 1356.
Package xcolor Info: Model `tHsb' substituted by `hsb' on input line 1357.
Package xcolor Info: Model `HSB' substituted by `hsb' on input line 1358.
Package xcolor Info: Model `Gray' substituted by `gray' on input line 1359.
Package xcolor Info: Model `wave' substituted by `hsb' on input line 1360.
)
(/usr/share/texlive/texmf-dist/tex/latex/tools/tabularx.sty
Package: tabularx 1999/01/07 v2.07 `tabularx' package (DPC)

(/usr/share/texlive/texmf-dist/tex/latex/tools/array.sty
Package: array 2008/09/09 v2.4c Tabular extension package (FMi)
\col@sep=\dimen109
\extrarowheight=\dimen110
\NC@list=\toks17
\extratabsurround=\skip46
\backup@length=\skip47
)
\TX@col@width=\dimen111
\TX@old@table=\dimen112
\TX@old@col=\dimen113
\TX@target=\dimen114
\TX@delta=\dimen115
\TX@cols=\count105
\TX@ftn=\toks18
)
(/usr/share/texlive/texmf-dist/tex/latex/supertabular/supertabular.sty
Package: supertabular 2004/02/20 v4.1e the supertabular environment
\c@tracingst=\count106
\ST@wd=\dimen116
\ST@rightskip=\skip48
\ST@leftskip=\skip49
\ST@parfillskip=\skip50
\ST@pageleft=\dimen117
\ST@headht=\dimen118
\ST@tailht=\dimen119
\ST@pagesofar=\dimen120
\ST@pboxht=\dimen121
\ST@lineht=\dimen122
\ST@stretchht=\dimen123
\ST@prevht=\dimen124
\ST@toadd=\dimen125
\ST@dimen=\dimen126
\ST@pbox=\box26
)
(/usr/share/texlive/texmf-dist/tex/latex/threeparttable/threeparttable.sty
Package: threeparttable 2003/06/13  v 3.0
\@tempboxb=\box27
)
(/usr/share/texlive/texmf-dist/tex/latex/multirow/multirow.sty
\bigstrutjot=\dimen127
)
(/usr/share/texlive/texmf-dist/tex/latex/tools/longtable.sty
Package: longtable 2004/02/01 v4.11 Multi-page Table package (DPC)
\LTleft=\skip51
\LTright=\skip52
\LTpre=\skip53
\LTpost=\skip54
\LTchunksize=\count107
\LTcapwidth=\dimen128
\LT@head=\box28
\LT@firsthead=\box29
\LT@foot=\box30
\LT@lastfoot=\box31
\LT@cols=\count108
\LT@rows=\count109
\c@LT@tables=\count110
\c@LT@chunks=\count111
\LT@p@ftn=\toks19
)
(/usr/share/texlive/texmf-dist/tex/latex/tools/multicol.sty
Package: multicol 2011/06/27 v1.7a multicolumn formatting (FMi)
\c@tracingmulticols=\count112
\mult@box=\box32
\multicol@leftmargin=\dimen129
\c@unbalance=\count113
\c@collectmore=\count114
\doublecol@number=\count115
\multicoltolerance=\count116
\multicolpretolerance=\count117
\full@width=\dimen130
\page@free=\dimen131
\premulticols=\dimen132
\postmulticols=\dimen133
\multicolsep=\skip55
\multicolbaselineskip=\skip56
\partial@page=\box33
\last@line=\box34
\mult@rightbox=\box35
\mult@grightbox=\box36
\mult@gfirstbox=\box37
\mult@firstbox=\box38
\@tempa=\box39
\@tempa=\box40
\@tempa=\box41
\@tempa=\box42
\@tempa=\box43
\@tempa=\box44
\@tempa=\box45
\@tempa=\box46
\@tempa=\box47
\@tempa=\box48
\@tempa=\box49
\@tempa=\box50
\@tempa=\box51
\@tempa=\box52
\@tempa=\box53
\@tempa=\box54
\@tempa=\box55
\c@columnbadness=\count118
\c@finalcolumnbadness=\count119
\last@try=\dimen134
\multicolovershoot=\dimen135
\multicolundershoot=\dimen136
\mult@nat@firstbox=\box56
\colbreak@box=\box57
\multicol@sort@counter=\count120
)
(/usr/share/texlive/texmf-dist/tex/latex/colortbl/colortbl.sty
Package: colortbl 2012/02/13 v1.0a Color table columns (DPC)
\everycr=\toks20
\minrowclearance=\skip57
)
(/usr/share/texlive/texmf-dist/tex/latex/base/textcomp.sty
Package: textcomp 2005/09/27 v1.99g Standard LaTeX package
Package textcomp Info: Sub-encoding information:
(textcomp)               5 = only ISO-Adobe without \textcurrency
(textcomp)               4 = 5 + \texteuro
(textcomp)               3 = 4 + \textohm
(textcomp)               2 = 3 + \textestimated + \textcurrency
(textcomp)               1 = TS1 - \textcircled - \t
(textcomp)               0 = TS1 (full)
(textcomp)             Font families with sub-encoding setting implement
(textcomp)             only a restricted character set as indicated.
(textcomp)             Family '?' is the default used for unknown fonts.
(textcomp)             See the documentation for details.
Package textcomp Info: Setting ? sub-encoding to TS1/1 on input line 71.

(/usr/share/texlive/texmf-dist/tex/latex/base/ts1enc.def
File: ts1enc.def 2001/06/05 v3.0e (jk/car/fm) Standard LaTeX file
)
LaTeX Info: Redefining \oldstylenums on input line 266.
Package textcomp Info: Setting cmr sub-encoding to TS1/0 on input line 281.
Package textcomp Info: Setting cmss sub-encoding to TS1/0 on input line 282.
Package textcomp Info: Setting cmtt sub-encoding to TS1/0 on input line 283.
Package textcomp Info: Setting cmvtt sub-encoding to TS1/0 on input line 284.
Package textcomp Info: Setting cmbr sub-encoding to TS1/0 on input line 285.
Package textcomp Info: Setting cmtl sub-encoding to TS1/0 on input line 286.
Package textcomp Info: Setting ccr sub-encoding to TS1/0 on input line 287.
Package textcomp Info: Setting ptm sub-encoding to TS1/4 on input line 288.
Package textcomp Info: Setting pcr sub-encoding to TS1/4 on input line 289.
Package textcomp Info: Setting phv sub-encoding to TS1/4 on input line 290.
Package textcomp Info: Setting ppl sub-encoding to TS1/3 on input line 291.
Package textcomp Info: Setting pag sub-encoding to TS1/4 on input line 292.
Package textcomp Info: Setting pbk sub-encoding to TS1/4 on input line 293.
Package textcomp Info: Setting pnc sub-encoding to TS1/4 on input line 294.
Package textcomp Info: Setting pzc sub-encoding to TS1/4 on input line 295.
Package textcomp Info: Setting bch sub-encoding to TS1/4 on input line 296.
Package textcomp Info: Setting put sub-encoding to TS1/5 on input line 297.
Package textcomp Info: Setting uag sub-encoding to TS1/5 on input line 298.
Package textcomp Info: Setting ugq sub-encoding to TS1/5 on input line 299.
Package textcomp Info: Setting ul8 sub-encoding to TS1/4 on input line 300.
Package textcomp Info: Setting ul9 sub-encoding to TS1/4 on input line 301.
Package textcomp Info: Setting augie sub-encoding to TS1/5 on input line 302.
Package textcomp Info: Setting dayrom sub-encoding to TS1/3 on input line 303.
Package textcomp Info: Setting dayroms sub-encoding to TS1/3 on input line 304.

Package textcomp Info: Setting pxr sub-encoding to TS1/0 on input line 305.
Package textcomp Info: Setting pxss sub-encoding to TS1/0 on input line 306.
Package textcomp Info: Setting pxtt sub-encoding to TS1/0 on input line 307.
Package textcomp Info: Setting txr sub-encoding to TS1/0 on input line 308.
Package textcomp Info: Setting txss sub-encoding to TS1/0 on input line 309.
Package textcomp Info: Setting txtt sub-encoding to TS1/0 on input line 310.
Package textcomp Info: Setting lmr sub-encoding to TS1/0 on input line 311.
Package textcomp Info: Setting lmdh sub-encoding to TS1/0 on input line 312.
Package textcomp Info: Setting lmss sub-encoding to TS1/0 on input line 313.
Package textcomp Info: Setting lmssq sub-encoding to TS1/0 on input line 314.
Package textcomp Info: Setting lmvtt sub-encoding to TS1/0 on input line 315.
Package textcomp Info: Setting qhv sub-encoding to TS1/0 on input line 316.
Package textcomp Info: Setting qag sub-encoding to TS1/0 on input line 317.
Package textcomp Info: Setting qbk sub-encoding to TS1/0 on input line 318.
Package textcomp Info: Setting qcr sub-encoding to TS1/0 on input line 319.
Package textcomp Info: Setting qcs sub-encoding to TS1/0 on input line 320.
Package textcomp Info: Setting qpl sub-encoding to TS1/0 on input line 321.
Package textcomp Info: Setting qtm sub-encoding to TS1/0 on input line 322.
Package textcomp Info: Setting qzc sub-encoding to TS1/0 on input line 323.
Package textcomp Info: Setting qhvc sub-encoding to TS1/0 on input line 324.
Package textcomp Info: Setting futs sub-encoding to TS1/4 on input line 325.
Package textcomp Info: Setting futx sub-encoding to TS1/4 on input line 326.
Package textcomp Info: Setting futj sub-encoding to TS1/4 on input line 327.
Package textcomp Info: Setting hlh sub-encoding to TS1/3 on input line 328.
Package textcomp Info: Setting hls sub-encoding to TS1/3 on input line 329.
Package textcomp Info: Setting hlst sub-encoding to TS1/3 on input line 330.
Package textcomp Info: Setting hlct sub-encoding to TS1/5 on input line 331.
Package textcomp Info: Setting hlx sub-encoding to TS1/5 on input line 332.
Package textcomp Info: Setting hlce sub-encoding to TS1/5 on input line 333.
Package textcomp Info: Setting hlcn sub-encoding to TS1/5 on input line 334.
Package textcomp Info: Setting hlcw sub-encoding to TS1/5 on input line 335.
Package textcomp Info: Setting hlcf sub-encoding to TS1/5 on input line 336.
Package textcomp Info: Setting pplx sub-encoding to TS1/3 on input line 337.
Package textcomp Info: Setting pplj sub-encoding to TS1/3 on input line 338.
Package textcomp Info: Setting ptmx sub-encoding to TS1/4 on input line 339.
Package textcomp Info: Setting ptmj sub-encoding to TS1/4 on input line 340.
)
(/usr/share/texlive/texmf-dist/tex/latex/nomencl/nomencl.sty
Package: nomencl 2005/09/22 v4.2 Nomenclature package (LN)
\nomlabelwidth=\dimen137
\nom@tempdim=\dimen138
\nomitemsep=\skip58
)
(/usr/share/texlive/texmf-dist/tex/latex/glossaries/base/glossaries.sty
Package: glossaries 2014/01/20 v4.03 (NLCT)

(/usr/share/texlive/texmf-dist/tex/latex/base/ifthen.sty
Package: ifthen 2001/05/26 v1.1c Standard LaTeX ifthen package (DPC)
)
(/usr/share/texlive/texmf-dist/tex/latex/xkeyval/xkeyval.sty
Package: xkeyval 2012/10/14 v2.6b package option processing (HA)

(/usr/share/texlive/texmf-dist/tex/generic/xkeyval/xkeyval.tex
\XKV@toks=\toks21
\XKV@tempa@toks=\toks22
\XKV@depth=\count121
File: xkeyval.tex 2012/10/14 v2.6b key=value parser (HA)
))
(/usr/share/texlive/texmf-dist/tex/latex/glossaries/base/mfirstuc.sty
Package: mfirstuc 2013/11/04 v1.08 (NLCT)
\@glsmfirst=\toks23
\@glsmrest=\toks24
)
(/usr/share/texlive/texmf-dist/tex/latex/textcase/textcase.sty
Package: textcase 2004/10/07 v0.07 Text only upper/lower case changing (DPC)
)
(/usr/share/texlive/texmf-dist/tex/latex/xfor/xfor.sty
Package: xfor 2009/02/05 v1.05 (NLCT)
)
(/usr/share/texlive/texmf-dist/tex/latex/datatool/datatool-base.sty
Package: datatool-base 2013/09/06 v2.18 (NLCT)

(/usr/share/texlive/texmf-dist/tex/latex/amsmath/amsmath.sty
Package: amsmath 2013/01/14 v2.14 AMS math features
\@mathmargin=\skip59

For additional information on amsmath, use the `?' option.
(/usr/share/texlive/texmf-dist/tex/latex/amsmath/amstext.sty
Package: amstext 2000/06/29 v2.01

(/usr/share/texlive/texmf-dist/tex/latex/amsmath/amsgen.sty
File: amsgen.sty 1999/11/30 v2.0
\@emptytoks=\toks25
\ex@=\dimen139
))
(/usr/share/texlive/texmf-dist/tex/latex/amsmath/amsbsy.sty
Package: amsbsy 1999/11/29 v1.2d
\pmbraise@=\dimen140
)
(/usr/share/texlive/texmf-dist/tex/latex/amsmath/amsopn.sty
Package: amsopn 1999/12/14 v2.01 operator names
)
\inf@bad=\count122
LaTeX Info: Redefining \frac on input line 210.
\uproot@=\count123
\leftroot@=\count124
LaTeX Info: Redefining \overline on input line 306.
\classnum@=\count125
\DOTSCASE@=\count126
LaTeX Info: Redefining \ldots on input line 378.
LaTeX Info: Redefining \dots on input line 381.
LaTeX Info: Redefining \cdots on input line 466.
\Mathstrutbox@=\box58
\strutbox@=\box59
\big@size=\dimen141
LaTeX Font Info:    Redeclaring font encoding OML on input line 566.
LaTeX Font Info:    Redeclaring font encoding OMS on input line 567.
\macc@depth=\count127
\c@MaxMatrixCols=\count128
\dotsspace@=\muskip11
\c@parentequation=\count129
\dspbrk@lvl=\count130
\tag@help=\toks26
\row@=\count131
\column@=\count132
\maxfields@=\count133
\andhelp@=\toks27
\eqnshift@=\dimen142
\alignsep@=\dimen143
\tagshift@=\dimen144
\tagwidth@=\dimen145
\totwidth@=\dimen146
\lineht@=\dimen147
\@envbody=\toks28
\multlinegap=\skip60
\multlinetaggap=\skip61
\mathdisplay@stack=\toks29
LaTeX Info: Redefining \[ on input line 2665.
LaTeX Info: Redefining \] on input line 2666.
)
(/usr/share/texlive/texmf-dist/tex/latex/substr/substr.sty
Package: substr 2009/10/20 v1.2 Handle substrings
\c@su@anzahl=\count134
)
(/usr/share/texlive/texmf-dist/tex/latex/datatool/datatool-fp.sty
Package: datatool-fp 2013/08/29 v2.17 (NLCT)

(/usr/share/texlive/texmf-dist/tex/latex/fp/fp.sty
Package: fp 1995/04/02

`Fixed Point Package', Version 0.8, April 2, 1995 (C) Michael Mehlich
(/usr/share/texlive/texmf-dist/tex/latex/fp/defpattern.sty
Package: defpattern 1994/10/12
\actioncount=\count135
)
(/usr/share/texlive/texmf-dist/tex/latex/fp/fp-basic.sty
Package: fp-basic 1996/05/13
\FP@xs=\count136
\FP@xia=\count137
\FP@xib=\count138
\FP@xfa=\count139
\FP@xfb=\count140
\FP@rega=\count141
\FP@regb=\count142
\FP@regs=\count143
\FP@times=\count144
)
(/usr/share/texlive/texmf-dist/tex/latex/fp/fp-addons.sty
Package: fp-addons 1995/03/15
)
(/usr/share/texlive/texmf-dist/tex/latex/fp/fp-snap.sty
Package: fp-snap 1995/04/05
)
(/usr/share/texlive/texmf-dist/tex/latex/fp/fp-exp.sty
Package: fp-exp 1995/04/03
)
(/usr/share/texlive/texmf-dist/tex/latex/fp/fp-trigo.sty
Package: fp-trigo 1995/04/14
)
(/usr/share/texlive/texmf-dist/tex/latex/fp/fp-pas.sty
Package: fp-pas 1994/08/29
)
(/usr/share/texlive/texmf-dist/tex/latex/fp/fp-random.sty
Package: fp-random 1995/02/23
\FPseed=\count145
)
(/usr/share/texlive/texmf-dist/tex/latex/fp/fp-eqn.sty
Package: fp-eqn 1995/04/03
)
(/usr/share/texlive/texmf-dist/tex/latex/fp/fp-upn.sty
Package: fp-upn 1996/10/21
)
(/usr/share/texlive/texmf-dist/tex/latex/fp/fp-eval.sty
Package: fp-eval 1995/04/03
)))
\@dtl@toks=\toks30
\@dtl@tmpcount=\count146
\dtl@tmplength=\skip62
\dtl@sortresult=\count147
\@dtl@numgrpsepcount=\count148
\@dtl@datatype=\count149
\dtl@codeA=\count150
\dtl@codeB=\count151
\@dtl@foreach@level=\count152
)
(/usr/share/texlive/texmf-dist/tex/latex/glossaries/base/glossaries-compatible-
307.sty
Package: glossaries-compatible-307 2013/11/14 v4.0 (NLCT)
)
\gls@level=\count153
\@gls@tmpb=\toks31
\gls@tmplen=\skip63
\glswrite=\write3
\glskeylisttok=\toks32
\glslabeltok=\toks33
\glsshorttok=\toks34
\glslongtok=\toks35

(/usr/share/texlive/texmf-dist/tex/latex/glossaries/styles/glossary-hypernav.st
y
Package: glossary-hypernav 2013/11/14 v4.0 (NLCT)
) (/usr/share/texlive/texmf-dist/tex/latex/glossaries/styles/glossary-list.sty
Package: glossary-list 2013/11/14 v4.0 (NLCT)
\glslistdottedwidth=\skip64
) (/usr/share/texlive/texmf-dist/tex/latex/glossaries/styles/glossary-long.sty
Package: glossary-long 2013/11/14 v4.0 (NLCT)
\glsdescwidth=\skip65
\glspagelistwidth=\skip66
) (/usr/share/texlive/texmf-dist/tex/latex/glossaries/styles/glossary-super.sty
Package: glossary-super 2013/11/14 v4.0 (NLCT)
) (/usr/share/texlive/texmf-dist/tex/latex/glossaries/styles/glossary-tree.sty
Package: glossary-tree 2013/11/14 v4.0 (NLCT)
\glstreeindent=\skip67
)) (/usr/share/texmf/tex/latex/pgf/frontendlayer/tikz.sty
(/usr/share/texmf/tex/latex/pgf/basiclayer/pgf.sty
(/usr/share/texmf/tex/latex/pgf/utilities/pgfrcs.sty
(/usr/share/texmf/tex/generic/pgf/utilities/pgfutil-common.tex
\pgfutil@everybye=\toks36
)
(/usr/share/texmf/tex/generic/pgf/utilities/pgfutil-latex.def
\pgfutil@abb=\box60

(/usr/share/texlive/texmf-dist/tex/latex/ms/everyshi.sty
Package: everyshi 2001/05/15 v3.00 EveryShipout Package (MS)
))
(/usr/share/texmf/tex/generic/pgf/utilities/pgfrcs.code.tex
Package: pgfrcs 2010/10/25 v2.10 (rcs-revision 1.24)
))
Package: pgf 2008/01/15 v2.10 (rcs-revision 1.12)

(/usr/share/texmf/tex/latex/pgf/basiclayer/pgfcore.sty
(/usr/share/texmf/tex/latex/pgf/systemlayer/pgfsys.sty
(/usr/share/texmf/tex/generic/pgf/systemlayer/pgfsys.code.tex
Package: pgfsys 2010/06/30 v2.10 (rcs-revision 1.37)

(/usr/share/texmf/tex/generic/pgf/utilities/pgfkeys.code.tex
\pgfkeys@pathtoks=\toks37
\pgfkeys@temptoks=\toks38

(/usr/share/texmf/tex/generic/pgf/utilities/pgfkeysfiltered.code.tex
\pgfkeys@tmptoks=\toks39
))
\pgf@x=\dimen148
\pgf@y=\dimen149
\pgf@xa=\dimen150
\pgf@ya=\dimen151
\pgf@xb=\dimen152
\pgf@yb=\dimen153
\pgf@xc=\dimen154
\pgf@yc=\dimen155
\w@pgf@writea=\write4
\r@pgf@reada=\read2
\c@pgf@counta=\count154
\c@pgf@countb=\count155
\c@pgf@countc=\count156
\c@pgf@countd=\count157

(/usr/share/texmf/tex/generic/pgf/systemlayer/pgf.cfg
File: pgf.cfg 2008/05/14  (rcs-revision 1.7)
)
Package pgfsys Info: Driver file for pgf: pgfsys-pdftex.def on input line 900.

(/usr/share/texmf/tex/generic/pgf/systemlayer/pgfsys-pdftex.def
File: pgfsys-pdftex.def 2009/05/22  (rcs-revision 1.26)

(/usr/share/texmf/tex/generic/pgf/systemlayer/pgfsys-common-pdf.def
File: pgfsys-common-pdf.def 2008/05/19  (rcs-revision 1.10)
)))
(/usr/share/texmf/tex/generic/pgf/systemlayer/pgfsyssoftpath.code.tex
File: pgfsyssoftpath.code.tex 2008/07/18  (rcs-revision 1.7)
\pgfsyssoftpath@smallbuffer@items=\count158
\pgfsyssoftpath@bigbuffer@items=\count159
)
(/usr/share/texmf/tex/generic/pgf/systemlayer/pgfsysprotocol.code.tex
File: pgfsysprotocol.code.tex 2006/10/16  (rcs-revision 1.4)
))
(/usr/share/texmf/tex/generic/pgf/basiclayer/pgfcore.code.tex
Package: pgfcore 2010/04/11 v2.10 (rcs-revision 1.7)

(/usr/share/texmf/tex/generic/pgf/math/pgfmath.code.tex
(/usr/share/texmf/tex/generic/pgf/math/pgfmathcalc.code.tex
(/usr/share/texmf/tex/generic/pgf/math/pgfmathutil.code.tex)
(/usr/share/texmf/tex/generic/pgf/math/pgfmathparser.code.tex
\pgfmath@dimen=\dimen156
\pgfmath@count=\count160
\pgfmath@box=\box61
\pgfmath@toks=\toks40
\pgfmath@stack@operand=\toks41
\pgfmath@stack@operation=\toks42
)
(/usr/share/texmf/tex/generic/pgf/math/pgfmathfunctions.code.tex
(/usr/share/texmf/tex/generic/pgf/math/pgfmathfunctions.basic.code.tex)
(/usr/share/texmf/tex/generic/pgf/math/pgfmathfunctions.trigonometric.code.tex)
(/usr/share/texmf/tex/generic/pgf/math/pgfmathfunctions.random.code.tex)
(/usr/share/texmf/tex/generic/pgf/math/pgfmathfunctions.comparison.code.tex)
(/usr/share/texmf/tex/generic/pgf/math/pgfmathfunctions.base.code.tex)
(/usr/share/texmf/tex/generic/pgf/math/pgfmathfunctions.round.code.tex)
(/usr/share/texmf/tex/generic/pgf/math/pgfmathfunctions.misc.code.tex)))
(/usr/share/texmf/tex/generic/pgf/math/pgfmathfloat.code.tex
\c@pgfmathroundto@lastzeros=\count161
))
(/usr/share/texmf/tex/generic/pgf/basiclayer/pgfcorepoints.code.tex
File: pgfcorepoints.code.tex 2010/04/09  (rcs-revision 1.20)
\pgf@picminx=\dimen157
\pgf@picmaxx=\dimen158
\pgf@picminy=\dimen159
\pgf@picmaxy=\dimen160
\pgf@pathminx=\dimen161
\pgf@pathmaxx=\dimen162
\pgf@pathminy=\dimen163
\pgf@pathmaxy=\dimen164
\pgf@xx=\dimen165
\pgf@xy=\dimen166
\pgf@yx=\dimen167
\pgf@yy=\dimen168
\pgf@zx=\dimen169
\pgf@zy=\dimen170
)
(/usr/share/texmf/tex/generic/pgf/basiclayer/pgfcorepathconstruct.code.tex
File: pgfcorepathconstruct.code.tex 2010/08/03  (rcs-revision 1.24)
\pgf@path@lastx=\dimen171
\pgf@path@lasty=\dimen172
)
(/usr/share/texmf/tex/generic/pgf/basiclayer/pgfcorepathusage.code.tex
File: pgfcorepathusage.code.tex 2008/04/22  (rcs-revision 1.12)
\pgf@shorten@end@additional=\dimen173
\pgf@shorten@start@additional=\dimen174
)
(/usr/share/texmf/tex/generic/pgf/basiclayer/pgfcorescopes.code.tex
File: pgfcorescopes.code.tex 2010/09/08  (rcs-revision 1.34)
\pgfpic=\box62
\pgf@hbox=\box63
\pgf@layerbox@main=\box64
\pgf@picture@serial@count=\count162
)
(/usr/share/texmf/tex/generic/pgf/basiclayer/pgfcoregraphicstate.code.tex
File: pgfcoregraphicstate.code.tex 2008/04/22  (rcs-revision 1.9)
\pgflinewidth=\dimen175
)
(/usr/share/texmf/tex/generic/pgf/basiclayer/pgfcoretransformations.code.tex
File: pgfcoretransformations.code.tex 2009/06/10  (rcs-revision 1.11)
\pgf@pt@x=\dimen176
\pgf@pt@y=\dimen177
\pgf@pt@temp=\dimen178
)
(/usr/share/texmf/tex/generic/pgf/basiclayer/pgfcorequick.code.tex
File: pgfcorequick.code.tex 2008/10/09  (rcs-revision 1.3)
)
(/usr/share/texmf/tex/generic/pgf/basiclayer/pgfcoreobjects.code.tex
File: pgfcoreobjects.code.tex 2006/10/11  (rcs-revision 1.2)
)
(/usr/share/texmf/tex/generic/pgf/basiclayer/pgfcorepathprocessing.code.tex
File: pgfcorepathprocessing.code.tex 2008/10/09  (rcs-revision 1.8)
)
(/usr/share/texmf/tex/generic/pgf/basiclayer/pgfcorearrows.code.tex
File: pgfcorearrows.code.tex 2008/04/23  (rcs-revision 1.11)
)
(/usr/share/texmf/tex/generic/pgf/basiclayer/pgfcoreshade.code.tex
File: pgfcoreshade.code.tex 2008/11/23  (rcs-revision 1.13)
\pgf@max=\dimen179
\pgf@sys@shading@range@num=\count163
)
(/usr/share/texmf/tex/generic/pgf/basiclayer/pgfcoreimage.code.tex
File: pgfcoreimage.code.tex 2010/03/25  (rcs-revision 1.16)

(/usr/share/texmf/tex/generic/pgf/basiclayer/pgfcoreexternal.code.tex
File: pgfcoreexternal.code.tex 2010/09/01  (rcs-revision 1.17)
\pgfexternal@startupbox=\box65
))
(/usr/share/texmf/tex/generic/pgf/basiclayer/pgfcorelayers.code.tex
File: pgfcorelayers.code.tex 2010/08/27  (rcs-revision 1.2)
)
(/usr/share/texmf/tex/generic/pgf/basiclayer/pgfcoretransparency.code.tex
File: pgfcoretransparency.code.tex 2008/01/17  (rcs-revision 1.2)
)
(/usr/share/texmf/tex/generic/pgf/basiclayer/pgfcorepatterns.code.tex
File: pgfcorepatterns.code.tex 2009/07/02  (rcs-revision 1.3)
)))
(/usr/share/texmf/tex/generic/pgf/modules/pgfmoduleshapes.code.tex
File: pgfmoduleshapes.code.tex 2010/09/09  (rcs-revision 1.13)
\pgfnodeparttextbox=\box66
)
(/usr/share/texmf/tex/generic/pgf/modules/pgfmoduleplot.code.tex
File: pgfmoduleplot.code.tex 2010/10/22  (rcs-revision 1.8)
)
(/usr/share/texmf/tex/latex/pgf/compatibility/pgfcomp-version-0-65.sty
Package: pgfcomp-version-0-65 2007/07/03 v2.10 (rcs-revision 1.7)
\pgf@nodesepstart=\dimen180
\pgf@nodesepend=\dimen181
)
(/usr/share/texmf/tex/latex/pgf/compatibility/pgfcomp-version-1-18.sty
Package: pgfcomp-version-1-18 2007/07/23 v2.10 (rcs-revision 1.1)
))
(/usr/share/texmf/tex/latex/pgf/utilities/pgffor.sty
(/usr/share/texmf/tex/latex/pgf/utilities/pgfkeys.sty
(/usr/share/texmf/tex/generic/pgf/utilities/pgfkeys.code.tex))
(/usr/share/texmf/tex/generic/pgf/utilities/pgffor.code.tex
Package: pgffor 2010/03/23 v2.10 (rcs-revision 1.18)
\pgffor@iter=\dimen182
\pgffor@skip=\dimen183
\pgffor@stack=\toks43
\pgffor@toks=\toks44
))
(/usr/share/texmf/tex/generic/pgf/frontendlayer/tikz/tikz.code.tex
Package: tikz 2010/10/13 v2.10 (rcs-revision 1.76)

(/usr/share/texmf/tex/generic/pgf/libraries/pgflibraryplothandlers.code.tex
File: pgflibraryplothandlers.code.tex 2010/05/31 v2.10 (rcs-revision 1.15)
\pgf@plot@mark@count=\count164
\pgfplotmarksize=\dimen184
)
\tikz@lastx=\dimen185
\tikz@lasty=\dimen186
\tikz@lastxsaved=\dimen187
\tikz@lastysaved=\dimen188
\tikzleveldistance=\dimen189
\tikzsiblingdistance=\dimen190
\tikz@figbox=\box67
\tikz@tempbox=\box68
\tikztreelevel=\count165
\tikznumberofchildren=\count166
\tikznumberofcurrentchild=\count167
\tikz@fig@count=\count168

(/usr/share/texmf/tex/generic/pgf/modules/pgfmodulematrix.code.tex
File: pgfmodulematrix.code.tex 2010/08/24  (rcs-revision 1.4)
\pgfmatrixcurrentrow=\count169
\pgfmatrixcurrentcolumn=\count170
\pgf@matrix@numberofcolumns=\count171
)
\tikz@expandcount=\count172

(/usr/share/texmf/tex/generic/pgf/frontendlayer/tikz/libraries/tikzlibrarytopat
hs.code.tex
File: tikzlibrarytopaths.code.tex 2008/06/17 v2.10 (rcs-revision 1.2)
))) (/usr/share/texlive/texmf-dist/tex/latex/mh/mathtools.sty
Package: mathtools 2013/02/12 v1.13 mathematical typesetting tools

(/usr/share/texlive/texmf-dist/tex/latex/tools/calc.sty
Package: calc 2007/08/22 v4.3 Infix arithmetic (KKT,FJ)
\calc@Acount=\count173
\calc@Bcount=\count174
\calc@Adimen=\dimen191
\calc@Bdimen=\dimen192
\calc@Askip=\skip68
\calc@Bskip=\skip69
LaTeX Info: Redefining \setlength on input line 76.
LaTeX Info: Redefining \addtolength on input line 77.
\calc@Ccount=\count175
\calc@Cskip=\skip70
)
(/usr/share/texlive/texmf-dist/tex/latex/mh/mhsetup.sty
Package: mhsetup 2010/01/21 v1.2a programming setup (MH)
)
LaTeX Info: Thecontrolsequence`\['isalreadyrobust on input line 129.
LaTeX Info: Thecontrolsequence`\]'isalreadyrobust on input line 129.
\g_MT_multlinerow_int=\count176
\l_MT_multwidth_dim=\dimen193
\origjot=\skip71
\l_MT_shortvdotswithinadjustabove_dim=\dimen194
\l_MT_shortvdotswithinadjustbelow_dim=\dimen195
\l_MT_above_intertext_sep=\dimen196
\l_MT_below_intertext_sep=\dimen197
\l_MT_above_shortintertext_sep=\dimen198
\l_MT_below_shortintertext_sep=\dimen199
)
(/usr/share/texlive/texmf-dist/tex/latex/pstricks/pstricks.sty
Package: pstricks 2013/12/12 v0.60 LaTeX wrapper for `PSTricks' (RN,HV)

(/usr/share/texlive/texmf-dist/tex/generic/pstricks/pstricks.tex
(/usr/share/texlive/texmf-dist/tex/generic/xkeyval/pst-xkey.tex
File: pst-xkey.tex 2005/11/25 v1.6 PSTricks specialization of xkeyval (HA)
)
(/usr/share/texlive/texmf-dist/tex/generic/pstricks/pst-fp.tex
`pst-fp' v0.05, 2010/01/17 (hv)
\pstFP@xs=\count177
\pstFP@xia=\count178
\pstFP@xib=\count179
\pstFP@xfa=\count180
\pstFP@xfb=\count181
\pstFP@rega=\count182
\pstFP@regb=\count183
\pstFP@regs=\count184
\pstFP@times=\count185
)
(/usr/share/texmf/tex/generic/pgf/utilities/pgfutil-common.tex
\pgfutil@everybye=\toks45
)
(/usr/share/texmf/tex/generic/pgf/utilities/pgfkeys.code.tex)
(/usr/share/texmf/tex/generic/pgf/utilities/pgffor.code.tex
\pgffor@iter=\dimen200
\pgffor@skip=\dimen201
\pgffor@stack=\toks46
\pgffor@toks=\toks47
)
\psLoopIndex=\count186

`PSTricks' v2.51  <2014/02/03> (tvz)
\pst@dima=\dimen202
\pst@dimb=\dimen203
\pst@dimc=\dimen204
\pst@dimd=\dimen205
\pst@dimg=\dimen206
\pst@dimh=\dimen207
\pst@dimm=\dimen208
\pst@dimn=\dimen209
\pst@dimo=\dimen210
\pst@dimp=\dimen211
\pst@hbox=\box69
\pst@ibox=\box70
\pst@boxg=\box71
\pst@cnta=\count187
\pst@cntb=\count188
\pst@cntc=\count189
\pst@cntd=\count190
\pst@cntg=\count191
\pst@cnth=\count192
\pst@cntm=\count193
\pst@cntn=\count194
\pst@cnto=\count195
\pst@cntp=\count196
\@zero=\count197
\pst@toks=\toks48
(/usr/share/texlive/texmf-dist/tex/generic/pstricks/pstricks.con)
\psunit=\dimen212
\psxunit=\dimen213
\psyunit=\dimen214
\pst@C@@rType=\count198
\pslinewidth=\dimen215
\psk@startLW=\dimen216
\psk@endLW=\dimen217
\pst@customdefs=\toks49
\pslinearc=\dimen218
\pst@symbolStep=\dimen219
\pst@symbolWidth=\dimen220
\pst@symbolLinewidth=\dimen221
\everypsbox=\toks50
\psframesep=\dimen222
\pslabelsep=\dimen223
\sh@wgridXunit=\dimen224
\sh@wgridYunit=\dimen225
\pst@shift=\dimen226
)
File: pstricks.tex 2014/02/03 v2.51 `PSTricks' (tvz,hv)

(/usr/share/texlive/texmf-dist/tex/generic/pstricks/pst-fp.tex)
File: pst-fp.tex 2014/02/03 v2.51 `PST-fp' (hv)
)
(/usr/share/texlive/texmf-dist/tex/latex/subfigure/subfigure.sty
Package: subfigure 2002/03/15 v2.1.5 subfigure package
\subfigtopskip=\skip72
\subfigcapskip=\skip73
\subfigcaptopadj=\dimen227
\subfigbottomskip=\skip74
\subfigcapmargin=\dimen228
\subfiglabelskip=\skip75
\c@subfigure=\count199
\c@lofdepth=\count200
\c@subtable=\count201
\c@lotdepth=\count202

****************************************
* Local config file subfigure.cfg used *
****************************************
(/usr/share/texlive/texmf-dist/tex/latex/subfigure/subfigure.cfg)
\subfig@top=\skip76
\subfig@bottom=\skip77
)
(/usr/share/texlive/texmf-dist/tex/latex/caption/subcaption.sty
Package: subcaption 2013/02/03 v1.1-62 Sub-captions (AR)

(/usr/share/texlive/texmf-dist/tex/latex/caption/caption.sty
Package: caption 2013/05/02 v3.3-89 Customizing captions (AR)

(/usr/share/texlive/texmf-dist/tex/latex/caption/caption3.sty
Package: caption3 2013/05/02 v1.6-88 caption3 kernel (AR)
Package caption3 Info: TeX engine: e-TeX on input line 57.
\captionmargin=\dimen229
\captionmargin@=\dimen230
\captionwidth=\dimen231
\caption@tempdima=\dimen232
\caption@indent=\dimen233
Normal \dimen register pool exhausted, switching to extended pool.
\caption@parindent=\dimen256
\caption@hangindent=\dimen257
Package caption Info: Unknown document class (or package),
(caption)             standard defaults will be used.
)

Package caption Warning: Unsupported document class (or package) detected,
(caption)                usage of the caption package is not recommended.
See the caption package documentation for explanation.

Package caption Info: \@makecaption = \long macro:#1#2->\vskip \abovecaptionski
p \sbox \@tempboxa {#1: #2}\ifdim \wd \@tempboxa > 0.8\hsize \leftskip = 0.1\hs
ize \rightskip = 0.1\hsize #1: #2\par \else \global \@minipagefalse \hb@xt@ \hs
ize {\hfil \box \@tempboxa \hfil }\fi \vskip \belowcaptionskip .
\c@ContinuedFloat=\count203
Package caption Info: hyperref package is loaded.
Package caption Info: longtable package is loaded.
(/usr/share/texlive/texmf-dist/tex/latex/caption/ltcaption.sty
Package: ltcaption 2013/02/03 v1.3-62 longtable captions (AR)
)
Package caption Info: subfigure package is loaded.
Package caption Info: supertabular package is loaded.
Package caption Info: threeparttable package is loaded.
)

! Package subcaption Error: This package can't be used in cooperation
(subcaption)                with the subfigure package.

See the subcaption package documentation for explanation.
Type  H <return>  for immediate help.
 ...                                              
                                                  
l.48   \endinput}{}
                   %
RTFM

) (/usr/share/texlive/texmf-dist/tex/latex/mdframed/mdframed.sty
Package: mdframed 2013/07/01 1.9b: mdframed

(/usr/share/texlive/texmf-dist/tex/latex/l3packages/xparse/xparse.sty
(/usr/share/texlive/texmf-dist/tex/latex/l3kernel/expl3.sty
(/usr/share/texlive/texmf-dist/tex/latex/l3kernel/l3names.sty
(/usr/share/texlive/texmf-dist/tex/latex/l3kernel/l3bootstrap.sty
Package: l3bootstrap 2014/01/04 v4640 L3 Experimental bootstrap code
)
Package: l3names 2014/01/04 v4640 L3 Namespace for primitives
)
Package: expl3 2014/01/07 v4646 L3 Experimental code bundle wrapper

(/usr/share/texlive/texmf-dist/tex/latex/l3kernel/l3basics.sty
Package: l3basics 2014/01/04 v4642 L3 Basic definitions
)
(/usr/share/texlive/texmf-dist/tex/latex/l3kernel/l3expan.sty
Package: l3expan 2014/01/04 v4642 L3 Argument expansion
)
(/usr/share/texlive/texmf-dist/tex/latex/l3kernel/l3tl.sty
Package: l3tl 2013/12/27 v4625 L3 Token lists
)
(/usr/share/texlive/texmf-dist/tex/latex/l3kernel/l3seq.sty
Package: l3seq 2013/12/14 v4623 L3 Sequences and stacks
)
(/usr/share/texlive/texmf-dist/tex/latex/l3kernel/l3int.sty
Package: l3int 2013/08/02 v4583 L3 Integers
Normal \count register pool exhausted, switching to extended pool.
\c_max_int=\count277
\l_tmpa_int=\count278
\l_tmpb_int=\count279
\g_tmpa_int=\count280
\g_tmpb_int=\count281
)
(/usr/share/texlive/texmf-dist/tex/latex/l3kernel/l3quark.sty
Package: l3quark 2013/12/14 v4623 L3 Quarks
)
(/usr/share/texlive/texmf-dist/tex/latex/l3kernel/l3prg.sty
Package: l3prg 2014/01/04 v4642 L3 Control structures
\g__prg_map_int=\count282
)
(/usr/share/texlive/texmf-dist/tex/latex/l3kernel/l3clist.sty
Package: l3clist 2013/07/28 v4581 L3 Comma separated lists
)
(/usr/share/texlive/texmf-dist/tex/latex/l3kernel/l3token.sty
Package: l3token 2013/08/25 v4587 L3 Experimental token manipulation
)
(/usr/share/texlive/texmf-dist/tex/latex/l3kernel/l3prop.sty
Package: l3prop 2013/12/14 v4623 L3 Property lists
)
(/usr/share/texlive/texmf-dist/tex/latex/l3kernel/l3msg.sty
Package: l3msg 2013/07/28 v4581 L3 Messages
)
(/usr/share/texlive/texmf-dist/tex/latex/l3kernel/l3file.sty
Package: l3file 2013/10/13 v4596 L3 File and I/O operations
\l_iow_line_count_int=\count283
\l__iow_target_count_int=\count284
\l__iow_current_line_int=\count285
\l__iow_current_word_int=\count286
\l__iow_current_indentation_int=\count287
)
(/usr/share/texlive/texmf-dist/tex/latex/l3kernel/l3skip.sty
Package: l3skip 2013/07/28 v4581 L3 Dimensions and skips
\c_zero_dim=\dimen258
\c_max_dim=\dimen259
\l_tmpa_dim=\dimen260
\l_tmpb_dim=\dimen261
\g_tmpa_dim=\dimen262
\g_tmpb_dim=\dimen263
\c_zero_skip=\skip78
\c_max_skip=\skip79
\l_tmpa_skip=\skip80
\l_tmpb_skip=\skip81
\g_tmpa_skip=\skip82
\g_tmpb_skip=\skip83
\c_zero_muskip=\muskip12
\c_max_muskip=\muskip13
\l_tmpa_muskip=\muskip14
\l_tmpb_muskip=\muskip15
\g_tmpa_muskip=\muskip16
\g_tmpb_muskip=\muskip17
)
(/usr/share/texlive/texmf-dist/tex/latex/l3kernel/l3keys.sty
Package: l3keys 2013/12/08 v4614 L3 Experimental key-value interfaces
\g__keyval_level_int=\count288
\l_keys_choice_int=\count289
)
(/usr/share/texlive/texmf-dist/tex/latex/l3kernel/l3fp.sty
Package: l3fp 2014/01/04 v4642 L3 Floating points
\c__fp_leading_shift_int=\count290
\c__fp_middle_shift_int=\count291
\c__fp_trailing_shift_int=\count292
\c__fp_big_leading_shift_int=\count293
\c__fp_big_middle_shift_int=\count294
\c__fp_big_trailing_shift_int=\count295
\c__fp_Bigg_leading_shift_int=\count296
\c__fp_Bigg_middle_shift_int=\count297
\c__fp_Bigg_trailing_shift_int=\count298
)
(/usr/share/texlive/texmf-dist/tex/latex/l3kernel/l3box.sty
Package: l3box 2013/07/28 v4581 L3 Experimental boxes
\c_empty_box=\box72
\l_tmpa_box=\box73
\l_tmpb_box=\box74
\g_tmpa_box=\box75
\g_tmpb_box=\box76
)
(/usr/share/texlive/texmf-dist/tex/latex/l3kernel/l3coffins.sty
Package: l3coffins 2013/12/14 v4624 L3 Coffin code layer
\l__coffin_internal_box=\box77
\l__coffin_internal_dim=\dimen264
\l__coffin_offset_x_dim=\dimen265
\l__coffin_offset_y_dim=\dimen266
\l__coffin_x_dim=\dimen267
\l__coffin_y_dim=\dimen268
\l__coffin_x_prime_dim=\dimen269
\l__coffin_y_prime_dim=\dimen270
\c_empty_coffin=\box78
\l__coffin_aligned_coffin=\box79
\l__coffin_aligned_internal_coffin=\box80
\l_tmpa_coffin=\box81
\l_tmpb_coffin=\box82
\l__coffin_display_coffin=\box83
\l__coffin_display_coord_coffin=\box84
\l__coffin_display_pole_coffin=\box85
\l__coffin_display_offset_dim=\dimen271
\l__coffin_display_x_dim=\dimen272
\l__coffin_display_y_dim=\dimen273
)
(/usr/share/texlive/texmf-dist/tex/latex/l3kernel/l3color.sty
Package: l3color 2012/08/29 v4156 L3 Experimental color support
)
(/usr/share/texlive/texmf-dist/tex/latex/l3kernel/l3luatex.sty
Package: l3luatex 2013/07/28 v4581 L3 Experimental LuaTeX-specific functions
\g__cctab_allocate_int=\count299
\g__cctab_stack_int=\count300
)
(/usr/share/texlive/texmf-dist/tex/latex/l3kernel/l3candidates.sty
Package: l3candidates 2014/01/06 v4643 L3 Experimental additions to l3kernel
\l__box_top_dim=\dimen274
\l__box_bottom_dim=\dimen275
\l__box_left_dim=\dimen276
\l__box_right_dim=\dimen277
\l__box_top_new_dim=\dimen278
\l__box_bottom_new_dim=\dimen279
\l__box_left_new_dim=\dimen280
\l__box_right_new_dim=\dimen281
\l__box_internal_box=\box86
\l__coffin_bounding_shift_dim=\dimen282
\l__coffin_left_corner_dim=\dimen283
\l__coffin_right_corner_dim=\dimen284
\l__coffin_bottom_corner_dim=\dimen285
\l__coffin_top_corner_dim=\dimen286
\l__coffin_scaled_total_height_dim=\dimen287
\l__coffin_scaled_width_dim=\dimen288
))
Package: xparse 2013/12/31 v4634 L3 Experimental document command parser
\l__xparse_current_arg_int=\count301
\l__xparse_m_args_int=\count302
\l__xparse_mandatory_args_int=\count303
\l__xparse_processor_int=\count304
\l__xparse_v_nesting_int=\count305
)
(/usr/share/texlive/texmf-dist/tex/latex/oberdiek/zref-abspage.sty
Package: zref-abspage 2012/04/04 v2.24 Module abspage for zref (HO)

(/usr/share/texlive/texmf-dist/tex/latex/oberdiek/zref-base.sty
Package: zref-base 2012/04/04 v2.24 Module base for zref (HO)
Package zref Info: New property list: main on input line 759.
Package zref Info: New property: default on input line 760.
Package zref Info: New property: page on input line 761.
)
\c@abspage=\count306
Package zref Info: New property: abspage on input line 62.
)
(/usr/share/texlive/texmf-dist/tex/latex/needspace/needspace.sty
Package: needspace 2010/09/12 v1.3d reserve vertical space
)
\mdf@templength=\skip84
\c@mdf@globalstyle@cnt=\count307
\mdf@skipabove@length=\skip85
\mdf@skipbelow@length=\skip86
\mdf@leftmargin@length=\skip87
\mdf@rightmargin@length=\skip88
\mdf@innerleftmargin@length=\skip89
\mdf@innerrightmargin@length=\skip90
\mdf@innertopmargin@length=\skip91
\mdf@innerbottommargin@length=\skip92
\mdf@splittopskip@length=\skip93
\mdf@splitbottomskip@length=\skip94
\mdf@outermargin@length=\skip95
\mdf@innermargin@length=\skip96
\mdf@linewidth@length=\skip97
\mdf@innerlinewidth@length=\skip98
\mdf@middlelinewidth@length=\skip99
\mdf@outerlinewidth@length=\skip100
\mdf@roundcorner@length=\skip101
\mdf@footenotedistance@length=\skip102
\mdf@userdefinedwidth@length=\skip103
\mdf@needspace@length=\skip104
\mdf@frametitleaboveskip@length=\skip105
\mdf@frametitlebelowskip@length=\skip106
\mdf@frametitlerulewidth@length=\skip107
\mdf@frametitleleftmargin@length=\skip108
\mdf@frametitlerightmargin@length=\skip109
\mdf@shadowsize@length=\skip110
\mdf@extratopheight@length=\skip111
\mdf@subtitleabovelinewidth@length=\skip112
\mdf@subtitlebelowlinewidth@length=\skip113
\mdf@subtitleaboveskip@length=\skip114
\mdf@subtitlebelowskip@length=\skip115
\mdf@subtitleinneraboveskip@length=\skip116
\mdf@subtitleinnerbelowskip@length=\skip117
\mdf@subsubtitleabovelinewidth@length=\skip118
\mdf@subsubtitlebelowlinewidth@length=\skip119
\mdf@subsubtitleaboveskip@length=\skip120
\mdf@subsubtitlebelowskip@length=\skip121
\mdf@subsubtitleinneraboveskip@length=\skip122
\mdf@subsubtitleinnerbelowskip@length=\skip123

(/usr/share/texlive/texmf-dist/tex/latex/mdframed/md-frame-0.mdf
File: md-frame-0.mdf 2013/07/01\ 1.9b: md-frame-0
)
\mdf@frametitlebox=\box87
\mdf@footnotebox=\box88
\mdf@splitbox@one=\box89
\mdf@splitbox@two=\box90
\mdf@splitbox@save=\box91
\mdfsplitboxwidth=\skip124
\mdfsplitboxtotalwidth=\skip125
\mdfsplitboxheight=\skip126
\mdfsplitboxdepth=\skip127
\mdfsplitboxtotalheight=\skip128
\mdfframetitleboxwidth=\skip129
\mdfframetitleboxtotalwidth=\skip130
\mdfframetitleboxheight=\skip131
\mdfframetitleboxdepth=\skip132
\mdfframetitleboxtotalheight=\skip133
\mdffootnoteboxwidth=\skip134
\mdffootnoteboxtotalwidth=\skip135
\mdffootnoteboxheight=\skip136
\mdffootnoteboxdepth=\skip137
\mdffootnoteboxtotalheight=\skip138
\mdftotallinewidth=\skip139
\mdfboundingboxwidth=\skip140
\mdfboundingboxtotalwidth=\skip141
\mdfboundingboxheight=\skip142
\mdfboundingboxdepth=\skip143
\mdfboundingboxtotalheight=\skip144
\mdf@freevspace@length=\skip145
\mdf@horizontalwidthofbox@length=\skip146
\mdf@verticalmarginwhole@length=\skip147
\mdf@horizontalspaceofbox=\skip148
\mdfsubtitleheight=\skip149
\mdfsubsubtitleheight=\skip150
\c@mdfcountframes=\count308

****** mdframed patching \endmdf@trivlist

****** -- success******

.................................................
. LaTeX info: "xparse/define-command"
. 
. Defining document command \newmdtheoremenv with arg. spec. 'O{} m o m o ' on
. line 601.
.................................................
.................................................
. LaTeX info: "xparse/define-command"
. 
. Defining document command \mdtheorem with arg. spec. ' O{} m o m o ' on line
. 701.
.................................................
\mdf@envdepth=\count309
\c@mdf@env@i=\count310
\c@mdf@env@ii=\count311
\c@mdf@zref@counter=\count312
Package zref Info: New property: mdf@pagevalue on input line 895.
)
(/usr/share/texlive/texmf-dist/tex/latex/cleveref/cleveref.sty
Package: cleveref 2013/12/28 v0.19 Intelligent cross-referencing
Package cleveref Info: `hyperref' support loaded on input line 2230.
LaTeX Info: Redefining \cref on input line 2230.
LaTeX Info: Redefining \Cref on input line 2230.
LaTeX Info: Redefining \crefrange on input line 2230.
LaTeX Info: Redefining \Crefrange on input line 2230.
LaTeX Info: Redefining \cpageref on input line 2230.
LaTeX Info: Redefining \Cpageref on input line 2230.
LaTeX Info: Redefining \cpagerefrange on input line 2230.
LaTeX Info: Redefining \Cpagerefrange on input line 2230.
LaTeX Info: Redefining \labelcref on input line 2230.
LaTeX Info: Redefining \labelcpageref on input line 2230.
)
(/usr/share/texlive/texmf-dist/tex/latex/titlesec/titlesec.sty
Package: titlesec 2011/12/15 v2.10.0 Sectioning titles
\ttl@box=\box92
\beforetitleunit=\skip151
\aftertitleunit=\skip152
\ttl@plus=\dimen289
\ttl@minus=\dimen290
\ttl@toksa=\toks51
\titlewidth=\dimen291
\titlewidthlast=\dimen292
\titlewidthfirst=\dimen293
)
(./subsubsubsection.tex
\c@subsubsubsection=\count313
)
(/usr/share/texlive/texmf-dist/tex/latex/float/float.sty
Package: float 2001/11/08 v1.3d Float enhancements (AL)
\c@float@type=\count314
\float@exts=\toks52
\float@box=\box93
\@float@everytoks=\toks53
\@floatcapt=\box94
)
(/usr/share/texlive/texmf-dist/tex/latex/placeins/placeins.sty
Package: placeins 2005/04/18  v 2.2
)
(/usr/share/texlive/texmf-dist/tex/latex/l3packages/xfrac/xfrac.sty
(/usr/share/texlive/texmf-dist/tex/latex/l3packages/l3keys2e/l3keys2e.sty
Package: l3keys2e 2013/12/31 v4634 LaTeX2e option processing using LaTeX3 keys
)
(/usr/share/texlive/texmf-dist/tex/latex/l3packages/xtemplate/xtemplate.sty
Package: xtemplate 2013/12/31 v4634 L3 Experimental prototype document function
s
\l__xtemplate_tmp_dim=\dimen294
\l__xtemplate_tmp_int=\count315
\l__xtemplate_tmp_muskip=\muskip18
\l__xtemplate_tmp_skip=\skip153
Variant \prop_get:NoNTF already defined; not changing it on line 106
Variant \prop_get:NoNT already defined; not changing it on line 107
Variant \prop_get:NoNF already defined; not changing it on line 108
)
Package: xfrac 2012/11/09 v4299 L3 Experimental split-level fractions
\l__xfrac_slash_box=\box95
\l__xfrac_tmp_box=\box96
\l__xfrac_denominator_bot_sep_dim=\dimen295
\l__xfrac_numerator_bot_sep_dim=\dimen296
\l__xfrac_numerator_top_sep_dim=\dimen297
\l__xfrac_slash_left_sep_dim=\dimen298
\l__xfrac_slash_right_sep_dim=\dimen299
\l__xfrac_slash_left_muskip=\muskip19
\l__xfrac_slash_right_muskip=\muskip20
.................................................
. xtemplate info: "declare-object-type"
. 
. Declaring object type 'xfrac' taking 3 argument(s) on line 96.
.................................................
.................................................
. LaTeX info: "xparse/define-command"
. 
. Defining document command \sfrac with arg. spec. 'omom' on line 436.
.................................................
)
\@input{glossary.aux}
\openout2 = `glossary.aux'.

(./glossary.tex)
\glo@main@file=\write5
\openout5 = `20170427_thesis_introduction.glo'.

Package glossaries Info: Writing glossary file 20170427_thesis_introduction.glo
 on input line 106.
\glo@acronym@file=\write6
\openout6 = `20170427_thesis_introduction.acn'.

Package glossaries Info: Writing glossary file 20170427_thesis_introduction.acn
 on input line 106.
 (/usr/share/texlive/texmf-dist/tex/latex/lipsum/lipsum.sty
Package: lipsum 2011/04/14 v1.2 150 paragraphs of Lorem Ipsum dummy text
\c@lips@count=\count316
)
(/usr/share/texlive/texmf-dist/tex/latex/nowidow/nowidow.sty
Package: nowidow 2011/09/20 1.0 Easily prevent widows and orphans
Package: nowidow 
)
(./20170427_thesis_introduction.aux (./intro.aux) (./methods.aux)
(./methods_dev.aux) (./chapt3.aux) (./chapt4.aux) (./chapt5.aux) (./chapt6.aux)
(./conclusion.aux) (./appendices.aux))
\openout1 = `20170427_thesis_introduction.aux'.

LaTeX Font Info:    Checking defaults for OML/cmm/m/it on input line 139.
LaTeX Font Info:    ... okay on input line 139.
LaTeX Font Info:    Checking defaults for T1/cmr/m/n on input line 139.
LaTeX Font Info:    ... okay on input line 139.
LaTeX Font Info:    Checking defaults for OT1/cmr/m/n on input line 139.
LaTeX Font Info:    ... okay on input line 139.
LaTeX Font Info:    Checking defaults for OMS/cmsy/m/n on input line 139.
LaTeX Font Info:    ... okay on input line 139.
LaTeX Font Info:    Checking defaults for OMX/cmex/m/n on input line 139.
LaTeX Font Info:    ... okay on input line 139.
LaTeX Font Info:    Checking defaults for U/cmr/m/n on input line 139.
LaTeX Font Info:    ... okay on input line 139.
LaTeX Font Info:    Checking defaults for PD1/pdf/m/n on input line 139.
LaTeX Font Info:    ... okay on input line 139.
LaTeX Font Info:    Checking defaults for TS1/cmr/m/n on input line 139.
LaTeX Font Info:    Try loading font information for TS1+cmr on input line 139.


(/usr/share/texlive/texmf-dist/tex/latex/base/ts1cmr.fd
File: ts1cmr.fd 1999/05/25 v2.5h Standard LaTeX font definitions
)
LaTeX Font Info:    ... okay on input line 139.

(/usr/share/texlive/texmf-dist/tex/context/base/supp-pdf.mkii
[Loading MPS to PDF converter (version 2006.09.02).]
\scratchcounter=\count317
\scratchdimen=\dimen300
\scratchbox=\box97
\nofMPsegments=\count318
\nofMParguments=\count319
\everyMPshowfont=\toks54
\MPscratchCnt=\count320
\MPscratchDim=\dimen301
\MPnumerator=\count321
\makeMPintoPDFobject=\count322
\everyMPtoPDFconversion=\toks55
) (/usr/share/texlive/texmf-dist/tex/latex/oberdiek/epstopdf-base.sty
Package: epstopdf-base 2010/02/09 v2.5 Base part for package epstopdf

(/usr/share/texlive/texmf-dist/tex/latex/oberdiek/grfext.sty
Package: grfext 2010/08/19 v1.1 Manage graphics extensions (HO)
)
Package grfext Info: Graphics extension search list:
(grfext)             [.png,.pdf,.jpg,.mps,.jpeg,.jbig2,.jb2,.PNG,.PDF,.JPG,.JPE
G,.JBIG2,.JB2,.eps]
(grfext)             \AppendGraphicsExtensions on input line 452.

(/usr/share/texlive/texmf-dist/tex/latex/latexconfig/epstopdf-sys.cfg
File: epstopdf-sys.cfg 2010/07/13 v1.3 Configuration of (r)epstopdf for TeX Liv
e
))
\AtBeginShipoutBox=\box98
Package hyperref Info: Link coloring OFF on input line 139.

(/usr/share/texlive/texmf-dist/tex/latex/hyperref/nameref.sty
Package: nameref 2012/10/27 v2.43 Cross-referencing by name of section

(/usr/share/texlive/texmf-dist/tex/generic/oberdiek/gettitlestring.sty
Package: gettitlestring 2010/12/03 v1.4 Cleanup title references (HO)
)
\c@section@level=\count323
)
LaTeX Info: Redefining \ref on input line 139.
LaTeX Info: Redefining \pageref on input line 139.
LaTeX Info: Redefining \nameref on input line 139.

(./20170427_thesis_introduction.out) (./20170427_thesis_introduction.out)
\@outlinefile=\write7
\openout7 = `20170427_thesis_introduction.out'.


(./20170427_thesis_introduction.glsdefs
! Undefined control sequence.
<argument> \glsspace 
                     
l.30 }
      %
The control sequence at the end of the top line
of your error message was never \def'ed. If you have
misspelled it (e.g., `\hobx'), type `I' and the correct
spelling (e.g., `I\hbox'). Otherwise just continue,
and I'll forget about whatever was undefined.

! Undefined control sequence.
<argument> \glsspace 
                     
l.30 }
      %
The control sequence at the end of the top line
of your error message was never \def'ed. If you have
misspelled it (e.g., `\hobx'), type `I' and the correct
spelling (e.g., `I\hbox'). Otherwise just continue,
and I'll forget about whatever was undefined.

Runaway argument?
{name={(},sort={(},type={acronym},first={
! Paragraph ended before \XKV@setkeys was complete.
<to be read again> 
                   \par 
l.30 }
      %
I suspect you've forgotten a `}', causing me to apply this
control sequence to too much text. How can we recover?
My plan is to forget the whole thing and hope for the best.

! Undefined control sequence.
<argument> ...ype={acronym},first={\par \glsspace 
                                                  (()},firstplural={\par \ac...
l.30 }
      %
The control sequence at the end of the top line
of your error message was never \def'ed. If you have
misspelled it (e.g., `\hobx'), type `I' and the correct
spelling (e.g., `I\hbox'). Otherwise just continue,
and I'll forget about whatever was undefined.

! Too many }'s.
<argument> ...{acronym},first={\par \glsspace (()}
                                                  ,firstplural={\par \acrplu...
l.30 }
      %
You've closed more groups than you opened.
Such booboos are generally harmless, so keep going.

! Undefined control sequence.
<argument> ...al={\par \acrpluralsuffix \glsspace 
                                                  ((\acrpluralsuffix )},text...
l.30 }
      %
The control sequence at the end of the top line
of your error message was never \def'ed. If you have
misspelled it (e.g., `\hobx'), type `I' and the correct
spelling (e.g., `I\hbox'). Otherwise just continue,
and I'll forget about whatever was undefined.

! Too many }'s.
\gls@defglossaryentry ...\setkeys {glossentry}{#2}
                                                  \ifundef \glsdefaulttype {...
l.30 }
      %
You've closed more groups than you opened.
Such booboos are generally harmless, so keep going.


! Package glossaries Error: name key required in \newglossaryentry for entry `'
.

See the glossaries package documentation for explanation.
Type  H <return>  for immediate help.
 ...                                              
                                                  
l.30 }
      %
You haven't specified the entry name


! Package glossaries Error: description key required in \newglossaryentry for e
ntry `'.

See the glossaries package documentation for explanation.
Type  H <return>  for immediate help.
 ...                                              
                                                  
l.30 }
      %
You haven't specified the entry description

) ABD: EveryShipout initializing macros
Package caption Info: Begin \AtBeginDocument code.
Package caption Info: float package is loaded.
Package caption Info: End \AtBeginDocument code.
 [1
Non-PDF special ignored!
Non-PDF special ignored!
Non-PDF special ignored!
Non-PDF special ignored!


Non-PDF special ignored!
Non-PDF special ignored!
Non-PDF special ignored!


\openout3 = `20170427_thesis_introduction.xdy'.

{/var/lib/texmf/fonts/map/pdftex/updmap/pdftex.map}]
(./20170427_thesis_introduction.toc [2

] [3] [4] [5])
\tf@toc=\write8
\openout8 = `20170427_thesis_introduction.toc'.

 [6]
(./20170427_thesis_introduction.lof [7

])
\tf@lof=\write9
\openout9 = `20170427_thesis_introduction.lof'.

 [8]
(./20170427_thesis_introduction.lot [9

])
\tf@lot=\write10
\openout10 = `20170427_thesis_introduction.lot'.

 (./20170427_thesis_introduction.gls
[10]
Underfull \hbox (badness 1377) in paragraph at lines 36--36
[]\OT1/cmr/m/n/12 Methylome data from se-quenc-ing bisul-fite
 []

[11


]
Underfull \hbox (badness 1521) in paragraph at lines 105--105
[]\OT1/cmr/m/n/12 Genetic in-ter-ac-tions where in-ac-ti-va-tion of
 []


Underfull \hbox (badness 1231) in paragraph at lines 105--105
\OT1/cmr/m/n/12 mul-ti-ple genes is in-vi-able (or dele-te-ri-ous)
 []

) (./20170427_thesis_introduction.acr [12] [13


]) [14]
\openout2 = `intro.aux'.

 (./intro.tex
Chapter 1.
[1



] [2] [3] [4] [5] [6] [7] [8] [9] [10] [11] [12] [13] [14] [15] [16] [17]
[18] [19] [20] [21] [22] [23]
Overfull \hbox (14.29991pt too wide) in paragraph at lines 278--278
 |[]\OT1/cmr/bx/n/17.28 A Syn-thetic Lethal Ap-proach to Can-cer Medicine| 
 []

[24] <Costanzo_2011_SL_mega_no_border.pdf, id=1711, 456.12408pt x 201.64696pt>
File: Costanzo_2011_SL_mega_no_border.pdf Graphic file (type pdf)

<use Costanzo_2011_SL_mega_no_border.pdf>
Package pdftex.def Info: Costanzo_2011_SL_mega_no_border.pdf used on input line
 299.
(pdftex.def)             Requested size: 456.12296pt x 201.64645pt.
Package mdframed Info: mdframed inside float 
 mdframed uses option nobreak mdframed on input line 302.
Package mdframed Info: mdframed inside a box 
 mdframed uses option nobreak mdframed on input line 302.
 [25] [26 <./Costanzo_2011_SL_mega_no_border.pdf>] [27] [28] <SL_Concept_no_bor
der.png, id=1867, 803.0pt x 602.25pt>
File: SL_Concept_no_border.png Graphic file (type png)

<use SL_Concept_no_border.png>
Package pdftex.def Info: SL_Concept_no_border.png used on input line 336.
(pdftex.def)             Requested size: 802.99805pt x 602.24852pt.
Package mdframed Info: mdframed inside float 
 mdframed uses option nobreak mdframed on input line 339.
Package mdframed Info: mdframed inside a box 
 mdframed uses option nobreak mdframed on input line 339.
 [29 <./SL_Concept_no_border.png>] [30] [31]
[32] [33] [34] [35] [36] [37] [38] [39] [40] [41] [42] [43] [44] [45] [46]
[47] [48] [49] [50] [51] [52] [53] [54] [55]) [56

]
(./20170427_thesis_introduction.bbl
Missing character: There is no  in font cmti12!
Missing character: There is no  in font cmti12!

Underfull \hbox (badness 7221) in paragraph at lines 72--78
[]\OT1/cmr/m/n/12 American So-ci-ety for Clin-i-cal On-col-ogy ([]) (2017) The 
ge-net-ics of
 []


Underfull \hbox (badness 5592) in paragraph at lines 72--78
\OT1/cmr/m/n/12 can-cer.  []$\OT1/cmtt/m/n/12 http : / / www . cancer . net / n
avigating-[]cancer-[]care / cancer-[]basics /
 []

[198










] [199]
Missing character: There is no  in font cmr12!
Missing character: There is no  in font cmr12!
 [200] [201]
Underfull \hbox (badness 10000) in paragraph at lines 323--328
[]\OT1/cmr/m/n/12 Cancer Re-search UK (2017) Fam-ily his-tory and can-cer
 []


Underfull \hbox (badness 10000) in paragraph at lines 323--328
\OT1/cmr/m/n/12 genes.  []$\OT1/cmtt/m/n/12 http : / / www . cancerresearchuk .
 org / about-[]cancer /
 []


Underfull \hbox (badness 10000) in paragraph at lines 323--328
\OT1/cmtt/m/n/12 causes-[]of-[]cancer / inherited-[]cancer-[]genes-[]and-[]incr
eased-[]cancer-[]risk /
 []

[202] [203]
Missing character: There is no  in font cmr12!
Missing character: There is no  in font cmr12!
Missing character: There is no  in font cmr12!
 [204] [205]
LaTeX Font Info:    Try loading font information for OMS+cmr on input line 611.

 (/usr/share/texlive/texmf-dist/tex/latex/base/omscmr.fd
File: omscmr.fd 1999/05/25 v2.5h Standard LaTeX font definitions
)
LaTeX Font Info:    Font shape `OMS/cmr/m/n' in size <12> not available
(Font)              Font shape `OMS/cmsy/m/n' tried instead on input line 611.
Missing character: There is no  in font cmr12!
Missing character: There is no  in font cmr12!
Missing character: There is no  in font cmr12!
 [206] [207]
Missing character: There is no  in font cmr12!
Missing character: There is no  in font cmr12!
 [208] [209] [210] [211] [212] [213] [214] [215] [216] [217]
[218]
Underfull \hbox (badness 4168) in paragraph at lines 1557--1562
\OT1/cmtt/m/n/12 / / www . cancer . gov / about-[]cancer / causes-[]prevention 
/ genetics$[]\OT1/cmr/m/n/12 .  Pub-lished:
 []

[219]
Missing character: There is no  in font cmr12!
Missing character: There is no  in font cmr12!
Missing character: There is no  in font cmr12!
 [220] [221]
Missing character: There is no  in font cmr12!
Missing character: There is no  in font cmr12!
Missing character: There is no  in font cmr12!
) [222]
Package atveryend Info: Empty hook `BeforeClearDocument' on input line 201.
Package atveryend Info: Empty hook `AfterLastShipout' on input line 201.
 (./20170427_thesis_introduction.aux (./intro.aux)
(./methods.aux) (./methods_dev.aux) (./chapt3.aux) (./chapt4.aux) (./chapt5.aux
) (./chapt6.aux) (./conclusion.aux) (./appendices.aux))
Package atveryend Info: Executing hook `AtVeryEndDocument' on input line 201.
Package atveryend Info: Executing hook `AtEndAfterFileList' on input line 201.
Package rerunfilecheck Info: File `20170427_thesis_introduction.out' has not ch
anged.
(rerunfilecheck)             Checksum: CCF234BF66152D3CE40DB47AB622EA58;5737.
 ) 
Here is how much of TeX's memory you used:
 35462 strings out of 494985
 635732 string characters out of 6180356
 897528 words of memory out of 5000000
 37055 multiletter control sequences out of 15000+600000
 11340 words of font info for 40 fonts, out of 8000000 for 9000
 36 hyphenation exceptions out of 8191
 59i,18n,94p,10463b,952s stack positions out of 5000i,500n,10000p,200000b,80000s
pdfTeX warning (dest): name{table.caption.92} has been referenced but does no
t exist, replaced by a fixed one

pdfTeX warning (dest): name{table.caption.90} has been referenced but does not 
exist, replaced by a fixed one

pdfTeX warning (dest): name{table.caption.88} has been referenced but does not 
exist, replaced by a fixed one

pdfTeX warning (dest): name{table.caption.87} has been referenced but does not 
exist, replaced by a fixed one

pdfTeX warning (dest): name{table.caption.85} has been referenced but does not 
exist, replaced by a fixed one

pdfTeX warning (dest): name{table.caption.82} has been referenced but does not 
exist, replaced by a fixed one

pdfTeX warning (dest): name{table.caption.80} has been referenced but does not 
exist, replaced by a fixed one

pdfTeX warning (dest): name{table.caption.78} has been referenced but does not 
exist, replaced by a fixed one

pdfTeX warning (dest): name{table.caption.76} has been referenced but does not 
exist, replaced by a fixed one

pdfTeX warning (dest): name{table.caption.74} has been referenced but does not 
exist, replaced by a fixed one

pdfTeX warning (dest): name{table.caption.68} has been referenced but does not 
exist, replaced by a fixed one

pdfTeX warning (dest): name{table.caption.66} has been referenced but does not 
exist, replaced by a fixed one

pdfTeX warning (dest): name{table.caption.65} has been referenced but does not 
exist, replaced by a fixed one

pdfTeX warning (dest): name{table.caption.64} has been referenced but does not 
exist, replaced by a fixed one

pdfTeX warning (dest): name{table.C.1} has been referenced but does not exist, 
replaced by a fixed one

pdfTeX warning (dest): name{table.caption.29} has been referenced but does not 
exist, replaced by a fixed one

pdfTeX warning (dest): name{table.caption.25} has been referenced but does not 
exist, replaced by a fixed one

pdfTeX warning (dest): name{table.caption.20} has been referenced but does not 
exist, replaced by a fixed one

pdfTeX warning (dest): name{table.caption.73} has been referenced but does not 
exist, replaced by a fixed one

pdfTeX warning (dest): name{table.caption.71} has been referenced but does not 
exist, replaced by a fixed one

pdfTeX warning (dest): name{table.caption.69} has been referenced but does not 
exist, replaced by a fixed one

pdfTeX warning (dest): name{table.caption.67} has been referenced but does not 
exist, replaced by a fixed one

pdfTeX warning (dest): name{table.caption.63} has been referenced but does not 
exist, replaced by a fixed one

pdfTeX warning (dest): name{table.caption.61} has been referenced but does not 
exist, replaced by a fixed one

pdfTeX warning (dest): name{table.caption.56} has been referenced but does not 
exist, replaced by a fixed one

pdfTeX warning (dest): name{table.caption.54} has been referenced but does not 
exist, replaced by a fixed one

pdfTeX warning (dest): name{table.caption.52} has been referenced but does not 
exist, replaced by a fixed one

pdfTeX warning (dest): name{table.caption.47} has been referenced but does not 
exist, replaced by a fixed one

pdfTeX warning (dest): name{table.caption.44} has been referenced but does not 
exist, replaced by a fixed one

pdfTeX warning (dest): name{table.caption.42} has been referenced but does not 
exist, replaced by a fixed one

pdfTeX warning (dest): name{table.caption.18} has been referenced but does not 
exist, replaced by a fixed one

pdfTeX warning (dest): name{table.2.5} has been referenced but does not exist, 
replaced by a fixed one

pdfTeX warning (dest): name{table.caption.17} has been referenced but does not 
exist, replaced by a fixed one

pdfTeX warning (dest): name{table.caption.16} has been referenced but does not 
exist, replaced by a fixed one

pdfTeX warning (dest): name{table.caption.15} has been referenced but does not 
exist, replaced by a fixed one

pdfTeX warning (dest): name{table.caption.14} has been referenced but does not 
exist, replaced by a fixed one

pdfTeX warning (dest): name{figure.caption.86} has been referenced but does not
 exist, replaced by a fixed one

pdfTeX warning (dest): name{figure.caption.84} has been referenced but does not
 exist, replaced by a fixed one

pdfTeX warning (dest): name{figure.caption.72} has been referenced but does not
 exist, replaced by a fixed one

pdfTeX warning (dest): name{figure.caption.70} has been referenced but does not
 exist, replaced by a fixed one

pdfTeX warning (dest): name{figure.caption.62} has been referenced but does not
 exist, replaced by a fixed one

pdfTeX warning (dest): name{figure.caption.61} has been referenced but does not
 exist, replaced by a fixed one

pdfTeX warning (dest): name{figure.caption.57} has been referenced but does not
 exist, replaced by a fixed one

pdfTeX warning (dest): name{figure.caption.16} has been referenced but does not
 exist, replaced by a fixed one

pdfTeX warning (dest): name{figure.caption.12} has been referenced but does not
 exist, replaced by a fixed one

pdfTeX warning (dest): name{figure.caption.11} has been referenced but does not
 exist, replaced by a fixed one

pdfTeX warning (dest): name{figure.caption.10} has been referenced but does not
 exist, replaced by a fixed one

pdfTeX warning (dest): name{figure.caption.66} has been referenced but does not
 exist, replaced by a fixed one

pdfTeX warning (dest): name{figure.caption.65} has been referenced but does not
 exist, replaced by a fixed one

pdfTeX warning (dest): name{figure.caption.60} has been referenced but does not
 exist, replaced by a fixed one

pdfTeX warning (dest): name{figure.caption.59} has been referenced but does not
 exist, replaced by a fixed one

pdfTeX warning (dest): name{figure.caption.58} has been referenced but does not
 exist, replaced by a fixed one

pdfTeX warning (dest): name{figure.caption.53} has been referenced but does not
 exist, replaced by a fixed one

pdfTeX warning (dest): name{figure.caption.51} has been referenced but does not
 exist, replaced by a fixed one

pdfTeX warning (dest): name{figure.caption.50} has been referenced but does not
 exist, replaced by a fixed one

pdfTeX warning (dest): name{figure.caption.49} has been referenced but does not
 exist, replaced by a fixed one

pdfTeX warning (dest): name{figure.caption.48} has been referenced but does not
 exist, replaced by a fixed one

pdfTeX warning (dest): name{figure.caption.46} has been referenced but does not
 exist, replaced by a fixed one

pdfTeX warning (dest): name{figure.caption.41} has been referenced but does not
 exist, replaced by a fixed one

pdfTeX warning (dest): name{figure.caption.40} has been referenced but does not
 exist, replaced by a fixed one

pdfTeX warning (dest): name{figure.caption.39} has been referenced but does not
 exist, replaced by a fixed one

pdfTeX warning (dest): name{figure.caption.38} has been referenced but does not
 exist, replaced by a fixed one

pdfTeX warning (dest): name{figure.caption.37} has been referenced but does not
 exist, replaced by a fixed one

pdfTeX warning (dest): name{figure.caption.36} has been referenced but does not
 exist, replaced by a fixed one

pdfTeX warning (dest): name{figure.caption.35} has been referenced but does not
 exist, replaced by a fixed one

pdfTeX warning (dest): name{figure.caption.34} has been referenced but does not
 exist, replaced by a fixed one

pdfTeX warning (dest): name{figure.caption.33} has been referenced but does not
 exist, replaced by a fixed one

pdfTeX warning (dest): name{figure.caption.32} has been referenced but does not
 exist, replaced by a fixed one

pdfTeX warning (dest): name{figure.caption.31} has been referenced but does not
 exist, replaced by a fixed one

pdfTeX warning (dest): name{figure.caption.30} has been referenced but does not
 exist, replaced by a fixed one

pdfTeX warning (dest): name{figure.caption.29} has been referenced but does not
 exist, replaced by a fixed one

pdfTeX warning (dest): name{figure.caption.28} has been referenced but does not
 exist, replaced by a fixed one

pdfTeX warning (dest): name{figure.caption.27} has been referenced but does not
 exist, replaced by a fixed one

pdfTeX warning (dest): name{figure.caption.26} has been referenced but does not
 exist, replaced by a fixed one

pdfTeX warning (dest): name{figure.caption.25} has been referenced but does not
 exist, replaced by a fixed one

pdfTeX warning (dest): name{figure.caption.24} has been referenced but does not
 exist, replaced by a fixed one

pdfTeX warning (dest): name{figure.caption.23} has been referenced but does not
 exist, replaced by a fixed one

pdfTeX warning (dest): name{figure.caption.22} has been referenced but does not
 exist, replaced by a fixed one

pdfTeX warning (dest): name{figure.caption.21} has been referenced but does not
 exist, replaced by a fixed one

pdfTeX warning (dest): name{figure.caption.20} has been referenced but does not
 exist, replaced by a fixed one

pdfTeX warning (dest): name{figure.caption.19} has been referenced but does not
 exist, replaced by a fixed one

pdfTeX warning (dest): name{figure.caption.13} has been referenced but does not
 exist, replaced by a fixed one

pdfTeX warning (dest): name{appendix.G} has been referenced but does not exist,
 replaced by a fixed one

pdfTeX warning (dest): name{appendix.F} has been referenced but does not exist,
 replaced by a fixed one

pdfTeX warning (dest): name{appendix.E} has been referenced but does not exist,
 replaced by a fixed one

pdfTeX warning (dest): name{appendix.D} has been referenced but does not exist,
 replaced by a fixed one

pdfTeX warning (dest): name{appendix.C} has been referenced but does not exist,
 replaced by a fixed one

pdfTeX warning (dest): name{appendix.B} has been referenced but does not exist,
 replaced by a fixed one

pdfTeX warning (dest): name{appendix.A} has been referenced but does not exist,
 replaced by a fixed one

pdfTeX warning (dest): name{chapter.8} has been referenced but does not exist, 
replaced by a fixed one

pdfTeX warning (dest): name{section.7.3} has been referenced but does not exist
, replaced by a fixed one

pdfTeX warning (dest): name{section.7.2} has been referenced but does not exist
, replaced by a fixed one

pdfTeX warning (dest): name{section.7.1} has been referenced but does not exist
, replaced by a fixed one

pdfTeX warning (dest): name{chapter.7} has been referenced but does not exist, 
replaced by a fixed one

pdfTeX warning (dest): name{subsection.6.4.3} has been referenced but does not 
exist, replaced by a fixed one

pdfTeX warning (dest): name{subsection.6.4.2} has been referenced but does not 
exist, replaced by a fixed one

pdfTeX warning (dest): name{subsubsection.6.4.1.1} has been referenced but does
 not exist, replaced by a fixed one

pdfTeX warning (dest): name{subsection.6.4.1} has been referenced but does not 
exist, replaced by a fixed one

pdfTeX warning (dest): name{section.6.4} has been referenced but does not exist
, replaced by a fixed one

pdfTeX warning (dest): name{section.6.3} has been referenced but does not exist
, replaced by a fixed one

pdfTeX warning (dest): name{subsection.6.2.4} has been referenced but does not 
exist, replaced by a fixed one

pdfTeX warning (dest): name{subsection.6.2.3} has been referenced but does not 
exist, replaced by a fixed one

pdfTeX warning (dest): name{subsection.6.2.2} has been referenced but does not 
exist, replaced by a fixed one

pdfTeX warning (dest): name{subsection.6.2.1} has been referenced but does not 
exist, replaced by a fixed one

pdfTeX warning (dest): name{section.6.2} has been referenced but does not exist
, replaced by a fixed one

pdfTeX warning (dest): name{section.6.1} has been referenced but does not exist
, replaced by a fixed one

pdfTeX warning (dest): name{chapter.6} has been referenced but does not exist, 
replaced by a fixed one

pdfTeX warning (dest): name{section.5.5} has been referenced but does not exist
, replaced by a fixed one

pdfTeX warning (dest): name{section.5.4} has been referenced but does not exist
, replaced by a fixed one

pdfTeX warning (dest): name{subsubsection.5.3.2.2} has been referenced but does
 not exist, replaced by a fixed one

pdfTeX warning (dest): name{subsubsection.5.3.2.1} has been referenced but does
 not exist, replaced by a fixed one

pdfTeX warning (dest): name{subsection.5.3.2} has been referenced but does not 
exist, replaced by a fixed one

pdfTeX warning (dest): name{subsubsection.5.3.1.2} has been referenced but does
 not exist, replaced by a fixed one

pdfTeX warning (dest): name{subsubsection.5.3.1.1} has been referenced but does
 not exist, replaced by a fixed one

pdfTeX warning (dest): name{subsection.5.3.1} has been referenced but does not 
exist, replaced by a fixed one

pdfTeX warning (dest): name{section.5.3} has been referenced but does not exist
, replaced by a fixed one

pdfTeX warning (dest): name{subsubsection.5.2.2.2} has been referenced but does
 not exist, replaced by a fixed one

pdfTeX warning (dest): name{subsubsection.5.2.2.1} has been referenced but does
 not exist, replaced by a fixed one

pdfTeX warning (dest): name{subsection.5.2.2} has been referenced but does not 
exist, replaced by a fixed one

pdfTeX warning (dest): name{subsection.5.2.1} has been referenced but does not 
exist, replaced by a fixed one

pdfTeX warning (dest): name{section.5.2} has been referenced but does not exist
, replaced by a fixed one

pdfTeX warning (dest): name{subsection.5.1.4} has been referenced but does not 
exist, replaced by a fixed one

pdfTeX warning (dest): name{subsection.5.1.3} has been referenced but does not 
exist, replaced by a fixed one

pdfTeX warning (dest): name{subsection.5.1.2} has been referenced but does not 
exist, replaced by a fixed one

pdfTeX warning (dest): name{subsection.5.1.1} has been referenced but does not 
exist, replaced by a fixed one

pdfTeX warning (dest): name{section.5.1} has been referenced but does not exist
, replaced by a fixed one

pdfTeX warning (dest): name{chapter.5} has been referenced but does not exist, 
replaced by a fixed one

pdfTeX warning (dest): name{section.4.8} has been referenced but does not exist
, replaced by a fixed one

pdfTeX warning (dest): name{subsubsection.4.7.3.2} has been referenced but does
 not exist, replaced by a fixed one

pdfTeX warning (dest): name{subsubsection.4.7.3.1} has been referenced but does
 not exist, replaced by a fixed one

pdfTeX warning (dest): name{subsection.4.7.3} has been referenced but does not 
exist, replaced by a fixed one

pdfTeX warning (dest): name{subsection.4.7.2} has been referenced but does not 
exist, replaced by a fixed one

pdfTeX warning (dest): name{subsection.4.7.1} has been referenced but does not 
exist, replaced by a fixed one

pdfTeX warning (dest): name{section.4.7} has been referenced but does not exist
, replaced by a fixed one

pdfTeX warning (dest): name{section.4.6} has been referenced but does not exist
, replaced by a fixed one

pdfTeX warning (dest): name{subsection.4.5.2} has been referenced but does not 
exist, replaced by a fixed one

pdfTeX warning (dest): name{subsection.4.5.1} has been referenced but does not 
exist, replaced by a fixed one

pdfTeX warning (dest): name{section.4.5} has been referenced but does not exist
, replaced by a fixed one

pdfTeX warning (dest): name{subsection.4.4.4} has been referenced but does not 
exist, replaced by a fixed one

pdfTeX warning (dest): name{subsubsection.4.4.3.1} has been referenced but does
 not exist, replaced by a fixed one

pdfTeX warning (dest): name{subsection.4.4.3} has been referenced but does not 
exist, replaced by a fixed one

pdfTeX warning (dest): name{subsection.4.4.2} has been referenced but does not 
exist, replaced by a fixed one

pdfTeX warning (dest): name{subsection.4.4.1} has been referenced but does not 
exist, replaced by a fixed one

pdfTeX warning (dest): name{section.4.4} has been referenced but does not exist
, replaced by a fixed one

pdfTeX warning (dest): name{subsection.4.3.4} has been referenced but does not 
exist, replaced by a fixed one

pdfTeX warning (dest): name{subsection.4.3.3} has been referenced but does not 
exist, replaced by a fixed one

pdfTeX warning (dest): name{subsection.4.3.2} has been referenced but does not 
exist, replaced by a fixed one

pdfTeX warning (dest): name{subsection.4.3.1} has been referenced but does not 
exist, replaced by a fixed one

pdfTeX warning (dest): name{section.4.3} has been referenced but does not exist
, replaced by a fixed one

pdfTeX warning (dest): name{subsubsubsection.4.2.1.4.1} has been referenced but
 does not exist, replaced by a fixed one

pdfTeX warning (dest): name{subsubsection.4.2.1.4} has been referenced but does
 not exist, replaced by a fixed one

pdfTeX warning (dest): name{subsubsection.4.2.1.3} has been referenced but does
 not exist, replaced by a fixed one

pdfTeX warning (dest): name{subsubsection.4.2.1.2} has been referenced but does
 not exist, replaced by a fixed one

pdfTeX warning (dest): name{subsubsection.4.2.1.1} has been referenced but does
 not exist, replaced by a fixed one

pdfTeX warning (dest): name{subsection.4.2.1} has been referenced but does not 
exist, replaced by a fixed one

pdfTeX warning (dest): name{section.4.2} has been referenced but does not exist
, replaced by a fixed one

pdfTeX warning (dest): name{subsubsection.4.1.2.1} has been referenced but does
 not exist, replaced by a fixed one

pdfTeX warning (dest): name{subsection.4.1.2} has been referenced but does not 
exist, replaced by a fixed one

pdfTeX warning (dest): name{subsection.4.1.1} has been referenced but does not 
exist, replaced by a fixed one

pdfTeX warning (dest): name{section.4.1} has been referenced but does not exist
, replaced by a fixed one

pdfTeX warning (dest): name{chapter.4} has been referenced but does not exist, 
replaced by a fixed one

pdfTeX warning (dest): name{subsubsection.3.5.3.5} has been referenced but does
 not exist, replaced by a fixed one

pdfTeX warning (dest): name{subsubsection.3.5.3.4} has been referenced but does
 not exist, replaced by a fixed one

pdfTeX warning (dest): name{subsubsection.3.5.3.3} has been referenced but does
 not exist, replaced by a fixed one

pdfTeX warning (dest): name{subsubsection.3.5.3.2} has been referenced but does
 not exist, replaced by a fixed one

pdfTeX warning (dest): name{subsubsection.3.5.3.1} has been referenced but does
 not exist, replaced by a fixed one

pdfTeX warning (dest): name{subsection.3.5.3} has been referenced but does not 
exist, replaced by a fixed one

pdfTeX warning (dest): name{subsection.3.5.2} has been referenced but does not 
exist, replaced by a fixed one

pdfTeX warning (dest): name{subsection.3.5.1} has been referenced but does not 
exist, replaced by a fixed one

pdfTeX warning (dest): name{section.3.5} has been referenced but does not exist
, replaced by a fixed one

pdfTeX warning (dest): name{subsection.3.4.2} has been referenced but does not 
exist, replaced by a fixed one

pdfTeX warning (dest): name{subsubsection.3.4.1.2} has been referenced but does
 not exist, replaced by a fixed one

pdfTeX warning (dest): name{subsubsection.3.4.1.1} has been referenced but does
 not exist, replaced by a fixed one

pdfTeX warning (dest): name{subsection.3.4.1} has been referenced but does not 
exist, replaced by a fixed one

pdfTeX warning (dest): name{section.3.4} has been referenced but does not exist
, replaced by a fixed one

pdfTeX warning (dest): name{subsubsubsection.3.3.2.2.1} has been referenced but
 does not exist, replaced by a fixed one

pdfTeX warning (dest): name{subsubsection.3.3.2.2} has been referenced but does
 not exist, replaced by a fixed one

pdfTeX warning (dest): name{subsubsection.3.3.2.1} has been referenced but does
 not exist, replaced by a fixed one

pdfTeX warning (dest): name{subsection.3.3.2} has been referenced but does not 
exist, replaced by a fixed one

pdfTeX warning (dest): name{subsection.3.3.1} has been referenced but does not 
exist, replaced by a fixed one

pdfTeX warning (dest): name{section.3.3} has been referenced but does not exist
, replaced by a fixed one

pdfTeX warning (dest): name{subsection.3.2.2} has been referenced but does not 
exist, replaced by a fixed one

pdfTeX warning (dest): name{subsection.3.2.1} has been referenced but does not 
exist, replaced by a fixed one

pdfTeX warning (dest): name{section.3.2} has been referenced but does not exist
, replaced by a fixed one

pdfTeX warning (dest): name{section.3.1} has been referenced but does not exist
, replaced by a fixed one

pdfTeX warning (dest): name{chapter.3} has been referenced but does not exist, 
replaced by a fixed one

pdfTeX warning (dest): name{subsection.2.5.3} has been referenced but does not 
exist, replaced by a fixed one

pdfTeX warning (dest): name{subsection.2.5.2} has been referenced but does not 
exist, replaced by a fixed one

pdfTeX warning (dest): name{subsection.2.5.1} has been referenced but does not 
exist, replaced by a fixed one

pdfTeX warning (dest): name{section.2.5} has been referenced but does not exist
, replaced by a fixed one

pdfTeX warning (dest): name{subsection.2.4.4} has been referenced but does not 
exist, replaced by a fixed one

pdfTeX warning (dest): name{subsection.2.4.3} has been referenced but does not 
exist, replaced by a fixed one

pdfTeX warning (dest): name{subsection.2.4.2} has been referenced but does not 
exist, replaced by a fixed one

pdfTeX warning (dest): name{subsection.2.4.1} has been referenced but does not 
exist, replaced by a fixed one

pdfTeX warning (dest): name{section.2.4} has been referenced but does not exist
, replaced by a fixed one

pdfTeX warning (dest): name{subsection.2.3.6} has been referenced but does not 
exist, replaced by a fixed one

pdfTeX warning (dest): name{subsubsection.2.3.5.1} has been referenced but does
 not exist, replaced by a fixed one

pdfTeX warning (dest): name{subsection.2.3.5} has been referenced but does not 
exist, replaced by a fixed one

pdfTeX warning (dest): name{subsection.2.3.4} has been referenced but does not 
exist, replaced by a fixed one

pdfTeX warning (dest): name{subsection.2.3.3} has been referenced but does not 
exist, replaced by a fixed one

pdfTeX warning (dest): name{subsection.2.3.2} has been referenced but does not 
exist, replaced by a fixed one

pdfTeX warning (dest): name{subsection.2.3.1} has been referenced but does not 
exist, replaced by a fixed one

pdfTeX warning (dest): name{section.2.3} has been referenced but does not exist
, replaced by a fixed one

pdfTeX warning (dest): name{subsubsection.2.2.3.1} has been referenced but does
 not exist, replaced by a fixed one

pdfTeX warning (dest): name{subsection.2.2.3} has been referenced but does not 
exist, replaced by a fixed one

pdfTeX warning (dest): name{subsection.2.2.2} has been referenced but does not 
exist, replaced by a fixed one

pdfTeX warning (dest): name{subsection.2.2.1} has been referenced but does not 
exist, replaced by a fixed one

pdfTeX warning (dest): name{section.2.2} has been referenced but does not exist
, replaced by a fixed one

pdfTeX warning (dest): name{subsubsection.2.1.1.2} has been referenced but does
 not exist, replaced by a fixed one

pdfTeX warning (dest): name{subsubsection.2.1.1.1} has been referenced but does
 not exist, replaced by a fixed one

pdfTeX warning (dest): name{subsection.2.1.1} has been referenced but does not 
exist, replaced by a fixed one

pdfTeX warning (dest): name{section.2.1} has been referenced but does not exist
, replaced by a fixed one

pdfTeX warning (dest): name{chapter.2} has been referenced but does not exist, 
replaced by a fixed one

 </home/tomkelly/.texmf-var/fonts/pk/ljfour/jknappen/ec/tcrm1200.600pk></usr/sh
are/texlive/texmf-dist/fonts/type1/public/amsfonts/cm/cmbx10.pfb></usr/share/te
xlive/texmf-dist/fonts/type1/public/amsfonts/cm/cmbx12.pfb></usr/share/texlive/
texmf-dist/fonts/type1/public/amsfonts/cm/cmbxti10.pfb></usr/share/texlive/texm
f-dist/fonts/type1/public/amsfonts/cm/cmmi12.pfb></usr/share/texlive/texmf-dist
/fonts/type1/public/amsfonts/cm/cmmi8.pfb></usr/share/texlive/texmf-dist/fonts/
type1/public/amsfonts/cm/cmr10.pfb></usr/share/texlive/texmf-dist/fonts/type1/p
ublic/amsfonts/cm/cmr12.pfb></usr/share/texlive/texmf-dist/fonts/type1/public/a
msfonts/cm/cmr8.pfb></usr/share/texlive/texmf-dist/fonts/type1/public/amsfonts/
cm/cmsy10.pfb></usr/share/texlive/texmf-dist/fonts/type1/public/amsfonts/cm/cms
y8.pfb></usr/share/texlive/texmf-dist/fonts/type1/public/amsfonts/cm/cmti10.pfb
></usr/share/texlive/texmf-dist/fonts/type1/public/amsfonts/cm/cmti12.pfb></usr
/share/texlive/texmf-dist/fonts/type1/public/amsfonts/cm/cmtt12.pfb></usr/share
/texmf/fonts/type1/public/tex-gyre/qhvr.pfb>
Output written on 20170427_thesis_introduction.pdf (95 pages, 633806 bytes).
PDF statistics:
 3217 PDF objects out of 3580 (max. 8388607)
 3058 compressed objects within 31 object streams
 706 named destinations out of 1000 (max. 500000)
 507 words of extra memory for PDF output out of 10000 (max. 10000000)

