\BOOKMARK [0][-]{chapter*.3}{References}{}% 172
\BOOKMARK [0][-]{appendix.A}{Sample Quality}{}% 173
\BOOKMARK [1][-]{section.A.1}{Sample Correlation}{appendix.A}% 174
\BOOKMARK [1][-]{section.A.2}{Replicate Samples in TCGA Breast}{appendix.A}% 175
\BOOKMARK [0][-]{appendix.B}{Software Used for Thesis}{}% 176
\BOOKMARK [0][-]{appendix.C}{Secondary Screen Data}{}% 177
\BOOKMARK [0][-]{appendix.D}{Mutation Analysis in Breast Cancer}{}% 178
\BOOKMARK [1][-]{section.D.1}{Synthetic Lethal Genes and Pathways}{appendix.D}% 179
\BOOKMARK [1][-]{section.D.2}{Synthetic Lethal Expression Profiles}{appendix.D}% 180
\BOOKMARK [1][-]{section.D.3}{Comparison to Primary Screen}{appendix.D}% 181
\BOOKMARK [2][-]{subsection.D.3.1}{Resampling Analysis}{section.D.3}% 182
\BOOKMARK [1][-]{section.D.4}{Compare SLIPT genes}{appendix.D}% 183
\BOOKMARK [1][-]{section.D.5}{Metagene Analysis}{appendix.D}% 184
\BOOKMARK [1][-]{section.D.6}{Mutation Variation}{appendix.D}% 185
\BOOKMARK [2][-]{subsection.D.6.1}{Mutation Frequency}{section.D.6}% 186
\BOOKMARK [2][-]{subsection.D.6.2}{PI3K Mutation Expression}{section.D.6}% 187
\BOOKMARK [0][-]{appendix.E}{Metagene Expression Profiles}{}% 188
\BOOKMARK [0][-]{appendix.F}{Stomach Cancer Expression Analysis}{}% 189
\BOOKMARK [1][-]{section.F.1}{Synthetic Lethal Genes and Pathways}{appendix.F}% 190
\BOOKMARK [1][-]{section.F.2}{Synthetic Lethal Expression Profiles}{appendix.F}% 191
\BOOKMARK [1][-]{section.F.3}{Comparison to Primary Screen}{appendix.F}% 192
\BOOKMARK [2][-]{subsection.F.3.1}{Resampling Analysis}{section.F.3}% 193
\BOOKMARK [1][-]{section.F.4}{Metagene Analysis}{appendix.F}% 194
\BOOKMARK [0][-]{appendix.G}{Stomach Cancer Mutation Analysis}{}% 195
\BOOKMARK [1][-]{section.G.1}{Synthetic Lethal Genes and Pathways}{appendix.G}% 196
\BOOKMARK [1][-]{section.G.2}{Synthetic Lethal Expression Profiles}{appendix.G}% 197
\BOOKMARK [1][-]{section.G.3}{Comparison to Primary Screen}{appendix.G}% 198
\BOOKMARK [2][-]{subsection.G.3.1}{Resampling Analysis}{section.G.3}% 199
\BOOKMARK [1][-]{section.G.4}{Metagene Analysis}{appendix.G}% 200
\BOOKMARK [0][-]{appendix.H}{Global Synthetic Lethality in Stomach Cancer}{}% 201
\BOOKMARK [1][-]{section.H.1}{Hub Genes}{appendix.H}% 202
\BOOKMARK [1][-]{section.H.2}{Hub Pathways}{appendix.H}% 203
