This is pdfTeX, Version 3.1415926-2.5-1.40.14 (TeX Live 2013/Debian) (format=pdflatex 2016.10.4)  18 APR 2017 15:02
entering extended mode
 restricted \write18 enabled.
 %&-line parsing enabled.
**20170413_thesis_methods.tex
(./20170413_thesis_methods.tex
LaTeX2e <2011/06/27>
Babel <3.9h> and hyphenation patterns for 4 languages loaded.
(/usr/share/texlive/texmf-dist/tex/latex/base/report.cls
Document Class: report 2007/10/19 v1.4h Standard LaTeX document class
(/usr/share/texlive/texmf-dist/tex/latex/base/size12.clo
File: size12.clo 2007/10/19 v1.4h Standard LaTeX file (size option)
)
\c@part=\count79
\c@chapter=\count80
\c@section=\count81
\c@subsection=\count82
\c@subsubsection=\count83
\c@paragraph=\count84
\c@subparagraph=\count85
\c@figure=\count86
\c@table=\count87
\abovecaptionskip=\skip41
\belowcaptionskip=\skip42
\bibindent=\dimen102
) (./otagothesis.sty
Package: otagothesis 1998/02/03 v0.99 Otago's A4 based page layout
)
(/usr/share/texlive/texmf-dist/tex/latex/natbib/natbib.sty
Package: natbib 2010/09/13 8.31b (PWD, AO)
\bibhang=\skip43
\bibsep=\skip44
LaTeX Info: Redefining \cite on input line 694.
\c@NAT@ctr=\count88
)
(/usr/share/texlive/texmf-dist/tex/latex/etoolbox/etoolbox.sty
Package: etoolbox 2011/01/03 v2.1 e-TeX tools for LaTeX

(/usr/share/texlive/texmf-dist/tex/latex/etex-pkg/etex.sty
Package: etex 1998/03/26 v2.0 eTeX basic definition package (PEB)
\et@xins=\count89
)
\etb@tempcnta=\count90
)
(/usr/share/texlive/texmf-dist/tex/latex/graphics/graphicx.sty
Package: graphicx 1999/02/16 v1.0f Enhanced LaTeX Graphics (DPC,SPQR)

(/usr/share/texlive/texmf-dist/tex/latex/graphics/keyval.sty
Package: keyval 1999/03/16 v1.13 key=value parser (DPC)
\KV@toks@=\toks14
)
(/usr/share/texlive/texmf-dist/tex/latex/graphics/graphics.sty
Package: graphics 2009/02/05 v1.0o Standard LaTeX Graphics (DPC,SPQR)

(/usr/share/texlive/texmf-dist/tex/latex/graphics/trig.sty
Package: trig 1999/03/16 v1.09 sin cos tan (DPC)
)
(/usr/share/texlive/texmf-dist/tex/latex/latexconfig/graphics.cfg
File: graphics.cfg 2010/04/23 v1.9 graphics configuration of TeX Live
)
Package graphics Info: Driver file: pdftex.def on input line 91.

(/usr/share/texlive/texmf-dist/tex/latex/pdftex-def/pdftex.def
File: pdftex.def 2011/05/27 v0.06d Graphics/color for pdfTeX

(/usr/share/texlive/texmf-dist/tex/generic/oberdiek/infwarerr.sty
Package: infwarerr 2010/04/08 v1.3 Providing info/warning/error messages (HO)
)
(/usr/share/texlive/texmf-dist/tex/generic/oberdiek/ltxcmds.sty
Package: ltxcmds 2011/11/09 v1.22 LaTeX kernel commands for general use (HO)
)
\Gread@gobject=\count91
))
\Gin@req@height=\dimen103
\Gin@req@width=\dimen104
)
(/usr/share/texlive/texmf-dist/tex/latex/moreverb/moreverb.sty
Package: moreverb 2008/06/03 v2.3a `more' verbatim facilities

(/usr/share/texlive/texmf-dist/tex/latex/tools/verbatim.sty
Package: verbatim 2003/08/22 v1.5q LaTeX2e package for verbatim enhancements
\every@verbatim=\toks15
\verbatim@line=\toks16
\verbatim@in@stream=\read1
)
\tab@position=\count92
\tab@size=\count93
\listing@line=\count94
)
(/usr/share/texlive/texmf-dist/tex/latex/hyperref/hyperref.sty
Package: hyperref 2012/11/06 v6.83m Hypertext links for LaTeX

(/usr/share/texlive/texmf-dist/tex/generic/oberdiek/hobsub-hyperref.sty
Package: hobsub-hyperref 2012/05/28 v1.13 Bundle oberdiek, subset hyperref (HO)


(/usr/share/texlive/texmf-dist/tex/generic/oberdiek/hobsub-generic.sty
Package: hobsub-generic 2012/05/28 v1.13 Bundle oberdiek, subset generic (HO)
Package: hobsub 2012/05/28 v1.13 Construct package bundles (HO)
Package hobsub Info: Skipping package `infwarerr' (already loaded).
Package hobsub Info: Skipping package `ltxcmds' (already loaded).
Package: ifluatex 2010/03/01 v1.3 Provides the ifluatex switch (HO)
Package ifluatex Info: LuaTeX not detected.
Package: ifvtex 2010/03/01 v1.5 Detect VTeX and its facilities (HO)
Package ifvtex Info: VTeX not detected.
Package: intcalc 2007/09/27 v1.1 Expandable calculations with integers (HO)
Package: ifpdf 2011/01/30 v2.3 Provides the ifpdf switch (HO)
Package ifpdf Info: pdfTeX in PDF mode is detected.
Package: etexcmds 2011/02/16 v1.5 Avoid name clashes with e-TeX commands (HO)
Package etexcmds Info: Could not find \expanded.
(etexcmds)             That can mean that you are not using pdfTeX 1.50 or
(etexcmds)             that some package has redefined \expanded.
(etexcmds)             In the latter case, load this package earlier.
Package: kvsetkeys 2012/04/25 v1.16 Key value parser (HO)
Package: kvdefinekeys 2011/04/07 v1.3 Define keys (HO)
Package: pdftexcmds 2011/11/29 v0.20 Utility functions of pdfTeX for LuaTeX (HO
)
Package pdftexcmds Info: LuaTeX not detected.
Package pdftexcmds Info: \pdf@primitive is available.
Package pdftexcmds Info: \pdf@ifprimitive is available.
Package pdftexcmds Info: \pdfdraftmode found.
Package: pdfescape 2011/11/25 v1.13 Implements pdfTeX's escape features (HO)
Package: bigintcalc 2012/04/08 v1.3 Expandable calculations on big integers (HO
)
Package: bitset 2011/01/30 v1.1 Handle bit-vector datatype (HO)
Package: uniquecounter 2011/01/30 v1.2 Provide unlimited unique counter (HO)
)
Package hobsub Info: Skipping package `hobsub' (already loaded).
Package: letltxmacro 2010/09/02 v1.4 Let assignment for LaTeX macros (HO)
Package: hopatch 2012/05/28 v1.2 Wrapper for package hooks (HO)
Package: xcolor-patch 2011/01/30 xcolor patch
Package: atveryend 2011/06/30 v1.8 Hooks at the very end of document (HO)
Package: atbegshi 2011/10/05 v1.16 At begin shipout hook (HO)
Package: refcount 2011/10/16 v3.4 Data extraction from label references (HO)
Package: hycolor 2011/01/30 v1.7 Color options for hyperref/bookmark (HO)
)
(/usr/share/texlive/texmf-dist/tex/generic/ifxetex/ifxetex.sty
Package: ifxetex 2010/09/12 v0.6 Provides ifxetex conditional
)
(/usr/share/texlive/texmf-dist/tex/latex/oberdiek/auxhook.sty
Package: auxhook 2011/03/04 v1.3 Hooks for auxiliary files (HO)
)
(/usr/share/texlive/texmf-dist/tex/latex/oberdiek/kvoptions.sty
Package: kvoptions 2011/06/30 v3.11 Key value format for package options (HO)
)
\@linkdim=\dimen105
\Hy@linkcounter=\count95
\Hy@pagecounter=\count96

(/usr/share/texlive/texmf-dist/tex/latex/hyperref/pd1enc.def
File: pd1enc.def 2012/11/06 v6.83m Hyperref: PDFDocEncoding definition (HO)
)
\Hy@SavedSpaceFactor=\count97

(/usr/share/texlive/texmf-dist/tex/latex/latexconfig/hyperref.cfg
File: hyperref.cfg 2002/06/06 v1.2 hyperref configuration of TeXLive
)
Package hyperref Info: Hyper figures OFF on input line 4443.
Package hyperref Info: Link nesting OFF on input line 4448.
Package hyperref Info: Hyper index ON on input line 4451.
Package hyperref Info: Plain pages OFF on input line 4458.
Package hyperref Info: Backreferencing OFF on input line 4463.
Package hyperref Info: Implicit mode ON; LaTeX internals redefined.
Package hyperref Info: Bookmarks ON on input line 4688.
\c@Hy@tempcnt=\count98

(/usr/share/texlive/texmf-dist/tex/latex/url/url.sty
\Urlmuskip=\muskip10
Package: url 2013/09/16  ver 3.4  Verb mode for urls, etc.
)
LaTeX Info: Redefining \url on input line 5041.
\XeTeXLinkMargin=\dimen106
\Fld@menulength=\count99
\Field@Width=\dimen107
\Fld@charsize=\dimen108
Package hyperref Info: Hyper figures OFF on input line 6295.
Package hyperref Info: Link nesting OFF on input line 6300.
Package hyperref Info: Hyper index ON on input line 6303.
Package hyperref Info: backreferencing OFF on input line 6310.
Package hyperref Info: Link coloring OFF on input line 6315.
Package hyperref Info: Link coloring with OCG OFF on input line 6320.
Package hyperref Info: PDF/A mode OFF on input line 6325.
LaTeX Info: Redefining \ref on input line 6365.
LaTeX Info: Redefining \pageref on input line 6369.
\Hy@abspage=\count100
\c@Item=\count101
\c@Hfootnote=\count102
)

Package hyperref Message: Driver (autodetected): hpdftex.

(/usr/share/texlive/texmf-dist/tex/latex/hyperref/hpdftex.def
File: hpdftex.def 2012/11/06 v6.83m Hyperref driver for pdfTeX
\Fld@listcount=\count103
\c@bookmark@seq@number=\count104

(/usr/share/texlive/texmf-dist/tex/latex/oberdiek/rerunfilecheck.sty
Package: rerunfilecheck 2011/04/15 v1.7 Rerun checks for auxiliary files (HO)
Package uniquecounter Info: New unique counter `rerunfilecheck' on input line 2
82.
)
\Hy@SectionHShift=\skip45
)
(/usr/share/texmf/tex/latex/xcolor/xcolor.sty
Package: xcolor 2007/01/21 v2.11 LaTeX color extensions (UK)

(/usr/share/texlive/texmf-dist/tex/latex/latexconfig/color.cfg
File: color.cfg 2007/01/18 v1.5 color configuration of teTeX/TeXLive
)
Package xcolor Info: Driver file: pdftex.def on input line 225.
Package xcolor Info: Model `cmy' substituted by `cmy0' on input line 1337.
Package xcolor Info: Model `hsb' substituted by `rgb' on input line 1341.
Package xcolor Info: Model `RGB' extended on input line 1353.
Package xcolor Info: Model `HTML' substituted by `rgb' on input line 1355.
Package xcolor Info: Model `Hsb' substituted by `hsb' on input line 1356.
Package xcolor Info: Model `tHsb' substituted by `hsb' on input line 1357.
Package xcolor Info: Model `HSB' substituted by `hsb' on input line 1358.
Package xcolor Info: Model `Gray' substituted by `gray' on input line 1359.
Package xcolor Info: Model `wave' substituted by `hsb' on input line 1360.
)
(/usr/share/texlive/texmf-dist/tex/latex/supertabular/supertabular.sty
Package: supertabular 2004/02/20 v4.1e the supertabular environment
\c@tracingst=\count105
\ST@wd=\dimen109
\ST@rightskip=\skip46
\ST@leftskip=\skip47
\ST@parfillskip=\skip48
\ST@pageleft=\dimen110
\ST@headht=\dimen111
\ST@tailht=\dimen112
\ST@pagesofar=\dimen113
\ST@pboxht=\dimen114
\ST@lineht=\dimen115
\ST@stretchht=\dimen116
\ST@prevht=\dimen117
\ST@toadd=\dimen118
\ST@dimen=\dimen119
\ST@pbox=\box26
)
(/usr/share/texlive/texmf-dist/tex/latex/tools/tabularx.sty
Package: tabularx 1999/01/07 v2.07 `tabularx' package (DPC)

(/usr/share/texlive/texmf-dist/tex/latex/tools/array.sty
Package: array 2008/09/09 v2.4c Tabular extension package (FMi)
\col@sep=\dimen120
\extrarowheight=\dimen121
\NC@list=\toks17
\extratabsurround=\skip49
\backup@length=\skip50
)
\TX@col@width=\dimen122
\TX@old@table=\dimen123
\TX@old@col=\dimen124
\TX@target=\dimen125
\TX@delta=\dimen126
\TX@cols=\count106
\TX@ftn=\toks18
)
(/usr/share/texlive/texmf-dist/tex/latex/tools/multicol.sty
Package: multicol 2011/06/27 v1.7a multicolumn formatting (FMi)
\c@tracingmulticols=\count107
\mult@box=\box27
\multicol@leftmargin=\dimen127
\c@unbalance=\count108
\c@collectmore=\count109
\doublecol@number=\count110
\multicoltolerance=\count111
\multicolpretolerance=\count112
\full@width=\dimen128
\page@free=\dimen129
\premulticols=\dimen130
\postmulticols=\dimen131
\multicolsep=\skip51
\multicolbaselineskip=\skip52
\partial@page=\box28
\last@line=\box29
\mult@rightbox=\box30
\mult@grightbox=\box31
\mult@gfirstbox=\box32
\mult@firstbox=\box33
\@tempa=\box34
\@tempa=\box35
\@tempa=\box36
\@tempa=\box37
\@tempa=\box38
\@tempa=\box39
\@tempa=\box40
\@tempa=\box41
\@tempa=\box42
\@tempa=\box43
\@tempa=\box44
\@tempa=\box45
\@tempa=\box46
\@tempa=\box47
\@tempa=\box48
\@tempa=\box49
\@tempa=\box50
\c@columnbadness=\count113
\c@finalcolumnbadness=\count114
\last@try=\dimen132
\multicolovershoot=\dimen133
\multicolundershoot=\dimen134
\mult@nat@firstbox=\box51
\colbreak@box=\box52
\multicol@sort@counter=\count115
)
(/usr/share/texlive/texmf-dist/tex/latex/colortbl/colortbl.sty
Package: colortbl 2012/02/13 v1.0a Color table columns (DPC)
\everycr=\toks19
\minrowclearance=\skip53
)
(/usr/share/texlive/texmf-dist/tex/latex/base/textcomp.sty
Package: textcomp 2005/09/27 v1.99g Standard LaTeX package
Package textcomp Info: Sub-encoding information:
(textcomp)               5 = only ISO-Adobe without \textcurrency
(textcomp)               4 = 5 + \texteuro
(textcomp)               3 = 4 + \textohm
(textcomp)               2 = 3 + \textestimated + \textcurrency
(textcomp)               1 = TS1 - \textcircled - \t
(textcomp)               0 = TS1 (full)
(textcomp)             Font families with sub-encoding setting implement
(textcomp)             only a restricted character set as indicated.
(textcomp)             Family '?' is the default used for unknown fonts.
(textcomp)             See the documentation for details.
Package textcomp Info: Setting ? sub-encoding to TS1/1 on input line 71.

(/usr/share/texlive/texmf-dist/tex/latex/base/ts1enc.def
File: ts1enc.def 2001/06/05 v3.0e (jk/car/fm) Standard LaTeX file
)
LaTeX Info: Redefining \oldstylenums on input line 266.
Package textcomp Info: Setting cmr sub-encoding to TS1/0 on input line 281.
Package textcomp Info: Setting cmss sub-encoding to TS1/0 on input line 282.
Package textcomp Info: Setting cmtt sub-encoding to TS1/0 on input line 283.
Package textcomp Info: Setting cmvtt sub-encoding to TS1/0 on input line 284.
Package textcomp Info: Setting cmbr sub-encoding to TS1/0 on input line 285.
Package textcomp Info: Setting cmtl sub-encoding to TS1/0 on input line 286.
Package textcomp Info: Setting ccr sub-encoding to TS1/0 on input line 287.
Package textcomp Info: Setting ptm sub-encoding to TS1/4 on input line 288.
Package textcomp Info: Setting pcr sub-encoding to TS1/4 on input line 289.
Package textcomp Info: Setting phv sub-encoding to TS1/4 on input line 290.
Package textcomp Info: Setting ppl sub-encoding to TS1/3 on input line 291.
Package textcomp Info: Setting pag sub-encoding to TS1/4 on input line 292.
Package textcomp Info: Setting pbk sub-encoding to TS1/4 on input line 293.
Package textcomp Info: Setting pnc sub-encoding to TS1/4 on input line 294.
Package textcomp Info: Setting pzc sub-encoding to TS1/4 on input line 295.
Package textcomp Info: Setting bch sub-encoding to TS1/4 on input line 296.
Package textcomp Info: Setting put sub-encoding to TS1/5 on input line 297.
Package textcomp Info: Setting uag sub-encoding to TS1/5 on input line 298.
Package textcomp Info: Setting ugq sub-encoding to TS1/5 on input line 299.
Package textcomp Info: Setting ul8 sub-encoding to TS1/4 on input line 300.
Package textcomp Info: Setting ul9 sub-encoding to TS1/4 on input line 301.
Package textcomp Info: Setting augie sub-encoding to TS1/5 on input line 302.
Package textcomp Info: Setting dayrom sub-encoding to TS1/3 on input line 303.
Package textcomp Info: Setting dayroms sub-encoding to TS1/3 on input line 304.

Package textcomp Info: Setting pxr sub-encoding to TS1/0 on input line 305.
Package textcomp Info: Setting pxss sub-encoding to TS1/0 on input line 306.
Package textcomp Info: Setting pxtt sub-encoding to TS1/0 on input line 307.
Package textcomp Info: Setting txr sub-encoding to TS1/0 on input line 308.
Package textcomp Info: Setting txss sub-encoding to TS1/0 on input line 309.
Package textcomp Info: Setting txtt sub-encoding to TS1/0 on input line 310.
Package textcomp Info: Setting lmr sub-encoding to TS1/0 on input line 311.
Package textcomp Info: Setting lmdh sub-encoding to TS1/0 on input line 312.
Package textcomp Info: Setting lmss sub-encoding to TS1/0 on input line 313.
Package textcomp Info: Setting lmssq sub-encoding to TS1/0 on input line 314.
Package textcomp Info: Setting lmvtt sub-encoding to TS1/0 on input line 315.
Package textcomp Info: Setting qhv sub-encoding to TS1/0 on input line 316.
Package textcomp Info: Setting qag sub-encoding to TS1/0 on input line 317.
Package textcomp Info: Setting qbk sub-encoding to TS1/0 on input line 318.
Package textcomp Info: Setting qcr sub-encoding to TS1/0 on input line 319.
Package textcomp Info: Setting qcs sub-encoding to TS1/0 on input line 320.
Package textcomp Info: Setting qpl sub-encoding to TS1/0 on input line 321.
Package textcomp Info: Setting qtm sub-encoding to TS1/0 on input line 322.
Package textcomp Info: Setting qzc sub-encoding to TS1/0 on input line 323.
Package textcomp Info: Setting qhvc sub-encoding to TS1/0 on input line 324.
Package textcomp Info: Setting futs sub-encoding to TS1/4 on input line 325.
Package textcomp Info: Setting futx sub-encoding to TS1/4 on input line 326.
Package textcomp Info: Setting futj sub-encoding to TS1/4 on input line 327.
Package textcomp Info: Setting hlh sub-encoding to TS1/3 on input line 328.
Package textcomp Info: Setting hls sub-encoding to TS1/3 on input line 329.
Package textcomp Info: Setting hlst sub-encoding to TS1/3 on input line 330.
Package textcomp Info: Setting hlct sub-encoding to TS1/5 on input line 331.
Package textcomp Info: Setting hlx sub-encoding to TS1/5 on input line 332.
Package textcomp Info: Setting hlce sub-encoding to TS1/5 on input line 333.
Package textcomp Info: Setting hlcn sub-encoding to TS1/5 on input line 334.
Package textcomp Info: Setting hlcw sub-encoding to TS1/5 on input line 335.
Package textcomp Info: Setting hlcf sub-encoding to TS1/5 on input line 336.
Package textcomp Info: Setting pplx sub-encoding to TS1/3 on input line 337.
Package textcomp Info: Setting pplj sub-encoding to TS1/3 on input line 338.
Package textcomp Info: Setting ptmx sub-encoding to TS1/4 on input line 339.
Package textcomp Info: Setting ptmj sub-encoding to TS1/4 on input line 340.
)
(/usr/share/texlive/texmf-dist/tex/latex/nomencl/nomencl.sty
Package: nomencl 2005/09/22 v4.2 Nomenclature package (LN)
\nomlabelwidth=\dimen135
\nom@tempdim=\dimen136
\nomitemsep=\skip54
)
(/usr/share/texmf/tex/latex/pgf/frontendlayer/tikz.sty
(/usr/share/texmf/tex/latex/pgf/basiclayer/pgf.sty
(/usr/share/texmf/tex/latex/pgf/utilities/pgfrcs.sty
(/usr/share/texmf/tex/generic/pgf/utilities/pgfutil-common.tex
\pgfutil@everybye=\toks20
)
(/usr/share/texmf/tex/generic/pgf/utilities/pgfutil-latex.def
\pgfutil@abb=\box53

(/usr/share/texlive/texmf-dist/tex/latex/ms/everyshi.sty
Package: everyshi 2001/05/15 v3.00 EveryShipout Package (MS)
))
(/usr/share/texmf/tex/generic/pgf/utilities/pgfrcs.code.tex
Package: pgfrcs 2010/10/25 v2.10 (rcs-revision 1.24)
))
Package: pgf 2008/01/15 v2.10 (rcs-revision 1.12)

(/usr/share/texmf/tex/latex/pgf/basiclayer/pgfcore.sty
(/usr/share/texmf/tex/latex/pgf/systemlayer/pgfsys.sty
(/usr/share/texmf/tex/generic/pgf/systemlayer/pgfsys.code.tex
Package: pgfsys 2010/06/30 v2.10 (rcs-revision 1.37)

(/usr/share/texmf/tex/generic/pgf/utilities/pgfkeys.code.tex
\pgfkeys@pathtoks=\toks21
\pgfkeys@temptoks=\toks22

(/usr/share/texmf/tex/generic/pgf/utilities/pgfkeysfiltered.code.tex
\pgfkeys@tmptoks=\toks23
))
\pgf@x=\dimen137
\pgf@y=\dimen138
\pgf@xa=\dimen139
\pgf@ya=\dimen140
\pgf@xb=\dimen141
\pgf@yb=\dimen142
\pgf@xc=\dimen143
\pgf@yc=\dimen144
\w@pgf@writea=\write3
\r@pgf@reada=\read2
\c@pgf@counta=\count116
\c@pgf@countb=\count117
\c@pgf@countc=\count118
\c@pgf@countd=\count119

(/usr/share/texmf/tex/generic/pgf/systemlayer/pgf.cfg
File: pgf.cfg 2008/05/14  (rcs-revision 1.7)
)
Package pgfsys Info: Driver file for pgf: pgfsys-pdftex.def on input line 900.

(/usr/share/texmf/tex/generic/pgf/systemlayer/pgfsys-pdftex.def
File: pgfsys-pdftex.def 2009/05/22  (rcs-revision 1.26)

(/usr/share/texmf/tex/generic/pgf/systemlayer/pgfsys-common-pdf.def
File: pgfsys-common-pdf.def 2008/05/19  (rcs-revision 1.10)
)))
(/usr/share/texmf/tex/generic/pgf/systemlayer/pgfsyssoftpath.code.tex
File: pgfsyssoftpath.code.tex 2008/07/18  (rcs-revision 1.7)
\pgfsyssoftpath@smallbuffer@items=\count120
\pgfsyssoftpath@bigbuffer@items=\count121
)
(/usr/share/texmf/tex/generic/pgf/systemlayer/pgfsysprotocol.code.tex
File: pgfsysprotocol.code.tex 2006/10/16  (rcs-revision 1.4)
))
(/usr/share/texmf/tex/generic/pgf/basiclayer/pgfcore.code.tex
Package: pgfcore 2010/04/11 v2.10 (rcs-revision 1.7)

(/usr/share/texmf/tex/generic/pgf/math/pgfmath.code.tex
(/usr/share/texmf/tex/generic/pgf/math/pgfmathcalc.code.tex
(/usr/share/texmf/tex/generic/pgf/math/pgfmathutil.code.tex)
(/usr/share/texmf/tex/generic/pgf/math/pgfmathparser.code.tex
\pgfmath@dimen=\dimen145
\pgfmath@count=\count122
\pgfmath@box=\box54
\pgfmath@toks=\toks24
\pgfmath@stack@operand=\toks25
\pgfmath@stack@operation=\toks26
)
(/usr/share/texmf/tex/generic/pgf/math/pgfmathfunctions.code.tex
(/usr/share/texmf/tex/generic/pgf/math/pgfmathfunctions.basic.code.tex)
(/usr/share/texmf/tex/generic/pgf/math/pgfmathfunctions.trigonometric.code.tex)
(/usr/share/texmf/tex/generic/pgf/math/pgfmathfunctions.random.code.tex)
(/usr/share/texmf/tex/generic/pgf/math/pgfmathfunctions.comparison.code.tex)
(/usr/share/texmf/tex/generic/pgf/math/pgfmathfunctions.base.code.tex)
(/usr/share/texmf/tex/generic/pgf/math/pgfmathfunctions.round.code.tex)
(/usr/share/texmf/tex/generic/pgf/math/pgfmathfunctions.misc.code.tex)))
(/usr/share/texmf/tex/generic/pgf/math/pgfmathfloat.code.tex
\c@pgfmathroundto@lastzeros=\count123
))
(/usr/share/texmf/tex/generic/pgf/basiclayer/pgfcorepoints.code.tex
File: pgfcorepoints.code.tex 2010/04/09  (rcs-revision 1.20)
\pgf@picminx=\dimen146
\pgf@picmaxx=\dimen147
\pgf@picminy=\dimen148
\pgf@picmaxy=\dimen149
\pgf@pathminx=\dimen150
\pgf@pathmaxx=\dimen151
\pgf@pathminy=\dimen152
\pgf@pathmaxy=\dimen153
\pgf@xx=\dimen154
\pgf@xy=\dimen155
\pgf@yx=\dimen156
\pgf@yy=\dimen157
\pgf@zx=\dimen158
\pgf@zy=\dimen159
)
(/usr/share/texmf/tex/generic/pgf/basiclayer/pgfcorepathconstruct.code.tex
File: pgfcorepathconstruct.code.tex 2010/08/03  (rcs-revision 1.24)
\pgf@path@lastx=\dimen160
\pgf@path@lasty=\dimen161
)
(/usr/share/texmf/tex/generic/pgf/basiclayer/pgfcorepathusage.code.tex
File: pgfcorepathusage.code.tex 2008/04/22  (rcs-revision 1.12)
\pgf@shorten@end@additional=\dimen162
\pgf@shorten@start@additional=\dimen163
)
(/usr/share/texmf/tex/generic/pgf/basiclayer/pgfcorescopes.code.tex
File: pgfcorescopes.code.tex 2010/09/08  (rcs-revision 1.34)
\pgfpic=\box55
\pgf@hbox=\box56
\pgf@layerbox@main=\box57
\pgf@picture@serial@count=\count124
)
(/usr/share/texmf/tex/generic/pgf/basiclayer/pgfcoregraphicstate.code.tex
File: pgfcoregraphicstate.code.tex 2008/04/22  (rcs-revision 1.9)
\pgflinewidth=\dimen164
)
(/usr/share/texmf/tex/generic/pgf/basiclayer/pgfcoretransformations.code.tex
File: pgfcoretransformations.code.tex 2009/06/10  (rcs-revision 1.11)
\pgf@pt@x=\dimen165
\pgf@pt@y=\dimen166
\pgf@pt@temp=\dimen167
)
(/usr/share/texmf/tex/generic/pgf/basiclayer/pgfcorequick.code.tex
File: pgfcorequick.code.tex 2008/10/09  (rcs-revision 1.3)
)
(/usr/share/texmf/tex/generic/pgf/basiclayer/pgfcoreobjects.code.tex
File: pgfcoreobjects.code.tex 2006/10/11  (rcs-revision 1.2)
)
(/usr/share/texmf/tex/generic/pgf/basiclayer/pgfcorepathprocessing.code.tex
File: pgfcorepathprocessing.code.tex 2008/10/09  (rcs-revision 1.8)
)
(/usr/share/texmf/tex/generic/pgf/basiclayer/pgfcorearrows.code.tex
File: pgfcorearrows.code.tex 2008/04/23  (rcs-revision 1.11)
)
(/usr/share/texmf/tex/generic/pgf/basiclayer/pgfcoreshade.code.tex
File: pgfcoreshade.code.tex 2008/11/23  (rcs-revision 1.13)
\pgf@max=\dimen168
\pgf@sys@shading@range@num=\count125
)
(/usr/share/texmf/tex/generic/pgf/basiclayer/pgfcoreimage.code.tex
File: pgfcoreimage.code.tex 2010/03/25  (rcs-revision 1.16)

(/usr/share/texmf/tex/generic/pgf/basiclayer/pgfcoreexternal.code.tex
File: pgfcoreexternal.code.tex 2010/09/01  (rcs-revision 1.17)
\pgfexternal@startupbox=\box58
))
(/usr/share/texmf/tex/generic/pgf/basiclayer/pgfcorelayers.code.tex
File: pgfcorelayers.code.tex 2010/08/27  (rcs-revision 1.2)
)
(/usr/share/texmf/tex/generic/pgf/basiclayer/pgfcoretransparency.code.tex
File: pgfcoretransparency.code.tex 2008/01/17  (rcs-revision 1.2)
)
(/usr/share/texmf/tex/generic/pgf/basiclayer/pgfcorepatterns.code.tex
File: pgfcorepatterns.code.tex 2009/07/02  (rcs-revision 1.3)
)))
(/usr/share/texmf/tex/generic/pgf/modules/pgfmoduleshapes.code.tex
File: pgfmoduleshapes.code.tex 2010/09/09  (rcs-revision 1.13)
\pgfnodeparttextbox=\box59
)
(/usr/share/texmf/tex/generic/pgf/modules/pgfmoduleplot.code.tex
File: pgfmoduleplot.code.tex 2010/10/22  (rcs-revision 1.8)
)
(/usr/share/texmf/tex/latex/pgf/compatibility/pgfcomp-version-0-65.sty
Package: pgfcomp-version-0-65 2007/07/03 v2.10 (rcs-revision 1.7)
\pgf@nodesepstart=\dimen169
\pgf@nodesepend=\dimen170
)
(/usr/share/texmf/tex/latex/pgf/compatibility/pgfcomp-version-1-18.sty
Package: pgfcomp-version-1-18 2007/07/23 v2.10 (rcs-revision 1.1)
))
(/usr/share/texmf/tex/latex/pgf/utilities/pgffor.sty
(/usr/share/texmf/tex/latex/pgf/utilities/pgfkeys.sty
(/usr/share/texmf/tex/generic/pgf/utilities/pgfkeys.code.tex))
(/usr/share/texmf/tex/generic/pgf/utilities/pgffor.code.tex
Package: pgffor 2010/03/23 v2.10 (rcs-revision 1.18)
\pgffor@iter=\dimen171
\pgffor@skip=\dimen172
\pgffor@stack=\toks27
\pgffor@toks=\toks28
))
(/usr/share/texmf/tex/generic/pgf/frontendlayer/tikz/tikz.code.tex
Package: tikz 2010/10/13 v2.10 (rcs-revision 1.76)

(/usr/share/texmf/tex/generic/pgf/libraries/pgflibraryplothandlers.code.tex
File: pgflibraryplothandlers.code.tex 2010/05/31 v2.10 (rcs-revision 1.15)
\pgf@plot@mark@count=\count126
\pgfplotmarksize=\dimen173
)
\tikz@lastx=\dimen174
\tikz@lasty=\dimen175
\tikz@lastxsaved=\dimen176
\tikz@lastysaved=\dimen177
\tikzleveldistance=\dimen178
\tikzsiblingdistance=\dimen179
\tikz@figbox=\box60
\tikz@tempbox=\box61
\tikztreelevel=\count127
\tikznumberofchildren=\count128
\tikznumberofcurrentchild=\count129
\tikz@fig@count=\count130

(/usr/share/texmf/tex/generic/pgf/modules/pgfmodulematrix.code.tex
File: pgfmodulematrix.code.tex 2010/08/24  (rcs-revision 1.4)
\pgfmatrixcurrentrow=\count131
\pgfmatrixcurrentcolumn=\count132
\pgf@matrix@numberofcolumns=\count133
)
\tikz@expandcount=\count134

(/usr/share/texmf/tex/generic/pgf/frontendlayer/tikz/libraries/tikzlibrarytopat
hs.code.tex
File: tikzlibrarytopaths.code.tex 2008/06/17 v2.10 (rcs-revision 1.2)
))) (/usr/share/texlive/texmf-dist/tex/latex/mh/mathtools.sty
Package: mathtools 2013/02/12 v1.13 mathematical typesetting tools

(/usr/share/texlive/texmf-dist/tex/latex/tools/calc.sty
Package: calc 2007/08/22 v4.3 Infix arithmetic (KKT,FJ)
\calc@Acount=\count135
\calc@Bcount=\count136
\calc@Adimen=\dimen180
\calc@Bdimen=\dimen181
\calc@Askip=\skip55
\calc@Bskip=\skip56
LaTeX Info: Redefining \setlength on input line 76.
LaTeX Info: Redefining \addtolength on input line 77.
\calc@Ccount=\count137
\calc@Cskip=\skip57
)
(/usr/share/texlive/texmf-dist/tex/latex/mh/mhsetup.sty
Package: mhsetup 2010/01/21 v1.2a programming setup (MH)
)
(/usr/share/texlive/texmf-dist/tex/latex/amsmath/amsmath.sty
Package: amsmath 2013/01/14 v2.14 AMS math features
\@mathmargin=\skip58

For additional information on amsmath, use the `?' option.
(/usr/share/texlive/texmf-dist/tex/latex/amsmath/amstext.sty
Package: amstext 2000/06/29 v2.01

(/usr/share/texlive/texmf-dist/tex/latex/amsmath/amsgen.sty
File: amsgen.sty 1999/11/30 v2.0
\@emptytoks=\toks29
\ex@=\dimen182
))
(/usr/share/texlive/texmf-dist/tex/latex/amsmath/amsbsy.sty
Package: amsbsy 1999/11/29 v1.2d
\pmbraise@=\dimen183
)
(/usr/share/texlive/texmf-dist/tex/latex/amsmath/amsopn.sty
Package: amsopn 1999/12/14 v2.01 operator names
)
\inf@bad=\count138
LaTeX Info: Redefining \frac on input line 210.
\uproot@=\count139
\leftroot@=\count140
LaTeX Info: Redefining \overline on input line 306.
\classnum@=\count141
\DOTSCASE@=\count142
LaTeX Info: Redefining \ldots on input line 378.
LaTeX Info: Redefining \dots on input line 381.
LaTeX Info: Redefining \cdots on input line 466.
\Mathstrutbox@=\box62
\strutbox@=\box63
\big@size=\dimen184
LaTeX Font Info:    Redeclaring font encoding OML on input line 566.
LaTeX Font Info:    Redeclaring font encoding OMS on input line 567.
\macc@depth=\count143
\c@MaxMatrixCols=\count144
\dotsspace@=\muskip11
\c@parentequation=\count145
\dspbrk@lvl=\count146
\tag@help=\toks30
\row@=\count147
\column@=\count148
\maxfields@=\count149
\andhelp@=\toks31
\eqnshift@=\dimen185
\alignsep@=\dimen186
\tagshift@=\dimen187
\tagwidth@=\dimen188
\totwidth@=\dimen189
\lineht@=\dimen190
\@envbody=\toks32
\multlinegap=\skip59
\multlinetaggap=\skip60
\mathdisplay@stack=\toks33
LaTeX Info: Redefining \[ on input line 2665.
LaTeX Info: Redefining \] on input line 2666.
)
LaTeX Info: Thecontrolsequence`\['isalreadyrobust on input line 129.
LaTeX Info: Thecontrolsequence`\]'isalreadyrobust on input line 129.
\g_MT_multlinerow_int=\count150
\l_MT_multwidth_dim=\dimen191
\origjot=\skip61
\l_MT_shortvdotswithinadjustabove_dim=\dimen192
\l_MT_shortvdotswithinadjustbelow_dim=\dimen193
\l_MT_above_intertext_sep=\dimen194
\l_MT_below_intertext_sep=\dimen195
\l_MT_above_shortintertext_sep=\dimen196
\l_MT_below_shortintertext_sep=\dimen197
)
(/usr/share/texlive/texmf-dist/tex/latex/pstricks/pstricks.sty
Package: pstricks 2013/12/12 v0.60 LaTeX wrapper for `PSTricks' (RN,HV)

(/usr/share/texlive/texmf-dist/tex/generic/pstricks/pstricks.tex
(/usr/share/texlive/texmf-dist/tex/generic/xkeyval/pst-xkey.tex
File: pst-xkey.tex 2005/11/25 v1.6 PSTricks specialization of xkeyval (HA)

(/usr/share/texlive/texmf-dist/tex/latex/xkeyval/xkeyval.sty
Package: xkeyval 2012/10/14 v2.6b package option processing (HA)

(/usr/share/texlive/texmf-dist/tex/generic/xkeyval/xkeyval.tex
\XKV@toks=\toks34
\XKV@tempa@toks=\toks35
\XKV@depth=\count151
File: xkeyval.tex 2012/10/14 v2.6b key=value parser (HA)
)))
(/usr/share/texlive/texmf-dist/tex/generic/pstricks/pst-fp.tex
`pst-fp' v0.05, 2010/01/17 (hv)
\pstFP@xs=\count152
\pstFP@xia=\count153
\pstFP@xib=\count154
\pstFP@xfa=\count155
\pstFP@xfb=\count156
\pstFP@rega=\count157
\pstFP@regb=\count158
\pstFP@regs=\count159
\pstFP@times=\count160
)
(/usr/share/texmf/tex/generic/pgf/utilities/pgfutil-common.tex
\pgfutil@everybye=\toks36
)
(/usr/share/texmf/tex/generic/pgf/utilities/pgfkeys.code.tex)
(/usr/share/texmf/tex/generic/pgf/utilities/pgffor.code.tex
\pgffor@iter=\dimen198
\pgffor@skip=\dimen199
\pgffor@stack=\toks37
\pgffor@toks=\toks38
)
\psLoopIndex=\count161

`PSTricks' v2.51  <2014/02/03> (tvz)
\pst@dima=\dimen200
\pst@dimb=\dimen201
\pst@dimc=\dimen202
\pst@dimd=\dimen203
\pst@dimg=\dimen204
\pst@dimh=\dimen205
\pst@dimm=\dimen206
\pst@dimn=\dimen207
\pst@dimo=\dimen208
\pst@dimp=\dimen209
\pst@hbox=\box64
\pst@ibox=\box65
\pst@boxg=\box66
\pst@cnta=\count162
\pst@cntb=\count163
\pst@cntc=\count164
\pst@cntd=\count165
\pst@cntg=\count166
\pst@cnth=\count167
\pst@cntm=\count168
\pst@cntn=\count169
\pst@cnto=\count170
\pst@cntp=\count171
\@zero=\count172
\pst@toks=\toks39
(/usr/share/texlive/texmf-dist/tex/generic/pstricks/pstricks.con)
\psunit=\dimen210
\psxunit=\dimen211
\psyunit=\dimen212
\pst@C@@rType=\count173
\pslinewidth=\dimen213
\psk@startLW=\dimen214
\psk@endLW=\dimen215
\pst@customdefs=\toks40
\pslinearc=\dimen216
\pst@symbolStep=\dimen217
\pst@symbolWidth=\dimen218
\pst@symbolLinewidth=\dimen219
\everypsbox=\toks41
\psframesep=\dimen220
\pslabelsep=\dimen221
\sh@wgridXunit=\dimen222
\sh@wgridYunit=\dimen223
\pst@shift=\dimen224
)
File: pstricks.tex 2014/02/03 v2.51 `PSTricks' (tvz,hv)

(/usr/share/texlive/texmf-dist/tex/generic/pstricks/pst-fp.tex)
File: pst-fp.tex 2014/02/03 v2.51 `PST-fp' (hv)
)
(/usr/share/texlive/texmf-dist/tex/latex/subfigure/subfigure.sty
Package: subfigure 2002/03/15 v2.1.5 subfigure package
\subfigtopskip=\skip62
\subfigcapskip=\skip63
\subfigcaptopadj=\dimen225
\subfigbottomskip=\skip64
\subfigcapmargin=\dimen226
\subfiglabelskip=\skip65
\c@subfigure=\count174
\c@lofdepth=\count175
\c@subtable=\count176
\c@lotdepth=\count177

****************************************
* Local config file subfigure.cfg used *
****************************************
(/usr/share/texlive/texmf-dist/tex/latex/subfigure/subfigure.cfg)
\subfig@top=\skip66
\subfig@bottom=\skip67
)
(/usr/share/texlive/texmf-dist/tex/latex/caption/subcaption.sty
Package: subcaption 2013/02/03 v1.1-62 Sub-captions (AR)

(/usr/share/texlive/texmf-dist/tex/latex/caption/caption.sty
Package: caption 2013/05/02 v3.3-89 Customizing captions (AR)

(/usr/share/texlive/texmf-dist/tex/latex/caption/caption3.sty
Package: caption3 2013/05/02 v1.6-88 caption3 kernel (AR)
Package caption3 Info: TeX engine: e-TeX on input line 57.
\captionmargin=\dimen227
\captionmargin@=\dimen228
\captionwidth=\dimen229
\caption@tempdima=\dimen230
\caption@indent=\dimen231
\caption@parindent=\dimen232
\caption@hangindent=\dimen233
Package caption Info: Unknown document class (or package),
(caption)             standard defaults will be used.
)

Package caption Warning: Unsupported document class (or package) detected,
(caption)                usage of the caption package is not recommended.
See the caption package documentation for explanation.

Package caption Info: \@makecaption = \long macro:#1#2->\vskip \abovecaptionski
p \sbox \@tempboxa {#1: #2}\ifdim \wd \@tempboxa > 0.8\hsize \leftskip = 0.1\hs
ize \rightskip = 0.1\hsize #1: #2\par \else \global \@minipagefalse \hb@xt@ \hs
ize {\hfil \box \@tempboxa \hfil }\fi \vskip \belowcaptionskip .
\c@ContinuedFloat=\count178
Package caption Info: hyperref package is loaded.
Package caption Info: subfigure package is loaded.
Package caption Info: supertabular package is loaded.
)

! Package subcaption Error: This package can't be used in cooperation
(subcaption)                with the subfigure package.

See the subcaption package documentation for explanation.
Type  H <return>  for immediate help.
 ...                                              
                                                  
l.48   \endinput}{}
                   %
RTFM

) (/usr/share/texlive/texmf-dist/tex/latex/mdframed/mdframed.sty
Package: mdframed 2013/07/01 1.9b: mdframed

(/usr/share/texlive/texmf-dist/tex/latex/l3packages/xparse/xparse.sty
(/usr/share/texlive/texmf-dist/tex/latex/l3kernel/expl3.sty
(/usr/share/texlive/texmf-dist/tex/latex/l3kernel/l3names.sty
(/usr/share/texlive/texmf-dist/tex/latex/l3kernel/l3bootstrap.sty
Package: l3bootstrap 2014/01/04 v4640 L3 Experimental bootstrap code
)
Package: l3names 2014/01/04 v4640 L3 Namespace for primitives
)
Package: expl3 2014/01/07 v4646 L3 Experimental code bundle wrapper

(/usr/share/texlive/texmf-dist/tex/latex/l3kernel/l3basics.sty
Package: l3basics 2014/01/04 v4642 L3 Basic definitions
)
(/usr/share/texlive/texmf-dist/tex/latex/l3kernel/l3expan.sty
Package: l3expan 2014/01/04 v4642 L3 Argument expansion
)
(/usr/share/texlive/texmf-dist/tex/latex/l3kernel/l3tl.sty
Package: l3tl 2013/12/27 v4625 L3 Token lists
)
(/usr/share/texlive/texmf-dist/tex/latex/l3kernel/l3seq.sty
Package: l3seq 2013/12/14 v4623 L3 Sequences and stacks
)
(/usr/share/texlive/texmf-dist/tex/latex/l3kernel/l3int.sty
Package: l3int 2013/08/02 v4583 L3 Integers
\c_max_int=\count179
\l_tmpa_int=\count180
\l_tmpb_int=\count181
\g_tmpa_int=\count182
\g_tmpb_int=\count183
)
(/usr/share/texlive/texmf-dist/tex/latex/l3kernel/l3quark.sty
Package: l3quark 2013/12/14 v4623 L3 Quarks
)
(/usr/share/texlive/texmf-dist/tex/latex/l3kernel/l3prg.sty
Package: l3prg 2014/01/04 v4642 L3 Control structures
\g__prg_map_int=\count184
)
(/usr/share/texlive/texmf-dist/tex/latex/l3kernel/l3clist.sty
Package: l3clist 2013/07/28 v4581 L3 Comma separated lists
)
(/usr/share/texlive/texmf-dist/tex/latex/l3kernel/l3token.sty
Package: l3token 2013/08/25 v4587 L3 Experimental token manipulation
)
(/usr/share/texlive/texmf-dist/tex/latex/l3kernel/l3prop.sty
Package: l3prop 2013/12/14 v4623 L3 Property lists
)
(/usr/share/texlive/texmf-dist/tex/latex/l3kernel/l3msg.sty
Package: l3msg 2013/07/28 v4581 L3 Messages
)
(/usr/share/texlive/texmf-dist/tex/latex/l3kernel/l3file.sty
Package: l3file 2013/10/13 v4596 L3 File and I/O operations
\l_iow_line_count_int=\count185
\l__iow_target_count_int=\count186
\l__iow_current_line_int=\count187
\l__iow_current_word_int=\count188
\l__iow_current_indentation_int=\count189
)
(/usr/share/texlive/texmf-dist/tex/latex/l3kernel/l3skip.sty
Package: l3skip 2013/07/28 v4581 L3 Dimensions and skips
Normal \dimen register pool exhausted, switching to extended pool.
\c_zero_dim=\dimen256
\c_max_dim=\dimen257
\l_tmpa_dim=\dimen258
\l_tmpb_dim=\dimen259
\g_tmpa_dim=\dimen260
\g_tmpb_dim=\dimen261
\c_zero_skip=\skip68
\c_max_skip=\skip69
\l_tmpa_skip=\skip70
\l_tmpb_skip=\skip71
\g_tmpa_skip=\skip72
\g_tmpb_skip=\skip73
\c_zero_muskip=\muskip12
\c_max_muskip=\muskip13
\l_tmpa_muskip=\muskip14
\l_tmpb_muskip=\muskip15
\g_tmpa_muskip=\muskip16
\g_tmpb_muskip=\muskip17
)
(/usr/share/texlive/texmf-dist/tex/latex/l3kernel/l3keys.sty
Package: l3keys 2013/12/08 v4614 L3 Experimental key-value interfaces
\g__keyval_level_int=\count190
\l_keys_choice_int=\count191
)
(/usr/share/texlive/texmf-dist/tex/latex/l3kernel/l3fp.sty
Package: l3fp 2014/01/04 v4642 L3 Floating points
\c__fp_leading_shift_int=\count192
\c__fp_middle_shift_int=\count193
\c__fp_trailing_shift_int=\count194
\c__fp_big_leading_shift_int=\count195
\c__fp_big_middle_shift_int=\count196
\c__fp_big_trailing_shift_int=\count197
\c__fp_Bigg_leading_shift_int=\count198
\c__fp_Bigg_middle_shift_int=\count199
\c__fp_Bigg_trailing_shift_int=\count200
)
(/usr/share/texlive/texmf-dist/tex/latex/l3kernel/l3box.sty
Package: l3box 2013/07/28 v4581 L3 Experimental boxes
\c_empty_box=\box67
\l_tmpa_box=\box68
\l_tmpb_box=\box69
\g_tmpa_box=\box70
\g_tmpb_box=\box71
)
(/usr/share/texlive/texmf-dist/tex/latex/l3kernel/l3coffins.sty
Package: l3coffins 2013/12/14 v4624 L3 Coffin code layer
\l__coffin_internal_box=\box72
\l__coffin_internal_dim=\dimen262
\l__coffin_offset_x_dim=\dimen263
\l__coffin_offset_y_dim=\dimen264
\l__coffin_x_dim=\dimen265
\l__coffin_y_dim=\dimen266
\l__coffin_x_prime_dim=\dimen267
\l__coffin_y_prime_dim=\dimen268
\c_empty_coffin=\box73
\l__coffin_aligned_coffin=\box74
\l__coffin_aligned_internal_coffin=\box75
\l_tmpa_coffin=\box76
\l_tmpb_coffin=\box77
\l__coffin_display_coffin=\box78
\l__coffin_display_coord_coffin=\box79
\l__coffin_display_pole_coffin=\box80
\l__coffin_display_offset_dim=\dimen269
\l__coffin_display_x_dim=\dimen270
\l__coffin_display_y_dim=\dimen271
)
(/usr/share/texlive/texmf-dist/tex/latex/l3kernel/l3color.sty
Package: l3color 2012/08/29 v4156 L3 Experimental color support
)
(/usr/share/texlive/texmf-dist/tex/latex/l3kernel/l3luatex.sty
Package: l3luatex 2013/07/28 v4581 L3 Experimental LuaTeX-specific functions
\g__cctab_allocate_int=\count201
Normal \count register pool exhausted, switching to extended pool.
\g__cctab_stack_int=\count277
)
(/usr/share/texlive/texmf-dist/tex/latex/l3kernel/l3candidates.sty
Package: l3candidates 2014/01/06 v4643 L3 Experimental additions to l3kernel
\l__box_top_dim=\dimen272
\l__box_bottom_dim=\dimen273
\l__box_left_dim=\dimen274
\l__box_right_dim=\dimen275
\l__box_top_new_dim=\dimen276
\l__box_bottom_new_dim=\dimen277
\l__box_left_new_dim=\dimen278
\l__box_right_new_dim=\dimen279
\l__box_internal_box=\box81
\l__coffin_bounding_shift_dim=\dimen280
\l__coffin_left_corner_dim=\dimen281
\l__coffin_right_corner_dim=\dimen282
\l__coffin_bottom_corner_dim=\dimen283
\l__coffin_top_corner_dim=\dimen284
\l__coffin_scaled_total_height_dim=\dimen285
\l__coffin_scaled_width_dim=\dimen286
))
Package: xparse 2013/12/31 v4634 L3 Experimental document command parser
\l__xparse_current_arg_int=\count278
\l__xparse_m_args_int=\count279
\l__xparse_mandatory_args_int=\count280
\l__xparse_processor_int=\count281
\l__xparse_v_nesting_int=\count282
)
(/usr/share/texlive/texmf-dist/tex/latex/oberdiek/zref-abspage.sty
Package: zref-abspage 2012/04/04 v2.24 Module abspage for zref (HO)

(/usr/share/texlive/texmf-dist/tex/latex/oberdiek/zref-base.sty
Package: zref-base 2012/04/04 v2.24 Module base for zref (HO)
Package zref Info: New property list: main on input line 759.
Package zref Info: New property: default on input line 760.
Package zref Info: New property: page on input line 761.
)
\c@abspage=\count283
Package zref Info: New property: abspage on input line 62.
)
(/usr/share/texlive/texmf-dist/tex/latex/needspace/needspace.sty
Package: needspace 2010/09/12 v1.3d reserve vertical space
)
\mdf@templength=\skip74
\c@mdf@globalstyle@cnt=\count284
\mdf@skipabove@length=\skip75
\mdf@skipbelow@length=\skip76
\mdf@leftmargin@length=\skip77
\mdf@rightmargin@length=\skip78
\mdf@innerleftmargin@length=\skip79
\mdf@innerrightmargin@length=\skip80
\mdf@innertopmargin@length=\skip81
\mdf@innerbottommargin@length=\skip82
\mdf@splittopskip@length=\skip83
\mdf@splitbottomskip@length=\skip84
\mdf@outermargin@length=\skip85
\mdf@innermargin@length=\skip86
\mdf@linewidth@length=\skip87
\mdf@innerlinewidth@length=\skip88
\mdf@middlelinewidth@length=\skip89
\mdf@outerlinewidth@length=\skip90
\mdf@roundcorner@length=\skip91
\mdf@footenotedistance@length=\skip92
\mdf@userdefinedwidth@length=\skip93
\mdf@needspace@length=\skip94
\mdf@frametitleaboveskip@length=\skip95
\mdf@frametitlebelowskip@length=\skip96
\mdf@frametitlerulewidth@length=\skip97
\mdf@frametitleleftmargin@length=\skip98
\mdf@frametitlerightmargin@length=\skip99
\mdf@shadowsize@length=\skip100
\mdf@extratopheight@length=\skip101
\mdf@subtitleabovelinewidth@length=\skip102
\mdf@subtitlebelowlinewidth@length=\skip103
\mdf@subtitleaboveskip@length=\skip104
\mdf@subtitlebelowskip@length=\skip105
\mdf@subtitleinneraboveskip@length=\skip106
\mdf@subtitleinnerbelowskip@length=\skip107
\mdf@subsubtitleabovelinewidth@length=\skip108
\mdf@subsubtitlebelowlinewidth@length=\skip109
\mdf@subsubtitleaboveskip@length=\skip110
\mdf@subsubtitlebelowskip@length=\skip111
\mdf@subsubtitleinneraboveskip@length=\skip112
\mdf@subsubtitleinnerbelowskip@length=\skip113

(/usr/share/texlive/texmf-dist/tex/latex/mdframed/md-frame-0.mdf
File: md-frame-0.mdf 2013/07/01\ 1.9b: md-frame-0
)
\mdf@frametitlebox=\box82
\mdf@footnotebox=\box83
\mdf@splitbox@one=\box84
\mdf@splitbox@two=\box85
\mdf@splitbox@save=\box86
\mdfsplitboxwidth=\skip114
\mdfsplitboxtotalwidth=\skip115
\mdfsplitboxheight=\skip116
\mdfsplitboxdepth=\skip117
\mdfsplitboxtotalheight=\skip118
\mdfframetitleboxwidth=\skip119
\mdfframetitleboxtotalwidth=\skip120
\mdfframetitleboxheight=\skip121
\mdfframetitleboxdepth=\skip122
\mdfframetitleboxtotalheight=\skip123
\mdffootnoteboxwidth=\skip124
\mdffootnoteboxtotalwidth=\skip125
\mdffootnoteboxheight=\skip126
\mdffootnoteboxdepth=\skip127
\mdffootnoteboxtotalheight=\skip128
\mdftotallinewidth=\skip129
\mdfboundingboxwidth=\skip130
\mdfboundingboxtotalwidth=\skip131
\mdfboundingboxheight=\skip132
\mdfboundingboxdepth=\skip133
\mdfboundingboxtotalheight=\skip134
\mdf@freevspace@length=\skip135
\mdf@horizontalwidthofbox@length=\skip136
\mdf@verticalmarginwhole@length=\skip137
\mdf@horizontalspaceofbox=\skip138
\mdfsubtitleheight=\skip139
\mdfsubsubtitleheight=\skip140
\c@mdfcountframes=\count285

****** mdframed patching \endmdf@trivlist

****** -- success******

.................................................
. LaTeX info: "xparse/define-command"
. 
. Defining document command \newmdtheoremenv with arg. spec. 'O{} m o m o ' on
. line 601.
.................................................
.................................................
. LaTeX info: "xparse/define-command"
. 
. Defining document command \mdtheorem with arg. spec. ' O{} m o m o ' on line
. 701.
.................................................
\mdf@envdepth=\count286
\c@mdf@env@i=\count287
\c@mdf@env@ii=\count288
\c@mdf@zref@counter=\count289
Package zref Info: New property: mdf@pagevalue on input line 895.
)
(/usr/share/texlive/texmf-dist/tex/latex/adjustbox/adjustbox.sty
Package: adjustbox 2012/05/21 v1.0 Adjusting TeX boxes (trim, clip, ...)

(/usr/share/texlive/texmf-dist/tex/latex/adjustbox/adjcalc.sty
Package: adjcalc 2012/05/16 v1.1 Provides advanced setlength with multiple back
-ends (calc, etex, pgfmath)
)
(/usr/share/texlive/texmf-dist/tex/latex/adjustbox/trimclip.sty
Package: trimclip 2012/05/16 v1.0 Trim and clip general TeX material

(/usr/share/texlive/texmf-dist/tex/latex/collectbox/collectbox.sty
Package: collectbox 2012/05/17 v0.4b Collect macro arguments as boxes
\collectedbox=\box87
)
\tc@llx=\dimen287
\tc@lly=\dimen288
\tc@urx=\dimen289
\tc@ury=\dimen290


! LaTeX Error: Command \clipbox already defined.
               Or name \end... illegal, see p.192 of the manual.

See the LaTeX manual or LaTeX Companion for explanation.
Type  H <return>  for immediate help.
 ...                                              
                                                  
l.99 }
      
Your command was ignored.
Type  I <command> <return>  to replace it with another command,
or  <return>  to continue without it.

Package trimclip Info: Using driver 'tc-pdftex.def'.
(/usr/share/texlive/texmf-dist/tex/latex/adjustbox/tc-pdftex.def
File: tc-pdftex.def 2012/05/13 v1.0 Clipping driver for pdftex
))
\adjbox@Width=\dimen291
\adjbox@Height=\dimen292
\adjbox@Depth=\dimen293
\adjbox@Totalheight=\dimen294

(/usr/share/texlive/texmf-dist/tex/latex/ifoddpage/ifoddpage.sty
Package: ifoddpage 2011/09/13 v1.0 Conditionals for odd/even page detection
\c@checkoddpage=\count290
)
(/usr/share/texlive/texmf-dist/tex/latex/varwidth/varwidth.sty
Package: varwidth 2009/03/30 ver 0.92;  Variable-width minipages
\@vwid@box=\box88
\sift@deathcycles=\count291
\@vwid@loff=\dimen295
\@vwid@roff=\dimen296
))
(/usr/share/texlive/texmf-dist/tex/latex/cleveref/cleveref.sty
Package: cleveref 2013/12/28 v0.19 Intelligent cross-referencing
Package cleveref Info: `hyperref' support loaded on input line 2230.
LaTeX Info: Redefining \cref on input line 2230.
LaTeX Info: Redefining \Cref on input line 2230.
LaTeX Info: Redefining \crefrange on input line 2230.
LaTeX Info: Redefining \Crefrange on input line 2230.
LaTeX Info: Redefining \cpageref on input line 2230.
LaTeX Info: Redefining \Cpageref on input line 2230.
LaTeX Info: Redefining \cpagerefrange on input line 2230.
LaTeX Info: Redefining \Cpagerefrange on input line 2230.
LaTeX Info: Redefining \labelcref on input line 2230.
LaTeX Info: Redefining \labelcpageref on input line 2230.
)
(/usr/share/texlive/texmf-dist/tex/latex/multirow/multirow.sty
\bigstrutjot=\dimen297
)
(/usr/share/texlive/texmf-dist/tex/latex/tools/longtable.sty
Package: longtable 2004/02/01 v4.11 Multi-page Table package (DPC)
\LTleft=\skip141
\LTright=\skip142
\LTpre=\skip143
\LTpost=\skip144
\LTchunksize=\count292
\LTcapwidth=\dimen298
\LT@head=\box89
\LT@firsthead=\box90
\LT@foot=\box91
\LT@lastfoot=\box92
\LT@cols=\count293
\LT@rows=\count294
\c@LT@tables=\count295
\c@LT@chunks=\count296
\LT@p@ftn=\toks42
)
(/usr/share/texlive/texmf-dist/tex/latex/titlesec/titlesec.sty
Package: titlesec 2011/12/15 v2.10.0 Sectioning titles
\ttl@box=\box93
\beforetitleunit=\skip145
\aftertitleunit=\skip146
\ttl@plus=\dimen299
\ttl@minus=\dimen300
\ttl@toksa=\toks43
\titlewidth=\dimen301
\titlewidthlast=\dimen302
\titlewidthfirst=\dimen303
)
(./subsubsubsection.tex
\c@subsubsubsection=\count297
)
(/usr/share/texlive/texmf-dist/tex/latex/float/float.sty
Package: float 2001/11/08 v1.3d Float enhancements (AL)
\c@float@type=\count298
\float@exts=\toks44
\float@box=\box94
\@float@everytoks=\toks45
\@floatcapt=\box95
)
(/usr/share/texlive/texmf-dist/tex/latex/l3packages/xfrac/xfrac.sty
(/usr/share/texlive/texmf-dist/tex/latex/l3packages/l3keys2e/l3keys2e.sty
Package: l3keys2e 2013/12/31 v4634 LaTeX2e option processing using LaTeX3 keys
)
(/usr/share/texlive/texmf-dist/tex/latex/l3packages/xtemplate/xtemplate.sty
Package: xtemplate 2013/12/31 v4634 L3 Experimental prototype document function
s
\l__xtemplate_tmp_dim=\dimen304
\l__xtemplate_tmp_int=\count299
\l__xtemplate_tmp_muskip=\muskip18
\l__xtemplate_tmp_skip=\skip147
Variant \prop_get:NoNTF already defined; not changing it on line 106
Variant \prop_get:NoNT already defined; not changing it on line 107
Variant \prop_get:NoNF already defined; not changing it on line 108
)
Package: xfrac 2012/11/09 v4299 L3 Experimental split-level fractions
\l__xfrac_slash_box=\box96
\l__xfrac_tmp_box=\box97
\l__xfrac_denominator_bot_sep_dim=\dimen305
\l__xfrac_numerator_bot_sep_dim=\dimen306
\l__xfrac_numerator_top_sep_dim=\dimen307
\l__xfrac_slash_left_sep_dim=\dimen308
\l__xfrac_slash_right_sep_dim=\dimen309
\l__xfrac_slash_left_muskip=\muskip19
\l__xfrac_slash_right_muskip=\muskip20
.................................................
. xtemplate info: "declare-object-type"
. 
. Declaring object type 'xfrac' taking 3 argument(s) on line 96.
.................................................
.................................................
. LaTeX info: "xparse/define-command"
. 
. Defining document command \sfrac with arg. spec. 'omom' on line 436.
.................................................
)
(/usr/share/texlive/texmf-dist/tex/latex/lipsum/lipsum.sty
Package: lipsum 2011/04/14 v1.2 150 paragraphs of Lorem Ipsum dummy text
\c@lips@count=\count300
)
(./20170413_thesis_methods.aux (./methods.aux) (./methods_dev.aux)
(./appendices.aux))
\openout1 = `20170413_thesis_methods.aux'.

LaTeX Font Info:    Checking defaults for OML/cmm/m/it on input line 118.
LaTeX Font Info:    ... okay on input line 118.
LaTeX Font Info:    Checking defaults for T1/cmr/m/n on input line 118.
LaTeX Font Info:    ... okay on input line 118.
LaTeX Font Info:    Checking defaults for OT1/cmr/m/n on input line 118.
LaTeX Font Info:    ... okay on input line 118.
LaTeX Font Info:    Checking defaults for OMS/cmsy/m/n on input line 118.
LaTeX Font Info:    ... okay on input line 118.
LaTeX Font Info:    Checking defaults for OMX/cmex/m/n on input line 118.
LaTeX Font Info:    ... okay on input line 118.
LaTeX Font Info:    Checking defaults for U/cmr/m/n on input line 118.
LaTeX Font Info:    ... okay on input line 118.
LaTeX Font Info:    Checking defaults for PD1/pdf/m/n on input line 118.
LaTeX Font Info:    ... okay on input line 118.
LaTeX Font Info:    Checking defaults for TS1/cmr/m/n on input line 118.
LaTeX Font Info:    Try loading font information for TS1+cmr on input line 118.

 (/usr/share/texlive/texmf-dist/tex/latex/base/ts1cmr.fd
File: ts1cmr.fd 1999/05/25 v2.5h Standard LaTeX font definitions
)
LaTeX Font Info:    ... okay on input line 118.

(/usr/share/texlive/texmf-dist/tex/context/base/supp-pdf.mkii
[Loading MPS to PDF converter (version 2006.09.02).]
\scratchcounter=\count301
\scratchdimen=\dimen310
\scratchbox=\box98
\nofMPsegments=\count302
\nofMParguments=\count303
\everyMPshowfont=\toks46
\MPscratchCnt=\count304
\MPscratchDim=\dimen311
\MPnumerator=\count305
\makeMPintoPDFobject=\count306
\everyMPtoPDFconversion=\toks47
) (/usr/share/texlive/texmf-dist/tex/latex/oberdiek/epstopdf-base.sty
Package: epstopdf-base 2010/02/09 v2.5 Base part for package epstopdf

(/usr/share/texlive/texmf-dist/tex/latex/oberdiek/grfext.sty
Package: grfext 2010/08/19 v1.1 Manage graphics extensions (HO)
)
Package grfext Info: Graphics extension search list:
(grfext)             [.png,.pdf,.jpg,.mps,.jpeg,.jbig2,.jb2,.PNG,.PDF,.JPG,.JPE
G,.JBIG2,.JB2,.eps]
(grfext)             \AppendGraphicsExtensions on input line 452.

(/usr/share/texlive/texmf-dist/tex/latex/latexconfig/epstopdf-sys.cfg
File: epstopdf-sys.cfg 2010/07/13 v1.3 Configuration of (r)epstopdf for TeX Liv
e
))
\AtBeginShipoutBox=\box99
Package hyperref Info: Link coloring OFF on input line 118.

(/usr/share/texlive/texmf-dist/tex/latex/hyperref/nameref.sty
Package: nameref 2012/10/27 v2.43 Cross-referencing by name of section

(/usr/share/texlive/texmf-dist/tex/generic/oberdiek/gettitlestring.sty
Package: gettitlestring 2010/12/03 v1.4 Cleanup title references (HO)
)
\c@section@level=\count307
)
LaTeX Info: Redefining \ref on input line 118.
LaTeX Info: Redefining \pageref on input line 118.
LaTeX Info: Redefining \nameref on input line 118.

(./20170413_thesis_methods.out) (./20170413_thesis_methods.out)
\@outlinefile=\write4
\openout4 = `20170413_thesis_methods.out'.


ABD: EveryShipout initializing macros
Package caption Info: Begin \AtBeginDocument code.
Package caption Info: float package is loaded.
Package caption Info: longtable package is loaded.

(/usr/share/texlive/texmf-dist/tex/latex/caption/ltcaption.sty
Package: ltcaption 2013/02/03 v1.3-62 longtable captions (AR)
)
Package caption Info: End \AtBeginDocument code.

(./20170413_thesis_methods.toc [1
Non-PDF special ignored!
Non-PDF special ignored!
Non-PDF special ignored!
Non-PDF special ignored!


Non-PDF special ignored!
Non-PDF special ignored!
Non-PDF special ignored!

{/var/lib/texmf/fonts/map/pdftex/updmap/pdftex.map}])
\tf@toc=\write5
\openout5 = `20170413_thesis_methods.toc'.


[2] (./20170413_thesis_methods.lof)
\tf@lof=\write6
\openout6 = `20170413_thesis_methods.lof'.

 [3

] (./20170413_thesis_methods.lot)
\tf@lot=\write7
\openout7 = `20170413_thesis_methods.lot'.


[4

]
\openout2 = `methods.aux'.

 (./methods.tex
Chapter 2.

Overfull \hbox (11.25215pt too wide) in paragraph at lines 7--7
 |[]\OT1/cmr/bx/n/17.28 Bioinformatics Re-sources for Ge-nomics Re-search| 
 []

[5


] [6] [7] <fig2a.png, id=474, 602.25pt x 602.25pt>
File: fig2a.png Graphic file (type png)
 <use fig2a.png>
Package pdftex.def Info: fig2a.png used on input line 44.
(pdftex.def)             Requested size: 168.08452pt x 168.08665pt.

<fig2b.png, id=475, 602.25pt x 602.25pt>
File: fig2b.png Graphic file (type png)
 <use fig2b.png>
Package pdftex.def Info: fig2b.png used on input line 48.
(pdftex.def)             Requested size: 168.08452pt x 168.08665pt.
Package mdframed Info: mdframed inside float 
 mdframed uses option nobreak mdframed on input line 54.
Package mdframed Info: mdframed inside a box 
 mdframed uses option nobreak mdframed on input line 54.

<fig3a.png, id=476, 602.25pt x 602.25pt>
File: fig3a.png Graphic file (type png)
 <use fig3a.png>
Package pdftex.def Info: fig3a.png used on input line 65.
(pdftex.def)             Requested size: 168.08452pt x 168.08665pt.

<fig3b.png, id=477, 602.25pt x 602.25pt>
File: fig3b.png Graphic file (type png)
 <use fig3b.png>
Package pdftex.def Info: fig3b.png used on input line 69.
(pdftex.def)             Requested size: 168.08452pt x 168.08665pt.
Package mdframed Info: mdframed inside float 
 mdframed uses option nobreak mdframed on input line 75.
Package mdframed Info: mdframed inside a box 
 mdframed uses option nobreak mdframed on input line 75.
 [8 <./fig2a.png> <./fig2b.png>]
! Misplaced \omit.
\multispan ->\omit 
                   \@multispan 
l.114 }
       
I expect to see \omit only after tab marks or the \cr of
an alignment. Proceed, and I'll ignore this case.

[9 <./fig3a.png> <./fig3b.png>] [10]
Overfull \hbox (14.15533pt too wide) in paragraph at lines 130--131
\OT1/cmr/m/n/12 Various sta-tis-ti-cal, com-pu-ta-tional, and bioin-for-mat-ics
 tech-niques were per-formed through-
 []

[11] [12] [13] [14] [15] [16] [17]
Overfull \hbox (18.30754pt too wide) in paragraph at lines 196--197
\OT1/cmr/m/n/12 been re-leased as an R pack-age (\OT1/cmtt/m/n/12 info.centrali
ty\OT1/cmr/m/n/12 ) and in-cluded in the \OT1/cmtt/m/n/12 igraph.extensions
 []

[18] [19] [20] [21] [22]) [23]
\openout2 = `methods_dev.aux'.

 (./methods_dev.tex
Chapter 3.
(./SL_Method.pdf_tex <SL_Method.pdf, id=761, 518.34277pt x 199.68352pt>
File: SL_Method.pdf Graphic file (type pdf)

<use SL_Method.pdf>
Package pdftex.def Info: SL_Method.pdf used on input line 52.
(pdftex.def)             Requested size: 518.34277pt x 199.69215pt.
)
Package mdframed Info: mdframed inside float 
 mdframed uses option nobreak mdframed on input line 21.
Package mdframed Info: mdframed inside a box 
 mdframed uses option nobreak mdframed on input line 21.
 [24



] [25 <./SL_Method.pdf>] (./SL_Method_mtSL.pdf_tex
<SL_Method_mtSL.pdf, id=781, 518.46199pt x 199.68126pt>
File: SL_Method_mtSL.pdf Graphic file (type pdf)

<use SL_Method_mtSL.pdf>
Package pdftex.def Info: SL_Method_mtSL.pdf used on input line 52.
(pdftex.def)             Requested size: 518.46196pt x 199.68991pt.
)
Package mdframed Info: mdframed inside float 
 mdframed uses option nobreak mdframed on input line 41.
Package mdframed Info: mdframed inside a box 
 mdframed uses option nobreak mdframed on input line 41.
 [26 <./SL_Method_mtSL.pdf>]
<"SL_Model".pdf, id=789, 642.4pt x 602.25pt>
File: "SL_Model".pdf Graphic file (type pdf)
 <use "SL_Model".pdf>
Package pdftex.def Info: "SL_Model".pdf used on input line 63.
(pdftex.def)             Requested size: 642.39844pt x 602.24852pt.
Package mdframed Info: mdframed inside float 
 mdframed uses option nobreak mdframed on input line 68.
Package mdframed Info: mdframed inside a box 
 mdframed uses option nobreak mdframed on input line 68.

<"SL_Model_Expression".pdf, id=796, 481.8pt x 240.9pt>
File: "SL_Model_Expression".pdf Graphic file (type pdf)

<use "SL_Model_Expression".pdf>
Package pdftex.def Info: "SL_Model_Expression".pdf used on input line 79.
(pdftex.def)             Requested size: 481.79881pt x 240.8994pt.
Package mdframed Info: mdframed inside float 
 mdframed uses option nobreak mdframed on input line 84.
Package mdframed Info: mdframed inside a box 
 mdframed uses option nobreak mdframed on input line 84.
 [27] [28 <./SL_Model.pdf>]
<"SL_Model_Higher".pdf, id=994, 642.4pt x 642.4pt>
File: "SL_Model_Higher".pdf Graphic file (type pdf)
 <use "SL_Model_Higher".pdf>
Package pdftex.def Info: "SL_Model_Higher".pdf used on input line 95.
(pdftex.def)             Requested size: 642.39844pt x 642.39844pt.
Package mdframed Info: mdframed inside float 
 mdframed uses option nobreak mdframed on input line 100.
Package mdframed Info: mdframed inside a box 
 mdframed uses option nobreak mdframed on input line 100.

[29 <./SL_Model_Expression.pdf>] [30 <./SL_Model_Higher.pdf>]
<"/home/tomkelly/Documents/PhD Otago Uni/SL_Model/graph_sim_method/expr_mat".pn
g, id=1050, 803.0pt x 803.0pt>
File: "/home/tomkelly/Documents/PhD Otago Uni/SL_Model/graph_sim_method/expr_ma
t".png Graphic file (type png)

<use "/home/tomkelly/Documents/PhD Otago Uni/SL_Model/graph_sim_method/expr_mat
".png>
Package pdftex.def Info: "/home/tomkelly/Documents/PhD Otago Uni/SL_Model/graph
_sim_method/expr_mat".png used on input line 125.
(pdftex.def)             Requested size: 189.0967pt x 189.0971pt.

<"/home/tomkelly/Documents/PhD Otago Uni/SL_Model/graph_sim_method/expr_disc_ma
t".png, id=1051, 803.0pt x 803.0pt>
File: "/home/tomkelly/Documents/PhD Otago Uni/SL_Model/graph_sim_method/expr_di
sc_mat".png Graphic file (type png)

<use "/home/tomkelly/Documents/PhD Otago Uni/SL_Model/graph_sim_method/expr_dis
c_mat".png>
Package pdftex.def Info: "/home/tomkelly/Documents/PhD Otago Uni/SL_Model/graph
_sim_method/expr_disc_mat".png used on input line 130.
(pdftex.def)             Requested size: 189.0967pt x 189.0971pt.
Package mdframed Info: mdframed inside float 
 mdframed uses option nobreak mdframed on input line 137.
Package mdframed Info: mdframed inside a box 
 mdframed uses option nobreak mdframed on input line 137.
 [31]
<"/home/tomkelly/Documents/PhD Otago Uni/SL_Model/graph_sim_method/expr_SL_disc
_mat".png, id=1063, 803.0pt x 803.0pt>
File: "/home/tomkelly/Documents/PhD Otago Uni/SL_Model/graph_sim_method/expr_SL
_disc_mat".png Graphic file (type png)

<use "/home/tomkelly/Documents/PhD Otago Uni/SL_Model/graph_sim_method/expr_SL_
disc_mat".png>
Package pdftex.def Info: "/home/tomkelly/Documents/PhD Otago Uni/SL_Model/graph
_sim_method/expr_SL_disc_mat".png used on input line 210.
(pdftex.def)             Requested size: 189.0967pt x 189.0971pt.

<"/home/tomkelly/Documents/PhD Otago Uni/SL_Model/graph_sim_method/expr_disc_qu
ery_mat_graph".png, id=1064, 803.0pt x 803.0pt>
File: "/home/tomkelly/Documents/PhD Otago Uni/SL_Model/graph_sim_method/expr_di
sc_query_mat_graph".png Graphic file (type png)

<use "/home/tomkelly/Documents/PhD Otago Uni/SL_Model/graph_sim_method/expr_dis
c_query_mat_graph".png>
Package pdftex.def Info: "/home/tomkelly/Documents/PhD Otago Uni/SL_Model/graph
_sim_method/expr_disc_query_mat_graph".png used on input line 216.
(pdftex.def)             Requested size: 189.0967pt x 189.0971pt.
Package mdframed Info: mdframed inside float 
 mdframed uses option nobreak mdframed on input line 224.
Package mdframed Info: mdframed inside a box 
 mdframed uses option nobreak mdframed on input line 224.
File: "/home/tomkelly/Documents/PhD Otago Uni/SL_Model/graph_sim_method/expr_ma
t".png Graphic file (type png)

<use "/home/tomkelly/Documents/PhD Otago Uni/SL_Model/graph_sim_method/expr_mat
".png>
Package pdftex.def Info: "/home/tomkelly/Documents/PhD Otago Uni/SL_Model/graph
_sim_method/expr_mat".png used on input line 235.
(pdftex.def)             Requested size: 189.0967pt x 189.0971pt.

<"/home/tomkelly/Documents/PhD Otago Uni/SL_Model/graph_sim_method/expr_query_m
at_graph".png, id=1065, 803.0pt x 803.0pt>
File: "/home/tomkelly/Documents/PhD Otago Uni/SL_Model/graph_sim_method/expr_qu
ery_mat_graph".png Graphic file (type png)

<use "/home/tomkelly/Documents/PhD Otago Uni/SL_Model/graph_sim_method/expr_que
ry_mat_graph".png>
Package pdftex.def Info: "/home/tomkelly/Documents/PhD Otago Uni/SL_Model/graph
_sim_method/expr_query_mat_graph".png used on input line 240.
(pdftex.def)             Requested size: 189.0967pt x 189.0971pt.
Package mdframed Info: mdframed inside float 
 mdframed uses option nobreak mdframed on input line 247.
Package mdframed Info: mdframed inside a box 
 mdframed uses option nobreak mdframed on input line 247.


LaTeX Warning: Float too large for page by 11.95222pt on input line 248.

[32 </home/tomkelly/Documents/PhD Otago Uni/SL_Model/graph_sim_method/expr_mat.
png (PNG copy)> </home/tomkelly/Documents/PhD Otago Uni/SL_Model/graph_sim_meth
od/expr_disc_mat.png (PNG copy)>] [33 </home/tomkelly/Documents/PhD Otago Uni/S
L_Model/graph_sim_method/expr_SL_disc_mat.png (PNG copy)> </home/tomkelly/Docum
ents/PhD Otago Uni/SL_Model/graph_sim_method/expr_disc_query_mat_graph.png> </h
ome/tomkelly/Documents/PhD Otago Uni/SL_Model/graph_sim_method/expr_query_mat_g
raph.png (PNG copy)>]
<"SL_Model_Binomial_1K_AUC_samples_prop".png, id=1085, 602.25pt x 602.25pt>
File: "SL_Model_Binomial_1K_AUC_samples_prop".png Graphic file (type png)

<use "SL_Model_Binomial_1K_AUC_samples_prop".png>
Package pdftex.def Info: "SL_Model_Binomial_1K_AUC_samples_prop".png used on in
put line 265.
(pdftex.def)             Requested size: 602.24852pt x 602.24852pt.
Package mdframed Info: mdframed inside float 
 mdframed uses option nobreak mdframed on input line 269.
Package mdframed Info: mdframed inside a box 
 mdframed uses option nobreak mdframed on input line 269.

<"SL_Model_Test_Graph_10K_Graph1_ROC_Compare_Binom(Feb)_v_Mvtn(Aprxy)_Full".png
, id=1086, 602.25pt x 602.25pt>
File: "SL_Model_Test_Graph_10K_Graph1_ROC_Compare_Binom(Feb)_v_Mvtn(Aprxy)_Full
".png Graphic file (type png)

<use "SL_Model_Test_Graph_10K_Graph1_ROC_Compare_Binom(Feb)_v_Mvtn(Aprxy)_Full"
.png>
Package pdftex.def Info: "SL_Model_Test_Graph_10K_Graph1_ROC_Compare_Binom(Feb)
_v_Mvtn(Aprxy)_Full".png used on input line 275.
(pdftex.def)             Requested size: 602.24852pt x 602.24852pt.
Package mdframed Info: mdframed inside float 
 mdframed uses option nobreak mdframed on input line 279.
Package mdframed Info: mdframed inside a box 
 mdframed uses option nobreak mdframed on input line 279.


LaTeX Warning: Float too large for page by 15.88077pt on input line 280.

[34] [35 <./SL_Model_Binomial_1K_AUC_samples_prop.png (PNG copy)> <./SL_Model_T
est_Graph_10K_Graph1_ROC_Compare_Binom(Feb)_v_Mvtn(Aprxy)_Full.png (PNG copy)>]

LaTeX Warning: File `{SL_Model_Apr15mvnormCor_1K_ROC1_samplesx_prop".png}' not 
found on input line 300.


<SL_Model_Apr15mvnormCor_1K_ROC1_samplesx_prop".png, id=1101, 602.25pt x 602.25
pt>
File: SL_Model_Apr15mvnormCor_1K_ROC1_samplesx_prop".png Graphic file (type png
)
 <use SL_Model_Apr15mvnormCor_1K_ROC1_samplesx_prop".png>
Package pdftex.def Info: SL_Model_Apr15mvnormCor_1K_ROC1_samplesx_prop".png use
d on input line 300.
(pdftex.def)             Requested size: 199.60597pt x 199.60693pt.

<"SL_Model_Apr15mvnormCor_1K_ROC2_samplesx_prop".png, id=1102, 602.25pt x 602.2
5pt>
File: "SL_Model_Apr15mvnormCor_1K_ROC2_samplesx_prop".png Graphic file (type pn
g)
 <use "SL_Model_Apr15mvnormCor_1K_ROC2_samplesx_prop".png>
Package pdftex.def Info: "SL_Model_Apr15mvnormCor_1K_ROC2_samplesx_prop".png us
ed on input line 304.
(pdftex.def)             Requested size: 199.60597pt x 199.60693pt.

<"SL_Model_Apr15mvnormCor_1K_AUC_samplesx_prop".png, id=1103, 602.25pt x 602.25
pt>
File: "SL_Model_Apr15mvnormCor_1K_AUC_samplesx_prop".png Graphic file (type png
)
 <use "SL_Model_Apr15mvnormCor_1K_AUC_samplesx_prop".png>
Package pdftex.def Info: "SL_Model_Apr15mvnormCor_1K_AUC_samplesx_prop".png use
d on input line 309.
(pdftex.def)             Requested size: 273.13895pt x 273.15117pt.
Package mdframed Info: mdframed inside float 
 mdframed uses option nobreak mdframed on input line 314.
Package mdframed Info: mdframed inside a box 
 mdframed uses option nobreak mdframed on input line 314.


LaTeX Warning: Float too large for page by 11.2572pt on input line 315.


Overfull \hbox (3.8573pt too wide) in paragraph at lines 317--318
\OT1/cmr/m/n/12 The mul-ti-vari-ate nor-mal sim-u-la-tion pro-ce-dure was ini-t
ially per-formed us-ing the \OT1/cmtt/m/n/12 mvtnorm
 []

[36] [37 <./SL_Model_Apr15mvnormCor_1K_ROC1_samplesx_prop.png (PNG copy)> <./SL
_Model_Apr15mvnormCor_1K_ROC2_samplesx_prop.png (PNG copy)> <./SL_Model_Apr15mv
normCor_1K_AUC_samplesx_prop.png (PNG copy)>] [38]
<"SL_Model_May15mvnorm_heatmap_4SL_cor_comp_top(1)".pdf, id=1142, 481.8pt x 682
.55pt>
File: "SL_Model_May15mvnorm_heatmap_4SL_cor_comp_top(1)".pdf Graphic file (type
 pdf)
 <use "SL_Model_May15mvnorm_heatmap_4SL_cor_comp_top(1)".pdf>
Package pdftex.def Info: "SL_Model_May15mvnorm_heatmap_4SL_cor_comp_top(1)".pdf
 used on input line 342.
(pdftex.def)             Requested size: 147.07877pt x 208.35971pt.

<"SL_Model_May15mvnorm_heatmap_4SL_cor_comp_top(2)".pdf, id=1143, 481.8pt x 682
.55pt>
File: "SL_Model_May15mvnorm_heatmap_4SL_cor_comp_top(2)".pdf Graphic file (type
 pdf)
 <use "SL_Model_May15mvnorm_heatmap_4SL_cor_comp_top(2)".pdf>
Package pdftex.def Info: "SL_Model_May15mvnorm_heatmap_4SL_cor_comp_top(2)".pdf
 used on input line 346.
(pdftex.def)             Requested size: 147.07877pt x 208.35971pt.

<"SL_Model_May15mvnorm_heatmap_4SL_cor_comp_top(4)".pdf, id=1144, 481.8pt x 682
.55pt>
File: "SL_Model_May15mvnorm_heatmap_4SL_cor_comp_top(4)".pdf Graphic file (type
 pdf)
 <use "SL_Model_May15mvnorm_heatmap_4SL_cor_comp_top(4)".pdf>
Package pdftex.def Info: "SL_Model_May15mvnorm_heatmap_4SL_cor_comp_top(4)".pdf
 used on input line 351.
(pdftex.def)             Requested size: 147.07877pt x 208.35971pt.

<"SL_Model_May15mvnorm_heatmap_4SL_cor_comp_top(3)".pdf, id=1145, 481.8pt x 682
.55pt>
File: "SL_Model_May15mvnorm_heatmap_4SL_cor_comp_top(3)".pdf Graphic file (type
 pdf)
 <use "SL_Model_May15mvnorm_heatmap_4SL_cor_comp_top(3)".pdf>
Package pdftex.def Info: "SL_Model_May15mvnorm_heatmap_4SL_cor_comp_top(3)".pdf
 used on input line 355.
(pdftex.def)             Requested size: 147.07877pt x 208.35971pt.
Package mdframed Info: mdframed inside float 
 mdframed uses option nobreak mdframed on input line 360.
Package mdframed Info: mdframed inside a box 
 mdframed uses option nobreak mdframed on input line 360.


LaTeX Warning: Float too large for page by 8.25864pt on input line 361.


<"SL_Model_May15mvnorm_heatmap_4SL_cor_comp_1K_top(1)".pdf, id=1151, 481.8pt x 
682.55pt>
File: "SL_Model_May15mvnorm_heatmap_4SL_cor_comp_1K_top(1)".pdf Graphic file (t
ype pdf)
 <use "SL_Model_May15mvnorm_heatmap_4SL_cor_comp_1K_top(1)".pdf>
Package pdftex.def Info: "SL_Model_May15mvnorm_heatmap_4SL_cor_comp_1K_top(1)".
pdf used on input line 375.
(pdftex.def)             Requested size: 147.07877pt x 208.35971pt.


LaTeX Warning: File `{""SL_Model_May15mvnorm_heatmap_4SL_cor_comp_1K_top(2)".pd
f}' not found on input line 379.


<""SL_Model_May15mvnorm_heatmap_4SL_cor_comp_1K_top(2)".pdf, id=1152, 481.8pt x
 682.55pt>
File: ""SL_Model_May15mvnorm_heatmap_4SL_cor_comp_1K_top(2)".pdf Graphic file (
type pdf)
 <use ""SL_Model_May15mvnorm_heatmap_4SL_cor_comp_1K_top(2)".pdf>
Package pdftex.def Info: ""SL_Model_May15mvnorm_heatmap_4SL_cor_comp_1K_top(2)"
.pdf used on input line 379.
(pdftex.def)             Requested size: 147.07877pt x 208.35971pt.

<"SL_Model_May15mvnorm_heatmap_4SL_cor_comp_1K_top(4)".pdf, id=1153, 481.8pt x 
682.55pt>
File: "SL_Model_May15mvnorm_heatmap_4SL_cor_comp_1K_top(4)".pdf Graphic file (t
ype pdf)
 <use "SL_Model_May15mvnorm_heatmap_4SL_cor_comp_1K_top(4)".pdf>
Package pdftex.def Info: "SL_Model_May15mvnorm_heatmap_4SL_cor_comp_1K_top(4)".
pdf used on input line 384.
(pdftex.def)             Requested size: 147.07877pt x 208.35971pt.

<"SL_Model_May15mvnorm_heatmap_4SL_cor_comp_1K_top(3)".pdf, id=1154, 481.8pt x 
682.55pt>
File: "SL_Model_May15mvnorm_heatmap_4SL_cor_comp_1K_top(3)".pdf Graphic file (t
ype pdf)
 <use "SL_Model_May15mvnorm_heatmap_4SL_cor_comp_1K_top(3)".pdf>
Package pdftex.def Info: "SL_Model_May15mvnorm_heatmap_4SL_cor_comp_1K_top(3)".
pdf used on input line 388.
(pdftex.def)             Requested size: 147.07877pt x 208.35971pt.
Package mdframed Info: mdframed inside float 
 mdframed uses option nobreak mdframed on input line 393.
Package mdframed Info: mdframed inside a box 
 mdframed uses option nobreak mdframed on input line 393.

[39] [40 <./SL_Model_May15mvnorm_heatmap_4SL_cor_comp_top(1).pdf> <./SL_Model_M
ay15mvnorm_heatmap_4SL_cor_comp_top(2).pdf

pdfTeX warning: /usr/bin/pdflatex (file ./SL_Model_May15mvnorm_heatmap_4SL_cor_
comp_top(2).pdf): PDF inclusion: multiple pdfs with page group included in a si
ngle page
> <./SL_Model_May15mvnorm_heatmap_4SL_cor_comp_top(4).pdf

pdfTeX warning: /usr/bin/pdflatex (file ./SL_Model_May15mvnorm_heatmap_4SL_cor_
comp_top(4).pdf): PDF inclusion: multiple pdfs with page group included in a si
ngle page
> <./SL_Model_May15mvnorm_heatmap_4SL_cor_comp_top(3).pdf

pdfTeX warning: /usr/bin/pdflatex (file ./SL_Model_May15mvnorm_heatmap_4SL_cor_
comp_top(3).pdf): PDF inclusion: multiple pdfs with page group included in a si
ngle page
>] [41 <./SL_Model_May15mvnorm_heatmap_4SL_cor_comp_1K_top(1).pdf> <./SL_Model_
May15mvnorm_heatmap_4SL_cor_comp_1K_top(2).pdf

pdfTeX warning: /usr/bin/pdflatex (file ./SL_Model_May15mvnorm_heatmap_4SL_cor_
comp_1K_top(2).pdf): PDF inclusion: multiple pdfs with page group included in a
 single page
> <./SL_Model_May15mvnorm_heatmap_4SL_cor_comp_1K_top(4).pdf

pdfTeX warning: /usr/bin/pdflatex (file ./SL_Model_May15mvnorm_heatmap_4SL_cor_
comp_1K_top(4).pdf): PDF inclusion: multiple pdfs with page group included in a
 single page
> <./SL_Model_May15mvnorm_heatmap_4SL_cor_comp_1K_top(3).pdf

pdfTeX warning: /usr/bin/pdflatex (file ./SL_Model_May15mvnorm_heatmap_4SL_cor_
comp_1K_top(3).pdf): PDF inclusion: multiple pdfs with page group included in a
 single page
>]
<"SL_Model_May15mvnorm_heatmap_10XSL_cor_comp2(1)".png, id=1202, 602.25pt x 752
.8125pt>
File: "SL_Model_May15mvnorm_heatmap_10XSL_cor_comp2(1)".png Graphic file (type 
png)
 <use "SL_Model_May15mvnorm_heatmap_10XSL_cor_comp2(1)".png>
Package pdftex.def Info: "SL_Model_May15mvnorm_heatmap_10XSL_cor_comp2(1)".png 
used on input line 407.
(pdftex.def)             Requested size: 147.07877pt x 183.84909pt.

<"SL_Model_May15mvnorm_heatmap_10XSL_cor_comp2(2)".png, id=1203, 602.25pt x 752
.8125pt>
File: "SL_Model_May15mvnorm_heatmap_10XSL_cor_comp2(2)".png Graphic file (type 
png)
 <use "SL_Model_May15mvnorm_heatmap_10XSL_cor_comp2(2)".png>
Package pdftex.def Info: "SL_Model_May15mvnorm_heatmap_10XSL_cor_comp2(2)".png 
used on input line 411.
(pdftex.def)             Requested size: 147.07877pt x 183.84909pt.
Package mdframed Info: mdframed inside float 
 mdframed uses option nobreak mdframed on input line 417.
Package mdframed Info: mdframed inside a box 
 mdframed uses option nobreak mdframed on input line 417.


LaTeX Warning: File `{SL_Model_Apr15mvnorm_1K_ROC1_samplesx_prop".png}' not fou
nd on input line 429.


<SL_Model_Apr15mvnorm_1K_ROC1_samplesx_prop".png, id=1204, 602.25pt x 602.25pt>
File: SL_Model_Apr15mvnorm_1K_ROC1_samplesx_prop".png Graphic file (type png)
<use SL_Model_Apr15mvnorm_1K_ROC1_samplesx_prop".png>
Package pdftex.def Info: SL_Model_Apr15mvnorm_1K_ROC1_samplesx_prop".png used o
n input line 429.
(pdftex.def)             Requested size: 199.60597pt x 199.60693pt.

<"SL_Model_Apr15mvnorm_1K_ROC2_samplesx_prop".png, id=1205, 602.25pt x 602.25pt
>
File: "SL_Model_Apr15mvnorm_1K_ROC2_samplesx_prop".png Graphic file (type png)
 <use "SL_Model_Apr15mvnorm_1K_ROC2_samplesx_prop".png>
Package pdftex.def Info: "SL_Model_Apr15mvnorm_1K_ROC2_samplesx_prop".png used 
on input line 433.
(pdftex.def)             Requested size: 199.60597pt x 199.60693pt.

<"SL_Model_Apr15mvnorm_1K_AUC_samplesx_prop".png, id=1206, 602.25pt x 602.25pt>
File: "SL_Model_Apr15mvnorm_1K_AUC_samplesx_prop".png Graphic file (type png)
<use "SL_Model_Apr15mvnorm_1K_AUC_samplesx_prop".png>
Package pdftex.def Info: "SL_Model_Apr15mvnorm_1K_AUC_samplesx_prop".png used o
n input line 438.
(pdftex.def)             Requested size: 273.13895pt x 273.15117pt.
Package mdframed Info: mdframed inside float 
 mdframed uses option nobreak mdframed on input line 443.
Package mdframed Info: mdframed inside a box 
 mdframed uses option nobreak mdframed on input line 443.


LaTeX Warning: Float too large for page by 11.2572pt on input line 444.


<"SL_Model_Test_Graph_10K_Graph1_ROC_Compare_Mvtn(Apry)_v_Cor(Aprxy)_Full".png,
 id=1207, 602.25pt x 602.25pt>
File: "SL_Model_Test_Graph_10K_Graph1_ROC_Compare_Mvtn(Apry)_v_Cor(Aprxy)_Full"
.png Graphic file (type png)

<use "SL_Model_Test_Graph_10K_Graph1_ROC_Compare_Mvtn(Apry)_v_Cor(Aprxy)_Full".
png>
Package pdftex.def Info: "SL_Model_Test_Graph_10K_Graph1_ROC_Compare_Mvtn(Apry)
_v_Cor(Aprxy)_Full".png used on input line 451.
(pdftex.def)             Requested size: 602.24852pt x 602.24852pt.
Package mdframed Info: mdframed inside float 
 mdframed uses option nobreak mdframed on input line 455.
Package mdframed Info: mdframed inside a box 
 mdframed uses option nobreak mdframed on input line 455.
 [42 <./SL_Model_May15mvnorm_heatmap_10XSL_cor_comp2(1).png> <./SL_Model_May15m
vnorm_heatmap_10XSL_cor_comp2(2).png>] [43 <./SL_Model_Apr15mvnorm_1K_ROC1_samp
lesx_prop.png (PNG copy)> <./SL_Model_Apr15mvnorm_1K_ROC2_samplesx_prop.png (PN
G copy)> <./SL_Model_Apr15mvnorm_1K_AUC_samplesx_prop.png (PNG copy)>]

LaTeX Warning: File `{SL_Model_May15mvnorm_dir_1K_ROC1_samplesx_prop".png}' not
 found on input line 473.


<SL_Model_May15mvnorm_dir_1K_ROC1_samplesx_prop".png, id=1228, 602.25pt x 602.2
5pt>
File: SL_Model_May15mvnorm_dir_1K_ROC1_samplesx_prop".png Graphic file (type pn
g)
 <use SL_Model_May15mvnorm_dir_1K_ROC1_samplesx_prop".png>
Package pdftex.def Info: SL_Model_May15mvnorm_dir_1K_ROC1_samplesx_prop".png us
ed on input line 473.
(pdftex.def)             Requested size: 199.60597pt x 199.60693pt.

<"SL_Model_May15mvnorm_dir_1K_ROC2_samplesx_prop".png, id=1229, 602.25pt x 602.
25pt>
File: "SL_Model_May15mvnorm_dir_1K_ROC2_samplesx_prop".png Graphic file (type p
ng)
 <use "SL_Model_May15mvnorm_dir_1K_ROC2_samplesx_prop".png>
Package pdftex.def Info: "SL_Model_May15mvnorm_dir_1K_ROC2_samplesx_prop".png u
sed on input line 477.
(pdftex.def)             Requested size: 199.60597pt x 199.60693pt.

<"SL_Model_May15mvnorm_dir_1K_AUC_samplesx_prop".png, id=1230, 602.25pt x 602.2
5pt>
File: "SL_Model_May15mvnorm_dir_1K_AUC_samplesx_prop".png Graphic file (type pn
g)
 <use "SL_Model_May15mvnorm_dir_1K_AUC_samplesx_prop".png>
Package pdftex.def Info: "SL_Model_May15mvnorm_dir_1K_AUC_samplesx_prop".png us
ed on input line 482.
(pdftex.def)             Requested size: 273.13895pt x 273.15117pt.
Package mdframed Info: mdframed inside float 
 mdframed uses option nobreak mdframed on input line 487.
Package mdframed Info: mdframed inside a box 
 mdframed uses option nobreak mdframed on input line 487.


LaTeX Warning: Float too large for page by 11.2572pt on input line 488.

[44 <./SL_Model_Test_Graph_10K_Graph1_ROC_Compare_Mvtn(Apry)_v_Cor(Aprxy)_Full.
png (PNG copy)>] [45 <./SL_Model_May15mvnorm_dir_1K_ROC1_samplesx_prop.png (PNG
 copy)> <./SL_Model_May15mvnorm_dir_1K_ROC2_samplesx_prop.png (PNG copy)> <./SL
_Model_May15mvnorm_dir_1K_AUC_samplesx_prop.png (PNG copy)>]
<"SL_Model_May15mvnorm_1K_ROC1_samplesx_prop".png, id=1246, 602.25pt x 602.25pt
>
File: "SL_Model_May15mvnorm_1K_ROC1_samplesx_prop".png Graphic file (type png)
 <use "SL_Model_May15mvnorm_1K_ROC1_samplesx_prop".png>
Package pdftex.def Info: "SL_Model_May15mvnorm_1K_ROC1_samplesx_prop".png used 
on input line 524.
(pdftex.def)             Requested size: 199.60597pt x 199.60693pt.

<"SL_Model_May15mvnorm_dir_1K_ROC1_samplesx_prop".png, id=1247, 602.25pt x 602.
25pt>
File: "SL_Model_May15mvnorm_dir_1K_ROC1_samplesx_prop".png Graphic file (type p
ng)
 <use "SL_Model_May15mvnorm_dir_1K_ROC1_samplesx_prop".png>
Package pdftex.def Info: "SL_Model_May15mvnorm_dir_1K_ROC1_samplesx_prop".png u
sed on input line 528.
(pdftex.def)             Requested size: 199.60597pt x 199.60693pt.

Overfull \hbox (8.2607pt too wide) in paragraph at lines 524--529
 [][][] 
 []

Package mdframed Info: mdframed inside float 
 mdframed uses option nobreak mdframed on input line 534.
Package mdframed Info: mdframed inside a box 
 mdframed uses option nobreak mdframed on input line 534.

<"SL_Model_May15mvnorm_1K_ROC2_samplesx_prop".png, id=1248, 602.25pt x 602.25pt
>
File: "SL_Model_May15mvnorm_1K_ROC2_samplesx_prop".png Graphic file (type png)
 <use "SL_Model_May15mvnorm_1K_ROC2_samplesx_prop".png>
Package pdftex.def Info: "SL_Model_May15mvnorm_1K_ROC2_samplesx_prop".png used 
on input line 545.
(pdftex.def)             Requested size: 199.60597pt x 199.60693pt.
File: "SL_Model_May15mvnorm_dir_1K_ROC2_samplesx_prop".png Graphic file (type p
ng)

<use "SL_Model_May15mvnorm_dir_1K_ROC2_samplesx_prop".png>
Package pdftex.def Info: "SL_Model_May15mvnorm_dir_1K_ROC2_samplesx_prop".png u
sed on input line 549.
(pdftex.def)             Requested size: 199.60597pt x 199.60693pt.

Overfull \hbox (8.2607pt too wide) in paragraph at lines 545--550
 [][][] 
 []


<"SL_Model_Test_Graph_10K_Graph1_ROC_Compare_Mvtn(Mayy)_v_Cor(Mayxy)_Full".png,
 id=1249, 602.25pt x 602.25pt>
File: "SL_Model_Test_Graph_10K_Graph1_ROC_Compare_Mvtn(Mayy)_v_Cor(Mayxy)_Full"
.png Graphic file (type png)

<use "SL_Model_Test_Graph_10K_Graph1_ROC_Compare_Mvtn(Mayy)_v_Cor(Mayxy)_Full".
png>
Package pdftex.def Info: "SL_Model_Test_Graph_10K_Graph1_ROC_Compare_Mvtn(Mayy)
_v_Cor(Mayxy)_Full".png used on input line 555.
(pdftex.def)             Requested size: 252.1332pt x 252.13458pt.
Package mdframed Info: mdframed inside float 
 mdframed uses option nobreak mdframed on input line 561.
Package mdframed Info: mdframed inside a box 
 mdframed uses option nobreak mdframed on input line 561.
 [46] [47 <./SL_Model_May15mvnorm_1K_ROC1_samplesx_prop.png (PNG copy)> <./SL_M
odel_May15mvnorm_dir_1K_ROC1_samplesx_prop.png (PNG copy)>] [48 <./SL_Model_May
15mvnorm_1K_ROC2_samplesx_prop.png (PNG copy)> <./SL_Model_Test_Graph_10K_Graph
1_ROC_Compare_Mvtn(Mayy)_v_Cor(Mayxy)_Full.png (PNG copy)>] [49] [50]
<"/home/tomkelly/Documents/PhD Otago Uni/SL_Model/graph_sim_method/simple_graph
".png, id=1286, 803.0pt x 803.0pt>
File: "/home/tomkelly/Documents/PhD Otago Uni/SL_Model/graph_sim_method/simple_
graph".png Graphic file (type png)

<use "/home/tomkelly/Documents/PhD Otago Uni/SL_Model/graph_sim_method/simple_g
raph".png>
Package pdftex.def Info: "/home/tomkelly/Documents/PhD Otago Uni/SL_Model/graph
_sim_method/simple_graph".png used on input line 605.
(pdftex.def)             Requested size: 189.0967pt x 189.0971pt.

<"/home/tomkelly/Documents/PhD Otago Uni/SL_Model/graph_sim_method/simple_graph
_inhibiting".png, id=1287, 803.0pt x 803.0pt>
File: "/home/tomkelly/Documents/PhD Otago Uni/SL_Model/graph_sim_method/simple_
graph_inhibiting".png Graphic file (type png)

<use "/home/tomkelly/Documents/PhD Otago Uni/SL_Model/graph_sim_method/simple_g
raph_inhibiting".png>
Package pdftex.def Info: "/home/tomkelly/Documents/PhD Otago Uni/SL_Model/graph
_sim_method/simple_graph_inhibiting".png used on input line 609.
(pdftex.def)             Requested size: 189.0967pt x 189.0971pt.
Package mdframed Info: mdframed inside float 
 mdframed uses option nobreak mdframed on input line 615.
Package mdframed Info: mdframed inside a box 
 mdframed uses option nobreak mdframed on input line 615.
File: "/home/tomkelly/Documents/PhD Otago Uni/SL_Model/graph_sim_method/simple_
graph".png Graphic file (type png)

<use "/home/tomkelly/Documents/PhD Otago Uni/SL_Model/graph_sim_method/simple_g
raph".png>
Package pdftex.def Info: "/home/tomkelly/Documents/PhD Otago Uni/SL_Model/graph
_sim_method/simple_graph".png used on input line 628.
(pdftex.def)             Requested size: 147.07877pt x 147.07008pt.

<"/home/tomkelly/Documents/PhD Otago Uni/SL_Model/graph_sim_method/dist_mat".pn
g, id=1296, 803.0pt x 803.0pt>
File: "/home/tomkelly/Documents/PhD Otago Uni/SL_Model/graph_sim_method/dist_ma
t".png Graphic file (type png)

<use "/home/tomkelly/Documents/PhD Otago Uni/SL_Model/graph_sim_method/dist_mat
".png>
Package pdftex.def Info: "/home/tomkelly/Documents/PhD Otago Uni/SL_Model/graph
_sim_method/dist_mat".png used on input line 632.
(pdftex.def)             Requested size: 147.07877pt x 147.07008pt.

<"/home/tomkelly/Documents/PhD Otago Uni/SL_Model/graph_sim_method/sigma_mat".p
ng, id=1297, 803.0pt x 803.0pt>
File: "/home/tomkelly/Documents/PhD Otago Uni/SL_Model/graph_sim_method/sigma_m
at".png Graphic file (type png)

<use "/home/tomkelly/Documents/PhD Otago Uni/SL_Model/graph_sim_method/sigma_ma
t".png>
Package pdftex.def Info: "/home/tomkelly/Documents/PhD Otago Uni/SL_Model/graph
_sim_method/sigma_mat".png used on input line 637.
(pdftex.def)             Requested size: 147.07877pt x 147.07008pt.

<"/home/tomkelly/Documents/PhD Otago Uni/SL_Model/graph_sim_method/expr_cor_mat
".png, id=1298, 803.0pt x 803.0pt>
File: "/home/tomkelly/Documents/PhD Otago Uni/SL_Model/graph_sim_method/expr_co
r_mat".png Graphic file (type png)

<use "/home/tomkelly/Documents/PhD Otago Uni/SL_Model/graph_sim_method/expr_cor
_mat".png>
Package pdftex.def Info: "/home/tomkelly/Documents/PhD Otago Uni/SL_Model/graph
_sim_method/expr_cor_mat".png used on input line 641.
(pdftex.def)             Requested size: 147.07877pt x 147.07008pt.
File: "/home/tomkelly/Documents/PhD Otago Uni/SL_Model/graph_sim_method/expr_ma
t".png Graphic file (type png)

<use "/home/tomkelly/Documents/PhD Otago Uni/SL_Model/graph_sim_method/expr_mat
".png>
Package pdftex.def Info: "/home/tomkelly/Documents/PhD Otago Uni/SL_Model/graph
_sim_method/expr_mat".png used on input line 646.
(pdftex.def)             Requested size: 147.07877pt x 147.07008pt.
File: "/home/tomkelly/Documents/PhD Otago Uni/SL_Model/graph_sim_method/expr_di
sc_mat".png Graphic file (type png)

<use "/home/tomkelly/Documents/PhD Otago Uni/SL_Model/graph_sim_method/expr_dis
c_mat".png>
Package pdftex.def Info: "/home/tomkelly/Documents/PhD Otago Uni/SL_Model/graph
_sim_method/expr_disc_mat".png used on input line 650.
(pdftex.def)             Requested size: 147.07877pt x 147.07008pt.
Package mdframed Info: mdframed inside float 
 mdframed uses option nobreak mdframed on input line 655.
Package mdframed Info: mdframed inside a box 
 mdframed uses option nobreak mdframed on input line 655.
LaTeX Font Info:    Calculating math sizes for size <8.39996> on input line 658
.


LaTeX Font Warning: Font shape `OT1/cmr/m/n' in size <4.19998> not available
(Font)              size <5> substituted on input line 658.


LaTeX Font Warning: Font shape `OML/cmm/m/it' in size <4.19998> not available
(Font)              size <5> substituted on input line 658.


LaTeX Font Warning: Font shape `OMS/cmsy/m/n' in size <4.19998> not available
(Font)              size <5> substituted on input line 658.

[51] [52 </home/tomkelly/Documents/PhD Otago Uni/SL_Model/graph_sim_method/simp
le_graph.png (PNG copy)> </home/tomkelly/Documents/PhD Otago Uni/SL_Model/graph
_sim_method/simple_graph_inhibiting.png (PNG copy)>] [53 </home/tomkelly/Docume
nts/PhD Otago Uni/SL_Model/graph_sim_method/dist_mat.png (PNG copy)> </home/tom
kelly/Documents/PhD Otago Uni/SL_Model/graph_sim_method/sigma_mat.png (PNG copy
)> </home/tomkelly/Documents/PhD Otago Uni/SL_Model/graph_sim_method/expr_cor_m
at.png (PNG copy)>]
File: "/home/tomkelly/Documents/PhD Otago Uni/SL_Model/graph_sim_method/simple_
graph_inhibiting".png Graphic file (type png)

<use "/home/tomkelly/Documents/PhD Otago Uni/SL_Model/graph_sim_method/simple_g
raph_inhibiting".png>
Package pdftex.def Info: "/home/tomkelly/Documents/PhD Otago Uni/SL_Model/graph
_sim_method/simple_graph_inhibiting".png used on input line 670.
(pdftex.def)             Requested size: 147.07877pt x 147.07008pt.
File: "/home/tomkelly/Documents/PhD Otago Uni/SL_Model/graph_sim_method/dist_ma
t".png Graphic file (type png)

<use "/home/tomkelly/Documents/PhD Otago Uni/SL_Model/graph_sim_method/dist_mat
".png>
Package pdftex.def Info: "/home/tomkelly/Documents/PhD Otago Uni/SL_Model/graph
_sim_method/dist_mat".png used on input line 674.
(pdftex.def)             Requested size: 147.07877pt x 147.07008pt.

<"/home/tomkelly/Documents/PhD Otago Uni/SL_Model/graph_sim_method/sigma_mat_in
hibiting".png, id=1331, 803.0pt x 803.0pt>
File: "/home/tomkelly/Documents/PhD Otago Uni/SL_Model/graph_sim_method/sigma_m
at_inhibiting".png Graphic file (type png)

<use "/home/tomkelly/Documents/PhD Otago Uni/SL_Model/graph_sim_method/sigma_ma
t_inhibiting".png>
Package pdftex.def Info: "/home/tomkelly/Documents/PhD Otago Uni/SL_Model/graph
_sim_method/sigma_mat_inhibiting".png used on input line 679.
(pdftex.def)             Requested size: 147.07877pt x 147.07008pt.

<"/home/tomkelly/Documents/PhD Otago Uni/SL_Model/graph_sim_method/expr_cor_mat
_inhibiting".png, id=1332, 803.0pt x 803.0pt>
File: "/home/tomkelly/Documents/PhD Otago Uni/SL_Model/graph_sim_method/expr_co
r_mat_inhibiting".png Graphic file (type png)

<use "/home/tomkelly/Documents/PhD Otago Uni/SL_Model/graph_sim_method/expr_cor
_mat_inhibiting".png>
Package pdftex.def Info: "/home/tomkelly/Documents/PhD Otago Uni/SL_Model/graph
_sim_method/expr_cor_mat_inhibiting".png used on input line 683.
(pdftex.def)             Requested size: 147.07877pt x 147.07008pt.

<"/home/tomkelly/Documents/PhD Otago Uni/SL_Model/graph_sim_method/expr_mat_inh
ibiting".png, id=1333, 803.0pt x 803.0pt>
File: "/home/tomkelly/Documents/PhD Otago Uni/SL_Model/graph_sim_method/expr_ma
t_inhibiting".png Graphic file (type png)

<use "/home/tomkelly/Documents/PhD Otago Uni/SL_Model/graph_sim_method/expr_mat
_inhibiting".png>
Package pdftex.def Info: "/home/tomkelly/Documents/PhD Otago Uni/SL_Model/graph
_sim_method/expr_mat_inhibiting".png used on input line 688.
(pdftex.def)             Requested size: 147.07877pt x 147.07008pt.

<"/home/tomkelly/Documents/PhD Otago Uni/SL_Model/graph_sim_method/expr_inhib_d
isc_mat".png, id=1334, 803.0pt x 803.0pt>
File: "/home/tomkelly/Documents/PhD Otago Uni/SL_Model/graph_sim_method/expr_in
hib_disc_mat".png Graphic file (type png)

<use "/home/tomkelly/Documents/PhD Otago Uni/SL_Model/graph_sim_method/expr_inh
ib_disc_mat".png>
Package pdftex.def Info: "/home/tomkelly/Documents/PhD Otago Uni/SL_Model/graph
_sim_method/expr_inhib_disc_mat".png used on input line 692.
(pdftex.def)             Requested size: 147.07877pt x 147.07008pt.
Package mdframed Info: mdframed inside float 
 mdframed uses option nobreak mdframed on input line 697.
Package mdframed Info: mdframed inside a box 
 mdframed uses option nobreak mdframed on input line 697.
 [54] [55 </home/tomkelly/Documents/PhD Otago Uni/SL_Model/graph_sim_method/sig
ma_mat_inhibiting.png (PNG copy)> </home/tomkelly/Documents/PhD Otago Uni/SL_Mo
del/graph_sim_method/expr_cor_mat_inhibiting.png (PNG copy)> </home/tomkelly/Do
cuments/PhD Otago Uni/SL_Model/graph_sim_method/expr_mat_inhibiting.png (PNG co
py)> </home/tomkelly/Documents/PhD Otago Uni/SL_Model/graph_sim_method/expr_inh
ib_disc_mat.png (PNG copy)>]
<"vioplot1".png, id=1375, 632.3625pt x 351.3125pt>
File: "vioplot1".png Graphic file (type png)
 <use "vioplot1".png>
Package pdftex.def Info: "vioplot1".png used on input line 745.
(pdftex.def)             Requested size: 189.0967pt x 105.05148pt.

<"vioplot2".png, id=1376, 632.3625pt x 351.3125pt>
File: "vioplot2".png Graphic file (type png)
 <use "vioplot2".png>
Package pdftex.def Info: "vioplot2".png used on input line 749.
(pdftex.def)             Requested size: 189.0967pt x 105.05148pt.
Package mdframed Info: mdframed inside float 
 mdframed uses option nobreak mdframed on input line 754.
Package mdframed Info: mdframed inside a box 
 mdframed uses option nobreak mdframed on input line 754.

<"heatmap2x".png, id=1379, 505.89pt x 361.35pt>
File: "heatmap2x".png Graphic file (type png)
 <use "heatmap2x".png>
Package pdftex.def Info: "heatmap2x".png used on input line 763.
(pdftex.def)             Requested size: 378.19339pt x 270.14066pt.
Package mdframed Info: mdframed inside float 
 mdframed uses option nobreak mdframed on input line 768.
Package mdframed Info: mdframed inside a box 
 mdframed uses option nobreak mdframed on input line 768.
 [56]
[57 <./vioplot1.png> <./vioplot2.png> <./heatmap2x.png (PNG copy)>] [58]
File: "/home/tomkelly/Documents/PhD Otago Uni/SL_Model/graph_sim_method/simple_
graph_inhibiting".png Graphic file (type png)

<use "/home/tomkelly/Documents/PhD Otago Uni/SL_Model/graph_sim_method/simple_g
raph_inhibiting".png>
Package pdftex.def Info: "/home/tomkelly/Documents/PhD Otago Uni/SL_Model/graph
_sim_method/simple_graph_inhibiting".png used on input line 790.
(pdftex.def)             Requested size: 210.10886pt x 210.11063pt.
Package mdframed Info: mdframed inside float 
 mdframed uses option nobreak mdframed on input line 795.
Package mdframed Info: mdframed inside a box 
 mdframed uses option nobreak mdframed on input line 795.
 [59]) [60] (./20170413_thesis_methods.bbl
Missing character: There is no  in font cmti12!
Missing character: There is no  in font cmti12!
 [61



]
Missing character: There is no  in font cmr12!
Missing character: There is no  in font cmr12!
Missing character: There is no  in font cmr12!
LaTeX Font Info:    Try loading font information for OMS+cmr on input line 151.


(/usr/share/texlive/texmf-dist/tex/latex/base/omscmr.fd
File: omscmr.fd 1999/05/25 v2.5h Standard LaTeX font definitions
)
LaTeX Font Info:    Font shape `OMS/cmr/m/n' in size <12> not available
(Font)              Font shape `OMS/cmsy/m/n' tried instead on input line 151.
 [62] [63] [64]
[65]
Missing character: There is no  in font cmr12!
Missing character: There is no  in font cmr12!
Missing character: There is no  in font cmr12!
) [66]
\openout2 = `appendices.aux'.

 (./appendices.tex
Appendix A.
<Raw(log)_Corr_eudist_Cut_part_Pub.png, id=1478, 752.8125pt x 752.8125pt>
File: Raw(log)_Corr_eudist_Cut_part_Pub.png Graphic file (type png)

<use Raw(log)_Corr_eudist_Cut_part_Pub.png>
Package pdftex.def Info: Raw(log)_Corr_eudist_Cut_part_Pub.png used on input li
ne 24.
(pdftex.def)             Requested size: 752.81065pt x 752.81065pt.
Package mdframed Info: mdframed inside float 
 mdframed uses option nobreak mdframed on input line 28.
Package mdframed Info: mdframed inside a box 
 mdframed uses option nobreak mdframed on input line 28.

<Raw(log)_Corr_eudist_Ann_Pub.png, id=1481, 1606.0pt x 1606.0pt>
File: Raw(log)_Corr_eudist_Ann_Pub.png Graphic file (type png)

<use Raw(log)_Corr_eudist_Ann_Pub.png>
Package pdftex.def Info: Raw(log)_Corr_eudist_Ann_Pub.png used on input line 36
.
(pdftex.def)             Requested size: 1605.99611pt x 1605.99611pt.
Package mdframed Info: mdframed inside float 
 mdframed uses option nobreak mdframed on input line 40.
Package mdframed Info: mdframed inside a box 
 mdframed uses option nobreak mdframed on input line 40.
 [67


 <./Raw(log)_Corr_eudist_Cut_part_Pub.png>] [68 <./Raw(log)_Corr_eudist_Ann_Pub
.png>]
Appendix B.
[69

] [70] [71] [72] [73] [74] [75] [76] [77]
Appendix C.
[78

]) [79]
Package atveryend Info: Empty hook `BeforeClearDocument' on input line 159.
Package atveryend Info: Empty hook `AfterLastShipout' on input line 159.
 (./20170413_thesis_methods.aux (./methods.aux) (./methods_dev.aux)
(./appendices.aux))
Package atveryend Info: Executing hook `AtVeryEndDocument' on input line 159.
Package atveryend Info: Executing hook `AtEndAfterFileList' on input line 159.
Package rerunfilecheck Info: File `20170413_thesis_methods.out' has not changed
.
(rerunfilecheck)             Checksum: DE43F5C4CC2C6307C02AE8C12437CF0F;4780.


LaTeX Font Warning: Size substitutions with differences
(Font)              up to 2.90001pt have occurred.


LaTeX Warning: Label(s) may have changed. Rerun to get cross-references right.

 ) 
Here is how much of TeX's memory you used:
 29098 strings out of 494985
 541321 string characters out of 6180356
 755080 words of memory out of 5000000
 31365 multiletter control sequences out of 15000+600000
 14525 words of font info for 54 fonts, out of 8000000 for 9000
 36 hyphenation exceptions out of 8191
 59i,21n,94p,10482b,587s stack positions out of 5000i,500n,10000p,200000b,80000s
 </home/tomkelly/.texmf-var/fonts/pk/ljfour/jknappen/ec/tcrm1200.600pk></usr/
share/texlive/texmf-dist/fonts/type1/public/amsfonts/cm/cmbx10.pfb></usr/share/
texlive/texmf-dist/fonts/type1/public/amsfonts/cm/cmbx12.pfb></usr/share/texliv
e/texmf-dist/fonts/type1/public/amsfonts/cm/cmex10.pfb></usr/share/texlive/texm
f-dist/fonts/type1/public/amsfonts/cm/cmmi10.pfb></usr/share/texlive/texmf-dist
/fonts/type1/public/amsfonts/cm/cmmi12.pfb></usr/share/texlive/texmf-dist/fonts
/type1/public/amsfonts/cm/cmmi8.pfb></usr/share/texlive/texmf-dist/fonts/type1/
public/amsfonts/cm/cmr10.pfb></usr/share/texlive/texmf-dist/fonts/type1/public/
amsfonts/cm/cmr12.pfb></usr/share/texlive/texmf-dist/fonts/type1/public/amsfont
s/cm/cmr7.pfb></usr/share/texlive/texmf-dist/fonts/type1/public/amsfonts/cm/cmr
8.pfb></usr/share/texlive/texmf-dist/fonts/type1/public/amsfonts/cm/cmsy10.pfb>
</usr/share/texlive/texmf-dist/fonts/type1/public/amsfonts/cm/cmsy8.pfb></usr/s
hare/texlive/texmf-dist/fonts/type1/public/amsfonts/cm/cmti12.pfb></usr/share/t
exlive/texmf-dist/fonts/type1/public/amsfonts/cm/cmtt10.pfb></usr/share/texlive
/texmf-dist/fonts/type1/public/amsfonts/cm/cmtt12.pfb>
Output written on 20170413_thesis_methods.pdf (79 pages, 4953220 bytes).
PDF statistics:
 1662 PDF objects out of 1728 (max. 8388607)
 1398 compressed objects within 14 object streams
 291 named destinations out of 1000 (max. 500000)
 719 words of extra memory for PDF output out of 10000 (max. 10000000)

