\BOOKMARK [0][-]{section*.4}{Glossary}{}% 1
\BOOKMARK [0][-]{section*.6}{Acronyms}{}% 2
\BOOKMARK [0][-]{chapter.2}{Methods and Resources}{}% 3
\BOOKMARK [1][-]{section.2.1}{Bioinformatics Resources for Genomics Research}{chapter.2}% 4
\BOOKMARK [2][-]{subsection.2.1.1}{Public Data and Software Packages}{section.2.1}% 5
\BOOKMARK [3][-]{subsubsection.2.1.1.1}{Cancer Genome Atlas Data}{subsection.2.1.1}% 6
\BOOKMARK [3][-]{subsubsection.2.1.1.2}{Reactome and Annotation Data}{subsection.2.1.1}% 7
\BOOKMARK [1][-]{section.2.2}{Data Handling}{chapter.2}% 8
\BOOKMARK [2][-]{subsection.2.2.1}{Normalisation}{section.2.2}% 9
\BOOKMARK [2][-]{subsection.2.2.2}{Sample Triage}{section.2.2}% 10
\BOOKMARK [2][-]{subsection.2.2.3}{Metagenes and the Singular Value Decomposition}{section.2.2}% 11
\BOOKMARK [3][-]{subsubsection.2.2.3.1}{Candidate Triage and Integration with Screen Data}{subsection.2.2.3}% 12
\BOOKMARK [1][-]{section.2.3}{Techniques}{chapter.2}% 13
\BOOKMARK [2][-]{subsection.2.3.1}{Statistical Procedures and Tests}{section.2.3}% 14
\BOOKMARK [2][-]{subsection.2.3.2}{Gene Set Over-representation Analysis}{section.2.3}% 15
\BOOKMARK [2][-]{subsection.2.3.3}{Clustering}{section.2.3}% 16
\BOOKMARK [2][-]{subsection.2.3.4}{Heatmap}{section.2.3}% 17
\BOOKMARK [2][-]{subsection.2.3.5}{Modeling and Simulations}{section.2.3}% 18
\BOOKMARK [3][-]{subsubsection.2.3.5.1}{Receiver Operating Characteristic \(Performance\)}{subsection.2.3.5}% 19
\BOOKMARK [2][-]{subsection.2.3.6}{Resampling Analysis}{section.2.3}% 20
\BOOKMARK [1][-]{section.2.4}{Pathway Structure Methods}{chapter.2}% 21
\BOOKMARK [2][-]{subsection.2.4.1}{Network and Graph Analysis}{section.2.4}% 22
\BOOKMARK [2][-]{subsection.2.4.2}{Sourcing Graph Structure Data}{section.2.4}% 23
\BOOKMARK [2][-]{subsection.2.4.3}{Constructing Pathway Subgraphs}{section.2.4}% 24
\BOOKMARK [2][-]{subsection.2.4.4}{Network Analysis Metrics}{section.2.4}% 25
\BOOKMARK [1][-]{section.2.5}{Implementation}{chapter.2}% 26
\BOOKMARK [2][-]{subsection.2.5.1}{Computational Resources and Linux Utilities}{section.2.5}% 27
\BOOKMARK [2][-]{subsection.2.5.2}{R Language and Packages}{section.2.5}% 28
\BOOKMARK [2][-]{subsection.2.5.3}{High Performance and Parallel Computing}{section.2.5}% 29
\BOOKMARK [0][-]{chapter.3}{Methods Developed During Thesis}{}% 30
\BOOKMARK [1][-]{section.3.1}{A Synthetic Lethal Detection Methodology}{chapter.3}% 31
\BOOKMARK [1][-]{section.3.2}{Synthetic Lethal Simulation and Modelling}{chapter.3}% 32
\BOOKMARK [2][-]{subsection.3.2.1}{A Model of Synthetic Lethality in Expression Data}{section.3.2}% 33
\BOOKMARK [2][-]{subsection.3.2.2}{Simulation Procedure}{section.3.2}% 34
\BOOKMARK [1][-]{section.3.3}{Detecting Simulated Synthetic Lethal Partners}{chapter.3}% 35
\BOOKMARK [2][-]{subsection.3.3.1}{Binomial Simulation of Synthetic lethality}{section.3.3}% 36
\BOOKMARK [2][-]{subsection.3.3.2}{Multivariate Normal Simulation of Synthetic lethality}{section.3.3}% 37
\BOOKMARK [3][-]{subsubsection.3.3.2.1}{Multivariate Normal Simulation with Correlated Genes}{subsection.3.3.2}% 38
\BOOKMARK [3][-]{subsubsection.3.3.2.2}{Specificity with Query-Correlated Pathways}{subsection.3.3.2}% 39
\BOOKMARK [4][-]{subsubsubsection.3.3.2.2.1}{Importance of Directional Testing}{subsubsection.3.3.2.2}% 40
\BOOKMARK [1][-]{section.3.4}{Graph Structure Methods}{chapter.3}% 41
\BOOKMARK [2][-]{subsection.3.4.1}{Upstream and Downstream Gene Detection}{section.3.4}% 42
\BOOKMARK [3][-]{subsubsection.3.4.1.1}{Permutation Analysis for Statistical Significance}{subsection.3.4.1}% 43
\BOOKMARK [3][-]{subsubsection.3.4.1.2}{Hierarchy Based on Biological Context}{subsection.3.4.1}% 44
\BOOKMARK [2][-]{subsection.3.4.2}{Simulating Gene Expression from Graph Structures}{section.3.4}% 45
\BOOKMARK [1][-]{section.3.5}{Customised Functions and Packages Developed}{chapter.3}% 46
\BOOKMARK [2][-]{subsection.3.5.1}{Synthetic Lethal Interaction Prediction Tool}{section.3.5}% 47
\BOOKMARK [2][-]{subsection.3.5.2}{Data Visualisation}{section.3.5}% 48
\BOOKMARK [2][-]{subsection.3.5.3}{Extensions to the iGraph Package}{section.3.5}% 49
\BOOKMARK [3][-]{subsubsection.3.5.3.1}{Sampling Simulated Data from Graph Structures}{subsection.3.5.3}% 50
\BOOKMARK [3][-]{subsubsection.3.5.3.2}{Plotting Directed Graph Structures}{subsection.3.5.3}% 51
\BOOKMARK [3][-]{subsubsection.3.5.3.3}{Computing Information Centrality}{subsection.3.5.3}% 52
\BOOKMARK [3][-]{subsubsection.3.5.3.4}{Testing Pathway Structure with Permutation Testing}{subsection.3.5.3}% 53
\BOOKMARK [3][-]{subsubsection.3.5.3.5}{Metapackage to Install iGraph Functions}{subsection.3.5.3}% 54
\BOOKMARK [0][-]{subsubsection.3.5.3.5}{References}{}% 188
