\BOOKMARK [0][-]{section*.4}{Glossary}{}% 1
\BOOKMARK [0][-]{section*.6}{Acronyms}{}% 2
\BOOKMARK [0][-]{chapter.6}{Simulation and Modeling of Synthetic Lethal Pathways}{}% 168
\BOOKMARK [1][-]{section.6.1}{Comparing methods}{chapter.6}% 169
\BOOKMARK [2][-]{subsection.6.1.1}{Performance of SLIPT and 2 across Quantiles}{section.6.1}% 170
\BOOKMARK [3][-]{subsubsection.6.1.1.1}{Correlated Query Genes affects Specificity}{subsection.6.1.1}% 171
\BOOKMARK [2][-]{subsection.6.1.2}{Alternative Synthetic Lethal Detection Strategies}{section.6.1}% 172
\BOOKMARK [3][-]{subsubsection.6.1.2.1}{Correlation for Synthetic Lethal Detection}{subsection.6.1.2}% 173
\BOOKMARK [3][-]{subsubsection.6.1.2.2}{Testing for Bimodality with BiSEp}{subsection.6.1.2}% 174
\BOOKMARK [1][-]{section.6.2}{Simulations with Graph Structures}{chapter.6}% 175
\BOOKMARK [2][-]{subsection.6.2.1}{Performance over a Graph Structure}{section.6.2}% 176
\BOOKMARK [3][-]{subsubsection.6.2.1.1}{Simple Graph Structures}{subsection.6.2.1}% 177
\BOOKMARK [3][-]{subsubsection.6.2.1.2}{Constructed Graph Structures}{subsection.6.2.1}% 178
\BOOKMARK [2][-]{subsection.6.2.2}{Performance with Inhibitions}{section.6.2}% 179
\BOOKMARK [2][-]{subsection.6.2.3}{Synthetic Lethality across Graph Structures}{section.6.2}% 180
\BOOKMARK [2][-]{subsection.6.2.4}{Performance with Feasible Gene Numbers \(20,000\)}{section.6.2}% 181
\BOOKMARK [3][-]{subsubsection.6.2.4.1}{Simple Graph Structures in a Genome}{subsection.6.2.4}% 182
\BOOKMARK [3][-]{subsubsection.6.2.4.2}{Constructed Graph Structures in a Genome}{subsection.6.2.4}% 183
\BOOKMARK [1][-]{section.6.3}{Simulations over pathway-based graphs}{chapter.6}% 184
\BOOKMARK [2][-]{subsection.6.3.1}{Pathway Structures in a Genome}{section.6.3}% 185
\BOOKMARK [1][-]{section.6.4}{Discussion}{chapter.6}% 186
\BOOKMARK [1][-]{section.6.5}{Summary}{chapter.6}% 187
\BOOKMARK [0][-]{section*.35}{References}{}% 195
