This is pdfTeX, Version 3.14159265-2.6-1.40.16 (TeX Live 2015/Debian) (preloaded format=pdflatex 2016.9.16)  22 JAN 2017 18:45
entering extended mode
 restricted \write18 enabled.
 %&-line parsing enabled.
**thesis.tex
(./thesis.tex
LaTeX2e <2016/02/01>
Babel <3.9q> and hyphenation patterns for 12 language(s) loaded.
(/usr/share/texlive/texmf-dist/tex/latex/base/report.cls
Document Class: report 2014/09/29 v1.4h Standard LaTeX document class
(/usr/share/texlive/texmf-dist/tex/latex/base/size12.clo
File: size12.clo 2014/09/29 v1.4h Standard LaTeX file (size option)
)
\c@part=\count79
\c@chapter=\count80
\c@section=\count81
\c@subsection=\count82
\c@subsubsection=\count83
\c@paragraph=\count84
\c@subparagraph=\count85
\c@figure=\count86
\c@table=\count87
\abovecaptionskip=\skip41
\belowcaptionskip=\skip42
\bibindent=\dimen102
) (./otagothesis.sty
Package: otagothesis 1998/02/03 v0.99 Otago's A4 based page layout
)
(/usr/share/texlive/texmf-dist/tex/latex/natbib/natbib.sty
Package: natbib 2010/09/13 8.31b (PWD, AO)
\bibhang=\skip43
\bibsep=\skip44
LaTeX Info: Redefining \cite on input line 694.
\c@NAT@ctr=\count88
)
(/usr/share/texlive/texmf-dist/tex/latex/graphics/graphicx.sty
Package: graphicx 2014/10/28 v1.0g Enhanced LaTeX Graphics (DPC,SPQR)

(/usr/share/texlive/texmf-dist/tex/latex/graphics/keyval.sty
Package: keyval 2014/10/28 v1.15 key=value parser (DPC)
\KV@toks@=\toks14
)
(/usr/share/texlive/texmf-dist/tex/latex/graphics/graphics.sty
Package: graphics 2016/01/03 v1.0q Standard LaTeX Graphics (DPC,SPQR)

(/usr/share/texlive/texmf-dist/tex/latex/graphics/trig.sty
Package: trig 2016/01/03 v1.10 sin cos tan (DPC)
)
(/usr/share/texlive/texmf-dist/tex/latex/latexconfig/graphics.cfg
File: graphics.cfg 2010/04/23 v1.9 graphics configuration of TeX Live
)
Package graphics Info: Driver file: pdftex.def on input line 95.

(/usr/share/texlive/texmf-dist/tex/latex/pdftex-def/pdftex.def
File: pdftex.def 2011/05/27 v0.06d Graphics/color for pdfTeX

(/usr/share/texlive/texmf-dist/tex/generic/oberdiek/infwarerr.sty
Package: infwarerr 2010/04/08 v1.3 Providing info/warning/error messages (HO)
)
(/usr/share/texlive/texmf-dist/tex/generic/oberdiek/ltxcmds.sty
Package: ltxcmds 2011/11/09 v1.22 LaTeX kernel commands for general use (HO)
)
\Gread@gobject=\count89
))
\Gin@req@height=\dimen103
\Gin@req@width=\dimen104
)
(/usr/share/texlive/texmf-dist/tex/latex/moreverb/moreverb.sty
Package: moreverb 2008/06/03 v2.3a `more' verbatim facilities

(/usr/share/texlive/texmf-dist/tex/latex/tools/verbatim.sty
Package: verbatim 2014/10/28 v1.5q LaTeX2e package for verbatim enhancements
\every@verbatim=\toks15
\verbatim@line=\toks16
\verbatim@in@stream=\read1
)
\tab@position=\count90
\tab@size=\count91
\listing@line=\count92
)
(/usr/share/texlive/texmf-dist/tex/latex/hyperref/hyperref.sty
Package: hyperref 2012/11/06 v6.83m Hypertext links for LaTeX

(/usr/share/texlive/texmf-dist/tex/generic/oberdiek/hobsub-hyperref.sty
Package: hobsub-hyperref 2012/05/28 v1.13 Bundle oberdiek, subset hyperref (HO)


(/usr/share/texlive/texmf-dist/tex/generic/oberdiek/hobsub-generic.sty
Package: hobsub-generic 2012/05/28 v1.13 Bundle oberdiek, subset generic (HO)
Package: hobsub 2012/05/28 v1.13 Construct package bundles (HO)
Package hobsub Info: Skipping package `infwarerr' (already loaded).
Package hobsub Info: Skipping package `ltxcmds' (already loaded).
Package: ifluatex 2010/03/01 v1.3 Provides the ifluatex switch (HO)
Package ifluatex Info: LuaTeX not detected.
Package: ifvtex 2010/03/01 v1.5 Detect VTeX and its facilities (HO)
Package ifvtex Info: VTeX not detected.
Package: intcalc 2007/09/27 v1.1 Expandable calculations with integers (HO)
Package: ifpdf 2011/01/30 v2.3 Provides the ifpdf switch (HO)
Package ifpdf Info: pdfTeX in PDF mode is detected.
Package: etexcmds 2011/02/16 v1.5 Avoid name clashes with e-TeX commands (HO)
Package etexcmds Info: Could not find \expanded.
(etexcmds)             That can mean that you are not using pdfTeX 1.50 or
(etexcmds)             that some package has redefined \expanded.
(etexcmds)             In the latter case, load this package earlier.
Package: kvsetkeys 2012/04/25 v1.16 Key value parser (HO)
Package: kvdefinekeys 2011/04/07 v1.3 Define keys (HO)
Package: pdftexcmds 2011/11/29 v0.20 Utility functions of pdfTeX for LuaTeX (HO
)
Package pdftexcmds Info: LuaTeX not detected.
Package pdftexcmds Info: \pdf@primitive is available.
Package pdftexcmds Info: \pdf@ifprimitive is available.
Package pdftexcmds Info: \pdfdraftmode found.
Package: pdfescape 2011/11/25 v1.13 Implements pdfTeX's escape features (HO)
Package: bigintcalc 2012/04/08 v1.3 Expandable calculations on big integers (HO
)
Package: bitset 2011/01/30 v1.1 Handle bit-vector datatype (HO)
Package: uniquecounter 2011/01/30 v1.2 Provide unlimited unique counter (HO)
)
Package hobsub Info: Skipping package `hobsub' (already loaded).
Package: letltxmacro 2010/09/02 v1.4 Let assignment for LaTeX macros (HO)
Package: hopatch 2012/05/28 v1.2 Wrapper for package hooks (HO)
Package: xcolor-patch 2011/01/30 xcolor patch
Package: atveryend 2011/06/30 v1.8 Hooks at the very end of document (HO)
Package atveryend Info: \enddocument detected (standard20110627).
Package: atbegshi 2011/10/05 v1.16 At begin shipout hook (HO)
Package: refcount 2011/10/16 v3.4 Data extraction from label references (HO)
Package: hycolor 2011/01/30 v1.7 Color options for hyperref/bookmark (HO)
)
(/usr/share/texlive/texmf-dist/tex/generic/ifxetex/ifxetex.sty
Package: ifxetex 2010/09/12 v0.6 Provides ifxetex conditional
)
(/usr/share/texlive/texmf-dist/tex/latex/oberdiek/auxhook.sty
Package: auxhook 2011/03/04 v1.3 Hooks for auxiliary files (HO)
)
(/usr/share/texlive/texmf-dist/tex/latex/oberdiek/kvoptions.sty
Package: kvoptions 2011/06/30 v3.11 Key value format for package options (HO)
)
\@linkdim=\dimen105
\Hy@linkcounter=\count93
\Hy@pagecounter=\count94

(/usr/share/texlive/texmf-dist/tex/latex/hyperref/pd1enc.def
File: pd1enc.def 2012/11/06 v6.83m Hyperref: PDFDocEncoding definition (HO)
)
\Hy@SavedSpaceFactor=\count95

(/usr/share/texlive/texmf-dist/tex/latex/latexconfig/hyperref.cfg
File: hyperref.cfg 2002/06/06 v1.2 hyperref configuration of TeXLive
)
Package hyperref Info: Hyper figures OFF on input line 4443.
Package hyperref Info: Link nesting OFF on input line 4448.
Package hyperref Info: Hyper index ON on input line 4451.
Package hyperref Info: Plain pages OFF on input line 4458.
Package hyperref Info: Backreferencing OFF on input line 4463.
Package hyperref Info: Implicit mode ON; LaTeX internals redefined.
Package hyperref Info: Bookmarks ON on input line 4688.
\c@Hy@tempcnt=\count96

(/usr/share/texlive/texmf-dist/tex/latex/url/url.sty
\Urlmuskip=\muskip10
Package: url 2013/09/16  ver 3.4  Verb mode for urls, etc.
)
LaTeX Info: Redefining \url on input line 5041.
\XeTeXLinkMargin=\dimen106
\Fld@menulength=\count97
\Field@Width=\dimen107
\Fld@charsize=\dimen108
Package hyperref Info: Hyper figures OFF on input line 6295.
Package hyperref Info: Link nesting OFF on input line 6300.
Package hyperref Info: Hyper index ON on input line 6303.
Package hyperref Info: backreferencing OFF on input line 6310.
Package hyperref Info: Link coloring OFF on input line 6315.
Package hyperref Info: Link coloring with OCG OFF on input line 6320.
Package hyperref Info: PDF/A mode OFF on input line 6325.
LaTeX Info: Redefining \ref on input line 6365.
LaTeX Info: Redefining \pageref on input line 6369.
\Hy@abspage=\count98
\c@Item=\count99
\c@Hfootnote=\count100
)

Package hyperref Message: Driver (autodetected): hpdftex.

(/usr/share/texlive/texmf-dist/tex/latex/hyperref/hpdftex.def
File: hpdftex.def 2012/11/06 v6.83m Hyperref driver for pdfTeX
\Fld@listcount=\count101
\c@bookmark@seq@number=\count102

(/usr/share/texlive/texmf-dist/tex/latex/oberdiek/rerunfilecheck.sty
Package: rerunfilecheck 2011/04/15 v1.7 Rerun checks for auxiliary files (HO)
Package uniquecounter Info: New unique counter `rerunfilecheck' on input line 2
82.
)
\Hy@SectionHShift=\skip45
)
(/usr/share/texlive/texmf-dist/tex/latex/xcolor/xcolor.sty
Package: xcolor 2007/01/21 v2.11 LaTeX color extensions (UK)

(/usr/share/texlive/texmf-dist/tex/latex/latexconfig/color.cfg
File: color.cfg 2007/01/18 v1.5 color configuration of teTeX/TeXLive
)
Package xcolor Info: Driver file: pdftex.def on input line 225.
Package xcolor Info: Model `cmy' substituted by `cmy0' on input line 1337.
Package xcolor Info: Model `hsb' substituted by `rgb' on input line 1341.
Package xcolor Info: Model `RGB' extended on input line 1353.
Package xcolor Info: Model `HTML' substituted by `rgb' on input line 1355.
Package xcolor Info: Model `Hsb' substituted by `hsb' on input line 1356.
Package xcolor Info: Model `tHsb' substituted by `hsb' on input line 1357.
Package xcolor Info: Model `HSB' substituted by `hsb' on input line 1358.
Package xcolor Info: Model `Gray' substituted by `gray' on input line 1359.
Package xcolor Info: Model `wave' substituted by `hsb' on input line 1360.
)
(/usr/share/texlive/texmf-dist/tex/latex/supertabular/supertabular.sty
Package: supertabular 2004/02/20 v4.1e the supertabular environment
\c@tracingst=\count103
\ST@wd=\dimen109
\ST@rightskip=\skip46
\ST@leftskip=\skip47
\ST@parfillskip=\skip48
\ST@pageleft=\dimen110
\ST@headht=\dimen111
\ST@tailht=\dimen112
\ST@pagesofar=\dimen113
\ST@pboxht=\dimen114
\ST@lineht=\dimen115
\ST@stretchht=\dimen116
\ST@prevht=\dimen117
\ST@toadd=\dimen118
\ST@dimen=\dimen119
\ST@pbox=\box26
)
(/usr/share/texlive/texmf-dist/tex/latex/tools/array.sty
Package: array 2014/10/28 v2.4c Tabular extension package (FMi)
\col@sep=\dimen120
\extrarowheight=\dimen121
\NC@list=\toks17
\extratabsurround=\skip49
\backup@length=\skip50
)
(/usr/share/texlive/texmf-dist/tex/latex/tools/multicol.sty
Package: multicol 2015/08/19 v1.8n multicolumn formatting (FMi)
\c@tracingmulticols=\count104
\mult@box=\box27
\multicol@leftmargin=\dimen122
\c@unbalance=\count105
\c@collectmore=\count106
\doublecol@number=\count107
\multicoltolerance=\count108
\multicolpretolerance=\count109
\full@width=\dimen123
\page@free=\dimen124
\premulticols=\dimen125
\postmulticols=\dimen126
\multicolsep=\skip51
\multicolbaselineskip=\skip52
\partial@page=\box28
\last@line=\box29
\maxbalancingoverflow=\dimen127
\mult@rightbox=\box30
\mult@grightbox=\box31
\mult@gfirstbox=\box32
\mult@firstbox=\box33
\@tempa=\box34
\@tempa=\box35
\@tempa=\box36
\@tempa=\box37
\@tempa=\box38
\@tempa=\box39
\@tempa=\box40
\@tempa=\box41
\@tempa=\box42
\@tempa=\box43
\@tempa=\box44
\@tempa=\box45
\@tempa=\box46
\@tempa=\box47
\@tempa=\box48
\@tempa=\box49
\@tempa=\box50
\c@columnbadness=\count110
\c@finalcolumnbadness=\count111
\last@try=\dimen128
\multicolovershoot=\dimen129
\multicolundershoot=\dimen130
\mult@nat@firstbox=\box51
\colbreak@box=\box52
\mc@col@check@num=\count112
)
(/usr/share/texlive/texmf-dist/tex/latex/colortbl/colortbl.sty
Package: colortbl 2012/02/13 v1.0a Color table columns (DPC)
\everycr=\toks18
\minrowclearance=\skip53
)
(/usr/share/texlive/texmf-dist/tex/latex/base/textcomp.sty
Package: textcomp 2005/09/27 v1.99g Standard LaTeX package
Package textcomp Info: Sub-encoding information:
(textcomp)               5 = only ISO-Adobe without \textcurrency
(textcomp)               4 = 5 + \texteuro
(textcomp)               3 = 4 + \textohm
(textcomp)               2 = 3 + \textestimated + \textcurrency
(textcomp)               1 = TS1 - \textcircled - \t
(textcomp)               0 = TS1 (full)
(textcomp)             Font families with sub-encoding setting implement
(textcomp)             only a restricted character set as indicated.
(textcomp)             Family '?' is the default used for unknown fonts.
(textcomp)             See the documentation for details.
Package textcomp Info: Setting ? sub-encoding to TS1/1 on input line 79.

(/usr/share/texlive/texmf-dist/tex/latex/base/ts1enc.def
File: ts1enc.def 2001/06/05 v3.0e (jk/car/fm) Standard LaTeX file
)
LaTeX Info: Redefining \oldstylenums on input line 334.
Package textcomp Info: Setting cmr sub-encoding to TS1/0 on input line 349.
Package textcomp Info: Setting cmss sub-encoding to TS1/0 on input line 350.
Package textcomp Info: Setting cmtt sub-encoding to TS1/0 on input line 351.
Package textcomp Info: Setting cmvtt sub-encoding to TS1/0 on input line 352.
Package textcomp Info: Setting cmbr sub-encoding to TS1/0 on input line 353.
Package textcomp Info: Setting cmtl sub-encoding to TS1/0 on input line 354.
Package textcomp Info: Setting ccr sub-encoding to TS1/0 on input line 355.
Package textcomp Info: Setting ptm sub-encoding to TS1/4 on input line 356.
Package textcomp Info: Setting pcr sub-encoding to TS1/4 on input line 357.
Package textcomp Info: Setting phv sub-encoding to TS1/4 on input line 358.
Package textcomp Info: Setting ppl sub-encoding to TS1/3 on input line 359.
Package textcomp Info: Setting pag sub-encoding to TS1/4 on input line 360.
Package textcomp Info: Setting pbk sub-encoding to TS1/4 on input line 361.
Package textcomp Info: Setting pnc sub-encoding to TS1/4 on input line 362.
Package textcomp Info: Setting pzc sub-encoding to TS1/4 on input line 363.
Package textcomp Info: Setting bch sub-encoding to TS1/4 on input line 364.
Package textcomp Info: Setting put sub-encoding to TS1/5 on input line 365.
Package textcomp Info: Setting uag sub-encoding to TS1/5 on input line 366.
Package textcomp Info: Setting ugq sub-encoding to TS1/5 on input line 367.
Package textcomp Info: Setting ul8 sub-encoding to TS1/4 on input line 368.
Package textcomp Info: Setting ul9 sub-encoding to TS1/4 on input line 369.
Package textcomp Info: Setting augie sub-encoding to TS1/5 on input line 370.
Package textcomp Info: Setting dayrom sub-encoding to TS1/3 on input line 371.
Package textcomp Info: Setting dayroms sub-encoding to TS1/3 on input line 372.

Package textcomp Info: Setting pxr sub-encoding to TS1/0 on input line 373.
Package textcomp Info: Setting pxss sub-encoding to TS1/0 on input line 374.
Package textcomp Info: Setting pxtt sub-encoding to TS1/0 on input line 375.
Package textcomp Info: Setting txr sub-encoding to TS1/0 on input line 376.
Package textcomp Info: Setting txss sub-encoding to TS1/0 on input line 377.
Package textcomp Info: Setting txtt sub-encoding to TS1/0 on input line 378.
Package textcomp Info: Setting lmr sub-encoding to TS1/0 on input line 379.
Package textcomp Info: Setting lmdh sub-encoding to TS1/0 on input line 380.
Package textcomp Info: Setting lmss sub-encoding to TS1/0 on input line 381.
Package textcomp Info: Setting lmssq sub-encoding to TS1/0 on input line 382.
Package textcomp Info: Setting lmvtt sub-encoding to TS1/0 on input line 383.
Package textcomp Info: Setting lmtt sub-encoding to TS1/0 on input line 384.
Package textcomp Info: Setting qhv sub-encoding to TS1/0 on input line 385.
Package textcomp Info: Setting qag sub-encoding to TS1/0 on input line 386.
Package textcomp Info: Setting qbk sub-encoding to TS1/0 on input line 387.
Package textcomp Info: Setting qcr sub-encoding to TS1/0 on input line 388.
Package textcomp Info: Setting qcs sub-encoding to TS1/0 on input line 389.
Package textcomp Info: Setting qpl sub-encoding to TS1/0 on input line 390.
Package textcomp Info: Setting qtm sub-encoding to TS1/0 on input line 391.
Package textcomp Info: Setting qzc sub-encoding to TS1/0 on input line 392.
Package textcomp Info: Setting qhvc sub-encoding to TS1/0 on input line 393.
Package textcomp Info: Setting futs sub-encoding to TS1/4 on input line 394.
Package textcomp Info: Setting futx sub-encoding to TS1/4 on input line 395.
Package textcomp Info: Setting futj sub-encoding to TS1/4 on input line 396.
Package textcomp Info: Setting hlh sub-encoding to TS1/3 on input line 397.
Package textcomp Info: Setting hls sub-encoding to TS1/3 on input line 398.
Package textcomp Info: Setting hlst sub-encoding to TS1/3 on input line 399.
Package textcomp Info: Setting hlct sub-encoding to TS1/5 on input line 400.
Package textcomp Info: Setting hlx sub-encoding to TS1/5 on input line 401.
Package textcomp Info: Setting hlce sub-encoding to TS1/5 on input line 402.
Package textcomp Info: Setting hlcn sub-encoding to TS1/5 on input line 403.
Package textcomp Info: Setting hlcw sub-encoding to TS1/5 on input line 404.
Package textcomp Info: Setting hlcf sub-encoding to TS1/5 on input line 405.
Package textcomp Info: Setting pplx sub-encoding to TS1/3 on input line 406.
Package textcomp Info: Setting pplj sub-encoding to TS1/3 on input line 407.
Package textcomp Info: Setting ptmx sub-encoding to TS1/4 on input line 408.
Package textcomp Info: Setting ptmj sub-encoding to TS1/4 on input line 409.
)
(/usr/share/texlive/texmf-dist/tex/latex/nomencl/nomencl.sty
Package: nomencl 2005/09/22 v4.2 Nomenclature package (LN)
\nomlabelwidth=\dimen131
\nom@tempdim=\dimen132
\nomitemsep=\skip54
) (./thesis.aux
(./intro.aux) (./chapt2.aux) (./chapt3.aux) (./chapt4.aux) (./chapt5.aux)
(./chapt6.aux) (./conclusion.aux))
\openout1 = `thesis.aux'.

LaTeX Font Info:    Checking defaults for OML/cmm/m/it on input line 69.
LaTeX Font Info:    ... okay on input line 69.
LaTeX Font Info:    Checking defaults for T1/cmr/m/n on input line 69.
LaTeX Font Info:    ... okay on input line 69.
LaTeX Font Info:    Checking defaults for OT1/cmr/m/n on input line 69.
LaTeX Font Info:    ... okay on input line 69.
LaTeX Font Info:    Checking defaults for OMS/cmsy/m/n on input line 69.
LaTeX Font Info:    ... okay on input line 69.
LaTeX Font Info:    Checking defaults for OMX/cmex/m/n on input line 69.
LaTeX Font Info:    ... okay on input line 69.
LaTeX Font Info:    Checking defaults for U/cmr/m/n on input line 69.
LaTeX Font Info:    ... okay on input line 69.
LaTeX Font Info:    Checking defaults for PD1/pdf/m/n on input line 69.
LaTeX Font Info:    ... okay on input line 69.
LaTeX Font Info:    Checking defaults for TS1/cmr/m/n on input line 69.
LaTeX Font Info:    Try loading font information for TS1+cmr on input line 69.

(/usr/share/texlive/texmf-dist/tex/latex/base/ts1cmr.fd
File: ts1cmr.fd 2014/09/29 v2.5h Standard LaTeX font definitions
)
LaTeX Font Info:    ... okay on input line 69.

(/usr/share/texlive/texmf-dist/tex/context/base/supp-pdf.mkii
[Loading MPS to PDF converter (version 2006.09.02).]
\scratchcounter=\count113
\scratchdimen=\dimen133
\scratchbox=\box53
\nofMPsegments=\count114
\nofMParguments=\count115
\everyMPshowfont=\toks19
\MPscratchCnt=\count116
\MPscratchDim=\dimen134
\MPnumerator=\count117
\makeMPintoPDFobject=\count118
\everyMPtoPDFconversion=\toks20
) (/usr/share/texlive/texmf-dist/tex/latex/oberdiek/epstopdf-base.sty
Package: epstopdf-base 2010/02/09 v2.5 Base part for package epstopdf

(/usr/share/texlive/texmf-dist/tex/latex/oberdiek/grfext.sty
Package: grfext 2010/08/19 v1.1 Manage graphics extensions (HO)
)
Package grfext Info: Graphics extension search list:
(grfext)             [.png,.pdf,.jpg,.mps,.jpeg,.jbig2,.jb2,.PNG,.PDF,.JPG,.JPE
G,.JBIG2,.JB2,.eps]
(grfext)             \AppendGraphicsExtensions on input line 452.

(/usr/share/texlive/texmf-dist/tex/latex/latexconfig/epstopdf-sys.cfg
File: epstopdf-sys.cfg 2010/07/13 v1.3 Configuration of (r)epstopdf for TeX Liv
e
))
\AtBeginShipoutBox=\box54
Package hyperref Info: Link coloring OFF on input line 69.

(/usr/share/texlive/texmf-dist/tex/latex/hyperref/nameref.sty
Package: nameref 2012/10/27 v2.43 Cross-referencing by name of section

(/usr/share/texlive/texmf-dist/tex/generic/oberdiek/gettitlestring.sty
Package: gettitlestring 2010/12/03 v1.4 Cleanup title references (HO)
)
\c@section@level=\count119
)
LaTeX Info: Redefining \ref on input line 69.
LaTeX Info: Redefining \pageref on input line 69.
LaTeX Info: Redefining \nameref on input line 69.

(./thesis.out) (./thesis.out)
\@outlinefile=\write3
\openout3 = `thesis.out'.

 <logo.pdf, id=678, 139.52126pt x 201.75375pt>
File: logo.pdf Graphic file (type pdf)

<use logo.pdf>
Package pdftex.def Info: logo.pdf used on input line 76.
(pdftex.def)             Requested size: 39.35307pt x 56.9055pt.

Underfull \hbox (badness 10000) in paragraph at lines 76--76

 []


Underfull \hbox (badness 10000) in paragraph at lines 76--76

 []


Underfull \hbox (badness 10000) in paragraph at lines 76--76

 []


Underfull \hbox (badness 10000) in paragraph at lines 76--76

 []


Underfull \hbox (badness 10000) in paragraph at lines 76--76

 []


Underfull \hbox (badness 10000) in paragraph at lines 76--76

 []


Underfull \hbox (badness 10000) in paragraph at lines 76--76

 []

[1

{/var/lib/texmf/fonts/map/pdftex/updmap/pdftex.map} <./logo.pdf>]
LaTeX Font Info:    External font `cmex10' loaded for size
(Font)              <12> on input line 76.
LaTeX Font Info:    External font `cmex10' loaded for size
(Font)              <8> on input line 76.
LaTeX Font Info:    External font `cmex10' loaded for size
(Font)              <6> on input line 76.
 [1

]
(./abstract.tex [2

] [3] [4]) [5] (./acknowledgements.tex [6

]
Overfull \hbox (9.57076pt too wide) in paragraph at lines 37--38
[]\OT1/cmr/m/n/12 REANNZ, NZGL, and NeSI (to-wards eRe-search 2016 con-fer-ence
, Queen-
 []

) [7] (./thesis.toc [8

] [9]
Overfull \hbox (3.0111pt too wide) in paragraph at lines 108--108
 [][] [][]\OT1/cmr/m/n/12 Mutation Anal-y-sis, Path-way Ex-pres-sion, and Meta-
gene Syn-thetic Lethal- 
 []

[10] [11])
\tf@toc=\write4
\openout4 = `thesis.toc'.

 [12] (./thesis.lot)
\tf@lot=\write5
\openout5 = `thesis.lot'.

 [13

] (./thesis.lof)
\tf@lof=\write6
\openout6 = `thesis.lof'.

 [14

]
\openout2 = `intro.aux'.

 (./intro.tex
Chapter 1.
pdfTeX warning (ext4): destination with the same identifier (name{page.1}) has 
been already used, duplicate ignored
<to be read again> 
                   \relax 
l.20 
      [1



] [2] [3] [4] [5] [6]
Overfull \hbox (23.52644pt too wide) in paragraph at lines 56--57
\OT1/cmr/m/n/12 genomes (Re-lease v79 (23/08/2016 []$\OT1/cmtt/m/n/12 http : / 
/ cancer . sanger . ac . uk / cosmic$[]\OT1/cmr/m/n/12 ). This database
 []

[7] [8] [9] [10] [11] [12] [13] [14] [15] [16] [17] [18] [19]
Overfull \hbox (14.29991pt too wide) in paragraph at lines 178--178
[]\OT1/cmr/bx/n/17.28 A Syn-thetic Lethal Ap-proach to Can-cer Medicine 
 []

[20] [21] [22]) [23]
\openout2 = `chapt2.aux'.

 (./chapt2.tex
Chapter 2.
[24



] [25] [26] [27]
Underfull \hbox (badness 10000) in paragraph at lines 225--225
[]\OT1/cmr/m/n/10 Metabolite or
 []


Underfull \hbox (badness 10000) in paragraph at lines 226--227
[]\OT1/cmr/m/n/10 Involved in same re-
 []


Underfull \hbox (badness 10000) in paragraph at lines 226--227
\OT1/cmr/m/n/10 ac-tion (links by re-ac-
 []


Underfull \hbox (badness 10000) in paragraph at lines 270--270
[][]\OT1/cmr/m/n/10 SGA, EMAP, DAmP,
 []


Overfull \hbox (37.84726pt too wide) in paragraph at lines 189--272
[]  
 []

[28]

LaTeX Warning: File `TomKellyLiteratureReview2015v7notrack-img1.png' not found 
on input line 334.


! Package pdftex.def Error: File `TomKellyLiteratureReview2015v7notrack-img1.pn
g' not found.

See the pdftex.def package documentation for explanation.
Type  H <return>  for immediate help.
 ...                                              
                                                  
l.334 ...lyLiteratureReview2015v7notrack-img1.png}
                                                  
Using draft setting for this image.
Try typing  <return>  to proceed.
If that doesn't work, type  X <return>  to quit.

[29] [30] [31] [32] [33] [34] [35] [36] [37] [38] [39] [40] [41] [42] [43]
[44]
Underfull \hbox (badness 10000) in paragraph at lines 1034--1034
[]\OT1/cmr/bx/n/12 Tool Of-
 []


Underfull \hbox (badness 10000) in paragraph at lines 1036--1036
[][]\OT1/cmr/m/n/12 Between Path-ways
 []


Underfull \hbox (badness 10000) in paragraph at lines 1062--1062
[]\OT1/cmr/m/n/12 SGI,
 []


Underfull \hbox (badness 10000) in paragraph at lines 1062--1062
\OT1/cmr/m/n/12 PPI, co-
 []


Underfull \hbox (badness 10000) in paragraph at lines 1062--1062
\OT1/cmr/m/n/12 expression,
 []


Underfull \hbox (badness 10000) in paragraph at lines 1064--1064
[][]\OT1/cmr/m/n/12 Zhong and Stern-berg
 []


Underfull \hbox (badness 10000) in paragraph at lines 1068--1069
[]\OT1/cmr/m/n/12 SGI, PPI,
 []


Underfull \hbox (badness 10000) in paragraph at lines 1085--1085
[][]\OT1/cmr/m/n/12 Chipman and Singh
 []


Underfull \hbox (badness 10000) in paragraph at lines 1091--1091
[]\OT1/cmr/m/n/12 Co-
 []


Underfull \hbox (badness 10000) in paragraph at lines 1091--1091
\OT1/cmr/m/n/12 expression,
 []


Underfull \hbox (badness 10000) in paragraph at lines 1091--1091
\OT1/cmr/m/n/12 PPI, text
 []


Underfull \hbox (badness 10000) in paragraph at lines 1091--1091
\OT1/cmr/m/n/12 min-ing,
 []


Underfull \hbox (badness 10000) in paragraph at lines 1100--1100
[]\OT1/cmr/m/n/12 Co-
 []


Underfull \hbox (badness 10000) in paragraph at lines 1100--1100
\OT1/cmr/m/n/12 expression,
 []


Underfull \hbox (badness 1320) in paragraph at lines 1100--1100
\OT1/cmr/m/n/12 PPI, phe-no-
 []


Underfull \hbox (badness 10000) in paragraph at lines 1107--1108
[]\OT1/cmr/m/n/12 GO, SGI,
 []


Underfull \hbox (badness 1320) in paragraph at lines 1107--1108
\OT1/cmr/m/n/12 PPI, phe-no-
 []


Underfull \hbox (badness 10000) in paragraph at lines 1128--1130
[]\OT1/cmr/m/n/12 Discussed by []Babyak
 []


Underfull \hbox (badness 10000) in paragraph at lines 1128--1130
\OT1/cmr/m/n/12 (2004)[] and []Lee and
 []


Overfull \hbox (75.88321pt too wide) in paragraph at lines 1025--1132
[]  
 []

[45]
Underfull \hbox (badness 10000) in paragraph at lines 1178--1178
[][]\OT1/cmr/m/it/12 Mycoplasma
 []


Overfull \hbox (75.88321pt too wide) in paragraph at lines 1132--1185
[]  
 []


Underfull \hbox (badness 10000) in paragraph at lines 1203--1203
[]\OT1/cmr/bx/n/12 Tool Of-
 []


Underfull \hbox (badness 10000) in paragraph at lines 1215--1215
[]\OT1/cmr/m/n/12 Expression,
 []


Underfull \hbox (badness 10000) in paragraph at lines 1224--1225
[]\OT1/cmr/m/n/12 Yeast SGI,
 []


Underfull \hbox (badness 10000) in paragraph at lines 1229--1229
[][]\OT1/cmr/m/n/12 Heiskanen and Ait-
 []


Underfull \hbox (badness 10000) in paragraph at lines 1233--1233
[]\OT1/cmr/m/n/12 Yeast SGI,
 []


Underfull \hbox (badness 10000) in paragraph at lines 1255--1256
[]\OT1/cmr/m/n/12 Discussed by []Babyak
 []


Underfull \hbox (badness 10000) in paragraph at lines 1255--1256
\OT1/cmr/m/n/12 (2004)[] and []Lee and
 []


Underfull \hbox (badness 10000) in paragraph at lines 1277--1277
[]\OT1/cmr/m/n/12 Syn-
 []


Underfull \hbox (badness 10000) in paragraph at lines 1281--1281
[]\OT1/cmr/m/n/12 Meta-
 []


Underfull \hbox (badness 10000) in paragraph at lines 1281--1281
\OT1/cmr/m/n/12 Analysis
 []


Underfull \hbox (badness 10000) in paragraph at lines 1281--1281
\OT1/cmr/m/n/12 Ma-chine
 []


Overfull \hbox (75.88321pt too wide) in paragraph at lines 1194--1288
[]  
 []

[46]
Underfull \hbox (badness 10000) in paragraph at lines 1313--1315
[][]\OT1/cmr/m/n/12 Jerby-Arnon[][] \OT1/cmr/m/it/12 et al.[][]
 []


Underfull \hbox (badness 10000) in paragraph at lines 1322--1322
[]\OT1/cmr/m/n/12 DAISY
 []


Underfull \hbox (badness 10000) in paragraph at lines 1329--1331
[]\OT1/cmr/m/n/12 Expression,
 []


Underfull \hbox (badness 10000) in paragraph at lines 1341--1341
[]\OT1/cmr/m/n/12 Expression,
 []


Underfull \hbox (badness 4120) in paragraph at lines 1341--1341
\OT1/cmr/m/n/12 DNA CNV,
 []


Underfull \hbox (badness 10000) in paragraph at lines 1341--1341
\OT1/cmr/m/n/12 Methy-la-tion,
 []


Underfull \hbox (badness 1286) in paragraph at lines 1347--1347
[]\OT1/cmr/m/n/12 Manuscript in Prepa-ra-
 []


Underfull \hbox (badness 10000) in paragraph at lines 1351--1352
[]\OT1/cmr/m/n/12 Expression,
 []


Overfull \hbox (75.88321pt too wide) in paragraph at lines 1288--1360
[]  
 []

[47] [48] [49]
Underfull \hbox (badness 10000) in paragraph at lines 1551--1551
[]\OT1/cmr/bx/n/12 Tool Of-
 []


Underfull \hbox (badness 10000) in paragraph at lines 1554--1555
[]\OT1/cmr/m/n/12 Machine
 []


Overfull \hbox (75.88321pt too wide) in paragraph at lines 1542--1563
[]  
 []

[50]
Underfull \hbox (badness 10000) in paragraph at lines 1565--1565
[]\OT1/cmr/m/n/12 Machine
 []


Underfull \hbox (badness 10000) in paragraph at lines 1575--1576
[]\OT1/cmr/m/n/12 Machine
 []


Underfull \hbox (badness 10000) in paragraph at lines 1587--1587
[]\OT1/cmr/m/n/12 Machine
 []


Underfull \hbox (badness 10000) in paragraph at lines 1597--1598
[]\OT1/cmr/m/n/12 Machine
 []


Underfull \hbox (badness 10000) in paragraph at lines 1609--1609
[]\OT1/cmr/m/n/12 Machine
 []


Underfull \hbox (badness 10000) in paragraph at lines 1619--1620
[]\OT1/cmr/m/n/12 Machine
 []


Underfull \hbox (badness 7888) in paragraph at lines 1630--1630
[]\OT1/cmr/m/n/12 Classification via Re-
 []


Underfull \hbox (badness 10000) in paragraph at lines 1631--1631
[]\OT1/cmr/m/n/12 Machine
 []


Underfull \hbox (badness 10000) in paragraph at lines 1641--1642
[]\OT1/cmr/m/n/12 Machine
 []


Underfull \hbox (badness 10000) in paragraph at lines 1650--1650
[]\OT1/cmr/m/n/12 Machine
 []


Underfull \hbox (badness 10000) in paragraph at lines 1656--1656
[][]\OT1/cmr/m/n/12 Multi-Network Multi-
 []


Underfull \hbox (badness 10000) in paragraph at lines 1657--1658
[]\OT1/cmr/m/n/12 Machine
 []


Underfull \hbox (badness 10000) in paragraph at lines 1667--1667
[]\OT1/cmr/m/n/12 Machine
 []


Underfull \hbox (badness 10000) in paragraph at lines 1674--1675
[]\OT1/cmr/m/n/12 Pathway
 []


Overfull \hbox (75.88321pt too wide) in paragraph at lines 1563--1684
[]  
 []

[51] [52] [53] [54]
Underfull \hbox (badness 10000) in paragraph at lines 1874--1874
[]\OT1/cmr/m/n/12 Encyclopaedia of
 []


Underfull \hbox (badness 10000) in paragraph at lines 1875--1877
[]\OT1/cmr/m/n/12 Human Nor-mal
 []


Underfull \hbox (badness 2277) in paragraph at lines 1879--1881
[]\OT1/cmr/m/n/12 Sequence, ex-pres-sion, DNA/RNA
 []


Underfull \hbox (badness 10000) in paragraph at lines 1884--1884
[]\OT1/cmr/m/n/12 Cell Line En-cy-
 []


Underfull \hbox (badness 10000) in paragraph at lines 1889--1890
[]\OT1/cmr/m/n/12 Gene Ex-pres-sion
 []


Underfull \hbox (badness 10000) in paragraph at lines 1896--1896
[]\OT1/cmr/m/n/12 Human Nor-mal
 []


Underfull \hbox (badness 10000) in paragraph at lines 1900--1901
[]\OT1/cmr/m/n/12 Biomolecular in-
 []


Underfull \hbox (badness 10000) in paragraph at lines 1900--1901
\OT1/cmr/m/n/12 ter-ac-tion net-work
 []


Underfull \hbox (badness 10000) in paragraph at lines 1911--1911
\OT1/cmr/m/n/12 triev-ing in-ter-act-ing
 []


Underfull \hbox (badness 3930) in paragraph at lines 1913--1914
[]\OT1/cmr/m/n/12 Protein-protein in-ter-ac-tions: cu-
 []


Underfull \hbox (badness 1194) in paragraph at lines 1913--1914
\OT1/cmr/m/n/12 rated and pre-dicted from MINT,
 []


Underfull \hbox (badness 10000) in paragraph at lines 1913--1914
\OT1/cmr/m/n/12 PPRD, BIND, DIP, Bi-oGRID,
 []


Overfull \hbox (69.14502pt too wide) in paragraph at lines 1850--1914
[]  
 []

[55

]
Underfull \hbox (badness 10000) in paragraph at lines 1917--1918
[]\OT1/cmr/m/n/12 Biological Gen-
 []


Underfull \hbox (badness 2617) in paragraph at lines 1917--1918
\OT1/cmr/m/n/12 eral Repos-i-tory for
 []


Underfull \hbox (badness 10000) in paragraph at lines 1927--1927
[]\OT1/cmr/m/n/12 Human
 []


Underfull \hbox (badness 1584) in paragraph at lines 1933--1934
[]\OT1/cmr/m/n/12 Data Repos-i-tory of
 []


Underfull \hbox (badness 10000) in paragraph at lines 1939--1939
[]\OT1/cmr/m/n/12 Saccharomyces
 []


Underfull \hbox (badness 10000) in paragraph at lines 1950--1950
[]\OT1/cmr/m/n/12 Kyoto En-cy-clo-pe-
 []


Underfull \hbox (badness 4899) in paragraph at lines 1950--1950
\OT1/cmr/m/n/12 dia of Genes and
 []


Underfull \hbox (badness 10000) in paragraph at lines 1964--1964
[]\OT1/cmr/m/n/12 Chemical and drug tar-get se-
 []


Overfull \hbox (69.14502pt too wide) in paragraph at lines 1914--1985
[]  
 []

[56] [57

] [58

] [59]
Overfull \hbox (2.49886pt too wide) in paragraph at lines 2324--2327
\OT1/cmr/m/n/12 Metabolism Un-veiled by Syn-thetic Lethal-ity Anal-y-sis. \OT1/
cmr/m/it/12 PLoS Com-put Biol \OT1/cmr/bx/n/12 10\OT1/cmr/m/n/12 , e1003637. 
 []

[60] [61] [62]
Overfull \hbox (1.69589pt too wide) in paragraph at lines 2604--2608
[]\OT1/cmr/m/n/12 Siena S, Sartore-Bianchi A, Di Nicolan-to-nio F, Bal-four J, 
Bardelli A (2009) Biomark-
 []

[63]
Overfull \hbox (1.42508pt too wide) in paragraph at lines 2664--2668
[]\OT1/cmr/m/n/12 Tsai HC, Li H, Van Neste L\OT1/cmr/m/it/12 , et al. \OT1/cmr/
m/n/12 (2012) Tran-sient low doses of DNA-demethylating
 []


Overfull \hbox (1.0388pt too wide) in paragraph at lines 2696--2698
[]\OT1/cmr/m/n/12 van Steen M (2010) \OT1/cmr/m/it/12 Graph The-ory and Com-ple
x Net-works: An In-tro-duc-tion \OT1/cmr/m/n/12 Maarten
 []

[64]) [65]
\openout2 = `chapt3.aux'.

 (./chapt3.tex
Chapter 3.
[66



] [67]
Missing character: There is no ‚ in font cmr12!
Missing character: There is no Ä in font cmr12!
Missing character: There is no ì in font cmr12!
Missing character: There is no ‚ in font cmr12!
Missing character: There is no Ä in font cmr12!
Missing character: There is no ì in font cmr12!
 [68]
Missing character: There is no ‚ in font cmr12!
Missing character: There is no Ä in font cmr12!
Missing character: There is no ò in font cmr12!
Missing character: There is no ‚ in font cmr12!
Missing character: There is no Ä in font cmr12!
Missing character: There is no ô in font cmr12!
Missing character: There is no ‚ in font cmr12!
Missing character: There is no Ä in font cmr12!
Missing character: There is no ò in font cmr12!
Missing character: There is no ‚ in font cmr12!
Missing character: There is no Ä in font cmr12!
Missing character: There is no ô in font cmr12!
 [69]
Missing character: There is no ‚ in font cmr12!
Missing character: There is no Ä in font cmr12!
Missing character: There is no ò in font cmr12!
Missing character: There is no ‚ in font cmr12!
Missing character: There is no Ä in font cmr12!
Missing character: There is no ô in font cmr12!
Missing character: There is no ‚ in font cmr12!
Missing character: There is no Ä in font cmr12!
Missing character: There is no ô in font cmr12!
 [70]
Missing character: There is no ‚ in font cmr12!
Missing character: There is no Ä in font cmr12!
Missing character: There is no ò in font cmr12!
Missing character: There is no ‚ in font cmr12!
Missing character: There is no Ä in font cmr12!
Missing character: There is no ô in font cmr12!
 [71] [72]
Missing character: There is no ‚ in font cmr12!
Missing character: There is no Ä in font cmr12!
Missing character: There is no ò in font cmr12!
Missing character: There is no ‚ in font cmr12!
Missing character: There is no Ä in font cmr12!
Missing character: There is no ô in font cmr12!
Missing character: There is no ‚ in font cmr12!
Missing character: There is no Ä in font cmr12!
Missing character: There is no ò in font cmr12!
Missing character: There is no ‚ in font cmr12!
Missing character: There is no Ä in font cmr12!
Missing character: There is no ô in font cmr12!
 [73] [74] [75] [76] [77] [78] [79]
Missing character: There is no ‚ in font cmr12!
Missing character: There is no Ä in font cmr12!
Missing character: There is no ú in font cmr12!
Missing character: There is no ‚ in font cmr12!
Missing character: There is no Ä in font cmr12!
Missing character: There is no ù in font cmr12!
Missing character: There is no ‚ in font cmr12!
Missing character: There is no Ä in font cmr12!
Missing character: There is no ú in font cmr12!
Missing character: There is no ‚ in font cmr12!
Missing character: There is no Ä in font cmr12!
Missing character: There is no ù in font cmr12!
 [80]
Overfull \hbox (1.76003pt too wide) in paragraph at lines 141--141
[]\OT1/cmr/bx/n/17.28 Permutation or Re-Sampling of genes for path-
 []


Overfull \hbox (20.81776pt too wide) in paragraph at lines 149--150
\OT1/cmr/m/n/12 Thus we have iden-ti-fied can-di-date syn-thetic lethal path-wa
ys by gene set over-representation,
 []

[81] [82] [83]
Missing character: There is no ‚ in font cmr12!
Missing character: There is no Ä in font cmr12!
Missing character: There is no ò in font cmr12!
Missing character: There is no ‚ in font cmr12!
Missing character: There is no Ä in font cmr12!
Missing character: There is no ô in font cmr12!
Missing character: There is no √ in font cmr12!
Missing character: There is no ° in font cmr12!
 [84]) [85]
\openout2 = `chapt4.aux'.

 (./chapt4.tex
Chapter 4.
[86



]) [87] [88]
\openout2 = `chapt5.aux'.

 (./chapt5.tex
Chapter 5.
[89



]
Missing character: There is no ‚ in font cmr12!
Missing character: There is no Ä in font cmr12!
Missing character: There is no ò in font cmr12!
Missing character: There is no ‚ in font cmr12!
Missing character: There is no Ä in font cmr12!
Missing character: There is no ô in font cmr12!
Missing character: There is no ‚ in font cmr12!
Missing character: There is no Ä in font cmr12!
Missing character: There is no ò in font cmr12!
Missing character: There is no ‚ in font cmr12!
Missing character: There is no Ä in font cmr12!
Missing character: There is no ô in font cmr12!
Missing character: There is no ƒ in font cmr12!
Missing character: There is no Å in font cmr12!
Missing character: There is no ‚ in font cmr12!
Missing character: There is no Ä in font cmr12!
Missing character: There is no ò in font cmr12!
Missing character: There is no ‚ in font cmr12!
Missing character: There is no Ä in font cmr12!
Missing character: There is no ô in font cmr12!
 [90] [91]
Overfull \hbox (11.61197pt too wide) in paragraph at lines 34--34
[]\OT1/cmr/bx/n/17.28 Developing a Syn-thetic Lethal de-tec-tion method-
 []

[92] [93] [94]
Missing character: There is no ¬ in font cmr12!
Missing character: There is no ≠ in font cmr12!
Missing character: There is no ¬ in font cmr12!
Missing character: There is no ≠ in font cmr12!
 [95] [96] [97] [98] [99] [100]
Missing character: There is no ‚ in font cmr12!
Missing character: There is no Ä in font cmr12!
Missing character: There is no ô in font cmr12!
Missing character: There is no √ in font cmr12!
Missing character: There is no ° in font cmr12!
 [101] [102]) [103]
\openout2 = `chapt6.aux'.

 (./chapt6.tex
Chapter 6.
) [104



]
\openout2 = `conclusion.aux'.

 (./conclusion.tex
Chapter 7.
) [105



] (./thesis.bbl)
Package atveryend Info: Empty hook `BeforeClearDocument' on input line 126.
 [106



]
Package atveryend Info: Empty hook `AfterLastShipout' on input line 126.
 (./thesis.aux (./intro.aux) (./chapt2.aux)
(./chapt3.aux) (./chapt4.aux) (./chapt5.aux) (./chapt6.aux) (./conclusion.aux))
Package atveryend Info: Executing hook `AtVeryEndDocument' on input line 126.
Package atveryend Info: Executing hook `AtEndAfterFileList' on input line 126.
Package rerunfilecheck Info: File `thesis.out' has not changed.
(rerunfilecheck)             Checksum: C7761708871DD80B37792F1107C3D23C;13919.
Package atveryend Info: Empty hook `AtVeryVeryEnd' on input line 126.
 ) 
Here is how much of TeX's memory you used:
 7421 strings out of 494497
 105062 string characters out of 6172400
 200021 words of memory out of 5000000
 10348 multiletter control sequences out of 15000+600000
 11055 words of font info for 38 fonts, out of 8000000 for 9000
 264 hyphenation exceptions out of 8191
 34i,12n,35p,2011b,441s stack positions out of 5000i,500n,10000p,200000b,80000s
 </home/tomkelly/.texmf-var/fonts/pk/ljfour/jknappen/ec/tcti1200.600pk> </hom
e/tomkelly/.texmf-var/fonts/pk/ljfour/jknappen/ec/tcrm1200.600pk></usr/share/te
xlive/texmf-dist/fonts/type1/public/amsfonts/cm/cmbx10.pfb></usr/share/texlive/
texmf-dist/fonts/type1/public/amsfonts/cm/cmbx12.pfb></usr/share/texlive/texmf-
dist/fonts/type1/public/amsfonts/cm/cmbxti10.pfb></usr/share/texlive/texmf-dist
/fonts/type1/public/amsfonts/cm/cmmi12.pfb></usr/share/texlive/texmf-dist/fonts
/type1/public/amsfonts/cm/cmmi8.pfb></usr/share/texlive/texmf-dist/fonts/type1/
public/amsfonts/cm/cmr10.pfb></usr/share/texlive/texmf-dist/fonts/type1/public/
amsfonts/cm/cmr12.pfb></usr/share/texlive/texmf-dist/fonts/type1/public/amsfont
s/cm/cmr17.pfb></usr/share/texlive/texmf-dist/fonts/type1/public/amsfonts/cm/cm
r8.pfb></usr/share/texlive/texmf-dist/fonts/type1/public/amsfonts/cm/cmti12.pfb
></usr/share/texlive/texmf-dist/fonts/type1/public/amsfonts/cm/cmtt12.pfb>
Output written on thesis.pdf (121 pages, 456267 bytes).
PDF statistics:
 1835 PDF objects out of 2073 (max. 8388607)
 1678 compressed objects within 17 object streams
 358 named destinations out of 1000 (max. 500000)
 1350 words of extra memory for PDF output out of 10000 (max. 10000000)

